<?xml version="1.0" encoding="UTF-8"?>
<testsuites name="TS_LogicLifePlan" time="419" tests="1" failures="0" errors="0">
   <testsuite name="TS_LogicLifePlan" tests="1" failures="0" errors="0" time="419" timestamp="2019-07-18 12:53:46" hostname="HAU NGUYEN -TEQ - HP-Probook-450-G4.Home" id="Test Suites/TS_LogicLifePlan">
      <properties>
         <property name="deviceName" value=""/>
         <property name="devicePlatform" value=""/>
         <property name="logFolder" value="C:\\Users\\HAU NGUYEN -TEQ\\Katalon Studio\\KDDI\\Reports\\TS_LogicLifePlan\\20190718_125344"/>
         <property name="logFiles" value="C:\\Users\\HAU NGUYEN -TEQ\\Katalon Studio\\KDDI\\Reports\\TS_LogicLifePlan\\20190718_125344\\execution0.log"/>
         <property name="attachments" value=""/>
         <property name="hostName" value="HAU NGUYEN -TEQ - HP-Probook-450-G4.Home"/>
         <property name="os" value="Windows 10 64bit"/>
         <property name="katalonVersion" value="6.1.4.1"/>
         <property name="browser" value="Chrome 4"/>
         <property name="hostAddress" value="10.28.74.144"/>
         <property name="sessionId" value="f6da5f858f8e51d15e4793e7a3f82a6b"/>
         <property name="seleniumVersion" value="3.7.1"/>
         <property name="proxyInformation" value="ProxyInformation{proxyOption=NO_PROXY, proxyServerType=HTTP, password=, proxyServerAddress=, proxyServerPort=0}"/>
         <property name="platform" value="Windows 10"/>
      </properties>
      <testcase name="Test Cases/Write/TC_WriteDataIntoExcelFile" classname="Test Cases/Write/TC_WriteDataIntoExcelFile" status="PASSED">
         <system-out><![CDATA[2019-07-18 12:53:47 - [TEST_CASE][PASSED] - Test Cases/Write/TC_WriteDataIntoExcelFile: Test Cases/Write/TC_WriteDataIntoExcelFile

2019-07-18 12:53:47 - [TEST_STEP][PASSED] - log = new com.kms.katalon.core.logging.KeywordLogger(): null

2019-07-18 12:53:47 - [TEST_STEP][PASSED] - excelFile = "C:\Users\HAU NGUYEN -TEQ\Katalon Studio\KDDI\CheckLogic_lifeplan.xlsx": null

2019-07-18 12:53:47 - [TEST_STEP][PASSED] - sheetName = "changeLogic_1207": null

2019-07-18 12:53:47 - [TEST_STEP][PASSED] - lifePlanFile = getWorkbook(excelFile): null

2019-07-18 12:53:51 - [TEST_STEP][PASSED] - sheet01 = getExcelSheet(lifePlanFile, sheetName): null

2019-07-18 12:53:51 - [TEST_STEP][NOT_RUN] - cellIndex = getCellIndexByAddress(sheet01, "Y13"): NOT_RUN: cellIndex = getCellIndexByAddress(sheet01, "Y13")

2019-07-18 12:53:51 - [MESSAGE][NOT_RUN] - NOT_RUN: cellIndex = getCellIndexByAddress(sheet01, "Y13")

2019-07-18 12:53:51 - [TEST_STEP][PASSED] - amountAt65OnWebApp = <not implemented yet for class: org.codehaus.groovy.ast.expr.EmptyExpression>: null

2019-07-18 12:53:51 - [TEST_STEP][PASSED] - for ([i = 1, i <= 32, (i++)]): null

2019-07-18 12:53:51 - [TEST_STEP][PASSED] - if (i < 10): Call Test Case 'Test Cases/TC_LifePlanAnalytics/TC_Scr01-01' successfully

2019-07-18 12:53:51 - [TEST_STEP][PASSED] - amountAt65OnWebApp = callTestCase(findTestCase("TC_LifePlanAnalytics/TC_Scr01-0" + i), [:], OPTIONAL): Call Test Case 'Test Cases/TC_LifePlanAnalytics/TC_Scr01-01' successfully

2019-07-18 12:53:51 - [TEST_CASE][PASSED] - Test Cases/TC_LifePlanAnalytics/TC_Scr01-01: Test Cases/TC_LifePlanAnalytics/TC_Scr01-01

2019-07-18 12:53:53 - [TEST_STEP][PASSED] - log = new com.kms.katalon.core.logging.KeywordLogger(): null

2019-07-18 12:53:53 - [TEST_STEP][PASSED] - callTestCase(findTestCase("TC_AddVTKT"), [:], STOP_ON_FAILURE): Call Test Case 'Test Cases/TC_AddVTKT' successfully

2019-07-18 12:53:53 - [TEST_CASE][PASSED] - Test Cases/TC_AddVTKT: Test Cases/TC_AddVTKT

2019-07-18 12:53:54 - [TEST_STEP][PASSED] - openBrowser(""): Browser is opened with url: ''

2019-07-18 12:53:54 - [MESSAGE][INFO] - Starting 'Chrome' driver

2019-07-18 12:53:54 - [MESSAGE][INFO] - User set preference: ['args', '[-user-agent=Mozilla/5.0 (Linux; Android 9; SOV37 Build/52.0.C.1.112; wv) AppleWebKit/537.36 (KHTML, like Gecko) Version/4.0 Chrome/68.0.3440.91 Mobile Safari/537.36 6.0.2-k1]']

2019-07-18 12:53:54 - [MESSAGE][INFO] - Action delay is set to 0 seconds

2019-07-18 12:53:57 - [MESSAGE][PASSED] - Browser is opened with url: ''

2019-07-18 12:53:57 - [TEST_STEP][PASSED] - navigateToUrl("https://dev.pfm.wallet.auone.jp/life_plan/"): Navigate to 'https://dev.pfm.wallet.auone.jp/life_plan/' successfully

2019-07-18 12:54:00 - [MESSAGE][PASSED] - Navigate to 'https://dev.pfm.wallet.auone.jp/life_plan/' successfully

2019-07-18 12:54:00 - [TEST_STEP][PASSED] - maximizeWindow(): Current window maximized

2019-07-18 12:54:01 - [MESSAGE][PASSED] - Current window maximized

2019-07-18 12:54:01 - [TEST_STEP][PASSED] - ck = new org.openqa.selenium.Cookie(VTKT, rtm0wCOc6hTIFjf19P7KEEn-NB7Jp8k5QvzBE7r1OxqcIYMRdmnbLGJqQYL7Lnv_Z7-e796XbNYuZ-AS_eJwPNQgQ4Kz3YSmcqmHm1CSCJAtHREgQ8GKcl29Banngbs4XK1ZuH_eUsCeXHVH0I8mIQ): null

2019-07-18 12:54:01 - [TEST_STEP][PASSED] - driver = getWebDriver(): null

2019-07-18 12:54:01 - [TEST_STEP][PASSED] - manage().addCookie(ck): null

2019-07-18 12:54:01 - [TEST_STEP][PASSED] - waitForPageLoad(10): Wait for page load successfully

2019-07-18 12:54:01 - [MESSAGE][PASSED] - Wait for page load successfully

2019-07-18 12:54:01 - [TEST_STEP][PASSED] - refresh(): Refresh successfully

2019-07-18 12:54:02 - [MESSAGE][PASSED] - Refresh successfully

2019-07-18 12:54:02 - [MESSAGE][PASSED] - Call Test Case 'Test Cases/TC_AddVTKT' successfully

2019-07-18 12:54:02 - [TEST_STEP][PASSED] - click(findTestObject("Tab_LifePlan/Page_LifePlanResult/btn_LifePlan")): Object: 'Object Repository/Tab_LifePlan/Page_LifePlanResult/btn_LifePlan' is clicked on

2019-07-18 12:54:04 - [MESSAGE][PASSED] - Object: 'Object Repository/Tab_LifePlan/Page_LifePlanResult/btn_LifePlan' is clicked on

2019-07-18 12:54:04 - [TEST_STEP][PASSED] - click(findTestObject("Tab_LifePlan/Page_Q01_Age/Age_20")): Object: 'Object Repository/Tab_LifePlan/Page_Q01_Age/Age_20' is clicked on

2019-07-18 12:54:05 - [MESSAGE][PASSED] - Object: 'Object Repository/Tab_LifePlan/Page_Q01_Age/Age_20' is clicked on

2019-07-18 12:54:05 - [TEST_STEP][PASSED] - click(findTestObject("Tab_LifePlan/Page_Q02_CurrentSituation/Single")): Object: 'Object Repository/Tab_LifePlan/Page_Q02_CurrentSituation/Single' is clicked on

2019-07-18 12:54:05 - [MESSAGE][PASSED] - Object: 'Object Repository/Tab_LifePlan/Page_Q02_CurrentSituation/Single' is clicked on

2019-07-18 12:54:05 - [TEST_STEP][PASSED] - click(findTestObject("Tab_LifePlan/Page_Q03_Children/Children_0")): Object: 'Object Repository/Tab_LifePlan/Page_Q03_Children/Children_0' is clicked on

2019-07-18 12:54:06 - [MESSAGE][PASSED] - Object: 'Object Repository/Tab_LifePlan/Page_Q03_Children/Children_0' is clicked on

2019-07-18 12:54:06 - [TEST_STEP][PASSED] - click(findTestObject("Tab_LifePlan/Page_Q04_Future/NoPlanToMarry")): Object: 'Object Repository/Tab_LifePlan/Page_Q04_Future/NoPlanToMarry' is clicked on

2019-07-18 12:54:06 - [MESSAGE][PASSED] - Object: 'Object Repository/Tab_LifePlan/Page_Q04_Future/NoPlanToMarry' is clicked on

2019-07-18 12:54:06 - [TEST_STEP][PASSED] - click(findTestObject("Tab_LifePlan/Page_Q07_YourIncome/income_300")): Object: 'Object Repository/Tab_LifePlan/Page_Q07_YourIncome/income_300' is clicked on

2019-07-18 12:54:06 - [MESSAGE][PASSED] - Object: 'Object Repository/Tab_LifePlan/Page_Q07_YourIncome/income_300' is clicked on

2019-07-18 12:54:06 - [TEST_STEP][PASSED] - scrollToElement(findTestObject("Tab_LifePlan/Page_Q07_YourIncome/btn_Next"), 10): Scroll to object 'Object Repository/Tab_LifePlan/Page_Q07_YourIncome/btn_Next' successfully

2019-07-18 12:54:06 - [MESSAGE][PASSED] - Scroll to object 'Object Repository/Tab_LifePlan/Page_Q07_YourIncome/btn_Next' successfully

2019-07-18 12:54:06 - [TEST_STEP][PASSED] - click(findTestObject("Tab_LifePlan/Page_Q07_YourIncome/chk_PartTimeIncome")): Object: 'Object Repository/Tab_LifePlan/Page_Q07_YourIncome/chk_PartTimeIncome' is clicked on

2019-07-18 12:54:06 - [MESSAGE][PASSED] - Object: 'Object Repository/Tab_LifePlan/Page_Q07_YourIncome/chk_PartTimeIncome' is clicked on

2019-07-18 12:54:06 - [TEST_STEP][PASSED] - click(findTestObject("Tab_LifePlan/Page_Q07_YourIncome/chk_NoRetirementPay")): Object: 'Object Repository/Tab_LifePlan/Page_Q07_YourIncome/chk_NoRetirementPay' is clicked on

2019-07-18 12:54:06 - [MESSAGE][PASSED] - Object: 'Object Repository/Tab_LifePlan/Page_Q07_YourIncome/chk_NoRetirementPay' is clicked on

2019-07-18 12:54:06 - [TEST_STEP][PASSED] - click(findTestObject("Tab_LifePlan/Page_Q07_YourIncome/btn_Next")): Object: 'Object Repository/Tab_LifePlan/Page_Q07_YourIncome/btn_Next' is clicked on

2019-07-18 12:54:06 - [MESSAGE][PASSED] - Object: 'Object Repository/Tab_LifePlan/Page_Q07_YourIncome/btn_Next' is clicked on

2019-07-18 12:54:06 - [TEST_STEP][PASSED] - scrollToElement(findTestObject("Tab_LifePlan/Page_Q09_RentHouse/OwnedHouse"), 10): Scroll to object 'Object Repository/Tab_LifePlan/Page_Q09_RentHouse/OwnedHouse' successfully

2019-07-18 12:54:06 - [MESSAGE][PASSED] - Scroll to object 'Object Repository/Tab_LifePlan/Page_Q09_RentHouse/OwnedHouse' successfully

2019-07-18 12:54:06 - [TEST_STEP][PASSED] - click(findTestObject("Tab_LifePlan/Page_Q09_RentHouse/OwnedHouse")): Object: 'Object Repository/Tab_LifePlan/Page_Q09_RentHouse/OwnedHouse' is clicked on

2019-07-18 12:54:06 - [MESSAGE][PASSED] - Object: 'Object Repository/Tab_LifePlan/Page_Q09_RentHouse/OwnedHouse' is clicked on

2019-07-18 12:54:06 - [TEST_STEP][PASSED] - click(findTestObject("Tab_LifePlan/Page_Q09_RentHouse/rent_1")): Object: 'Object Repository/Tab_LifePlan/Page_Q09_RentHouse/rent_1' is clicked on

2019-07-18 12:54:07 - [MESSAGE][PASSED] - Object: 'Object Repository/Tab_LifePlan/Page_Q09_RentHouse/rent_1' is clicked on

2019-07-18 12:54:07 - [TEST_STEP][PASSED] - scrollToElement(findTestObject("Tab_LifePlan/Page_Q09_RentHouse/btn_Next"), 0): Scroll to object 'Object Repository/Tab_LifePlan/Page_Q09_RentHouse/btn_Next' successfully

2019-07-18 12:54:07 - [MESSAGE][WARNING] - Timeout '0' is invalid. Using default page load timeout: '30'

2019-07-18 12:54:07 - [MESSAGE][PASSED] - Scroll to object 'Object Repository/Tab_LifePlan/Page_Q09_RentHouse/btn_Next' successfully

2019-07-18 12:54:07 - [TEST_STEP][PASSED] - click(findTestObject("Tab_LifePlan/Page_Q09_RentHouse/btn_Next")): Object: 'Object Repository/Tab_LifePlan/Page_Q09_RentHouse/btn_Next' is clicked on

2019-07-18 12:54:07 - [MESSAGE][PASSED] - Object: 'Object Repository/Tab_LifePlan/Page_Q09_RentHouse/btn_Next' is clicked on

2019-07-18 12:54:07 - [TEST_STEP][PASSED] - click(findTestObject("Tab_LifePlan/Page_Q10_CostOfLiving/cost_1")): Object: 'Object Repository/Tab_LifePlan/Page_Q10_CostOfLiving/cost_1' is clicked on

2019-07-18 12:54:07 - [MESSAGE][PASSED] - Object: 'Object Repository/Tab_LifePlan/Page_Q10_CostOfLiving/cost_1' is clicked on

2019-07-18 12:54:07 - [TEST_STEP][PASSED] - click(findTestObject("Tab_LifePlan/Page_Q11_CurrentSavingsAmount/amount_0")): Object: 'Object Repository/Tab_LifePlan/Page_Q11_CurrentSavingsAmount/amount_0' is clicked on

2019-07-18 12:54:07 - [MESSAGE][PASSED] - Object: 'Object Repository/Tab_LifePlan/Page_Q11_CurrentSavingsAmount/amount_0' is clicked on

2019-07-18 12:54:07 - [TEST_STEP][PASSED] - waitForElementPresent(findTestObject("Tab_LifePlan/Page_LifePlanResult/tv_AmountAt65"), 20): Object 'Object Repository/Tab_LifePlan/Page_LifePlanResult/tv_AmountAt65' is present

2019-07-18 12:54:08 - [MESSAGE][PASSED] - Object 'Object Repository/Tab_LifePlan/Page_LifePlanResult/tv_AmountAt65' is present

2019-07-18 12:54:08 - [TEST_STEP][PASSED] - amountAt65OnWebApp = getText(findTestObject("Tab_LifePlan/Page_LifePlanResult/tv_AmountAt65")): Text of object 'Object Repository/Tab_LifePlan/Page_LifePlanResult/tv_AmountAt65' is: '+7,381.38'

2019-07-18 12:54:08 - [MESSAGE][PASSED] - Text of object 'Object Repository/Tab_LifePlan/Page_LifePlanResult/tv_AmountAt65' is: '+7,381.38'

2019-07-18 12:54:08 - [TEST_STEP][PASSED] - testcaseName = lastIndexOf("\") + 1).replace(".tc", ""): null

2019-07-18 12:54:08 - [TEST_STEP][PASSED] - log.logInfo(testcaseName): TS_LogicLifePlan.ts

2019-07-18 12:54:08 - [MESSAGE][INFO] - TS_LogicLifePlan.ts

2019-07-18 12:54:08 - [TEST_STEP][PASSED] - log.logInfo(amountAt65OnWebApp): +7,381.38

2019-07-18 12:54:08 - [MESSAGE][INFO] - +7,381.38

2019-07-18 12:54:08 - [TEST_STEP][PASSED] - closeBrowser(): Browser is closed

2019-07-18 12:54:09 - [MESSAGE][PASSED] - Browser is closed

2019-07-18 12:54:09 - [TEST_STEP][PASSED] - return amountAt65OnWebApp: null

2019-07-18 12:54:09 - [MESSAGE][PASSED] - Call Test Case 'Test Cases/TC_LifePlanAnalytics/TC_Scr01-01' successfully

2019-07-18 12:54:09 - [TEST_STEP][PASSED] - log.logInfo("TC_Scr01-" + i + " = " + amountAt65OnWebApp): TC_Scr01-1 = +7,381.38

2019-07-18 12:54:09 - [MESSAGE][INFO] - TC_Scr01-1 = +7,381.38

2019-07-18 12:54:09 - [TEST_STEP][PASSED] - setValueToCellByIndex(sheet01, 11 + i, 24, amountAt65OnWebApp): null

2019-07-18 12:54:09 - [TEST_STEP][PASSED] - if (i < 10): Call Test Case 'Test Cases/TC_LifePlanAnalytics/TC_Scr01-02' successfully

2019-07-18 12:54:09 - [TEST_STEP][PASSED] - amountAt65OnWebApp = callTestCase(findTestCase("TC_LifePlanAnalytics/TC_Scr01-0" + i), [:], OPTIONAL): Call Test Case 'Test Cases/TC_LifePlanAnalytics/TC_Scr01-02' successfully

2019-07-18 12:54:09 - [TEST_CASE][PASSED] - Test Cases/TC_LifePlanAnalytics/TC_Scr01-02: Test Cases/TC_LifePlanAnalytics/TC_Scr01-02

2019-07-18 12:54:09 - [TEST_STEP][PASSED] - log = new com.kms.katalon.core.logging.KeywordLogger(): null

2019-07-18 12:54:09 - [TEST_STEP][PASSED] - callTestCase(findTestCase("TC_AddVTKT"), [:], STOP_ON_FAILURE): Call Test Case 'Test Cases/TC_AddVTKT' successfully

2019-07-18 12:54:09 - [TEST_CASE][PASSED] - Test Cases/TC_AddVTKT: Test Cases/TC_AddVTKT

2019-07-18 12:54:09 - [TEST_STEP][PASSED] - openBrowser(""): Browser is opened with url: ''

2019-07-18 12:54:09 - [MESSAGE][INFO] - Starting 'Chrome' driver

2019-07-18 12:54:09 - [MESSAGE][INFO] - User set preference: ['args', '[-user-agent=Mozilla/5.0 (Linux; Android 9; SOV37 Build/52.0.C.1.112; wv) AppleWebKit/537.36 (KHTML, like Gecko) Version/4.0 Chrome/68.0.3440.91 Mobile Safari/537.36 6.0.2-k1]']

2019-07-18 12:54:11 - [MESSAGE][PASSED] - Browser is opened with url: ''

2019-07-18 12:54:11 - [TEST_STEP][PASSED] - navigateToUrl("https://dev.pfm.wallet.auone.jp/life_plan/"): Navigate to 'https://dev.pfm.wallet.auone.jp/life_plan/' successfully

2019-07-18 12:54:13 - [MESSAGE][PASSED] - Navigate to 'https://dev.pfm.wallet.auone.jp/life_plan/' successfully

2019-07-18 12:54:13 - [TEST_STEP][PASSED] - maximizeWindow(): Current window maximized

2019-07-18 12:54:14 - [MESSAGE][PASSED] - Current window maximized

2019-07-18 12:54:14 - [TEST_STEP][PASSED] - ck = new org.openqa.selenium.Cookie(VTKT, rtm0wCOc6hTIFjf19P7KEEn-NB7Jp8k5QvzBE7r1OxqcIYMRdmnbLGJqQYL7Lnv_Z7-e796XbNYuZ-AS_eJwPNQgQ4Kz3YSmcqmHm1CSCJAtHREgQ8GKcl29Banngbs4XK1ZuH_eUsCeXHVH0I8mIQ): null

2019-07-18 12:54:14 - [TEST_STEP][PASSED] - driver = getWebDriver(): null

2019-07-18 12:54:14 - [TEST_STEP][PASSED] - manage().addCookie(ck): null

2019-07-18 12:54:14 - [TEST_STEP][PASSED] - waitForPageLoad(10): Wait for page load successfully

2019-07-18 12:54:14 - [MESSAGE][PASSED] - Wait for page load successfully

2019-07-18 12:54:14 - [TEST_STEP][PASSED] - refresh(): Refresh successfully

2019-07-18 12:54:15 - [MESSAGE][PASSED] - Refresh successfully

2019-07-18 12:54:15 - [MESSAGE][PASSED] - Call Test Case 'Test Cases/TC_AddVTKT' successfully

2019-07-18 12:54:15 - [TEST_STEP][PASSED] - click(findTestObject("Tab_LifePlan/Page_LifePlanResult/btn_LifePlan")): Object: 'Object Repository/Tab_LifePlan/Page_LifePlanResult/btn_LifePlan' is clicked on

2019-07-18 12:54:17 - [MESSAGE][PASSED] - Object: 'Object Repository/Tab_LifePlan/Page_LifePlanResult/btn_LifePlan' is clicked on

2019-07-18 12:54:17 - [TEST_STEP][PASSED] - click(findTestObject("Tab_LifePlan/Page_Q01_Age/Age_30")): Object: 'Object Repository/Tab_LifePlan/Page_Q01_Age/Age_30' is clicked on

2019-07-18 12:54:18 - [MESSAGE][PASSED] - Object: 'Object Repository/Tab_LifePlan/Page_Q01_Age/Age_30' is clicked on

2019-07-18 12:54:18 - [TEST_STEP][PASSED] - click(findTestObject("Tab_LifePlan/Page_Q02_CurrentSituation/Single")): Object: 'Object Repository/Tab_LifePlan/Page_Q02_CurrentSituation/Single' is clicked on

2019-07-18 12:54:18 - [MESSAGE][PASSED] - Object: 'Object Repository/Tab_LifePlan/Page_Q02_CurrentSituation/Single' is clicked on

2019-07-18 12:54:18 - [TEST_STEP][PASSED] - click(findTestObject("Tab_LifePlan/Page_Q03_Children/Children_0")): Object: 'Object Repository/Tab_LifePlan/Page_Q03_Children/Children_0' is clicked on

2019-07-18 12:54:18 - [MESSAGE][PASSED] - Object: 'Object Repository/Tab_LifePlan/Page_Q03_Children/Children_0' is clicked on

2019-07-18 12:54:18 - [TEST_STEP][PASSED] - click(findTestObject("Tab_LifePlan/Page_Q04_Future/WantToGetMarried")): Object: 'Object Repository/Tab_LifePlan/Page_Q04_Future/WantToGetMarried' is clicked on

2019-07-18 12:54:18 - [MESSAGE][PASSED] - Object: 'Object Repository/Tab_LifePlan/Page_Q04_Future/WantToGetMarried' is clicked on

2019-07-18 12:54:18 - [TEST_STEP][PASSED] - click(findTestObject("Tab_LifePlan/Page_Q05_WhenGetMarry/Years_Undecided")): Object: 'Object Repository/Tab_LifePlan/Page_Q05_WhenGetMarry/Years_Undecided' is clicked on

2019-07-18 12:54:19 - [MESSAGE][PASSED] - Object: 'Object Repository/Tab_LifePlan/Page_Q05_WhenGetMarry/Years_Undecided' is clicked on

2019-07-18 12:54:19 - [TEST_STEP][PASSED] - click(findTestObject("Tab_LifePlan/Page_Q07_YourIncome/income_400")): Object: 'Object Repository/Tab_LifePlan/Page_Q07_YourIncome/income_400' is clicked on

2019-07-18 12:54:19 - [MESSAGE][PASSED] - Object: 'Object Repository/Tab_LifePlan/Page_Q07_YourIncome/income_400' is clicked on

2019-07-18 12:54:19 - [TEST_STEP][PASSED] - scrollToElement(findTestObject("Tab_LifePlan/Page_Q07_YourIncome/btn_Next"), 10): Scroll to object 'Object Repository/Tab_LifePlan/Page_Q07_YourIncome/btn_Next' successfully

2019-07-18 12:54:19 - [MESSAGE][PASSED] - Scroll to object 'Object Repository/Tab_LifePlan/Page_Q07_YourIncome/btn_Next' successfully

2019-07-18 12:54:19 - [TEST_STEP][PASSED] - click(findTestObject("Tab_LifePlan/Page_Q07_YourIncome/chk_PartTimeIncome")): Object: 'Object Repository/Tab_LifePlan/Page_Q07_YourIncome/chk_PartTimeIncome' is clicked on

2019-07-18 12:54:19 - [MESSAGE][PASSED] - Object: 'Object Repository/Tab_LifePlan/Page_Q07_YourIncome/chk_PartTimeIncome' is clicked on

2019-07-18 12:54:19 - [TEST_STEP][PASSED] - click(findTestObject("Tab_LifePlan/Page_Q07_YourIncome/chk_NoRetirementPay")): Object: 'Object Repository/Tab_LifePlan/Page_Q07_YourIncome/chk_NoRetirementPay' is clicked on

2019-07-18 12:54:19 - [MESSAGE][PASSED] - Object: 'Object Repository/Tab_LifePlan/Page_Q07_YourIncome/chk_NoRetirementPay' is clicked on

2019-07-18 12:54:19 - [TEST_STEP][PASSED] - click(findTestObject("Tab_LifePlan/Page_Q07_YourIncome/btn_Next")): Object: 'Object Repository/Tab_LifePlan/Page_Q07_YourIncome/btn_Next' is clicked on

2019-07-18 12:54:19 - [MESSAGE][PASSED] - Object: 'Object Repository/Tab_LifePlan/Page_Q07_YourIncome/btn_Next' is clicked on

2019-07-18 12:54:19 - [TEST_STEP][PASSED] - click(findTestObject("Tab_LifePlan/Page_Q08_IncomeOfTheSpouse/income_UpTo300")): Object: 'Object Repository/Tab_LifePlan/Page_Q08_IncomeOfTheSpouse/income_UpTo300' is clicked on

2019-07-18 12:54:19 - [MESSAGE][PASSED] - Object: 'Object Repository/Tab_LifePlan/Page_Q08_IncomeOfTheSpouse/income_UpTo300' is clicked on

2019-07-18 12:54:19 - [TEST_STEP][PASSED] - scrollToElement(findTestObject("Tab_LifePlan/Page_Q08_IncomeOfTheSpouse/btn_Next"), 10): Scroll to object 'Object Repository/Tab_LifePlan/Page_Q08_IncomeOfTheSpouse/btn_Next' successfully

2019-07-18 12:54:19 - [MESSAGE][PASSED] - Scroll to object 'Object Repository/Tab_LifePlan/Page_Q08_IncomeOfTheSpouse/btn_Next' successfully

2019-07-18 12:54:19 - [TEST_STEP][PASSED] - click(findTestObject("Tab_LifePlan/Page_Q08_IncomeOfTheSpouse/chk_PartTimeIncome")): Object: 'Object Repository/Tab_LifePlan/Page_Q08_IncomeOfTheSpouse/chk_PartTimeIncome' is clicked on

2019-07-18 12:54:19 - [MESSAGE][PASSED] - Object: 'Object Repository/Tab_LifePlan/Page_Q08_IncomeOfTheSpouse/chk_PartTimeIncome' is clicked on

2019-07-18 12:54:19 - [TEST_STEP][PASSED] - click(findTestObject("Tab_LifePlan/Page_Q08_IncomeOfTheSpouse/chk_NoRetirementPay")): Object: 'Object Repository/Tab_LifePlan/Page_Q08_IncomeOfTheSpouse/chk_NoRetirementPay' is clicked on

2019-07-18 12:54:19 - [MESSAGE][PASSED] - Object: 'Object Repository/Tab_LifePlan/Page_Q08_IncomeOfTheSpouse/chk_NoRetirementPay' is clicked on

2019-07-18 12:54:19 - [TEST_STEP][PASSED] - click(findTestObject("Tab_LifePlan/Page_Q08_IncomeOfTheSpouse/btn_Next")): Object: 'Object Repository/Tab_LifePlan/Page_Q08_IncomeOfTheSpouse/btn_Next' is clicked on

2019-07-18 12:54:19 - [MESSAGE][PASSED] - Object: 'Object Repository/Tab_LifePlan/Page_Q08_IncomeOfTheSpouse/btn_Next' is clicked on

2019-07-18 12:54:19 - [TEST_STEP][PASSED] - scrollToElement(findTestObject("Tab_LifePlan/Page_Q09_RentHouse/OwnedHouse"), 10): Scroll to object 'Object Repository/Tab_LifePlan/Page_Q09_RentHouse/OwnedHouse' successfully

2019-07-18 12:54:19 - [MESSAGE][PASSED] - Scroll to object 'Object Repository/Tab_LifePlan/Page_Q09_RentHouse/OwnedHouse' successfully

2019-07-18 12:54:19 - [TEST_STEP][PASSED] - click(findTestObject("Tab_LifePlan/Page_Q09_RentHouse/OwnedHouse")): Object: 'Object Repository/Tab_LifePlan/Page_Q09_RentHouse/OwnedHouse' is clicked on

2019-07-18 12:54:20 - [MESSAGE][PASSED] - Object: 'Object Repository/Tab_LifePlan/Page_Q09_RentHouse/OwnedHouse' is clicked on

2019-07-18 12:54:20 - [TEST_STEP][PASSED] - click(findTestObject("Tab_LifePlan/Page_Q09_RentHouse/rent_1")): Object: 'Object Repository/Tab_LifePlan/Page_Q09_RentHouse/rent_1' is clicked on

2019-07-18 12:54:20 - [MESSAGE][PASSED] - Object: 'Object Repository/Tab_LifePlan/Page_Q09_RentHouse/rent_1' is clicked on

2019-07-18 12:54:20 - [TEST_STEP][PASSED] - scrollToElement(findTestObject("Tab_LifePlan/Page_Q09_RentHouse/btn_Next"), 0): Scroll to object 'Object Repository/Tab_LifePlan/Page_Q09_RentHouse/btn_Next' successfully

2019-07-18 12:54:20 - [MESSAGE][WARNING] - Timeout '0' is invalid. Using default page load timeout: '30'

2019-07-18 12:54:20 - [MESSAGE][PASSED] - Scroll to object 'Object Repository/Tab_LifePlan/Page_Q09_RentHouse/btn_Next' successfully

2019-07-18 12:54:20 - [TEST_STEP][PASSED] - click(findTestObject("Tab_LifePlan/Page_Q09_RentHouse/btn_Next")): Object: 'Object Repository/Tab_LifePlan/Page_Q09_RentHouse/btn_Next' is clicked on

2019-07-18 12:54:20 - [MESSAGE][PASSED] - Object: 'Object Repository/Tab_LifePlan/Page_Q09_RentHouse/btn_Next' is clicked on

2019-07-18 12:54:20 - [TEST_STEP][PASSED] - click(findTestObject("Tab_LifePlan/Page_Q10_CostOfLiving/cost_1")): Object: 'Object Repository/Tab_LifePlan/Page_Q10_CostOfLiving/cost_1' is clicked on

2019-07-18 12:54:20 - [MESSAGE][PASSED] - Object: 'Object Repository/Tab_LifePlan/Page_Q10_CostOfLiving/cost_1' is clicked on

2019-07-18 12:54:20 - [TEST_STEP][PASSED] - click(findTestObject("Tab_LifePlan/Page_Q11_CurrentSavingsAmount/amount_0")): Object: 'Object Repository/Tab_LifePlan/Page_Q11_CurrentSavingsAmount/amount_0' is clicked on

2019-07-18 12:54:20 - [MESSAGE][PASSED] - Object: 'Object Repository/Tab_LifePlan/Page_Q11_CurrentSavingsAmount/amount_0' is clicked on

2019-07-18 12:54:20 - [TEST_STEP][PASSED] - waitForElementPresent(findTestObject("Tab_LifePlan/Page_LifePlanResult/tv_AmountAt65"), 20): Object 'Object Repository/Tab_LifePlan/Page_LifePlanResult/tv_AmountAt65' is present

2019-07-18 12:54:21 - [MESSAGE][PASSED] - Object 'Object Repository/Tab_LifePlan/Page_LifePlanResult/tv_AmountAt65' is present

2019-07-18 12:54:21 - [TEST_STEP][PASSED] - amountAt65OnWebApp = getText(findTestObject("Tab_LifePlan/Page_LifePlanResult/tv_AmountAt65")): Text of object 'Object Repository/Tab_LifePlan/Page_LifePlanResult/tv_AmountAt65' is: '+1.16'

2019-07-18 12:54:21 - [MESSAGE][PASSED] - Text of object 'Object Repository/Tab_LifePlan/Page_LifePlanResult/tv_AmountAt65' is: '+1.16'

2019-07-18 12:54:21 - [TEST_STEP][PASSED] - log.logInfo(amountAt65OnWebApp): +1.16

2019-07-18 12:54:21 - [MESSAGE][INFO] - +1.16

2019-07-18 12:54:21 - [TEST_STEP][PASSED] - closeBrowser(): Browser is closed

2019-07-18 12:54:22 - [MESSAGE][PASSED] - Browser is closed

2019-07-18 12:54:22 - [TEST_STEP][PASSED] - return amountAt65OnWebApp: null

2019-07-18 12:54:22 - [MESSAGE][PASSED] - Call Test Case 'Test Cases/TC_LifePlanAnalytics/TC_Scr01-02' successfully

2019-07-18 12:54:22 - [TEST_STEP][PASSED] - log.logInfo("TC_Scr01-" + i + " = " + amountAt65OnWebApp): TC_Scr01-2 = +1.16

2019-07-18 12:54:22 - [MESSAGE][INFO] - TC_Scr01-2 = +1.16

2019-07-18 12:54:22 - [TEST_STEP][PASSED] - setValueToCellByIndex(sheet01, 11 + i, 24, amountAt65OnWebApp): null

2019-07-18 12:54:22 - [TEST_STEP][PASSED] - if (i < 10): Call Test Case 'Test Cases/TC_LifePlanAnalytics/TC_Scr01-03' successfully

2019-07-18 12:54:22 - [TEST_STEP][PASSED] - amountAt65OnWebApp = callTestCase(findTestCase("TC_LifePlanAnalytics/TC_Scr01-0" + i), [:], OPTIONAL): Call Test Case 'Test Cases/TC_LifePlanAnalytics/TC_Scr01-03' successfully

2019-07-18 12:54:22 - [TEST_CASE][PASSED] - Test Cases/TC_LifePlanAnalytics/TC_Scr01-03: Test Cases/TC_LifePlanAnalytics/TC_Scr01-03

2019-07-18 12:54:22 - [TEST_STEP][PASSED] - log = new com.kms.katalon.core.logging.KeywordLogger(): null

2019-07-18 12:54:22 - [TEST_STEP][PASSED] - callTestCase(findTestCase("TC_AddVTKT"), [:], STOP_ON_FAILURE): Call Test Case 'Test Cases/TC_AddVTKT' successfully

2019-07-18 12:54:22 - [TEST_CASE][PASSED] - Test Cases/TC_AddVTKT: Test Cases/TC_AddVTKT

2019-07-18 12:54:22 - [TEST_STEP][PASSED] - openBrowser(""): Browser is opened with url: ''

2019-07-18 12:54:22 - [MESSAGE][INFO] - Starting 'Chrome' driver

2019-07-18 12:54:22 - [MESSAGE][INFO] - User set preference: ['args', '[-user-agent=Mozilla/5.0 (Linux; Android 9; SOV37 Build/52.0.C.1.112; wv) AppleWebKit/537.36 (KHTML, like Gecko) Version/4.0 Chrome/68.0.3440.91 Mobile Safari/537.36 6.0.2-k1]']

2019-07-18 12:54:24 - [MESSAGE][PASSED] - Browser is opened with url: ''

2019-07-18 12:54:24 - [TEST_STEP][PASSED] - navigateToUrl("https://dev.pfm.wallet.auone.jp/life_plan/"): Navigate to 'https://dev.pfm.wallet.auone.jp/life_plan/' successfully

2019-07-18 12:54:26 - [MESSAGE][PASSED] - Navigate to 'https://dev.pfm.wallet.auone.jp/life_plan/' successfully

2019-07-18 12:54:26 - [TEST_STEP][PASSED] - maximizeWindow(): Current window maximized

2019-07-18 12:54:28 - [MESSAGE][PASSED] - Current window maximized

2019-07-18 12:54:28 - [TEST_STEP][PASSED] - ck = new org.openqa.selenium.Cookie(VTKT, rtm0wCOc6hTIFjf19P7KEEn-NB7Jp8k5QvzBE7r1OxqcIYMRdmnbLGJqQYL7Lnv_Z7-e796XbNYuZ-AS_eJwPNQgQ4Kz3YSmcqmHm1CSCJAtHREgQ8GKcl29Banngbs4XK1ZuH_eUsCeXHVH0I8mIQ): null

2019-07-18 12:54:28 - [TEST_STEP][PASSED] - driver = getWebDriver(): null

2019-07-18 12:54:28 - [TEST_STEP][PASSED] - manage().addCookie(ck): null

2019-07-18 12:54:28 - [TEST_STEP][PASSED] - waitForPageLoad(10): Wait for page load successfully

2019-07-18 12:54:28 - [MESSAGE][PASSED] - Wait for page load successfully

2019-07-18 12:54:28 - [TEST_STEP][PASSED] - refresh(): Refresh successfully

2019-07-18 12:54:28 - [MESSAGE][PASSED] - Refresh successfully

2019-07-18 12:54:28 - [MESSAGE][PASSED] - Call Test Case 'Test Cases/TC_AddVTKT' successfully

2019-07-18 12:54:28 - [TEST_STEP][PASSED] - click(findTestObject("Tab_LifePlan/Page_LifePlanResult/btn_LifePlan")): Object: 'Object Repository/Tab_LifePlan/Page_LifePlanResult/btn_LifePlan' is clicked on

2019-07-18 12:54:30 - [MESSAGE][PASSED] - Object: 'Object Repository/Tab_LifePlan/Page_LifePlanResult/btn_LifePlan' is clicked on

2019-07-18 12:54:30 - [TEST_STEP][PASSED] - click(findTestObject("Tab_LifePlan/Page_Q01_Age/Age_40")): Object: 'Object Repository/Tab_LifePlan/Page_Q01_Age/Age_40' is clicked on

2019-07-18 12:54:31 - [MESSAGE][PASSED] - Object: 'Object Repository/Tab_LifePlan/Page_Q01_Age/Age_40' is clicked on

2019-07-18 12:54:31 - [TEST_STEP][PASSED] - click(findTestObject("Tab_LifePlan/Page_Q02_CurrentSituation/Single")): Object: 'Object Repository/Tab_LifePlan/Page_Q02_CurrentSituation/Single' is clicked on

2019-07-18 12:54:31 - [MESSAGE][PASSED] - Object: 'Object Repository/Tab_LifePlan/Page_Q02_CurrentSituation/Single' is clicked on

2019-07-18 12:54:31 - [TEST_STEP][PASSED] - click(findTestObject("Tab_LifePlan/Page_Q03_Children/Children_0")): Object: 'Object Repository/Tab_LifePlan/Page_Q03_Children/Children_0' is clicked on

2019-07-18 12:54:31 - [MESSAGE][PASSED] - Object: 'Object Repository/Tab_LifePlan/Page_Q03_Children/Children_0' is clicked on

2019-07-18 12:54:31 - [TEST_STEP][PASSED] - click(findTestObject("Tab_LifePlan/Page_Q04_Future/WantToMarryAndWantToHaveAChild")): Object: 'Object Repository/Tab_LifePlan/Page_Q04_Future/WantToMarryAndWantToHaveAChild' is clicked on

2019-07-18 12:54:31 - [MESSAGE][PASSED] - Object: 'Object Repository/Tab_LifePlan/Page_Q04_Future/WantToMarryAndWantToHaveAChild' is clicked on

2019-07-18 12:54:31 - [TEST_STEP][PASSED] - click(findTestObject("Tab_LifePlan/Page_Q05_WhenGetMarry/Years_5")): Object: 'Object Repository/Tab_LifePlan/Page_Q05_WhenGetMarry/Years_5' is clicked on

2019-07-18 12:54:31 - [MESSAGE][PASSED] - Object: 'Object Repository/Tab_LifePlan/Page_Q05_WhenGetMarry/Years_5' is clicked on

2019-07-18 12:54:31 - [TEST_STEP][PASSED] - click(findTestObject("Tab_LifePlan/Page_Q06_NumberOfChildrenWanToGet/Children_2")): Object: 'Object Repository/Tab_LifePlan/Page_Q06_NumberOfChildrenWanToGet/Children_2' is clicked on

2019-07-18 12:54:31 - [MESSAGE][PASSED] - Object: 'Object Repository/Tab_LifePlan/Page_Q06_NumberOfChildrenWanToGet/Children_2' is clicked on

2019-07-18 12:54:31 - [TEST_STEP][PASSED] - click(findTestObject("Tab_LifePlan/Page_Q07_YourIncome/income_500")): Object: 'Object Repository/Tab_LifePlan/Page_Q07_YourIncome/income_500' is clicked on

2019-07-18 12:54:32 - [MESSAGE][PASSED] - Object: 'Object Repository/Tab_LifePlan/Page_Q07_YourIncome/income_500' is clicked on

2019-07-18 12:54:32 - [TEST_STEP][PASSED] - scrollToElement(findTestObject("Tab_LifePlan/Page_Q07_YourIncome/btn_Next"), 10): Scroll to object 'Object Repository/Tab_LifePlan/Page_Q07_YourIncome/btn_Next' successfully

2019-07-18 12:54:32 - [MESSAGE][PASSED] - Scroll to object 'Object Repository/Tab_LifePlan/Page_Q07_YourIncome/btn_Next' successfully

2019-07-18 12:54:32 - [TEST_STEP][PASSED] - click(findTestObject("Tab_LifePlan/Page_Q07_YourIncome/chk_PartTimeIncome")): Object: 'Object Repository/Tab_LifePlan/Page_Q07_YourIncome/chk_PartTimeIncome' is clicked on

2019-07-18 12:54:32 - [MESSAGE][PASSED] - Object: 'Object Repository/Tab_LifePlan/Page_Q07_YourIncome/chk_PartTimeIncome' is clicked on

2019-07-18 12:54:32 - [TEST_STEP][PASSED] - click(findTestObject("Tab_LifePlan/Page_Q07_YourIncome/chk_NoRetirementPay")): Object: 'Object Repository/Tab_LifePlan/Page_Q07_YourIncome/chk_NoRetirementPay' is clicked on

2019-07-18 12:54:32 - [MESSAGE][PASSED] - Object: 'Object Repository/Tab_LifePlan/Page_Q07_YourIncome/chk_NoRetirementPay' is clicked on

2019-07-18 12:54:32 - [TEST_STEP][PASSED] - click(findTestObject("Tab_LifePlan/Page_Q07_YourIncome/btn_Next")): Object: 'Object Repository/Tab_LifePlan/Page_Q07_YourIncome/btn_Next' is clicked on

2019-07-18 12:54:32 - [MESSAGE][PASSED] - Object: 'Object Repository/Tab_LifePlan/Page_Q07_YourIncome/btn_Next' is clicked on

2019-07-18 12:54:32 - [TEST_STEP][PASSED] - click(findTestObject("Tab_LifePlan/Page_Q08_IncomeOfTheSpouse/income_300")): Object: 'Object Repository/Tab_LifePlan/Page_Q08_IncomeOfTheSpouse/income_300' is clicked on

2019-07-18 12:54:32 - [MESSAGE][PASSED] - Object: 'Object Repository/Tab_LifePlan/Page_Q08_IncomeOfTheSpouse/income_300' is clicked on

2019-07-18 12:54:32 - [TEST_STEP][PASSED] - scrollToElement(findTestObject("Tab_LifePlan/Page_Q08_IncomeOfTheSpouse/btn_Next"), 10): Scroll to object 'Object Repository/Tab_LifePlan/Page_Q08_IncomeOfTheSpouse/btn_Next' successfully

2019-07-18 12:54:32 - [MESSAGE][PASSED] - Scroll to object 'Object Repository/Tab_LifePlan/Page_Q08_IncomeOfTheSpouse/btn_Next' successfully

2019-07-18 12:54:32 - [TEST_STEP][PASSED] - click(findTestObject("Tab_LifePlan/Page_Q08_IncomeOfTheSpouse/chk_PartTimeIncome")): Object: 'Object Repository/Tab_LifePlan/Page_Q08_IncomeOfTheSpouse/chk_PartTimeIncome' is clicked on

2019-07-18 12:54:32 - [MESSAGE][PASSED] - Object: 'Object Repository/Tab_LifePlan/Page_Q08_IncomeOfTheSpouse/chk_PartTimeIncome' is clicked on

2019-07-18 12:54:32 - [TEST_STEP][PASSED] - click(findTestObject("Tab_LifePlan/Page_Q08_IncomeOfTheSpouse/chk_NoRetirementPay")): Object: 'Object Repository/Tab_LifePlan/Page_Q08_IncomeOfTheSpouse/chk_NoRetirementPay' is clicked on

2019-07-18 12:54:32 - [MESSAGE][PASSED] - Object: 'Object Repository/Tab_LifePlan/Page_Q08_IncomeOfTheSpouse/chk_NoRetirementPay' is clicked on

2019-07-18 12:54:32 - [TEST_STEP][PASSED] - click(findTestObject("Tab_LifePlan/Page_Q08_IncomeOfTheSpouse/btn_Next")): Object: 'Object Repository/Tab_LifePlan/Page_Q08_IncomeOfTheSpouse/btn_Next' is clicked on

2019-07-18 12:54:32 - [MESSAGE][PASSED] - Object: 'Object Repository/Tab_LifePlan/Page_Q08_IncomeOfTheSpouse/btn_Next' is clicked on

2019-07-18 12:54:32 - [TEST_STEP][PASSED] - scrollToElement(findTestObject("Tab_LifePlan/Page_Q09_RentHouse/OwnedHouse"), 10): Scroll to object 'Object Repository/Tab_LifePlan/Page_Q09_RentHouse/OwnedHouse' successfully

2019-07-18 12:54:32 - [MESSAGE][PASSED] - Scroll to object 'Object Repository/Tab_LifePlan/Page_Q09_RentHouse/OwnedHouse' successfully

2019-07-18 12:54:32 - [TEST_STEP][PASSED] - click(findTestObject("Tab_LifePlan/Page_Q09_RentHouse/OwnedHouse")): Object: 'Object Repository/Tab_LifePlan/Page_Q09_RentHouse/OwnedHouse' is clicked on

2019-07-18 12:54:32 - [MESSAGE][PASSED] - Object: 'Object Repository/Tab_LifePlan/Page_Q09_RentHouse/OwnedHouse' is clicked on

2019-07-18 12:54:32 - [TEST_STEP][PASSED] - click(findTestObject("Tab_LifePlan/Page_Q09_RentHouse/rent_1")): Object: 'Object Repository/Tab_LifePlan/Page_Q09_RentHouse/rent_1' is clicked on

2019-07-18 12:54:32 - [MESSAGE][PASSED] - Object: 'Object Repository/Tab_LifePlan/Page_Q09_RentHouse/rent_1' is clicked on

2019-07-18 12:54:32 - [TEST_STEP][PASSED] - scrollToElement(findTestObject("Tab_LifePlan/Page_Q09_RentHouse/btn_Next"), 0): Scroll to object 'Object Repository/Tab_LifePlan/Page_Q09_RentHouse/btn_Next' successfully

2019-07-18 12:54:32 - [MESSAGE][WARNING] - Timeout '0' is invalid. Using default page load timeout: '30'

2019-07-18 12:54:32 - [MESSAGE][PASSED] - Scroll to object 'Object Repository/Tab_LifePlan/Page_Q09_RentHouse/btn_Next' successfully

2019-07-18 12:54:32 - [TEST_STEP][PASSED] - click(findTestObject("Tab_LifePlan/Page_Q09_RentHouse/btn_Next")): Object: 'Object Repository/Tab_LifePlan/Page_Q09_RentHouse/btn_Next' is clicked on

2019-07-18 12:54:33 - [MESSAGE][PASSED] - Object: 'Object Repository/Tab_LifePlan/Page_Q09_RentHouse/btn_Next' is clicked on

2019-07-18 12:54:33 - [TEST_STEP][PASSED] - click(findTestObject("Tab_LifePlan/Page_Q10_CostOfLiving/cost_10")): Object: 'Object Repository/Tab_LifePlan/Page_Q10_CostOfLiving/cost_10' is clicked on

2019-07-18 12:54:33 - [MESSAGE][PASSED] - Object: 'Object Repository/Tab_LifePlan/Page_Q10_CostOfLiving/cost_10' is clicked on

2019-07-18 12:54:33 - [TEST_STEP][PASSED] - click(findTestObject("Tab_LifePlan/Page_Q11_CurrentSavingsAmount/amount_0")): Object: 'Object Repository/Tab_LifePlan/Page_Q11_CurrentSavingsAmount/amount_0' is clicked on

2019-07-18 12:54:33 - [MESSAGE][PASSED] - Object: 'Object Repository/Tab_LifePlan/Page_Q11_CurrentSavingsAmount/amount_0' is clicked on

2019-07-18 12:54:33 - [TEST_STEP][PASSED] - waitForElementPresent(findTestObject("Tab_LifePlan/Page_LifePlanResult/tv_AmountAt65"), 20): Object 'Object Repository/Tab_LifePlan/Page_LifePlanResult/tv_AmountAt65' is present

2019-07-18 12:54:34 - [MESSAGE][PASSED] - Object 'Object Repository/Tab_LifePlan/Page_LifePlanResult/tv_AmountAt65' is present

2019-07-18 12:54:34 - [TEST_STEP][PASSED] - amountAt65OnWebApp = getText(findTestObject("Tab_LifePlan/Page_LifePlanResult/tv_AmountAt65")): Text of object 'Object Repository/Tab_LifePlan/Page_LifePlanResult/tv_AmountAt65' is: '+4,370.11'

2019-07-18 12:54:34 - [MESSAGE][PASSED] - Text of object 'Object Repository/Tab_LifePlan/Page_LifePlanResult/tv_AmountAt65' is: '+4,370.11'

2019-07-18 12:54:34 - [TEST_STEP][PASSED] - log.logInfo(amountAt65OnWebApp): +4,370.11

2019-07-18 12:54:34 - [MESSAGE][INFO] - +4,370.11

2019-07-18 12:54:34 - [TEST_STEP][PASSED] - closeBrowser(): Browser is closed

2019-07-18 12:54:35 - [MESSAGE][PASSED] - Browser is closed

2019-07-18 12:54:35 - [TEST_STEP][PASSED] - return amountAt65OnWebApp: null

2019-07-18 12:54:35 - [MESSAGE][PASSED] - Call Test Case 'Test Cases/TC_LifePlanAnalytics/TC_Scr01-03' successfully

2019-07-18 12:54:35 - [TEST_STEP][PASSED] - log.logInfo("TC_Scr01-" + i + " = " + amountAt65OnWebApp): TC_Scr01-3 = +4,370.11

2019-07-18 12:54:35 - [MESSAGE][INFO] - TC_Scr01-3 = +4,370.11

2019-07-18 12:54:35 - [TEST_STEP][PASSED] - setValueToCellByIndex(sheet01, 11 + i, 24, amountAt65OnWebApp): null

2019-07-18 12:54:35 - [TEST_STEP][PASSED] - if (i < 10): Call Test Case 'Test Cases/TC_LifePlanAnalytics/TC_Scr01-04' successfully

2019-07-18 12:54:35 - [TEST_STEP][PASSED] - amountAt65OnWebApp = callTestCase(findTestCase("TC_LifePlanAnalytics/TC_Scr01-0" + i), [:], OPTIONAL): Call Test Case 'Test Cases/TC_LifePlanAnalytics/TC_Scr01-04' successfully

2019-07-18 12:54:35 - [TEST_CASE][PASSED] - Test Cases/TC_LifePlanAnalytics/TC_Scr01-04: Test Cases/TC_LifePlanAnalytics/TC_Scr01-04

2019-07-18 12:54:35 - [TEST_STEP][PASSED] - log = new com.kms.katalon.core.logging.KeywordLogger(): null

2019-07-18 12:54:35 - [TEST_STEP][PASSED] - callTestCase(findTestCase("TC_AddVTKT"), [:], STOP_ON_FAILURE): Call Test Case 'Test Cases/TC_AddVTKT' successfully

2019-07-18 12:54:35 - [TEST_CASE][PASSED] - Test Cases/TC_AddVTKT: Test Cases/TC_AddVTKT

2019-07-18 12:54:35 - [TEST_STEP][PASSED] - openBrowser(""): Browser is opened with url: ''

2019-07-18 12:54:35 - [MESSAGE][INFO] - Starting 'Chrome' driver

2019-07-18 12:54:35 - [MESSAGE][INFO] - User set preference: ['args', '[-user-agent=Mozilla/5.0 (Linux; Android 9; SOV37 Build/52.0.C.1.112; wv) AppleWebKit/537.36 (KHTML, like Gecko) Version/4.0 Chrome/68.0.3440.91 Mobile Safari/537.36 6.0.2-k1]']

2019-07-18 12:54:37 - [MESSAGE][PASSED] - Browser is opened with url: ''

2019-07-18 12:54:37 - [TEST_STEP][PASSED] - navigateToUrl("https://dev.pfm.wallet.auone.jp/life_plan/"): Navigate to 'https://dev.pfm.wallet.auone.jp/life_plan/' successfully

2019-07-18 12:54:40 - [MESSAGE][PASSED] - Navigate to 'https://dev.pfm.wallet.auone.jp/life_plan/' successfully

2019-07-18 12:54:40 - [TEST_STEP][PASSED] - maximizeWindow(): Current window maximized

2019-07-18 12:54:41 - [MESSAGE][PASSED] - Current window maximized

2019-07-18 12:54:41 - [TEST_STEP][PASSED] - ck = new org.openqa.selenium.Cookie(VTKT, rtm0wCOc6hTIFjf19P7KEEn-NB7Jp8k5QvzBE7r1OxqcIYMRdmnbLGJqQYL7Lnv_Z7-e796XbNYuZ-AS_eJwPNQgQ4Kz3YSmcqmHm1CSCJAtHREgQ8GKcl29Banngbs4XK1ZuH_eUsCeXHVH0I8mIQ): null

2019-07-18 12:54:41 - [TEST_STEP][PASSED] - driver = getWebDriver(): null

2019-07-18 12:54:41 - [TEST_STEP][PASSED] - manage().addCookie(ck): null

2019-07-18 12:54:41 - [TEST_STEP][PASSED] - waitForPageLoad(10): Wait for page load successfully

2019-07-18 12:54:41 - [MESSAGE][PASSED] - Wait for page load successfully

2019-07-18 12:54:41 - [TEST_STEP][PASSED] - refresh(): Refresh successfully

2019-07-18 12:54:41 - [MESSAGE][PASSED] - Refresh successfully

2019-07-18 12:54:41 - [MESSAGE][PASSED] - Call Test Case 'Test Cases/TC_AddVTKT' successfully

2019-07-18 12:54:41 - [TEST_STEP][PASSED] - click(findTestObject("Tab_LifePlan/Page_LifePlanResult/btn_LifePlan")): Object: 'Object Repository/Tab_LifePlan/Page_LifePlanResult/btn_LifePlan' is clicked on

2019-07-18 12:54:44 - [MESSAGE][PASSED] - Object: 'Object Repository/Tab_LifePlan/Page_LifePlanResult/btn_LifePlan' is clicked on

2019-07-18 12:54:44 - [TEST_STEP][PASSED] - click(findTestObject("Tab_LifePlan/Page_Q01_Age/Age_50")): Object: 'Object Repository/Tab_LifePlan/Page_Q01_Age/Age_50' is clicked on

2019-07-18 12:54:44 - [MESSAGE][PASSED] - Object: 'Object Repository/Tab_LifePlan/Page_Q01_Age/Age_50' is clicked on

2019-07-18 12:54:44 - [TEST_STEP][PASSED] - click(findTestObject("Tab_LifePlan/Page_Q02_CurrentSituation/Married")): Object: 'Object Repository/Tab_LifePlan/Page_Q02_CurrentSituation/Married' is clicked on

2019-07-18 12:54:44 - [MESSAGE][PASSED] - Object: 'Object Repository/Tab_LifePlan/Page_Q02_CurrentSituation/Married' is clicked on

2019-07-18 12:54:44 - [TEST_STEP][PASSED] - click(findTestObject("Tab_LifePlan/Page_Q03_Children/Children_0")): Object: 'Object Repository/Tab_LifePlan/Page_Q03_Children/Children_0' is clicked on

2019-07-18 12:54:44 - [MESSAGE][PASSED] - Object: 'Object Repository/Tab_LifePlan/Page_Q03_Children/Children_0' is clicked on

2019-07-18 12:54:44 - [TEST_STEP][PASSED] - click(findTestObject("Tab_LifePlan/Page_Q4_FutureMarried/children_No")): Object: 'Object Repository/Tab_LifePlan/Page_Q4_FutureMarried/children_No' is clicked on

2019-07-18 12:54:45 - [MESSAGE][PASSED] - Object: 'Object Repository/Tab_LifePlan/Page_Q4_FutureMarried/children_No' is clicked on

2019-07-18 12:54:45 - [TEST_STEP][PASSED] - click(findTestObject("Tab_LifePlan/Page_Q07_YourIncome/income_600")): Object: 'Object Repository/Tab_LifePlan/Page_Q07_YourIncome/income_600' is clicked on

2019-07-18 12:54:45 - [MESSAGE][PASSED] - Object: 'Object Repository/Tab_LifePlan/Page_Q07_YourIncome/income_600' is clicked on

2019-07-18 12:54:45 - [TEST_STEP][PASSED] - scrollToElement(findTestObject("Tab_LifePlan/Page_Q07_YourIncome/btn_Next"), 10): Scroll to object 'Object Repository/Tab_LifePlan/Page_Q07_YourIncome/btn_Next' successfully

2019-07-18 12:54:45 - [MESSAGE][PASSED] - Scroll to object 'Object Repository/Tab_LifePlan/Page_Q07_YourIncome/btn_Next' successfully

2019-07-18 12:54:45 - [TEST_STEP][PASSED] - click(findTestObject("Tab_LifePlan/Page_Q07_YourIncome/chk_PartTimeIncome")): Object: 'Object Repository/Tab_LifePlan/Page_Q07_YourIncome/chk_PartTimeIncome' is clicked on

2019-07-18 12:54:45 - [MESSAGE][PASSED] - Object: 'Object Repository/Tab_LifePlan/Page_Q07_YourIncome/chk_PartTimeIncome' is clicked on

2019-07-18 12:54:45 - [TEST_STEP][PASSED] - click(findTestObject("Tab_LifePlan/Page_Q07_YourIncome/chk_NoRetirementPay")): Object: 'Object Repository/Tab_LifePlan/Page_Q07_YourIncome/chk_NoRetirementPay' is clicked on

2019-07-18 12:54:45 - [MESSAGE][PASSED] - Object: 'Object Repository/Tab_LifePlan/Page_Q07_YourIncome/chk_NoRetirementPay' is clicked on

2019-07-18 12:54:45 - [TEST_STEP][PASSED] - click(findTestObject("Tab_LifePlan/Page_Q07_YourIncome/btn_Next")): Object: 'Object Repository/Tab_LifePlan/Page_Q07_YourIncome/btn_Next' is clicked on

2019-07-18 12:54:45 - [MESSAGE][PASSED] - Object: 'Object Repository/Tab_LifePlan/Page_Q07_YourIncome/btn_Next' is clicked on

2019-07-18 12:54:45 - [TEST_STEP][PASSED] - click(findTestObject("Tab_LifePlan/Page_Q08_IncomeOfTheSpouse/income_400")): Object: 'Object Repository/Tab_LifePlan/Page_Q08_IncomeOfTheSpouse/income_400' is clicked on

2019-07-18 12:54:45 - [MESSAGE][PASSED] - Object: 'Object Repository/Tab_LifePlan/Page_Q08_IncomeOfTheSpouse/income_400' is clicked on

2019-07-18 12:54:45 - [TEST_STEP][NOT_RUN] - scrollToElement(findTestObject("Tab_LifePlan/Page_Q08_IncomeOfTheSpouse/btn_Next"), 10): NOT_RUN: scrollToElement(findTestObject("Tab_LifePlan/Page_Q08_IncomeOfTheSpouse/btn_Next"), 10)

2019-07-18 12:54:45 - [MESSAGE][NOT_RUN] - NOT_RUN: scrollToElement(findTestObject("Tab_LifePlan/Page_Q08_IncomeOfTheSpouse/btn_Next"), 10)

2019-07-18 12:54:45 - [TEST_STEP][PASSED] - click(findTestObject("Tab_LifePlan/Page_Q08_IncomeOfTheSpouse/chk_PartTimeIncome")): Object: 'Object Repository/Tab_LifePlan/Page_Q08_IncomeOfTheSpouse/chk_PartTimeIncome' is clicked on

2019-07-18 12:54:45 - [MESSAGE][PASSED] - Object: 'Object Repository/Tab_LifePlan/Page_Q08_IncomeOfTheSpouse/chk_PartTimeIncome' is clicked on

2019-07-18 12:54:45 - [TEST_STEP][PASSED] - click(findTestObject("Tab_LifePlan/Page_Q08_IncomeOfTheSpouse/chk_NoRetirementPay")): Object: 'Object Repository/Tab_LifePlan/Page_Q08_IncomeOfTheSpouse/chk_NoRetirementPay' is clicked on

2019-07-18 12:54:45 - [MESSAGE][PASSED] - Object: 'Object Repository/Tab_LifePlan/Page_Q08_IncomeOfTheSpouse/chk_NoRetirementPay' is clicked on

2019-07-18 12:54:45 - [TEST_STEP][PASSED] - click(findTestObject("Tab_LifePlan/Page_Q08_IncomeOfTheSpouse/btn_Next")): Object: 'Object Repository/Tab_LifePlan/Page_Q08_IncomeOfTheSpouse/btn_Next' is clicked on

2019-07-18 12:54:45 - [MESSAGE][PASSED] - Object: 'Object Repository/Tab_LifePlan/Page_Q08_IncomeOfTheSpouse/btn_Next' is clicked on

2019-07-18 12:54:45 - [TEST_STEP][PASSED] - scrollToElement(findTestObject("Tab_LifePlan/Page_Q09_RentHouse/OwnedHouse"), 10): Scroll to object 'Object Repository/Tab_LifePlan/Page_Q09_RentHouse/OwnedHouse' successfully

2019-07-18 12:54:46 - [MESSAGE][PASSED] - Scroll to object 'Object Repository/Tab_LifePlan/Page_Q09_RentHouse/OwnedHouse' successfully

2019-07-18 12:54:46 - [TEST_STEP][PASSED] - click(findTestObject("Tab_LifePlan/Page_Q09_RentHouse/OwnedHouse")): Object: 'Object Repository/Tab_LifePlan/Page_Q09_RentHouse/OwnedHouse' is clicked on

2019-07-18 12:54:46 - [MESSAGE][PASSED] - Object: 'Object Repository/Tab_LifePlan/Page_Q09_RentHouse/OwnedHouse' is clicked on

2019-07-18 12:54:46 - [TEST_STEP][PASSED] - click(findTestObject("Tab_LifePlan/Page_Q09_RentHouse/rent_1")): Object: 'Object Repository/Tab_LifePlan/Page_Q09_RentHouse/rent_1' is clicked on

2019-07-18 12:54:46 - [MESSAGE][PASSED] - Object: 'Object Repository/Tab_LifePlan/Page_Q09_RentHouse/rent_1' is clicked on

2019-07-18 12:54:46 - [TEST_STEP][PASSED] - scrollToElement(findTestObject("Tab_LifePlan/Page_Q09_RentHouse/btn_Next"), 0): Scroll to object 'Object Repository/Tab_LifePlan/Page_Q09_RentHouse/btn_Next' successfully

2019-07-18 12:54:46 - [MESSAGE][WARNING] - Timeout '0' is invalid. Using default page load timeout: '30'

2019-07-18 12:54:46 - [MESSAGE][PASSED] - Scroll to object 'Object Repository/Tab_LifePlan/Page_Q09_RentHouse/btn_Next' successfully

2019-07-18 12:54:46 - [TEST_STEP][PASSED] - click(findTestObject("Tab_LifePlan/Page_Q09_RentHouse/btn_Next")): Object: 'Object Repository/Tab_LifePlan/Page_Q09_RentHouse/btn_Next' is clicked on

2019-07-18 12:54:46 - [MESSAGE][PASSED] - Object: 'Object Repository/Tab_LifePlan/Page_Q09_RentHouse/btn_Next' is clicked on

2019-07-18 12:54:46 - [TEST_STEP][PASSED] - click(findTestObject("Tab_LifePlan/Page_Q10_CostOfLiving/cost_7")): Object: 'Object Repository/Tab_LifePlan/Page_Q10_CostOfLiving/cost_7' is clicked on

2019-07-18 12:54:46 - [MESSAGE][PASSED] - Object: 'Object Repository/Tab_LifePlan/Page_Q10_CostOfLiving/cost_7' is clicked on

2019-07-18 12:54:46 - [TEST_STEP][PASSED] - click(findTestObject("Tab_LifePlan/Page_Q11_CurrentSavingsAmount/amount_0")): Object: 'Object Repository/Tab_LifePlan/Page_Q11_CurrentSavingsAmount/amount_0' is clicked on

2019-07-18 12:54:46 - [MESSAGE][PASSED] - Object: 'Object Repository/Tab_LifePlan/Page_Q11_CurrentSavingsAmount/amount_0' is clicked on

2019-07-18 12:54:46 - [TEST_STEP][PASSED] - waitForElementPresent(findTestObject("Tab_LifePlan/Page_LifePlanResult/tv_AmountAt65"), 20): Object 'Object Repository/Tab_LifePlan/Page_LifePlanResult/tv_AmountAt65' is present

2019-07-18 12:54:47 - [MESSAGE][PASSED] - Object 'Object Repository/Tab_LifePlan/Page_LifePlanResult/tv_AmountAt65' is present

2019-07-18 12:54:47 - [TEST_STEP][PASSED] - amountAt65OnWebApp = getText(findTestObject("Tab_LifePlan/Page_LifePlanResult/tv_AmountAt65")): Text of object 'Object Repository/Tab_LifePlan/Page_LifePlanResult/tv_AmountAt65' is: '+6,372.76'

2019-07-18 12:54:47 - [MESSAGE][PASSED] - Text of object 'Object Repository/Tab_LifePlan/Page_LifePlanResult/tv_AmountAt65' is: '+6,372.76'

2019-07-18 12:54:47 - [TEST_STEP][PASSED] - log.logInfo(amountAt65OnWebApp): +6,372.76

2019-07-18 12:54:47 - [MESSAGE][INFO] - +6,372.76

2019-07-18 12:54:47 - [TEST_STEP][PASSED] - closeBrowser(): Browser is closed

2019-07-18 12:54:48 - [MESSAGE][PASSED] - Browser is closed

2019-07-18 12:54:48 - [TEST_STEP][PASSED] - return amountAt65OnWebApp: null

2019-07-18 12:54:48 - [MESSAGE][PASSED] - Call Test Case 'Test Cases/TC_LifePlanAnalytics/TC_Scr01-04' successfully

2019-07-18 12:54:48 - [TEST_STEP][PASSED] - log.logInfo("TC_Scr01-" + i + " = " + amountAt65OnWebApp): TC_Scr01-4 = +6,372.76

2019-07-18 12:54:48 - [MESSAGE][INFO] - TC_Scr01-4 = +6,372.76

2019-07-18 12:54:48 - [TEST_STEP][PASSED] - setValueToCellByIndex(sheet01, 11 + i, 24, amountAt65OnWebApp): null

2019-07-18 12:54:48 - [TEST_STEP][PASSED] - if (i < 10): Call Test Case 'Test Cases/TC_LifePlanAnalytics/TC_Scr01-05' successfully

2019-07-18 12:54:48 - [TEST_STEP][PASSED] - amountAt65OnWebApp = callTestCase(findTestCase("TC_LifePlanAnalytics/TC_Scr01-0" + i), [:], OPTIONAL): Call Test Case 'Test Cases/TC_LifePlanAnalytics/TC_Scr01-05' successfully

2019-07-18 12:54:48 - [TEST_CASE][PASSED] - Test Cases/TC_LifePlanAnalytics/TC_Scr01-05: Test Cases/TC_LifePlanAnalytics/TC_Scr01-05

2019-07-18 12:54:48 - [TEST_STEP][PASSED] - log = new com.kms.katalon.core.logging.KeywordLogger(): null

2019-07-18 12:54:48 - [TEST_STEP][PASSED] - callTestCase(findTestCase("TC_AddVTKT"), [:], STOP_ON_FAILURE): Call Test Case 'Test Cases/TC_AddVTKT' successfully

2019-07-18 12:54:48 - [TEST_CASE][PASSED] - Test Cases/TC_AddVTKT: Test Cases/TC_AddVTKT

2019-07-18 12:54:48 - [TEST_STEP][PASSED] - openBrowser(""): Browser is opened with url: ''

2019-07-18 12:54:48 - [MESSAGE][INFO] - Starting 'Chrome' driver

2019-07-18 12:54:48 - [MESSAGE][INFO] - User set preference: ['args', '[-user-agent=Mozilla/5.0 (Linux; Android 9; SOV37 Build/52.0.C.1.112; wv) AppleWebKit/537.36 (KHTML, like Gecko) Version/4.0 Chrome/68.0.3440.91 Mobile Safari/537.36 6.0.2-k1]']

2019-07-18 12:54:50 - [MESSAGE][PASSED] - Browser is opened with url: ''

2019-07-18 12:54:50 - [TEST_STEP][PASSED] - navigateToUrl("https://dev.pfm.wallet.auone.jp/life_plan/"): Navigate to 'https://dev.pfm.wallet.auone.jp/life_plan/' successfully

2019-07-18 12:54:53 - [MESSAGE][PASSED] - Navigate to 'https://dev.pfm.wallet.auone.jp/life_plan/' successfully

2019-07-18 12:54:53 - [TEST_STEP][PASSED] - maximizeWindow(): Current window maximized

2019-07-18 12:54:54 - [MESSAGE][PASSED] - Current window maximized

2019-07-18 12:54:54 - [TEST_STEP][PASSED] - ck = new org.openqa.selenium.Cookie(VTKT, rtm0wCOc6hTIFjf19P7KEEn-NB7Jp8k5QvzBE7r1OxqcIYMRdmnbLGJqQYL7Lnv_Z7-e796XbNYuZ-AS_eJwPNQgQ4Kz3YSmcqmHm1CSCJAtHREgQ8GKcl29Banngbs4XK1ZuH_eUsCeXHVH0I8mIQ): null

2019-07-18 12:54:54 - [TEST_STEP][PASSED] - driver = getWebDriver(): null

2019-07-18 12:54:54 - [TEST_STEP][PASSED] - manage().addCookie(ck): null

2019-07-18 12:54:54 - [TEST_STEP][PASSED] - waitForPageLoad(10): Wait for page load successfully

2019-07-18 12:54:54 - [MESSAGE][PASSED] - Wait for page load successfully

2019-07-18 12:54:54 - [TEST_STEP][PASSED] - refresh(): Refresh successfully

2019-07-18 12:54:55 - [MESSAGE][PASSED] - Refresh successfully

2019-07-18 12:54:55 - [MESSAGE][PASSED] - Call Test Case 'Test Cases/TC_AddVTKT' successfully

2019-07-18 12:54:55 - [TEST_STEP][PASSED] - click(findTestObject("Tab_LifePlan/Page_LifePlanResult/btn_LifePlan")): Object: 'Object Repository/Tab_LifePlan/Page_LifePlanResult/btn_LifePlan' is clicked on

2019-07-18 12:54:57 - [MESSAGE][PASSED] - Object: 'Object Repository/Tab_LifePlan/Page_LifePlanResult/btn_LifePlan' is clicked on

2019-07-18 12:54:57 - [TEST_STEP][PASSED] - click(findTestObject("Tab_LifePlan/Page_Q01_Age/Age_60")): Object: 'Object Repository/Tab_LifePlan/Page_Q01_Age/Age_60' is clicked on

2019-07-18 12:54:58 - [MESSAGE][PASSED] - Object: 'Object Repository/Tab_LifePlan/Page_Q01_Age/Age_60' is clicked on

2019-07-18 12:54:58 - [TEST_STEP][PASSED] - click(findTestObject("Tab_LifePlan/Page_Q02_CurrentSituation/Married")): Object: 'Object Repository/Tab_LifePlan/Page_Q02_CurrentSituation/Married' is clicked on

2019-07-18 12:54:58 - [MESSAGE][PASSED] - Object: 'Object Repository/Tab_LifePlan/Page_Q02_CurrentSituation/Married' is clicked on

2019-07-18 12:54:58 - [TEST_STEP][PASSED] - click(findTestObject("Tab_LifePlan/Page_Q03_Children/Children_0")): Object: 'Object Repository/Tab_LifePlan/Page_Q03_Children/Children_0' is clicked on

2019-07-18 12:54:58 - [MESSAGE][PASSED] - Object: 'Object Repository/Tab_LifePlan/Page_Q03_Children/Children_0' is clicked on

2019-07-18 12:54:58 - [TEST_STEP][PASSED] - click(findTestObject("Tab_LifePlan/Page_Q4_FutureMarried/children_Yes")): Object: 'Object Repository/Tab_LifePlan/Page_Q4_FutureMarried/children_Yes' is clicked on

2019-07-18 12:54:58 - [MESSAGE][PASSED] - Object: 'Object Repository/Tab_LifePlan/Page_Q4_FutureMarried/children_Yes' is clicked on

2019-07-18 12:54:58 - [TEST_STEP][PASSED] - click(findTestObject("Tab_LifePlan/Page_Q06_NumberOfChildrenWanToGet/Children_1")): Object: 'Object Repository/Tab_LifePlan/Page_Q06_NumberOfChildrenWanToGet/Children_1' is clicked on

2019-07-18 12:54:59 - [MESSAGE][PASSED] - Object: 'Object Repository/Tab_LifePlan/Page_Q06_NumberOfChildrenWanToGet/Children_1' is clicked on

2019-07-18 12:54:59 - [TEST_STEP][PASSED] - click(findTestObject("Tab_LifePlan/Page_Q07_YourIncome/income_UpTo300")): Object: 'Object Repository/Tab_LifePlan/Page_Q07_YourIncome/income_UpTo300' is clicked on

2019-07-18 12:54:59 - [MESSAGE][PASSED] - Object: 'Object Repository/Tab_LifePlan/Page_Q07_YourIncome/income_UpTo300' is clicked on

2019-07-18 12:54:59 - [TEST_STEP][PASSED] - scrollToElement(findTestObject("Tab_LifePlan/Page_Q07_YourIncome/btn_Next"), 10): Scroll to object 'Object Repository/Tab_LifePlan/Page_Q07_YourIncome/btn_Next' successfully

2019-07-18 12:54:59 - [MESSAGE][PASSED] - Scroll to object 'Object Repository/Tab_LifePlan/Page_Q07_YourIncome/btn_Next' successfully

2019-07-18 12:54:59 - [TEST_STEP][PASSED] - click(findTestObject("Tab_LifePlan/Page_Q07_YourIncome/chk_PartTimeIncome")): Object: 'Object Repository/Tab_LifePlan/Page_Q07_YourIncome/chk_PartTimeIncome' is clicked on

2019-07-18 12:54:59 - [MESSAGE][PASSED] - Object: 'Object Repository/Tab_LifePlan/Page_Q07_YourIncome/chk_PartTimeIncome' is clicked on

2019-07-18 12:54:59 - [TEST_STEP][PASSED] - click(findTestObject("Tab_LifePlan/Page_Q07_YourIncome/chk_NoRetirementPay")): Object: 'Object Repository/Tab_LifePlan/Page_Q07_YourIncome/chk_NoRetirementPay' is clicked on

2019-07-18 12:54:59 - [MESSAGE][PASSED] - Object: 'Object Repository/Tab_LifePlan/Page_Q07_YourIncome/chk_NoRetirementPay' is clicked on

2019-07-18 12:54:59 - [TEST_STEP][PASSED] - click(findTestObject("Tab_LifePlan/Page_Q07_YourIncome/btn_Next")): Object: 'Object Repository/Tab_LifePlan/Page_Q07_YourIncome/btn_Next' is clicked on

2019-07-18 12:54:59 - [MESSAGE][PASSED] - Object: 'Object Repository/Tab_LifePlan/Page_Q07_YourIncome/btn_Next' is clicked on

2019-07-18 12:54:59 - [TEST_STEP][PASSED] - click(findTestObject("Tab_LifePlan/Page_Q08_IncomeOfTheSpouse/income_500")): Object: 'Object Repository/Tab_LifePlan/Page_Q08_IncomeOfTheSpouse/income_500' is clicked on

2019-07-18 12:54:59 - [MESSAGE][PASSED] - Object: 'Object Repository/Tab_LifePlan/Page_Q08_IncomeOfTheSpouse/income_500' is clicked on

2019-07-18 12:54:59 - [TEST_STEP][NOT_RUN] - scrollToElement(findTestObject("Tab_LifePlan/Page_Q08_IncomeOfTheSpouse/btn_Next"), 10): NOT_RUN: scrollToElement(findTestObject("Tab_LifePlan/Page_Q08_IncomeOfTheSpouse/btn_Next"), 10)

2019-07-18 12:54:59 - [MESSAGE][NOT_RUN] - NOT_RUN: scrollToElement(findTestObject("Tab_LifePlan/Page_Q08_IncomeOfTheSpouse/btn_Next"), 10)

2019-07-18 12:54:59 - [TEST_STEP][PASSED] - click(findTestObject("Tab_LifePlan/Page_Q08_IncomeOfTheSpouse/chk_PartTimeIncome")): Object: 'Object Repository/Tab_LifePlan/Page_Q08_IncomeOfTheSpouse/chk_PartTimeIncome' is clicked on

2019-07-18 12:54:59 - [MESSAGE][PASSED] - Object: 'Object Repository/Tab_LifePlan/Page_Q08_IncomeOfTheSpouse/chk_PartTimeIncome' is clicked on

2019-07-18 12:54:59 - [TEST_STEP][PASSED] - click(findTestObject("Tab_LifePlan/Page_Q08_IncomeOfTheSpouse/chk_NoRetirementPay")): Object: 'Object Repository/Tab_LifePlan/Page_Q08_IncomeOfTheSpouse/chk_NoRetirementPay' is clicked on

2019-07-18 12:54:59 - [MESSAGE][PASSED] - Object: 'Object Repository/Tab_LifePlan/Page_Q08_IncomeOfTheSpouse/chk_NoRetirementPay' is clicked on

2019-07-18 12:54:59 - [TEST_STEP][PASSED] - click(findTestObject("Tab_LifePlan/Page_Q08_IncomeOfTheSpouse/btn_Next")): Object: 'Object Repository/Tab_LifePlan/Page_Q08_IncomeOfTheSpouse/btn_Next' is clicked on

2019-07-18 12:54:59 - [MESSAGE][PASSED] - Object: 'Object Repository/Tab_LifePlan/Page_Q08_IncomeOfTheSpouse/btn_Next' is clicked on

2019-07-18 12:54:59 - [TEST_STEP][PASSED] - scrollToElement(findTestObject("Tab_LifePlan/Page_Q09_RentHouse/OwnedHouse"), 10): Scroll to object 'Object Repository/Tab_LifePlan/Page_Q09_RentHouse/OwnedHouse' successfully

2019-07-18 12:54:59 - [MESSAGE][PASSED] - Scroll to object 'Object Repository/Tab_LifePlan/Page_Q09_RentHouse/OwnedHouse' successfully

2019-07-18 12:54:59 - [TEST_STEP][PASSED] - click(findTestObject("Tab_LifePlan/Page_Q09_RentHouse/OwnedHouse")): Object: 'Object Repository/Tab_LifePlan/Page_Q09_RentHouse/OwnedHouse' is clicked on

2019-07-18 12:54:59 - [MESSAGE][PASSED] - Object: 'Object Repository/Tab_LifePlan/Page_Q09_RentHouse/OwnedHouse' is clicked on

2019-07-18 12:54:59 - [TEST_STEP][PASSED] - click(findTestObject("Tab_LifePlan/Page_Q09_RentHouse/rent_1")): Object: 'Object Repository/Tab_LifePlan/Page_Q09_RentHouse/rent_1' is clicked on

2019-07-18 12:55:00 - [MESSAGE][PASSED] - Object: 'Object Repository/Tab_LifePlan/Page_Q09_RentHouse/rent_1' is clicked on

2019-07-18 12:55:00 - [TEST_STEP][PASSED] - scrollToElement(findTestObject("Tab_LifePlan/Page_Q09_RentHouse/btn_Next"), 0): Scroll to object 'Object Repository/Tab_LifePlan/Page_Q09_RentHouse/btn_Next' successfully

2019-07-18 12:55:00 - [MESSAGE][WARNING] - Timeout '0' is invalid. Using default page load timeout: '30'

2019-07-18 12:55:00 - [MESSAGE][PASSED] - Scroll to object 'Object Repository/Tab_LifePlan/Page_Q09_RentHouse/btn_Next' successfully

2019-07-18 12:55:00 - [TEST_STEP][PASSED] - click(findTestObject("Tab_LifePlan/Page_Q09_RentHouse/btn_Next")): Object: 'Object Repository/Tab_LifePlan/Page_Q09_RentHouse/btn_Next' is clicked on

2019-07-18 12:55:00 - [MESSAGE][PASSED] - Object: 'Object Repository/Tab_LifePlan/Page_Q09_RentHouse/btn_Next' is clicked on

2019-07-18 12:55:00 - [TEST_STEP][PASSED] - click(findTestObject("Tab_LifePlan/Page_Q10_CostOfLiving/cost_50")): Object: 'Object Repository/Tab_LifePlan/Page_Q10_CostOfLiving/cost_50' is clicked on

2019-07-18 12:55:00 - [MESSAGE][PASSED] - Object: 'Object Repository/Tab_LifePlan/Page_Q10_CostOfLiving/cost_50' is clicked on

2019-07-18 12:55:00 - [TEST_STEP][PASSED] - click(findTestObject("Tab_LifePlan/Page_Q11_CurrentSavingsAmount/amount_0")): Object: 'Object Repository/Tab_LifePlan/Page_Q11_CurrentSavingsAmount/amount_0' is clicked on

2019-07-18 12:55:00 - [MESSAGE][PASSED] - Object: 'Object Repository/Tab_LifePlan/Page_Q11_CurrentSavingsAmount/amount_0' is clicked on

2019-07-18 12:55:00 - [TEST_STEP][PASSED] - waitForElementPresent(findTestObject("Tab_LifePlan/Page_LifePlanResult/tv_AmountAt65"), 20): Object 'Object Repository/Tab_LifePlan/Page_LifePlanResult/tv_AmountAt65' is present

2019-07-18 12:55:01 - [MESSAGE][PASSED] - Object 'Object Repository/Tab_LifePlan/Page_LifePlanResult/tv_AmountAt65' is present

2019-07-18 12:55:01 - [TEST_STEP][PASSED] - amountAt65OnWebApp = getText(findTestObject("Tab_LifePlan/Page_LifePlanResult/tv_AmountAt65")): Text of object 'Object Repository/Tab_LifePlan/Page_LifePlanResult/tv_AmountAt65' is: '-2,180.02'

2019-07-18 12:55:01 - [MESSAGE][PASSED] - Text of object 'Object Repository/Tab_LifePlan/Page_LifePlanResult/tv_AmountAt65' is: '-2,180.02'

2019-07-18 12:55:01 - [TEST_STEP][PASSED] - log.logInfo(amountAt65OnWebApp): -2,180.02

2019-07-18 12:55:01 - [MESSAGE][INFO] - -2,180.02

2019-07-18 12:55:01 - [TEST_STEP][PASSED] - closeBrowser(): Browser is closed

2019-07-18 12:55:02 - [MESSAGE][PASSED] - Browser is closed

2019-07-18 12:55:02 - [TEST_STEP][PASSED] - return amountAt65OnWebApp: null

2019-07-18 12:55:02 - [MESSAGE][PASSED] - Call Test Case 'Test Cases/TC_LifePlanAnalytics/TC_Scr01-05' successfully

2019-07-18 12:55:02 - [TEST_STEP][PASSED] - log.logInfo("TC_Scr01-" + i + " = " + amountAt65OnWebApp): TC_Scr01-5 = -2,180.02

2019-07-18 12:55:02 - [MESSAGE][INFO] - TC_Scr01-5 = -2,180.02

2019-07-18 12:55:02 - [TEST_STEP][PASSED] - setValueToCellByIndex(sheet01, 11 + i, 24, amountAt65OnWebApp): null

2019-07-18 12:55:02 - [TEST_STEP][PASSED] - if (i < 10): Call Test Case 'Test Cases/TC_LifePlanAnalytics/TC_Scr01-06' successfully

2019-07-18 12:55:02 - [TEST_STEP][PASSED] - amountAt65OnWebApp = callTestCase(findTestCase("TC_LifePlanAnalytics/TC_Scr01-0" + i), [:], OPTIONAL): Call Test Case 'Test Cases/TC_LifePlanAnalytics/TC_Scr01-06' successfully

2019-07-18 12:55:02 - [TEST_CASE][PASSED] - Test Cases/TC_LifePlanAnalytics/TC_Scr01-06: Test Cases/TC_LifePlanAnalytics/TC_Scr01-06

2019-07-18 12:55:02 - [TEST_STEP][PASSED] - log = new com.kms.katalon.core.logging.KeywordLogger(): null

2019-07-18 12:55:02 - [TEST_STEP][PASSED] - callTestCase(findTestCase("TC_AddVTKT"), [:], STOP_ON_FAILURE): Call Test Case 'Test Cases/TC_AddVTKT' successfully

2019-07-18 12:55:02 - [TEST_CASE][PASSED] - Test Cases/TC_AddVTKT: Test Cases/TC_AddVTKT

2019-07-18 12:55:02 - [TEST_STEP][PASSED] - openBrowser(""): Browser is opened with url: ''

2019-07-18 12:55:02 - [MESSAGE][INFO] - Starting 'Chrome' driver

2019-07-18 12:55:02 - [MESSAGE][INFO] - User set preference: ['args', '[-user-agent=Mozilla/5.0 (Linux; Android 9; SOV37 Build/52.0.C.1.112; wv) AppleWebKit/537.36 (KHTML, like Gecko) Version/4.0 Chrome/68.0.3440.91 Mobile Safari/537.36 6.0.2-k1]']

2019-07-18 12:55:04 - [MESSAGE][PASSED] - Browser is opened with url: ''

2019-07-18 12:55:04 - [TEST_STEP][PASSED] - navigateToUrl("https://dev.pfm.wallet.auone.jp/life_plan/"): Navigate to 'https://dev.pfm.wallet.auone.jp/life_plan/' successfully

2019-07-18 12:55:06 - [MESSAGE][PASSED] - Navigate to 'https://dev.pfm.wallet.auone.jp/life_plan/' successfully

2019-07-18 12:55:06 - [TEST_STEP][PASSED] - maximizeWindow(): Current window maximized

2019-07-18 12:55:08 - [MESSAGE][PASSED] - Current window maximized

2019-07-18 12:55:08 - [TEST_STEP][PASSED] - ck = new org.openqa.selenium.Cookie(VTKT, rtm0wCOc6hTIFjf19P7KEEn-NB7Jp8k5QvzBE7r1OxqcIYMRdmnbLGJqQYL7Lnv_Z7-e796XbNYuZ-AS_eJwPNQgQ4Kz3YSmcqmHm1CSCJAtHREgQ8GKcl29Banngbs4XK1ZuH_eUsCeXHVH0I8mIQ): null

2019-07-18 12:55:08 - [TEST_STEP][PASSED] - driver = getWebDriver(): null

2019-07-18 12:55:08 - [TEST_STEP][PASSED] - manage().addCookie(ck): null

2019-07-18 12:55:08 - [TEST_STEP][PASSED] - waitForPageLoad(10): Wait for page load successfully

2019-07-18 12:55:08 - [MESSAGE][PASSED] - Wait for page load successfully

2019-07-18 12:55:08 - [TEST_STEP][PASSED] - refresh(): Refresh successfully

2019-07-18 12:55:08 - [MESSAGE][PASSED] - Refresh successfully

2019-07-18 12:55:08 - [MESSAGE][PASSED] - Call Test Case 'Test Cases/TC_AddVTKT' successfully

2019-07-18 12:55:08 - [TEST_STEP][PASSED] - click(findTestObject("Tab_LifePlan/Page_LifePlanResult/btn_LifePlan")): Object: 'Object Repository/Tab_LifePlan/Page_LifePlanResult/btn_LifePlan' is clicked on

2019-07-18 12:55:10 - [MESSAGE][PASSED] - Object: 'Object Repository/Tab_LifePlan/Page_LifePlanResult/btn_LifePlan' is clicked on

2019-07-18 12:55:10 - [TEST_STEP][PASSED] - click(findTestObject("Tab_LifePlan/Page_Q01_Age/Age_20")): Object: 'Object Repository/Tab_LifePlan/Page_Q01_Age/Age_20' is clicked on

2019-07-18 12:55:11 - [MESSAGE][PASSED] - Object: 'Object Repository/Tab_LifePlan/Page_Q01_Age/Age_20' is clicked on

2019-07-18 12:55:11 - [TEST_STEP][PASSED] - click(findTestObject("Tab_LifePlan/Page_Q02_CurrentSituation/Single")): Object: 'Object Repository/Tab_LifePlan/Page_Q02_CurrentSituation/Single' is clicked on

2019-07-18 12:55:12 - [MESSAGE][PASSED] - Object: 'Object Repository/Tab_LifePlan/Page_Q02_CurrentSituation/Single' is clicked on

2019-07-18 12:55:12 - [TEST_STEP][PASSED] - click(findTestObject("Tab_LifePlan/Page_Q03_Children/Children_1")): Object: 'Object Repository/Tab_LifePlan/Page_Q03_Children/Children_1' is clicked on

2019-07-18 12:55:12 - [MESSAGE][PASSED] - Object: 'Object Repository/Tab_LifePlan/Page_Q03_Children/Children_1' is clicked on

2019-07-18 12:55:12 - [TEST_STEP][PASSED] - click(findTestObject("Tab_LifePlan/Page_Q04_Future/WantToGetMarried")): Object: 'Object Repository/Tab_LifePlan/Page_Q04_Future/WantToGetMarried' is clicked on

2019-07-18 12:55:12 - [MESSAGE][PASSED] - Object: 'Object Repository/Tab_LifePlan/Page_Q04_Future/WantToGetMarried' is clicked on

2019-07-18 12:55:12 - [TEST_STEP][PASSED] - click(findTestObject("Tab_LifePlan/Page_Q05_WhenGetMarry/Years_1")): Object: 'Object Repository/Tab_LifePlan/Page_Q05_WhenGetMarry/Years_1' is clicked on

2019-07-18 12:55:12 - [MESSAGE][PASSED] - Object: 'Object Repository/Tab_LifePlan/Page_Q05_WhenGetMarry/Years_1' is clicked on

2019-07-18 12:55:12 - [TEST_STEP][PASSED] - click(findTestObject("Tab_LifePlan/Page_Q07_YourIncome/income_300")): Object: 'Object Repository/Tab_LifePlan/Page_Q07_YourIncome/income_300' is clicked on

2019-07-18 12:55:12 - [MESSAGE][PASSED] - Object: 'Object Repository/Tab_LifePlan/Page_Q07_YourIncome/income_300' is clicked on

2019-07-18 12:55:12 - [TEST_STEP][PASSED] - scrollToElement(findTestObject("Tab_LifePlan/Page_Q07_YourIncome/btn_Next"), 10): Scroll to object 'Object Repository/Tab_LifePlan/Page_Q07_YourIncome/btn_Next' successfully

2019-07-18 12:55:12 - [MESSAGE][PASSED] - Scroll to object 'Object Repository/Tab_LifePlan/Page_Q07_YourIncome/btn_Next' successfully

2019-07-18 12:55:12 - [TEST_STEP][PASSED] - click(findTestObject("Tab_LifePlan/Page_Q07_YourIncome/chk_PartTimeIncome")): Object: 'Object Repository/Tab_LifePlan/Page_Q07_YourIncome/chk_PartTimeIncome' is clicked on

2019-07-18 12:55:12 - [MESSAGE][PASSED] - Object: 'Object Repository/Tab_LifePlan/Page_Q07_YourIncome/chk_PartTimeIncome' is clicked on

2019-07-18 12:55:12 - [TEST_STEP][PASSED] - click(findTestObject("Tab_LifePlan/Page_Q07_YourIncome/chk_NoRetirementPay")): Object: 'Object Repository/Tab_LifePlan/Page_Q07_YourIncome/chk_NoRetirementPay' is clicked on

2019-07-18 12:55:12 - [MESSAGE][PASSED] - Object: 'Object Repository/Tab_LifePlan/Page_Q07_YourIncome/chk_NoRetirementPay' is clicked on

2019-07-18 12:55:12 - [TEST_STEP][PASSED] - click(findTestObject("Tab_LifePlan/Page_Q07_YourIncome/btn_Next")): Object: 'Object Repository/Tab_LifePlan/Page_Q07_YourIncome/btn_Next' is clicked on

2019-07-18 12:55:13 - [MESSAGE][PASSED] - Object: 'Object Repository/Tab_LifePlan/Page_Q07_YourIncome/btn_Next' is clicked on

2019-07-18 12:55:13 - [TEST_STEP][PASSED] - click(findTestObject("Tab_LifePlan/Page_Q08_IncomeOfTheSpouse/income_600")): Object: 'Object Repository/Tab_LifePlan/Page_Q08_IncomeOfTheSpouse/income_600' is clicked on

2019-07-18 12:55:13 - [MESSAGE][PASSED] - Object: 'Object Repository/Tab_LifePlan/Page_Q08_IncomeOfTheSpouse/income_600' is clicked on

2019-07-18 12:55:13 - [TEST_STEP][NOT_RUN] - scrollToElement(findTestObject("Tab_LifePlan/Page_Q08_IncomeOfTheSpouse/btn_Next"), 10): NOT_RUN: scrollToElement(findTestObject("Tab_LifePlan/Page_Q08_IncomeOfTheSpouse/btn_Next"), 10)

2019-07-18 12:55:13 - [MESSAGE][NOT_RUN] - NOT_RUN: scrollToElement(findTestObject("Tab_LifePlan/Page_Q08_IncomeOfTheSpouse/btn_Next"), 10)

2019-07-18 12:55:13 - [TEST_STEP][PASSED] - click(findTestObject("Tab_LifePlan/Page_Q08_IncomeOfTheSpouse/chk_PartTimeIncome")): Object: 'Object Repository/Tab_LifePlan/Page_Q08_IncomeOfTheSpouse/chk_PartTimeIncome' is clicked on

2019-07-18 12:55:13 - [MESSAGE][PASSED] - Object: 'Object Repository/Tab_LifePlan/Page_Q08_IncomeOfTheSpouse/chk_PartTimeIncome' is clicked on

2019-07-18 12:55:13 - [TEST_STEP][NOT_RUN] - click(findTestObject("Tab_LifePlan/Page_Q08_IncomeOfTheSpouse/chk_NoRetirementPay")): NOT_RUN: click(findTestObject("Tab_LifePlan/Page_Q08_IncomeOfTheSpouse/chk_NoRetirementPay"))

2019-07-18 12:55:13 - [MESSAGE][NOT_RUN] - NOT_RUN: click(findTestObject("Tab_LifePlan/Page_Q08_IncomeOfTheSpouse/chk_NoRetirementPay"))

2019-07-18 12:55:13 - [TEST_STEP][PASSED] - click(findTestObject("Tab_LifePlan/Page_Q08_IncomeOfTheSpouse/btn_Next")): Object: 'Object Repository/Tab_LifePlan/Page_Q08_IncomeOfTheSpouse/btn_Next' is clicked on

2019-07-18 12:55:13 - [MESSAGE][PASSED] - Object: 'Object Repository/Tab_LifePlan/Page_Q08_IncomeOfTheSpouse/btn_Next' is clicked on

2019-07-18 12:55:13 - [TEST_STEP][PASSED] - scrollToElement(findTestObject("Tab_LifePlan/Page_Q09_RentHouse/OwnedHouse"), 10): Scroll to object 'Object Repository/Tab_LifePlan/Page_Q09_RentHouse/OwnedHouse' successfully

2019-07-18 12:55:13 - [MESSAGE][PASSED] - Scroll to object 'Object Repository/Tab_LifePlan/Page_Q09_RentHouse/OwnedHouse' successfully

2019-07-18 12:55:13 - [TEST_STEP][PASSED] - click(findTestObject("Tab_LifePlan/Page_Q09_RentHouse/RentalHouse")): Object: 'Object Repository/Tab_LifePlan/Page_Q09_RentHouse/RentalHouse' is clicked on

2019-07-18 12:55:13 - [MESSAGE][PASSED] - Object: 'Object Repository/Tab_LifePlan/Page_Q09_RentHouse/RentalHouse' is clicked on

2019-07-18 12:55:13 - [TEST_STEP][PASSED] - click(findTestObject("Tab_LifePlan/Page_Q09_RentHouse/rent_3")): Object: 'Object Repository/Tab_LifePlan/Page_Q09_RentHouse/rent_3' is clicked on

2019-07-18 12:55:13 - [MESSAGE][PASSED] - Object: 'Object Repository/Tab_LifePlan/Page_Q09_RentHouse/rent_3' is clicked on

2019-07-18 12:55:13 - [TEST_STEP][PASSED] - scrollToElement(findTestObject("Tab_LifePlan/Page_Q09_RentHouse/btn_Next"), 0): Scroll to object 'Object Repository/Tab_LifePlan/Page_Q09_RentHouse/btn_Next' successfully

2019-07-18 12:55:13 - [MESSAGE][WARNING] - Timeout '0' is invalid. Using default page load timeout: '30'

2019-07-18 12:55:13 - [MESSAGE][PASSED] - Scroll to object 'Object Repository/Tab_LifePlan/Page_Q09_RentHouse/btn_Next' successfully

2019-07-18 12:55:13 - [TEST_STEP][PASSED] - click(findTestObject("Tab_LifePlan/Page_Q09_RentHouse/btn_Next")): Object: 'Object Repository/Tab_LifePlan/Page_Q09_RentHouse/btn_Next' is clicked on

2019-07-18 12:55:13 - [MESSAGE][PASSED] - Object: 'Object Repository/Tab_LifePlan/Page_Q09_RentHouse/btn_Next' is clicked on

2019-07-18 12:55:13 - [TEST_STEP][PASSED] - click(findTestObject("Tab_LifePlan/Page_Q10_CostOfLiving/cost_3")): Object: 'Object Repository/Tab_LifePlan/Page_Q10_CostOfLiving/cost_3' is clicked on

2019-07-18 12:55:13 - [MESSAGE][PASSED] - Object: 'Object Repository/Tab_LifePlan/Page_Q10_CostOfLiving/cost_3' is clicked on

2019-07-18 12:55:13 - [TEST_STEP][PASSED] - click(findTestObject("Tab_LifePlan/Page_Q11_CurrentSavingsAmount/amount_50")): Object: 'Object Repository/Tab_LifePlan/Page_Q11_CurrentSavingsAmount/amount_50' is clicked on

2019-07-18 12:55:13 - [MESSAGE][PASSED] - Object: 'Object Repository/Tab_LifePlan/Page_Q11_CurrentSavingsAmount/amount_50' is clicked on

2019-07-18 12:55:13 - [TEST_STEP][PASSED] - waitForElementPresent(findTestObject("Tab_LifePlan/Page_LifePlanResult/tv_AmountAt65"), 20): Object 'Object Repository/Tab_LifePlan/Page_LifePlanResult/tv_AmountAt65' is present

2019-07-18 12:55:15 - [MESSAGE][PASSED] - Object 'Object Repository/Tab_LifePlan/Page_LifePlanResult/tv_AmountAt65' is present

2019-07-18 12:55:15 - [TEST_STEP][PASSED] - amountAt65OnWebApp = getText(findTestObject("Tab_LifePlan/Page_LifePlanResult/tv_AmountAt65")): Text of object 'Object Repository/Tab_LifePlan/Page_LifePlanResult/tv_AmountAt65' is: '+2.25'

2019-07-18 12:55:15 - [MESSAGE][PASSED] - Text of object 'Object Repository/Tab_LifePlan/Page_LifePlanResult/tv_AmountAt65' is: '+2.25'

2019-07-18 12:55:15 - [TEST_STEP][PASSED] - log.logInfo(amountAt65OnWebApp): +2.25

2019-07-18 12:55:15 - [MESSAGE][INFO] - +2.25

2019-07-18 12:55:15 - [TEST_STEP][PASSED] - closeBrowser(): Browser is closed

2019-07-18 12:55:15 - [MESSAGE][PASSED] - Browser is closed

2019-07-18 12:55:15 - [TEST_STEP][PASSED] - return amountAt65OnWebApp: null

2019-07-18 12:55:15 - [MESSAGE][PASSED] - Call Test Case 'Test Cases/TC_LifePlanAnalytics/TC_Scr01-06' successfully

2019-07-18 12:55:15 - [TEST_STEP][PASSED] - log.logInfo("TC_Scr01-" + i + " = " + amountAt65OnWebApp): TC_Scr01-6 = +2.25

2019-07-18 12:55:15 - [MESSAGE][INFO] - TC_Scr01-6 = +2.25

2019-07-18 12:55:15 - [TEST_STEP][PASSED] - setValueToCellByIndex(sheet01, 11 + i, 24, amountAt65OnWebApp): null

2019-07-18 12:55:15 - [TEST_STEP][PASSED] - if (i < 10): Call Test Case 'Test Cases/TC_LifePlanAnalytics/TC_Scr01-07' successfully

2019-07-18 12:55:15 - [TEST_STEP][PASSED] - amountAt65OnWebApp = callTestCase(findTestCase("TC_LifePlanAnalytics/TC_Scr01-0" + i), [:], OPTIONAL): Call Test Case 'Test Cases/TC_LifePlanAnalytics/TC_Scr01-07' successfully

2019-07-18 12:55:15 - [TEST_CASE][PASSED] - Test Cases/TC_LifePlanAnalytics/TC_Scr01-07: Test Cases/TC_LifePlanAnalytics/TC_Scr01-07

2019-07-18 12:55:16 - [TEST_STEP][PASSED] - log = new com.kms.katalon.core.logging.KeywordLogger(): null

2019-07-18 12:55:16 - [TEST_STEP][PASSED] - callTestCase(findTestCase("TC_AddVTKT"), [:], STOP_ON_FAILURE): Call Test Case 'Test Cases/TC_AddVTKT' successfully

2019-07-18 12:55:16 - [TEST_CASE][PASSED] - Test Cases/TC_AddVTKT: Test Cases/TC_AddVTKT

2019-07-18 12:55:16 - [TEST_STEP][PASSED] - openBrowser(""): Browser is opened with url: ''

2019-07-18 12:55:16 - [MESSAGE][INFO] - Starting 'Chrome' driver

2019-07-18 12:55:16 - [MESSAGE][INFO] - User set preference: ['args', '[-user-agent=Mozilla/5.0 (Linux; Android 9; SOV37 Build/52.0.C.1.112; wv) AppleWebKit/537.36 (KHTML, like Gecko) Version/4.0 Chrome/68.0.3440.91 Mobile Safari/537.36 6.0.2-k1]']

2019-07-18 12:55:18 - [MESSAGE][PASSED] - Browser is opened with url: ''

2019-07-18 12:55:18 - [TEST_STEP][PASSED] - navigateToUrl("https://dev.pfm.wallet.auone.jp/life_plan/"): Navigate to 'https://dev.pfm.wallet.auone.jp/life_plan/' successfully

2019-07-18 12:55:20 - [MESSAGE][PASSED] - Navigate to 'https://dev.pfm.wallet.auone.jp/life_plan/' successfully

2019-07-18 12:55:20 - [TEST_STEP][PASSED] - maximizeWindow(): Current window maximized

2019-07-18 12:55:21 - [MESSAGE][PASSED] - Current window maximized

2019-07-18 12:55:21 - [TEST_STEP][PASSED] - ck = new org.openqa.selenium.Cookie(VTKT, rtm0wCOc6hTIFjf19P7KEEn-NB7Jp8k5QvzBE7r1OxqcIYMRdmnbLGJqQYL7Lnv_Z7-e796XbNYuZ-AS_eJwPNQgQ4Kz3YSmcqmHm1CSCJAtHREgQ8GKcl29Banngbs4XK1ZuH_eUsCeXHVH0I8mIQ): null

2019-07-18 12:55:21 - [TEST_STEP][PASSED] - driver = getWebDriver(): null

2019-07-18 12:55:21 - [TEST_STEP][PASSED] - manage().addCookie(ck): null

2019-07-18 12:55:21 - [TEST_STEP][PASSED] - waitForPageLoad(10): Wait for page load successfully

2019-07-18 12:55:21 - [MESSAGE][PASSED] - Wait for page load successfully

2019-07-18 12:55:21 - [TEST_STEP][PASSED] - refresh(): Refresh successfully

2019-07-18 12:55:22 - [MESSAGE][PASSED] - Refresh successfully

2019-07-18 12:55:22 - [MESSAGE][PASSED] - Call Test Case 'Test Cases/TC_AddVTKT' successfully

2019-07-18 12:55:22 - [TEST_STEP][PASSED] - click(findTestObject("Tab_LifePlan/Page_LifePlanResult/btn_LifePlan")): Object: 'Object Repository/Tab_LifePlan/Page_LifePlanResult/btn_LifePlan' is clicked on

2019-07-18 12:55:24 - [MESSAGE][PASSED] - Object: 'Object Repository/Tab_LifePlan/Page_LifePlanResult/btn_LifePlan' is clicked on

2019-07-18 12:55:24 - [TEST_STEP][PASSED] - click(findTestObject("Tab_LifePlan/Page_Q01_Age/Age_40")): Object: 'Object Repository/Tab_LifePlan/Page_Q01_Age/Age_40' is clicked on

2019-07-18 12:55:25 - [MESSAGE][PASSED] - Object: 'Object Repository/Tab_LifePlan/Page_Q01_Age/Age_40' is clicked on

2019-07-18 12:55:25 - [TEST_STEP][PASSED] - click(findTestObject("Tab_LifePlan/Page_Q02_CurrentSituation/Single")): Object: 'Object Repository/Tab_LifePlan/Page_Q02_CurrentSituation/Single' is clicked on

2019-07-18 12:55:25 - [MESSAGE][PASSED] - Object: 'Object Repository/Tab_LifePlan/Page_Q02_CurrentSituation/Single' is clicked on

2019-07-18 12:55:25 - [TEST_STEP][PASSED] - click(findTestObject("Tab_LifePlan/Page_Q03_Children/Children_2")): Object: 'Object Repository/Tab_LifePlan/Page_Q03_Children/Children_2' is clicked on

2019-07-18 12:55:25 - [MESSAGE][PASSED] - Object: 'Object Repository/Tab_LifePlan/Page_Q03_Children/Children_2' is clicked on

2019-07-18 12:55:25 - [TEST_STEP][PASSED] - click(findTestObject("Tab_LifePlan/Page_Q04_Future/WantToMarryAndWantToHaveAChild")): Object: 'Object Repository/Tab_LifePlan/Page_Q04_Future/WantToMarryAndWantToHaveAChild' is clicked on

2019-07-18 12:55:25 - [MESSAGE][PASSED] - Object: 'Object Repository/Tab_LifePlan/Page_Q04_Future/WantToMarryAndWantToHaveAChild' is clicked on

2019-07-18 12:55:25 - [TEST_STEP][PASSED] - click(findTestObject("Tab_LifePlan/Page_Q05_WhenGetMarry/Years_3")): Object: 'Object Repository/Tab_LifePlan/Page_Q05_WhenGetMarry/Years_3' is clicked on

2019-07-18 12:55:25 - [MESSAGE][PASSED] - Object: 'Object Repository/Tab_LifePlan/Page_Q05_WhenGetMarry/Years_3' is clicked on

2019-07-18 12:55:25 - [TEST_STEP][PASSED] - click(findTestObject("Tab_LifePlan/Page_Q06_NumberOfChildrenWanToGet/Children_2")): Object: 'Object Repository/Tab_LifePlan/Page_Q06_NumberOfChildrenWanToGet/Children_2' is clicked on

2019-07-18 12:55:25 - [MESSAGE][PASSED] - Object: 'Object Repository/Tab_LifePlan/Page_Q06_NumberOfChildrenWanToGet/Children_2' is clicked on

2019-07-18 12:55:25 - [TEST_STEP][PASSED] - click(findTestObject("Tab_LifePlan/Page_Q07_YourIncome/income_400")): Object: 'Object Repository/Tab_LifePlan/Page_Q07_YourIncome/income_400' is clicked on

2019-07-18 12:55:26 - [MESSAGE][PASSED] - Object: 'Object Repository/Tab_LifePlan/Page_Q07_YourIncome/income_400' is clicked on

2019-07-18 12:55:26 - [TEST_STEP][PASSED] - scrollToElement(findTestObject("Tab_LifePlan/Page_Q07_YourIncome/btn_Next"), 10): Scroll to object 'Object Repository/Tab_LifePlan/Page_Q07_YourIncome/btn_Next' successfully

2019-07-18 12:55:26 - [MESSAGE][PASSED] - Scroll to object 'Object Repository/Tab_LifePlan/Page_Q07_YourIncome/btn_Next' successfully

2019-07-18 12:55:26 - [TEST_STEP][PASSED] - click(findTestObject("Tab_LifePlan/Page_Q07_YourIncome/chk_PartTimeIncome")): Object: 'Object Repository/Tab_LifePlan/Page_Q07_YourIncome/chk_PartTimeIncome' is clicked on

2019-07-18 12:55:26 - [MESSAGE][PASSED] - Object: 'Object Repository/Tab_LifePlan/Page_Q07_YourIncome/chk_PartTimeIncome' is clicked on

2019-07-18 12:55:26 - [TEST_STEP][PASSED] - click(findTestObject("Tab_LifePlan/Page_Q07_YourIncome/chk_NoRetirementPay")): Object: 'Object Repository/Tab_LifePlan/Page_Q07_YourIncome/chk_NoRetirementPay' is clicked on

2019-07-18 12:55:26 - [MESSAGE][PASSED] - Object: 'Object Repository/Tab_LifePlan/Page_Q07_YourIncome/chk_NoRetirementPay' is clicked on

2019-07-18 12:55:26 - [TEST_STEP][PASSED] - click(findTestObject("Tab_LifePlan/Page_Q07_YourIncome/btn_Next")): Object: 'Object Repository/Tab_LifePlan/Page_Q07_YourIncome/btn_Next' is clicked on

2019-07-18 12:55:26 - [MESSAGE][PASSED] - Object: 'Object Repository/Tab_LifePlan/Page_Q07_YourIncome/btn_Next' is clicked on

2019-07-18 12:55:26 - [TEST_STEP][PASSED] - click(findTestObject("Tab_LifePlan/Page_Q08_IncomeOfTheSpouse/income_700")): Object: 'Object Repository/Tab_LifePlan/Page_Q08_IncomeOfTheSpouse/income_700' is clicked on

2019-07-18 12:55:26 - [MESSAGE][PASSED] - Object: 'Object Repository/Tab_LifePlan/Page_Q08_IncomeOfTheSpouse/income_700' is clicked on

2019-07-18 12:55:26 - [TEST_STEP][NOT_RUN] - scrollToElement(findTestObject("Tab_LifePlan/Page_Q08_IncomeOfTheSpouse/btn_Next"), 10): NOT_RUN: scrollToElement(findTestObject("Tab_LifePlan/Page_Q08_IncomeOfTheSpouse/btn_Next"), 10)

2019-07-18 12:55:26 - [MESSAGE][NOT_RUN] - NOT_RUN: scrollToElement(findTestObject("Tab_LifePlan/Page_Q08_IncomeOfTheSpouse/btn_Next"), 10)

2019-07-18 12:55:26 - [TEST_STEP][PASSED] - click(findTestObject("Tab_LifePlan/Page_Q08_IncomeOfTheSpouse/chk_PartTimeIncome")): Object: 'Object Repository/Tab_LifePlan/Page_Q08_IncomeOfTheSpouse/chk_PartTimeIncome' is clicked on

2019-07-18 12:55:26 - [MESSAGE][PASSED] - Object: 'Object Repository/Tab_LifePlan/Page_Q08_IncomeOfTheSpouse/chk_PartTimeIncome' is clicked on

2019-07-18 12:55:26 - [TEST_STEP][NOT_RUN] - click(findTestObject("Tab_LifePlan/Page_Q08_IncomeOfTheSpouse/chk_NoRetirementPay")): NOT_RUN: click(findTestObject("Tab_LifePlan/Page_Q08_IncomeOfTheSpouse/chk_NoRetirementPay"))

2019-07-18 12:55:26 - [MESSAGE][NOT_RUN] - NOT_RUN: click(findTestObject("Tab_LifePlan/Page_Q08_IncomeOfTheSpouse/chk_NoRetirementPay"))

2019-07-18 12:55:26 - [TEST_STEP][PASSED] - click(findTestObject("Tab_LifePlan/Page_Q08_IncomeOfTheSpouse/btn_Next")): Object: 'Object Repository/Tab_LifePlan/Page_Q08_IncomeOfTheSpouse/btn_Next' is clicked on

2019-07-18 12:55:26 - [MESSAGE][PASSED] - Object: 'Object Repository/Tab_LifePlan/Page_Q08_IncomeOfTheSpouse/btn_Next' is clicked on

2019-07-18 12:55:26 - [TEST_STEP][PASSED] - scrollToElement(findTestObject("Tab_LifePlan/Page_Q09_RentHouse/OwnedHouse"), 10): Scroll to object 'Object Repository/Tab_LifePlan/Page_Q09_RentHouse/OwnedHouse' successfully

2019-07-18 12:55:26 - [MESSAGE][PASSED] - Scroll to object 'Object Repository/Tab_LifePlan/Page_Q09_RentHouse/OwnedHouse' successfully

2019-07-18 12:55:26 - [TEST_STEP][PASSED] - click(findTestObject("Tab_LifePlan/Page_Q09_RentHouse/RentalHouse")): Object: 'Object Repository/Tab_LifePlan/Page_Q09_RentHouse/RentalHouse' is clicked on

2019-07-18 12:55:26 - [MESSAGE][PASSED] - Object: 'Object Repository/Tab_LifePlan/Page_Q09_RentHouse/RentalHouse' is clicked on

2019-07-18 12:55:26 - [TEST_STEP][PASSED] - click(findTestObject("Tab_LifePlan/Page_Q09_RentHouse/rent_3")): Object: 'Object Repository/Tab_LifePlan/Page_Q09_RentHouse/rent_3' is clicked on

2019-07-18 12:55:26 - [MESSAGE][PASSED] - Object: 'Object Repository/Tab_LifePlan/Page_Q09_RentHouse/rent_3' is clicked on

2019-07-18 12:55:26 - [TEST_STEP][PASSED] - scrollToElement(findTestObject("Tab_LifePlan/Page_Q09_RentHouse/btn_Next"), 0): Scroll to object 'Object Repository/Tab_LifePlan/Page_Q09_RentHouse/btn_Next' successfully

2019-07-18 12:55:26 - [MESSAGE][WARNING] - Timeout '0' is invalid. Using default page load timeout: '30'

2019-07-18 12:55:27 - [MESSAGE][PASSED] - Scroll to object 'Object Repository/Tab_LifePlan/Page_Q09_RentHouse/btn_Next' successfully

2019-07-18 12:55:27 - [TEST_STEP][PASSED] - click(findTestObject("Tab_LifePlan/Page_Q09_RentHouse/btn_Next")): Object: 'Object Repository/Tab_LifePlan/Page_Q09_RentHouse/btn_Next' is clicked on

2019-07-18 12:55:27 - [MESSAGE][PASSED] - Object: 'Object Repository/Tab_LifePlan/Page_Q09_RentHouse/btn_Next' is clicked on

2019-07-18 12:55:27 - [TEST_STEP][PASSED] - click(findTestObject("Tab_LifePlan/Page_Q10_CostOfLiving/cost_3")): Object: 'Object Repository/Tab_LifePlan/Page_Q10_CostOfLiving/cost_3' is clicked on

2019-07-18 12:55:27 - [MESSAGE][PASSED] - Object: 'Object Repository/Tab_LifePlan/Page_Q10_CostOfLiving/cost_3' is clicked on

2019-07-18 12:55:27 - [TEST_STEP][PASSED] - click(findTestObject("Tab_LifePlan/Page_Q11_CurrentSavingsAmount/amount_50")): Object: 'Object Repository/Tab_LifePlan/Page_Q11_CurrentSavingsAmount/amount_50' is clicked on

2019-07-18 12:55:27 - [MESSAGE][PASSED] - Object: 'Object Repository/Tab_LifePlan/Page_Q11_CurrentSavingsAmount/amount_50' is clicked on

2019-07-18 12:55:27 - [TEST_STEP][PASSED] - waitForElementPresent(findTestObject("Tab_LifePlan/Page_LifePlanResult/tv_AmountAt65"), 20): Object 'Object Repository/Tab_LifePlan/Page_LifePlanResult/tv_AmountAt65' is present

2019-07-18 12:55:28 - [MESSAGE][PASSED] - Object 'Object Repository/Tab_LifePlan/Page_LifePlanResult/tv_AmountAt65' is present

2019-07-18 12:55:28 - [TEST_STEP][PASSED] - amountAt65OnWebApp = getText(findTestObject("Tab_LifePlan/Page_LifePlanResult/tv_AmountAt65")): Text of object 'Object Repository/Tab_LifePlan/Page_LifePlanResult/tv_AmountAt65' is: '+1.07'

2019-07-18 12:55:28 - [MESSAGE][PASSED] - Text of object 'Object Repository/Tab_LifePlan/Page_LifePlanResult/tv_AmountAt65' is: '+1.07'

2019-07-18 12:55:28 - [TEST_STEP][PASSED] - log.logInfo(amountAt65OnWebApp): +1.07

2019-07-18 12:55:28 - [MESSAGE][INFO] - +1.07

2019-07-18 12:55:28 - [TEST_STEP][PASSED] - closeBrowser(): Browser is closed

2019-07-18 12:55:29 - [MESSAGE][PASSED] - Browser is closed

2019-07-18 12:55:29 - [TEST_STEP][PASSED] - return amountAt65OnWebApp: null

2019-07-18 12:55:29 - [MESSAGE][PASSED] - Call Test Case 'Test Cases/TC_LifePlanAnalytics/TC_Scr01-07' successfully

2019-07-18 12:55:29 - [TEST_STEP][PASSED] - log.logInfo("TC_Scr01-" + i + " = " + amountAt65OnWebApp): TC_Scr01-7 = +1.07

2019-07-18 12:55:29 - [MESSAGE][INFO] - TC_Scr01-7 = +1.07

2019-07-18 12:55:29 - [TEST_STEP][PASSED] - setValueToCellByIndex(sheet01, 11 + i, 24, amountAt65OnWebApp): null

2019-07-18 12:55:29 - [TEST_STEP][PASSED] - if (i < 10): Call Test Case 'Test Cases/TC_LifePlanAnalytics/TC_Scr01-08' successfully

2019-07-18 12:55:29 - [TEST_STEP][PASSED] - amountAt65OnWebApp = callTestCase(findTestCase("TC_LifePlanAnalytics/TC_Scr01-0" + i), [:], OPTIONAL): Call Test Case 'Test Cases/TC_LifePlanAnalytics/TC_Scr01-08' successfully

2019-07-18 12:55:29 - [TEST_CASE][PASSED] - Test Cases/TC_LifePlanAnalytics/TC_Scr01-08: Test Cases/TC_LifePlanAnalytics/TC_Scr01-08

2019-07-18 12:55:29 - [TEST_STEP][PASSED] - log = new com.kms.katalon.core.logging.KeywordLogger(): null

2019-07-18 12:55:29 - [TEST_STEP][PASSED] - callTestCase(findTestCase("TC_AddVTKT"), [:], STOP_ON_FAILURE): Call Test Case 'Test Cases/TC_AddVTKT' successfully

2019-07-18 12:55:29 - [TEST_CASE][PASSED] - Test Cases/TC_AddVTKT: Test Cases/TC_AddVTKT

2019-07-18 12:55:29 - [TEST_STEP][PASSED] - openBrowser(""): Browser is opened with url: ''

2019-07-18 12:55:29 - [MESSAGE][INFO] - Starting 'Chrome' driver

2019-07-18 12:55:29 - [MESSAGE][INFO] - User set preference: ['args', '[-user-agent=Mozilla/5.0 (Linux; Android 9; SOV37 Build/52.0.C.1.112; wv) AppleWebKit/537.36 (KHTML, like Gecko) Version/4.0 Chrome/68.0.3440.91 Mobile Safari/537.36 6.0.2-k1]']

2019-07-18 12:55:31 - [MESSAGE][PASSED] - Browser is opened with url: ''

2019-07-18 12:55:31 - [TEST_STEP][PASSED] - navigateToUrl("https://dev.pfm.wallet.auone.jp/life_plan/"): Navigate to 'https://dev.pfm.wallet.auone.jp/life_plan/' successfully

2019-07-18 12:55:33 - [MESSAGE][PASSED] - Navigate to 'https://dev.pfm.wallet.auone.jp/life_plan/' successfully

2019-07-18 12:55:33 - [TEST_STEP][PASSED] - maximizeWindow(): Current window maximized

2019-07-18 12:55:34 - [MESSAGE][PASSED] - Current window maximized

2019-07-18 12:55:34 - [TEST_STEP][PASSED] - ck = new org.openqa.selenium.Cookie(VTKT, rtm0wCOc6hTIFjf19P7KEEn-NB7Jp8k5QvzBE7r1OxqcIYMRdmnbLGJqQYL7Lnv_Z7-e796XbNYuZ-AS_eJwPNQgQ4Kz3YSmcqmHm1CSCJAtHREgQ8GKcl29Banngbs4XK1ZuH_eUsCeXHVH0I8mIQ): null

2019-07-18 12:55:34 - [TEST_STEP][PASSED] - driver = getWebDriver(): null

2019-07-18 12:55:34 - [TEST_STEP][PASSED] - manage().addCookie(ck): null

2019-07-18 12:55:34 - [TEST_STEP][PASSED] - waitForPageLoad(10): Wait for page load successfully

2019-07-18 12:55:34 - [MESSAGE][PASSED] - Wait for page load successfully

2019-07-18 12:55:34 - [TEST_STEP][PASSED] - refresh(): Refresh successfully

2019-07-18 12:55:35 - [MESSAGE][PASSED] - Refresh successfully

2019-07-18 12:55:35 - [MESSAGE][PASSED] - Call Test Case 'Test Cases/TC_AddVTKT' successfully

2019-07-18 12:55:35 - [TEST_STEP][PASSED] - click(findTestObject("Tab_LifePlan/Page_LifePlanResult/btn_LifePlan")): Object: 'Object Repository/Tab_LifePlan/Page_LifePlanResult/btn_LifePlan' is clicked on

2019-07-18 12:55:37 - [MESSAGE][PASSED] - Object: 'Object Repository/Tab_LifePlan/Page_LifePlanResult/btn_LifePlan' is clicked on

2019-07-18 12:55:37 - [TEST_STEP][PASSED] - click(findTestObject("Tab_LifePlan/Page_Q01_Age/Age_60")): Object: 'Object Repository/Tab_LifePlan/Page_Q01_Age/Age_60' is clicked on

2019-07-18 12:55:38 - [MESSAGE][PASSED] - Object: 'Object Repository/Tab_LifePlan/Page_Q01_Age/Age_60' is clicked on

2019-07-18 12:55:38 - [TEST_STEP][PASSED] - click(findTestObject("Tab_LifePlan/Page_Q02_CurrentSituation/Married")): Object: 'Object Repository/Tab_LifePlan/Page_Q02_CurrentSituation/Married' is clicked on

2019-07-18 12:55:38 - [MESSAGE][PASSED] - Object: 'Object Repository/Tab_LifePlan/Page_Q02_CurrentSituation/Married' is clicked on

2019-07-18 12:55:38 - [TEST_STEP][PASSED] - click(findTestObject("Tab_LifePlan/Page_Q03_Children/Children_1")): Object: 'Object Repository/Tab_LifePlan/Page_Q03_Children/Children_1' is clicked on

2019-07-18 12:55:38 - [MESSAGE][PASSED] - Object: 'Object Repository/Tab_LifePlan/Page_Q03_Children/Children_1' is clicked on

2019-07-18 12:55:38 - [TEST_STEP][PASSED] - click(findTestObject("Tab_LifePlan/Page_Q4_FutureMarried/children_No")): Object: 'Object Repository/Tab_LifePlan/Page_Q4_FutureMarried/children_No' is clicked on

2019-07-18 12:55:39 - [MESSAGE][PASSED] - Object: 'Object Repository/Tab_LifePlan/Page_Q4_FutureMarried/children_No' is clicked on

2019-07-18 12:55:39 - [TEST_STEP][NOT_RUN] - click(findTestObject("Tab_LifePlan/Page_Q05_WhenGetMarry/Years_3")): NOT_RUN: click(findTestObject("Tab_LifePlan/Page_Q05_WhenGetMarry/Years_3"))

2019-07-18 12:55:39 - [MESSAGE][NOT_RUN] - NOT_RUN: click(findTestObject("Tab_LifePlan/Page_Q05_WhenGetMarry/Years_3"))

2019-07-18 12:55:39 - [TEST_STEP][NOT_RUN] - click(findTestObject("Tab_LifePlan/Page_Q06_NumberOfChildrenWanToGet/Children_2")): NOT_RUN: click(findTestObject("Tab_LifePlan/Page_Q06_NumberOfChildrenWanToGet/Children_2"))

2019-07-18 12:55:39 - [MESSAGE][NOT_RUN] - NOT_RUN: click(findTestObject("Tab_LifePlan/Page_Q06_NumberOfChildrenWanToGet/Children_2"))

2019-07-18 12:55:39 - [TEST_STEP][PASSED] - click(findTestObject("Tab_LifePlan/Page_Q07_YourIncome/income_500")): Object: 'Object Repository/Tab_LifePlan/Page_Q07_YourIncome/income_500' is clicked on

2019-07-18 12:55:39 - [MESSAGE][PASSED] - Object: 'Object Repository/Tab_LifePlan/Page_Q07_YourIncome/income_500' is clicked on

2019-07-18 12:55:39 - [TEST_STEP][PASSED] - scrollToElement(findTestObject("Tab_LifePlan/Page_Q07_YourIncome/btn_Next"), 10): Scroll to object 'Object Repository/Tab_LifePlan/Page_Q07_YourIncome/btn_Next' successfully

2019-07-18 12:55:39 - [MESSAGE][PASSED] - Scroll to object 'Object Repository/Tab_LifePlan/Page_Q07_YourIncome/btn_Next' successfully

2019-07-18 12:55:39 - [TEST_STEP][PASSED] - click(findTestObject("Tab_LifePlan/Page_Q07_YourIncome/chk_PartTimeIncome")): Object: 'Object Repository/Tab_LifePlan/Page_Q07_YourIncome/chk_PartTimeIncome' is clicked on

2019-07-18 12:55:39 - [MESSAGE][PASSED] - Object: 'Object Repository/Tab_LifePlan/Page_Q07_YourIncome/chk_PartTimeIncome' is clicked on

2019-07-18 12:55:39 - [TEST_STEP][PASSED] - click(findTestObject("Tab_LifePlan/Page_Q07_YourIncome/chk_NoRetirementPay")): Object: 'Object Repository/Tab_LifePlan/Page_Q07_YourIncome/chk_NoRetirementPay' is clicked on

2019-07-18 12:55:39 - [MESSAGE][PASSED] - Object: 'Object Repository/Tab_LifePlan/Page_Q07_YourIncome/chk_NoRetirementPay' is clicked on

2019-07-18 12:55:39 - [TEST_STEP][PASSED] - click(findTestObject("Tab_LifePlan/Page_Q07_YourIncome/btn_Next")): Object: 'Object Repository/Tab_LifePlan/Page_Q07_YourIncome/btn_Next' is clicked on

2019-07-18 12:55:39 - [MESSAGE][PASSED] - Object: 'Object Repository/Tab_LifePlan/Page_Q07_YourIncome/btn_Next' is clicked on

2019-07-18 12:55:39 - [TEST_STEP][PASSED] - click(findTestObject("Tab_LifePlan/Page_Q08_IncomeOfTheSpouse/income_800")): Object: 'Object Repository/Tab_LifePlan/Page_Q08_IncomeOfTheSpouse/income_800' is clicked on

2019-07-18 12:55:39 - [MESSAGE][PASSED] - Object: 'Object Repository/Tab_LifePlan/Page_Q08_IncomeOfTheSpouse/income_800' is clicked on

2019-07-18 12:55:39 - [TEST_STEP][NOT_RUN] - scrollToElement(findTestObject("Tab_LifePlan/Page_Q08_IncomeOfTheSpouse/btn_Next"), 10): NOT_RUN: scrollToElement(findTestObject("Tab_LifePlan/Page_Q08_IncomeOfTheSpouse/btn_Next"), 10)

2019-07-18 12:55:39 - [MESSAGE][NOT_RUN] - NOT_RUN: scrollToElement(findTestObject("Tab_LifePlan/Page_Q08_IncomeOfTheSpouse/btn_Next"), 10)

2019-07-18 12:55:39 - [TEST_STEP][PASSED] - click(findTestObject("Tab_LifePlan/Page_Q08_IncomeOfTheSpouse/chk_PartTimeIncome")): Object: 'Object Repository/Tab_LifePlan/Page_Q08_IncomeOfTheSpouse/chk_PartTimeIncome' is clicked on

2019-07-18 12:55:39 - [MESSAGE][PASSED] - Object: 'Object Repository/Tab_LifePlan/Page_Q08_IncomeOfTheSpouse/chk_PartTimeIncome' is clicked on

2019-07-18 12:55:39 - [TEST_STEP][NOT_RUN] - click(findTestObject("Tab_LifePlan/Page_Q08_IncomeOfTheSpouse/chk_NoRetirementPay")): NOT_RUN: click(findTestObject("Tab_LifePlan/Page_Q08_IncomeOfTheSpouse/chk_NoRetirementPay"))

2019-07-18 12:55:39 - [MESSAGE][NOT_RUN] - NOT_RUN: click(findTestObject("Tab_LifePlan/Page_Q08_IncomeOfTheSpouse/chk_NoRetirementPay"))

2019-07-18 12:55:39 - [TEST_STEP][PASSED] - click(findTestObject("Tab_LifePlan/Page_Q08_IncomeOfTheSpouse/btn_Next")): Object: 'Object Repository/Tab_LifePlan/Page_Q08_IncomeOfTheSpouse/btn_Next' is clicked on

2019-07-18 12:55:39 - [MESSAGE][PASSED] - Object: 'Object Repository/Tab_LifePlan/Page_Q08_IncomeOfTheSpouse/btn_Next' is clicked on

2019-07-18 12:55:39 - [TEST_STEP][PASSED] - scrollToElement(findTestObject("Tab_LifePlan/Page_Q09_RentHouse/OwnedHouse"), 10): Scroll to object 'Object Repository/Tab_LifePlan/Page_Q09_RentHouse/OwnedHouse' successfully

2019-07-18 12:55:39 - [MESSAGE][PASSED] - Scroll to object 'Object Repository/Tab_LifePlan/Page_Q09_RentHouse/OwnedHouse' successfully

2019-07-18 12:55:39 - [TEST_STEP][PASSED] - click(findTestObject("Tab_LifePlan/Page_Q09_RentHouse/RentalHouse")): Object: 'Object Repository/Tab_LifePlan/Page_Q09_RentHouse/RentalHouse' is clicked on

2019-07-18 12:55:40 - [MESSAGE][PASSED] - Object: 'Object Repository/Tab_LifePlan/Page_Q09_RentHouse/RentalHouse' is clicked on

2019-07-18 12:55:40 - [TEST_STEP][PASSED] - click(findTestObject("Tab_LifePlan/Page_Q09_RentHouse/rent_3")): Object: 'Object Repository/Tab_LifePlan/Page_Q09_RentHouse/rent_3' is clicked on

2019-07-18 12:55:40 - [MESSAGE][PASSED] - Object: 'Object Repository/Tab_LifePlan/Page_Q09_RentHouse/rent_3' is clicked on

2019-07-18 12:55:40 - [TEST_STEP][PASSED] - scrollToElement(findTestObject("Tab_LifePlan/Page_Q09_RentHouse/btn_Next"), 0): Scroll to object 'Object Repository/Tab_LifePlan/Page_Q09_RentHouse/btn_Next' successfully

2019-07-18 12:55:40 - [MESSAGE][WARNING] - Timeout '0' is invalid. Using default page load timeout: '30'

2019-07-18 12:55:40 - [MESSAGE][PASSED] - Scroll to object 'Object Repository/Tab_LifePlan/Page_Q09_RentHouse/btn_Next' successfully

2019-07-18 12:55:40 - [TEST_STEP][PASSED] - click(findTestObject("Tab_LifePlan/Page_Q09_RentHouse/btn_Next")): Object: 'Object Repository/Tab_LifePlan/Page_Q09_RentHouse/btn_Next' is clicked on

2019-07-18 12:55:40 - [MESSAGE][PASSED] - Object: 'Object Repository/Tab_LifePlan/Page_Q09_RentHouse/btn_Next' is clicked on

2019-07-18 12:55:40 - [TEST_STEP][PASSED] - click(findTestObject("Tab_LifePlan/Page_Q10_CostOfLiving/cost_25")): Object: 'Object Repository/Tab_LifePlan/Page_Q10_CostOfLiving/cost_25' is clicked on

2019-07-18 12:55:40 - [MESSAGE][PASSED] - Object: 'Object Repository/Tab_LifePlan/Page_Q10_CostOfLiving/cost_25' is clicked on

2019-07-18 12:55:40 - [TEST_STEP][PASSED] - click(findTestObject("Tab_LifePlan/Page_Q11_CurrentSavingsAmount/amount_50")): Object: 'Object Repository/Tab_LifePlan/Page_Q11_CurrentSavingsAmount/amount_50' is clicked on

2019-07-18 12:55:40 - [MESSAGE][PASSED] - Object: 'Object Repository/Tab_LifePlan/Page_Q11_CurrentSavingsAmount/amount_50' is clicked on

2019-07-18 12:55:40 - [TEST_STEP][PASSED] - waitForElementPresent(findTestObject("Tab_LifePlan/Page_LifePlanResult/tv_AmountAt65"), 20): Object 'Object Repository/Tab_LifePlan/Page_LifePlanResult/tv_AmountAt65' is present

2019-07-18 12:55:41 - [MESSAGE][PASSED] - Object 'Object Repository/Tab_LifePlan/Page_LifePlanResult/tv_AmountAt65' is present

2019-07-18 12:55:41 - [TEST_STEP][PASSED] - amountAt65OnWebApp = getText(findTestObject("Tab_LifePlan/Page_LifePlanResult/tv_AmountAt65")): Text of object 'Object Repository/Tab_LifePlan/Page_LifePlanResult/tv_AmountAt65' is: '+2.34'

2019-07-18 12:55:41 - [MESSAGE][PASSED] - Text of object 'Object Repository/Tab_LifePlan/Page_LifePlanResult/tv_AmountAt65' is: '+2.34'

2019-07-18 12:55:41 - [TEST_STEP][PASSED] - log.logInfo(amountAt65OnWebApp): +2.34

2019-07-18 12:55:41 - [MESSAGE][INFO] - +2.34

2019-07-18 12:55:41 - [TEST_STEP][PASSED] - closeBrowser(): Browser is closed

2019-07-18 12:55:42 - [MESSAGE][PASSED] - Browser is closed

2019-07-18 12:55:42 - [TEST_STEP][PASSED] - return amountAt65OnWebApp: null

2019-07-18 12:55:42 - [MESSAGE][PASSED] - Call Test Case 'Test Cases/TC_LifePlanAnalytics/TC_Scr01-08' successfully

2019-07-18 12:55:42 - [TEST_STEP][PASSED] - log.logInfo("TC_Scr01-" + i + " = " + amountAt65OnWebApp): TC_Scr01-8 = +2.34

2019-07-18 12:55:42 - [MESSAGE][INFO] - TC_Scr01-8 = +2.34

2019-07-18 12:55:42 - [TEST_STEP][PASSED] - setValueToCellByIndex(sheet01, 11 + i, 24, amountAt65OnWebApp): null

2019-07-18 12:55:42 - [TEST_STEP][PASSED] - if (i < 10): Call Test Case 'Test Cases/TC_LifePlanAnalytics/TC_Scr01-09' successfully

2019-07-18 12:55:42 - [TEST_STEP][PASSED] - amountAt65OnWebApp = callTestCase(findTestCase("TC_LifePlanAnalytics/TC_Scr01-0" + i), [:], OPTIONAL): Call Test Case 'Test Cases/TC_LifePlanAnalytics/TC_Scr01-09' successfully

2019-07-18 12:55:42 - [TEST_CASE][PASSED] - Test Cases/TC_LifePlanAnalytics/TC_Scr01-09: Test Cases/TC_LifePlanAnalytics/TC_Scr01-09

2019-07-18 12:55:42 - [TEST_STEP][PASSED] - log = new com.kms.katalon.core.logging.KeywordLogger(): null

2019-07-18 12:55:42 - [TEST_STEP][PASSED] - callTestCase(findTestCase("TC_AddVTKT"), [:], STOP_ON_FAILURE): Call Test Case 'Test Cases/TC_AddVTKT' successfully

2019-07-18 12:55:42 - [TEST_CASE][PASSED] - Test Cases/TC_AddVTKT: Test Cases/TC_AddVTKT

2019-07-18 12:55:42 - [TEST_STEP][PASSED] - openBrowser(""): Browser is opened with url: ''

2019-07-18 12:55:42 - [MESSAGE][INFO] - Starting 'Chrome' driver

2019-07-18 12:55:42 - [MESSAGE][INFO] - User set preference: ['args', '[-user-agent=Mozilla/5.0 (Linux; Android 9; SOV37 Build/52.0.C.1.112; wv) AppleWebKit/537.36 (KHTML, like Gecko) Version/4.0 Chrome/68.0.3440.91 Mobile Safari/537.36 6.0.2-k1]']

2019-07-18 12:55:44 - [MESSAGE][PASSED] - Browser is opened with url: ''

2019-07-18 12:55:44 - [TEST_STEP][PASSED] - navigateToUrl("https://dev.pfm.wallet.auone.jp/life_plan/"): Navigate to 'https://dev.pfm.wallet.auone.jp/life_plan/' successfully

2019-07-18 12:55:46 - [MESSAGE][PASSED] - Navigate to 'https://dev.pfm.wallet.auone.jp/life_plan/' successfully

2019-07-18 12:55:46 - [TEST_STEP][PASSED] - maximizeWindow(): Current window maximized

2019-07-18 12:55:47 - [MESSAGE][PASSED] - Current window maximized

2019-07-18 12:55:47 - [TEST_STEP][PASSED] - ck = new org.openqa.selenium.Cookie(VTKT, rtm0wCOc6hTIFjf19P7KEEn-NB7Jp8k5QvzBE7r1OxqcIYMRdmnbLGJqQYL7Lnv_Z7-e796XbNYuZ-AS_eJwPNQgQ4Kz3YSmcqmHm1CSCJAtHREgQ8GKcl29Banngbs4XK1ZuH_eUsCeXHVH0I8mIQ): null

2019-07-18 12:55:47 - [TEST_STEP][PASSED] - driver = getWebDriver(): null

2019-07-18 12:55:47 - [TEST_STEP][PASSED] - manage().addCookie(ck): null

2019-07-18 12:55:47 - [TEST_STEP][PASSED] - waitForPageLoad(10): Wait for page load successfully

2019-07-18 12:55:47 - [MESSAGE][PASSED] - Wait for page load successfully

2019-07-18 12:55:47 - [TEST_STEP][PASSED] - refresh(): Refresh successfully

2019-07-18 12:55:48 - [MESSAGE][PASSED] - Refresh successfully

2019-07-18 12:55:48 - [MESSAGE][PASSED] - Call Test Case 'Test Cases/TC_AddVTKT' successfully

2019-07-18 12:55:48 - [TEST_STEP][PASSED] - click(findTestObject("Tab_LifePlan/Page_LifePlanResult/btn_LifePlan")): Object: 'Object Repository/Tab_LifePlan/Page_LifePlanResult/btn_LifePlan' is clicked on

2019-07-18 12:55:50 - [MESSAGE][PASSED] - Object: 'Object Repository/Tab_LifePlan/Page_LifePlanResult/btn_LifePlan' is clicked on

2019-07-18 12:55:50 - [TEST_STEP][PASSED] - click(findTestObject("Tab_LifePlan/Page_Q01_Age/Age_30")): Object: 'Object Repository/Tab_LifePlan/Page_Q01_Age/Age_30' is clicked on

2019-07-18 12:55:51 - [MESSAGE][PASSED] - Object: 'Object Repository/Tab_LifePlan/Page_Q01_Age/Age_30' is clicked on

2019-07-18 12:55:51 - [TEST_STEP][PASSED] - click(findTestObject("Tab_LifePlan/Page_Q02_CurrentSituation/Married")): Object: 'Object Repository/Tab_LifePlan/Page_Q02_CurrentSituation/Married' is clicked on

2019-07-18 12:55:51 - [MESSAGE][PASSED] - Object: 'Object Repository/Tab_LifePlan/Page_Q02_CurrentSituation/Married' is clicked on

2019-07-18 12:55:51 - [TEST_STEP][PASSED] - click(findTestObject("Tab_LifePlan/Page_Q03_Children/Children_1")): Object: 'Object Repository/Tab_LifePlan/Page_Q03_Children/Children_1' is clicked on

2019-07-18 12:55:52 - [MESSAGE][PASSED] - Object: 'Object Repository/Tab_LifePlan/Page_Q03_Children/Children_1' is clicked on

2019-07-18 12:55:52 - [TEST_STEP][PASSED] - click(findTestObject("Tab_LifePlan/Page_Q4_FutureMarried/children_Yes")): Object: 'Object Repository/Tab_LifePlan/Page_Q4_FutureMarried/children_Yes' is clicked on

2019-07-18 12:55:52 - [MESSAGE][PASSED] - Object: 'Object Repository/Tab_LifePlan/Page_Q4_FutureMarried/children_Yes' is clicked on

2019-07-18 12:55:52 - [TEST_STEP][NOT_RUN] - click(findTestObject("Tab_LifePlan/Page_Q05_WhenGetMarry/Years_3")): NOT_RUN: click(findTestObject("Tab_LifePlan/Page_Q05_WhenGetMarry/Years_3"))

2019-07-18 12:55:52 - [MESSAGE][NOT_RUN] - NOT_RUN: click(findTestObject("Tab_LifePlan/Page_Q05_WhenGetMarry/Years_3"))

2019-07-18 12:55:52 - [TEST_STEP][PASSED] - click(findTestObject("Tab_LifePlan/Page_Q06_NumberOfChildrenWanToGet/Children_5")): Object: 'Object Repository/Tab_LifePlan/Page_Q06_NumberOfChildrenWanToGet/Children_5' is clicked on

2019-07-18 12:55:52 - [MESSAGE][PASSED] - Object: 'Object Repository/Tab_LifePlan/Page_Q06_NumberOfChildrenWanToGet/Children_5' is clicked on

2019-07-18 12:55:52 - [TEST_STEP][PASSED] - click(findTestObject("Tab_LifePlan/Page_Q07_YourIncome/income_300")): Object: 'Object Repository/Tab_LifePlan/Page_Q07_YourIncome/income_300' is clicked on

2019-07-18 12:55:52 - [MESSAGE][PASSED] - Object: 'Object Repository/Tab_LifePlan/Page_Q07_YourIncome/income_300' is clicked on

2019-07-18 12:55:52 - [TEST_STEP][PASSED] - scrollToElement(findTestObject("Tab_LifePlan/Page_Q07_YourIncome/btn_Next"), 10): Scroll to object 'Object Repository/Tab_LifePlan/Page_Q07_YourIncome/btn_Next' successfully

2019-07-18 12:55:52 - [MESSAGE][PASSED] - Scroll to object 'Object Repository/Tab_LifePlan/Page_Q07_YourIncome/btn_Next' successfully

2019-07-18 12:55:52 - [TEST_STEP][PASSED] - click(findTestObject("Tab_LifePlan/Page_Q07_YourIncome/chk_PartTimeIncome")): Object: 'Object Repository/Tab_LifePlan/Page_Q07_YourIncome/chk_PartTimeIncome' is clicked on

2019-07-18 12:55:52 - [MESSAGE][PASSED] - Object: 'Object Repository/Tab_LifePlan/Page_Q07_YourIncome/chk_PartTimeIncome' is clicked on

2019-07-18 12:55:52 - [TEST_STEP][PASSED] - click(findTestObject("Tab_LifePlan/Page_Q07_YourIncome/chk_NoRetirementPay")): Object: 'Object Repository/Tab_LifePlan/Page_Q07_YourIncome/chk_NoRetirementPay' is clicked on

2019-07-18 12:55:52 - [MESSAGE][PASSED] - Object: 'Object Repository/Tab_LifePlan/Page_Q07_YourIncome/chk_NoRetirementPay' is clicked on

2019-07-18 12:55:52 - [TEST_STEP][PASSED] - click(findTestObject("Tab_LifePlan/Page_Q07_YourIncome/btn_Next")): Object: 'Object Repository/Tab_LifePlan/Page_Q07_YourIncome/btn_Next' is clicked on

2019-07-18 12:55:52 - [MESSAGE][PASSED] - Object: 'Object Repository/Tab_LifePlan/Page_Q07_YourIncome/btn_Next' is clicked on

2019-07-18 12:55:52 - [TEST_STEP][PASSED] - click(findTestObject("Tab_LifePlan/Page_Q08_IncomeOfTheSpouse/income_900")): Object: 'Object Repository/Tab_LifePlan/Page_Q08_IncomeOfTheSpouse/income_900' is clicked on

2019-07-18 12:55:52 - [MESSAGE][PASSED] - Object: 'Object Repository/Tab_LifePlan/Page_Q08_IncomeOfTheSpouse/income_900' is clicked on

2019-07-18 12:55:52 - [TEST_STEP][NOT_RUN] - scrollToElement(findTestObject("Tab_LifePlan/Page_Q08_IncomeOfTheSpouse/btn_Next"), 10): NOT_RUN: scrollToElement(findTestObject("Tab_LifePlan/Page_Q08_IncomeOfTheSpouse/btn_Next"), 10)

2019-07-18 12:55:52 - [MESSAGE][NOT_RUN] - NOT_RUN: scrollToElement(findTestObject("Tab_LifePlan/Page_Q08_IncomeOfTheSpouse/btn_Next"), 10)

2019-07-18 12:55:52 - [TEST_STEP][PASSED] - click(findTestObject("Tab_LifePlan/Page_Q08_IncomeOfTheSpouse/chk_PartTimeIncome")): Object: 'Object Repository/Tab_LifePlan/Page_Q08_IncomeOfTheSpouse/chk_PartTimeIncome' is clicked on

2019-07-18 12:55:52 - [MESSAGE][PASSED] - Object: 'Object Repository/Tab_LifePlan/Page_Q08_IncomeOfTheSpouse/chk_PartTimeIncome' is clicked on

2019-07-18 12:55:52 - [TEST_STEP][NOT_RUN] - click(findTestObject("Tab_LifePlan/Page_Q08_IncomeOfTheSpouse/chk_NoRetirementPay")): NOT_RUN: click(findTestObject("Tab_LifePlan/Page_Q08_IncomeOfTheSpouse/chk_NoRetirementPay"))

2019-07-18 12:55:52 - [MESSAGE][NOT_RUN] - NOT_RUN: click(findTestObject("Tab_LifePlan/Page_Q08_IncomeOfTheSpouse/chk_NoRetirementPay"))

2019-07-18 12:55:52 - [TEST_STEP][PASSED] - click(findTestObject("Tab_LifePlan/Page_Q08_IncomeOfTheSpouse/btn_Next")): Object: 'Object Repository/Tab_LifePlan/Page_Q08_IncomeOfTheSpouse/btn_Next' is clicked on

2019-07-18 12:55:53 - [MESSAGE][PASSED] - Object: 'Object Repository/Tab_LifePlan/Page_Q08_IncomeOfTheSpouse/btn_Next' is clicked on

2019-07-18 12:55:53 - [TEST_STEP][PASSED] - scrollToElement(findTestObject("Tab_LifePlan/Page_Q09_RentHouse/OwnedHouse"), 10): Scroll to object 'Object Repository/Tab_LifePlan/Page_Q09_RentHouse/OwnedHouse' successfully

2019-07-18 12:55:53 - [MESSAGE][PASSED] - Scroll to object 'Object Repository/Tab_LifePlan/Page_Q09_RentHouse/OwnedHouse' successfully

2019-07-18 12:55:53 - [TEST_STEP][PASSED] - click(findTestObject("Tab_LifePlan/Page_Q09_RentHouse/RentalHouse")): Object: 'Object Repository/Tab_LifePlan/Page_Q09_RentHouse/RentalHouse' is clicked on

2019-07-18 12:55:53 - [MESSAGE][PASSED] - Object: 'Object Repository/Tab_LifePlan/Page_Q09_RentHouse/RentalHouse' is clicked on

2019-07-18 12:55:53 - [TEST_STEP][PASSED] - click(findTestObject("Tab_LifePlan/Page_Q09_RentHouse/rent_3")): Object: 'Object Repository/Tab_LifePlan/Page_Q09_RentHouse/rent_3' is clicked on

2019-07-18 12:55:53 - [MESSAGE][PASSED] - Object: 'Object Repository/Tab_LifePlan/Page_Q09_RentHouse/rent_3' is clicked on

2019-07-18 12:55:53 - [TEST_STEP][PASSED] - scrollToElement(findTestObject("Tab_LifePlan/Page_Q09_RentHouse/btn_Next"), 0): Scroll to object 'Object Repository/Tab_LifePlan/Page_Q09_RentHouse/btn_Next' successfully

2019-07-18 12:55:53 - [MESSAGE][WARNING] - Timeout '0' is invalid. Using default page load timeout: '30'

2019-07-18 12:55:53 - [MESSAGE][PASSED] - Scroll to object 'Object Repository/Tab_LifePlan/Page_Q09_RentHouse/btn_Next' successfully

2019-07-18 12:55:53 - [TEST_STEP][PASSED] - click(findTestObject("Tab_LifePlan/Page_Q09_RentHouse/btn_Next")): Object: 'Object Repository/Tab_LifePlan/Page_Q09_RentHouse/btn_Next' is clicked on

2019-07-18 12:55:53 - [MESSAGE][PASSED] - Object: 'Object Repository/Tab_LifePlan/Page_Q09_RentHouse/btn_Next' is clicked on

2019-07-18 12:55:53 - [TEST_STEP][PASSED] - click(findTestObject("Tab_LifePlan/Page_Q10_CostOfLiving/cost_30")): Object: 'Object Repository/Tab_LifePlan/Page_Q10_CostOfLiving/cost_30' is clicked on

2019-07-18 12:55:53 - [MESSAGE][PASSED] - Object: 'Object Repository/Tab_LifePlan/Page_Q10_CostOfLiving/cost_30' is clicked on

2019-07-18 12:55:53 - [TEST_STEP][PASSED] - click(findTestObject("Tab_LifePlan/Page_Q11_CurrentSavingsAmount/amount_50")): Object: 'Object Repository/Tab_LifePlan/Page_Q11_CurrentSavingsAmount/amount_50' is clicked on

2019-07-18 12:55:53 - [MESSAGE][PASSED] - Object: 'Object Repository/Tab_LifePlan/Page_Q11_CurrentSavingsAmount/amount_50' is clicked on

2019-07-18 12:55:53 - [TEST_STEP][PASSED] - waitForElementPresent(findTestObject("Tab_LifePlan/Page_LifePlanResult/tv_AmountAt65"), 20): Object 'Object Repository/Tab_LifePlan/Page_LifePlanResult/tv_AmountAt65' is present

2019-07-18 12:55:54 - [MESSAGE][PASSED] - Object 'Object Repository/Tab_LifePlan/Page_LifePlanResult/tv_AmountAt65' is present

2019-07-18 12:55:54 - [TEST_STEP][PASSED] - amountAt65OnWebApp = getText(findTestObject("Tab_LifePlan/Page_LifePlanResult/tv_AmountAt65")): Text of object 'Object Repository/Tab_LifePlan/Page_LifePlanResult/tv_AmountAt65' is: '-1,001.83'

2019-07-18 12:55:54 - [MESSAGE][PASSED] - Text of object 'Object Repository/Tab_LifePlan/Page_LifePlanResult/tv_AmountAt65' is: '-1,001.83'

2019-07-18 12:55:54 - [TEST_STEP][PASSED] - log.logInfo(amountAt65OnWebApp): -1,001.83

2019-07-18 12:55:54 - [MESSAGE][INFO] - -1,001.83

2019-07-18 12:55:54 - [TEST_STEP][PASSED] - closeBrowser(): Browser is closed

2019-07-18 12:55:55 - [MESSAGE][PASSED] - Browser is closed

2019-07-18 12:55:55 - [TEST_STEP][PASSED] - return amountAt65OnWebApp: null

2019-07-18 12:55:55 - [MESSAGE][PASSED] - Call Test Case 'Test Cases/TC_LifePlanAnalytics/TC_Scr01-09' successfully

2019-07-18 12:55:55 - [TEST_STEP][PASSED] - log.logInfo("TC_Scr01-" + i + " = " + amountAt65OnWebApp): TC_Scr01-9 = -1,001.83

2019-07-18 12:55:55 - [MESSAGE][INFO] - TC_Scr01-9 = -1,001.83

2019-07-18 12:55:55 - [TEST_STEP][PASSED] - setValueToCellByIndex(sheet01, 11 + i, 24, amountAt65OnWebApp): null

2019-07-18 12:55:55 - [TEST_STEP][PASSED] - if (i < 10): null

2019-07-18 12:55:55 - [TEST_STEP][PASSED] - else: Call Test Case 'Test Cases/TC_LifePlanAnalytics/TC_Scr01-10' successfully

2019-07-18 12:55:55 - [TEST_STEP][PASSED] - amountAt65OnWebApp = callTestCase(findTestCase("TC_LifePlanAnalytics/TC_Scr01-" + i), [:], OPTIONAL): Call Test Case 'Test Cases/TC_LifePlanAnalytics/TC_Scr01-10' successfully

2019-07-18 12:55:55 - [TEST_CASE][PASSED] - Test Cases/TC_LifePlanAnalytics/TC_Scr01-10: Test Cases/TC_LifePlanAnalytics/TC_Scr01-10

2019-07-18 12:55:55 - [TEST_STEP][PASSED] - log = new com.kms.katalon.core.logging.KeywordLogger(): null

2019-07-18 12:55:55 - [TEST_STEP][PASSED] - callTestCase(findTestCase("TC_AddVTKT"), [:], STOP_ON_FAILURE): Call Test Case 'Test Cases/TC_AddVTKT' successfully

2019-07-18 12:55:55 - [TEST_CASE][PASSED] - Test Cases/TC_AddVTKT: Test Cases/TC_AddVTKT

2019-07-18 12:55:55 - [TEST_STEP][PASSED] - openBrowser(""): Browser is opened with url: ''

2019-07-18 12:55:55 - [MESSAGE][INFO] - Starting 'Chrome' driver

2019-07-18 12:55:55 - [MESSAGE][INFO] - User set preference: ['args', '[-user-agent=Mozilla/5.0 (Linux; Android 9; SOV37 Build/52.0.C.1.112; wv) AppleWebKit/537.36 (KHTML, like Gecko) Version/4.0 Chrome/68.0.3440.91 Mobile Safari/537.36 6.0.2-k1]']

2019-07-18 12:55:57 - [MESSAGE][PASSED] - Browser is opened with url: ''

2019-07-18 12:55:57 - [TEST_STEP][PASSED] - navigateToUrl("https://dev.pfm.wallet.auone.jp/life_plan/"): Navigate to 'https://dev.pfm.wallet.auone.jp/life_plan/' successfully

2019-07-18 12:56:00 - [MESSAGE][PASSED] - Navigate to 'https://dev.pfm.wallet.auone.jp/life_plan/' successfully

2019-07-18 12:56:00 - [TEST_STEP][PASSED] - maximizeWindow(): Current window maximized

2019-07-18 12:56:01 - [MESSAGE][PASSED] - Current window maximized

2019-07-18 12:56:01 - [TEST_STEP][PASSED] - ck = new org.openqa.selenium.Cookie(VTKT, rtm0wCOc6hTIFjf19P7KEEn-NB7Jp8k5QvzBE7r1OxqcIYMRdmnbLGJqQYL7Lnv_Z7-e796XbNYuZ-AS_eJwPNQgQ4Kz3YSmcqmHm1CSCJAtHREgQ8GKcl29Banngbs4XK1ZuH_eUsCeXHVH0I8mIQ): null

2019-07-18 12:56:01 - [TEST_STEP][PASSED] - driver = getWebDriver(): null

2019-07-18 12:56:01 - [TEST_STEP][PASSED] - manage().addCookie(ck): null

2019-07-18 12:56:01 - [TEST_STEP][PASSED] - waitForPageLoad(10): Wait for page load successfully

2019-07-18 12:56:01 - [MESSAGE][PASSED] - Wait for page load successfully

2019-07-18 12:56:01 - [TEST_STEP][PASSED] - refresh(): Refresh successfully

2019-07-18 12:56:01 - [MESSAGE][PASSED] - Refresh successfully

2019-07-18 12:56:01 - [MESSAGE][PASSED] - Call Test Case 'Test Cases/TC_AddVTKT' successfully

2019-07-18 12:56:01 - [TEST_STEP][PASSED] - click(findTestObject("Tab_LifePlan/Page_LifePlanResult/btn_LifePlan")): Object: 'Object Repository/Tab_LifePlan/Page_LifePlanResult/btn_LifePlan' is clicked on

2019-07-18 12:56:03 - [MESSAGE][PASSED] - Object: 'Object Repository/Tab_LifePlan/Page_LifePlanResult/btn_LifePlan' is clicked on

2019-07-18 12:56:03 - [TEST_STEP][PASSED] - click(findTestObject("Tab_LifePlan/Page_Q01_Age/Age_20")): Object: 'Object Repository/Tab_LifePlan/Page_Q01_Age/Age_20' is clicked on

2019-07-18 12:56:04 - [MESSAGE][PASSED] - Object: 'Object Repository/Tab_LifePlan/Page_Q01_Age/Age_20' is clicked on

2019-07-18 12:56:04 - [TEST_STEP][PASSED] - click(findTestObject("Tab_LifePlan/Page_Q02_CurrentSituation/Single")): Object: 'Object Repository/Tab_LifePlan/Page_Q02_CurrentSituation/Single' is clicked on

2019-07-18 12:56:04 - [MESSAGE][PASSED] - Object: 'Object Repository/Tab_LifePlan/Page_Q02_CurrentSituation/Single' is clicked on

2019-07-18 12:56:04 - [TEST_STEP][PASSED] - click(findTestObject("Tab_LifePlan/Page_Q03_Children/Children_2")): Object: 'Object Repository/Tab_LifePlan/Page_Q03_Children/Children_2' is clicked on

2019-07-18 12:56:04 - [MESSAGE][PASSED] - Object: 'Object Repository/Tab_LifePlan/Page_Q03_Children/Children_2' is clicked on

2019-07-18 12:56:04 - [TEST_STEP][PASSED] - click(findTestObject("Tab_LifePlan/Page_Q04_Future/WantToGetMarried")): Object: 'Object Repository/Tab_LifePlan/Page_Q04_Future/WantToGetMarried' is clicked on

2019-07-18 12:56:04 - [MESSAGE][PASSED] - Object: 'Object Repository/Tab_LifePlan/Page_Q04_Future/WantToGetMarried' is clicked on

2019-07-18 12:56:04 - [TEST_STEP][PASSED] - click(findTestObject("Tab_LifePlan/Page_Q05_WhenGetMarry/Years_1")): Object: 'Object Repository/Tab_LifePlan/Page_Q05_WhenGetMarry/Years_1' is clicked on

2019-07-18 12:56:05 - [MESSAGE][PASSED] - Object: 'Object Repository/Tab_LifePlan/Page_Q05_WhenGetMarry/Years_1' is clicked on

2019-07-18 12:56:05 - [TEST_STEP][NOT_RUN] - click(findTestObject("Tab_LifePlan/Page_Q06_NumberOfChildrenWanToGet/Children_5")): NOT_RUN: click(findTestObject("Tab_LifePlan/Page_Q06_NumberOfChildrenWanToGet/Children_5"))

2019-07-18 12:56:05 - [MESSAGE][NOT_RUN] - NOT_RUN: click(findTestObject("Tab_LifePlan/Page_Q06_NumberOfChildrenWanToGet/Children_5"))

2019-07-18 12:56:05 - [TEST_STEP][PASSED] - click(findTestObject("Tab_LifePlan/Page_Q07_YourIncome/income_UpTo300")): Object: 'Object Repository/Tab_LifePlan/Page_Q07_YourIncome/income_UpTo300' is clicked on

2019-07-18 12:56:05 - [MESSAGE][PASSED] - Object: 'Object Repository/Tab_LifePlan/Page_Q07_YourIncome/income_UpTo300' is clicked on

2019-07-18 12:56:05 - [TEST_STEP][PASSED] - scrollToElement(findTestObject("Tab_LifePlan/Page_Q07_YourIncome/btn_Next"), 10): Scroll to object 'Object Repository/Tab_LifePlan/Page_Q07_YourIncome/btn_Next' successfully

2019-07-18 12:56:05 - [MESSAGE][PASSED] - Scroll to object 'Object Repository/Tab_LifePlan/Page_Q07_YourIncome/btn_Next' successfully

2019-07-18 12:56:05 - [TEST_STEP][PASSED] - click(findTestObject("Tab_LifePlan/Page_Q07_YourIncome/chk_PartTimeIncome")): Object: 'Object Repository/Tab_LifePlan/Page_Q07_YourIncome/chk_PartTimeIncome' is clicked on

2019-07-18 12:56:05 - [MESSAGE][PASSED] - Object: 'Object Repository/Tab_LifePlan/Page_Q07_YourIncome/chk_PartTimeIncome' is clicked on

2019-07-18 12:56:05 - [TEST_STEP][NOT_RUN] - click(findTestObject("Tab_LifePlan/Page_Q07_YourIncome/chk_NoRetirementPay")): NOT_RUN: click(findTestObject("Tab_LifePlan/Page_Q07_YourIncome/chk_NoRetirementPay"))

2019-07-18 12:56:05 - [MESSAGE][NOT_RUN] - NOT_RUN: click(findTestObject("Tab_LifePlan/Page_Q07_YourIncome/chk_NoRetirementPay"))

2019-07-18 12:56:05 - [TEST_STEP][PASSED] - click(findTestObject("Tab_LifePlan/Page_Q07_YourIncome/btn_Next")): Object: 'Object Repository/Tab_LifePlan/Page_Q07_YourIncome/btn_Next' is clicked on

2019-07-18 12:56:05 - [MESSAGE][PASSED] - Object: 'Object Repository/Tab_LifePlan/Page_Q07_YourIncome/btn_Next' is clicked on

2019-07-18 12:56:05 - [TEST_STEP][PASSED] - click(findTestObject("Tab_LifePlan/Page_Q08_IncomeOfTheSpouse/income_1000")): Object: 'Object Repository/Tab_LifePlan/Page_Q08_IncomeOfTheSpouse/income_1000' is clicked on

2019-07-18 12:56:05 - [MESSAGE][PASSED] - Object: 'Object Repository/Tab_LifePlan/Page_Q08_IncomeOfTheSpouse/income_1000' is clicked on

2019-07-18 12:56:05 - [TEST_STEP][NOT_RUN] - scrollToElement(findTestObject("Tab_LifePlan/Page_Q08_IncomeOfTheSpouse/btn_Next"), 10): NOT_RUN: scrollToElement(findTestObject("Tab_LifePlan/Page_Q08_IncomeOfTheSpouse/btn_Next"), 10)

2019-07-18 12:56:05 - [MESSAGE][NOT_RUN] - NOT_RUN: scrollToElement(findTestObject("Tab_LifePlan/Page_Q08_IncomeOfTheSpouse/btn_Next"), 10)

2019-07-18 12:56:05 - [TEST_STEP][NOT_RUN] - click(findTestObject("Tab_LifePlan/Page_Q08_IncomeOfTheSpouse/chk_PartTimeIncome")): NOT_RUN: click(findTestObject("Tab_LifePlan/Page_Q08_IncomeOfTheSpouse/chk_PartTimeIncome"))

2019-07-18 12:56:05 - [MESSAGE][NOT_RUN] - NOT_RUN: click(findTestObject("Tab_LifePlan/Page_Q08_IncomeOfTheSpouse/chk_PartTimeIncome"))

2019-07-18 12:56:05 - [TEST_STEP][NOT_RUN] - click(findTestObject("Tab_LifePlan/Page_Q08_IncomeOfTheSpouse/chk_NoRetirementPay")): NOT_RUN: click(findTestObject("Tab_LifePlan/Page_Q08_IncomeOfTheSpouse/chk_NoRetirementPay"))

2019-07-18 12:56:05 - [MESSAGE][NOT_RUN] - NOT_RUN: click(findTestObject("Tab_LifePlan/Page_Q08_IncomeOfTheSpouse/chk_NoRetirementPay"))

2019-07-18 12:56:05 - [TEST_STEP][PASSED] - click(findTestObject("Tab_LifePlan/Page_Q08_IncomeOfTheSpouse/btn_Next")): Object: 'Object Repository/Tab_LifePlan/Page_Q08_IncomeOfTheSpouse/btn_Next' is clicked on

2019-07-18 12:56:05 - [MESSAGE][PASSED] - Object: 'Object Repository/Tab_LifePlan/Page_Q08_IncomeOfTheSpouse/btn_Next' is clicked on

2019-07-18 12:56:05 - [TEST_STEP][PASSED] - scrollToElement(findTestObject("Tab_LifePlan/Page_Q09_RentHouse/OwnedHouse"), 10): Scroll to object 'Object Repository/Tab_LifePlan/Page_Q09_RentHouse/OwnedHouse' successfully

2019-07-18 12:56:05 - [MESSAGE][PASSED] - Scroll to object 'Object Repository/Tab_LifePlan/Page_Q09_RentHouse/OwnedHouse' successfully

2019-07-18 12:56:05 - [TEST_STEP][PASSED] - click(findTestObject("Tab_LifePlan/Page_Q09_RentHouse/OwnedHouse")): Object: 'Object Repository/Tab_LifePlan/Page_Q09_RentHouse/OwnedHouse' is clicked on

2019-07-18 12:56:05 - [MESSAGE][PASSED] - Object: 'Object Repository/Tab_LifePlan/Page_Q09_RentHouse/OwnedHouse' is clicked on

2019-07-18 12:56:05 - [TEST_STEP][PASSED] - click(findTestObject("Tab_LifePlan/Page_Q09_RentHouse/rent_5")): Object: 'Object Repository/Tab_LifePlan/Page_Q09_RentHouse/rent_5' is clicked on

2019-07-18 12:56:05 - [MESSAGE][PASSED] - Object: 'Object Repository/Tab_LifePlan/Page_Q09_RentHouse/rent_5' is clicked on

2019-07-18 12:56:05 - [TEST_STEP][PASSED] - scrollToElement(findTestObject("Tab_LifePlan/Page_Q09_RentHouse/btn_Next"), 0): Scroll to object 'Object Repository/Tab_LifePlan/Page_Q09_RentHouse/btn_Next' successfully

2019-07-18 12:56:05 - [MESSAGE][WARNING] - Timeout '0' is invalid. Using default page load timeout: '30'

2019-07-18 12:56:05 - [MESSAGE][PASSED] - Scroll to object 'Object Repository/Tab_LifePlan/Page_Q09_RentHouse/btn_Next' successfully

2019-07-18 12:56:05 - [TEST_STEP][PASSED] - click(findTestObject("Tab_LifePlan/Page_Q09_RentHouse/btn_Next")): Object: 'Object Repository/Tab_LifePlan/Page_Q09_RentHouse/btn_Next' is clicked on

2019-07-18 12:56:06 - [MESSAGE][PASSED] - Object: 'Object Repository/Tab_LifePlan/Page_Q09_RentHouse/btn_Next' is clicked on

2019-07-18 12:56:06 - [TEST_STEP][PASSED] - click(findTestObject("Tab_LifePlan/Page_Q10_CostOfLiving/cost_5")): Object: 'Object Repository/Tab_LifePlan/Page_Q10_CostOfLiving/cost_5' is clicked on

2019-07-18 12:56:06 - [MESSAGE][PASSED] - Object: 'Object Repository/Tab_LifePlan/Page_Q10_CostOfLiving/cost_5' is clicked on

2019-07-18 12:56:06 - [TEST_STEP][PASSED] - click(findTestObject("Tab_LifePlan/Page_Q11_CurrentSavingsAmount/amount_100")): Object: 'Object Repository/Tab_LifePlan/Page_Q11_CurrentSavingsAmount/amount_100' is clicked on

2019-07-18 12:56:06 - [MESSAGE][PASSED] - Object: 'Object Repository/Tab_LifePlan/Page_Q11_CurrentSavingsAmount/amount_100' is clicked on

2019-07-18 12:56:06 - [TEST_STEP][PASSED] - waitForElementPresent(findTestObject("Tab_LifePlan/Page_LifePlanResult/tv_AmountAt65"), 20): Object 'Object Repository/Tab_LifePlan/Page_LifePlanResult/tv_AmountAt65' is present

2019-07-18 12:56:06 - [MESSAGE][PASSED] - Object 'Object Repository/Tab_LifePlan/Page_LifePlanResult/tv_AmountAt65' is present

2019-07-18 12:56:06 - [TEST_STEP][PASSED] - amountAt65OnWebApp = getText(findTestObject("Tab_LifePlan/Page_LifePlanResult/tv_AmountAt65")): Text of object 'Object Repository/Tab_LifePlan/Page_LifePlanResult/tv_AmountAt65' is: '+2.73'

2019-07-18 12:56:07 - [MESSAGE][PASSED] - Text of object 'Object Repository/Tab_LifePlan/Page_LifePlanResult/tv_AmountAt65' is: '+2.73'

2019-07-18 12:56:07 - [TEST_STEP][PASSED] - log.logInfo(amountAt65OnWebApp): +2.73

2019-07-18 12:56:07 - [MESSAGE][INFO] - +2.73

2019-07-18 12:56:07 - [TEST_STEP][PASSED] - closeBrowser(): Browser is closed

2019-07-18 12:56:07 - [MESSAGE][PASSED] - Browser is closed

2019-07-18 12:56:07 - [TEST_STEP][PASSED] - return amountAt65OnWebApp: null

2019-07-18 12:56:07 - [MESSAGE][PASSED] - Call Test Case 'Test Cases/TC_LifePlanAnalytics/TC_Scr01-10' successfully

2019-07-18 12:56:07 - [TEST_STEP][PASSED] - log.logInfo("TC_Scr01-" + i + " = " + amountAt65OnWebApp): TC_Scr01-10 = +2.73

2019-07-18 12:56:07 - [MESSAGE][INFO] - TC_Scr01-10 = +2.73

2019-07-18 12:56:07 - [TEST_STEP][PASSED] - setValueToCellByIndex(sheet01, 11 + i, 24, amountAt65OnWebApp): null

2019-07-18 12:56:07 - [TEST_STEP][PASSED] - if (i < 10): null

2019-07-18 12:56:07 - [TEST_STEP][PASSED] - else: Call Test Case 'Test Cases/TC_LifePlanAnalytics/TC_Scr01-11' successfully

2019-07-18 12:56:07 - [TEST_STEP][PASSED] - amountAt65OnWebApp = callTestCase(findTestCase("TC_LifePlanAnalytics/TC_Scr01-" + i), [:], OPTIONAL): Call Test Case 'Test Cases/TC_LifePlanAnalytics/TC_Scr01-11' successfully

2019-07-18 12:56:07 - [TEST_CASE][PASSED] - Test Cases/TC_LifePlanAnalytics/TC_Scr01-11: Test Cases/TC_LifePlanAnalytics/TC_Scr01-11

2019-07-18 12:56:07 - [TEST_STEP][PASSED] - log = new com.kms.katalon.core.logging.KeywordLogger(): null

2019-07-18 12:56:07 - [TEST_STEP][PASSED] - callTestCase(findTestCase("TC_AddVTKT"), [:], STOP_ON_FAILURE): Call Test Case 'Test Cases/TC_AddVTKT' successfully

2019-07-18 12:56:07 - [TEST_CASE][PASSED] - Test Cases/TC_AddVTKT: Test Cases/TC_AddVTKT

2019-07-18 12:56:07 - [TEST_STEP][PASSED] - openBrowser(""): Browser is opened with url: ''

2019-07-18 12:56:07 - [MESSAGE][INFO] - Starting 'Chrome' driver

2019-07-18 12:56:07 - [MESSAGE][INFO] - User set preference: ['args', '[-user-agent=Mozilla/5.0 (Linux; Android 9; SOV37 Build/52.0.C.1.112; wv) AppleWebKit/537.36 (KHTML, like Gecko) Version/4.0 Chrome/68.0.3440.91 Mobile Safari/537.36 6.0.2-k1]']

2019-07-18 12:56:10 - [MESSAGE][PASSED] - Browser is opened with url: ''

2019-07-18 12:56:10 - [TEST_STEP][PASSED] - navigateToUrl("https://dev.pfm.wallet.auone.jp/life_plan/"): Navigate to 'https://dev.pfm.wallet.auone.jp/life_plan/' successfully

2019-07-18 12:56:12 - [MESSAGE][PASSED] - Navigate to 'https://dev.pfm.wallet.auone.jp/life_plan/' successfully

2019-07-18 12:56:12 - [TEST_STEP][PASSED] - maximizeWindow(): Current window maximized

2019-07-18 12:56:13 - [MESSAGE][PASSED] - Current window maximized

2019-07-18 12:56:13 - [TEST_STEP][PASSED] - ck = new org.openqa.selenium.Cookie(VTKT, rtm0wCOc6hTIFjf19P7KEEn-NB7Jp8k5QvzBE7r1OxqcIYMRdmnbLGJqQYL7Lnv_Z7-e796XbNYuZ-AS_eJwPNQgQ4Kz3YSmcqmHm1CSCJAtHREgQ8GKcl29Banngbs4XK1ZuH_eUsCeXHVH0I8mIQ): null

2019-07-18 12:56:13 - [TEST_STEP][PASSED] - driver = getWebDriver(): null

2019-07-18 12:56:13 - [TEST_STEP][PASSED] - manage().addCookie(ck): null

2019-07-18 12:56:13 - [TEST_STEP][PASSED] - waitForPageLoad(10): Wait for page load successfully

2019-07-18 12:56:13 - [MESSAGE][PASSED] - Wait for page load successfully

2019-07-18 12:56:13 - [TEST_STEP][PASSED] - refresh(): Refresh successfully

2019-07-18 12:56:13 - [MESSAGE][PASSED] - Refresh successfully

2019-07-18 12:56:13 - [MESSAGE][PASSED] - Call Test Case 'Test Cases/TC_AddVTKT' successfully

2019-07-18 12:56:13 - [TEST_STEP][PASSED] - click(findTestObject("Tab_LifePlan/Page_LifePlanResult/btn_LifePlan")): Object: 'Object Repository/Tab_LifePlan/Page_LifePlanResult/btn_LifePlan' is clicked on

2019-07-18 12:56:16 - [MESSAGE][PASSED] - Object: 'Object Repository/Tab_LifePlan/Page_LifePlanResult/btn_LifePlan' is clicked on

2019-07-18 12:56:16 - [TEST_STEP][PASSED] - click(findTestObject("Tab_LifePlan/Page_Q01_Age/Age_30")): Object: 'Object Repository/Tab_LifePlan/Page_Q01_Age/Age_30' is clicked on

2019-07-18 12:56:17 - [MESSAGE][PASSED] - Object: 'Object Repository/Tab_LifePlan/Page_Q01_Age/Age_30' is clicked on

2019-07-18 12:56:17 - [TEST_STEP][PASSED] - click(findTestObject("Tab_LifePlan/Page_Q02_CurrentSituation/Single")): Object: 'Object Repository/Tab_LifePlan/Page_Q02_CurrentSituation/Single' is clicked on

2019-07-18 12:56:17 - [MESSAGE][PASSED] - Object: 'Object Repository/Tab_LifePlan/Page_Q02_CurrentSituation/Single' is clicked on

2019-07-18 12:56:17 - [TEST_STEP][PASSED] - click(findTestObject("Tab_LifePlan/Page_Q03_Children/Children_0")): Object: 'Object Repository/Tab_LifePlan/Page_Q03_Children/Children_0' is clicked on

2019-07-18 12:56:17 - [MESSAGE][PASSED] - Object: 'Object Repository/Tab_LifePlan/Page_Q03_Children/Children_0' is clicked on

2019-07-18 12:56:17 - [TEST_STEP][PASSED] - click(findTestObject("Tab_LifePlan/Page_Q04_Future/WantToMarryAndWantToHaveAChild")): Object: 'Object Repository/Tab_LifePlan/Page_Q04_Future/WantToMarryAndWantToHaveAChild' is clicked on

2019-07-18 12:56:17 - [MESSAGE][PASSED] - Object: 'Object Repository/Tab_LifePlan/Page_Q04_Future/WantToMarryAndWantToHaveAChild' is clicked on

2019-07-18 12:56:17 - [TEST_STEP][PASSED] - click(findTestObject("Tab_LifePlan/Page_Q05_WhenGetMarry/Years_10")): Object: 'Object Repository/Tab_LifePlan/Page_Q05_WhenGetMarry/Years_10' is clicked on

2019-07-18 12:56:17 - [MESSAGE][PASSED] - Object: 'Object Repository/Tab_LifePlan/Page_Q05_WhenGetMarry/Years_10' is clicked on

2019-07-18 12:56:17 - [TEST_STEP][PASSED] - click(findTestObject("Tab_LifePlan/Page_Q06_NumberOfChildrenWanToGet/Children_2")): Object: 'Object Repository/Tab_LifePlan/Page_Q06_NumberOfChildrenWanToGet/Children_2' is clicked on

2019-07-18 12:56:17 - [MESSAGE][PASSED] - Object: 'Object Repository/Tab_LifePlan/Page_Q06_NumberOfChildrenWanToGet/Children_2' is clicked on

2019-07-18 12:56:17 - [TEST_STEP][PASSED] - click(findTestObject("Tab_LifePlan/Page_Q07_YourIncome/income_300")): Object: 'Object Repository/Tab_LifePlan/Page_Q07_YourIncome/income_300' is clicked on

2019-07-18 12:56:17 - [MESSAGE][PASSED] - Object: 'Object Repository/Tab_LifePlan/Page_Q07_YourIncome/income_300' is clicked on

2019-07-18 12:56:17 - [TEST_STEP][PASSED] - scrollToElement(findTestObject("Tab_LifePlan/Page_Q07_YourIncome/btn_Next"), 10): Scroll to object 'Object Repository/Tab_LifePlan/Page_Q07_YourIncome/btn_Next' successfully

2019-07-18 12:56:17 - [MESSAGE][PASSED] - Scroll to object 'Object Repository/Tab_LifePlan/Page_Q07_YourIncome/btn_Next' successfully

2019-07-18 12:56:17 - [TEST_STEP][PASSED] - click(findTestObject("Tab_LifePlan/Page_Q07_YourIncome/chk_PartTimeIncome")): Object: 'Object Repository/Tab_LifePlan/Page_Q07_YourIncome/chk_PartTimeIncome' is clicked on

2019-07-18 12:56:17 - [MESSAGE][PASSED] - Object: 'Object Repository/Tab_LifePlan/Page_Q07_YourIncome/chk_PartTimeIncome' is clicked on

2019-07-18 12:56:17 - [TEST_STEP][NOT_RUN] - click(findTestObject("Tab_LifePlan/Page_Q07_YourIncome/chk_NoRetirementPay")): NOT_RUN: click(findTestObject("Tab_LifePlan/Page_Q07_YourIncome/chk_NoRetirementPay"))

2019-07-18 12:56:17 - [MESSAGE][NOT_RUN] - NOT_RUN: click(findTestObject("Tab_LifePlan/Page_Q07_YourIncome/chk_NoRetirementPay"))

2019-07-18 12:56:17 - [TEST_STEP][PASSED] - click(findTestObject("Tab_LifePlan/Page_Q07_YourIncome/btn_Next")): Object: 'Object Repository/Tab_LifePlan/Page_Q07_YourIncome/btn_Next' is clicked on

2019-07-18 12:56:18 - [MESSAGE][PASSED] - Object: 'Object Repository/Tab_LifePlan/Page_Q07_YourIncome/btn_Next' is clicked on

2019-07-18 12:56:18 - [TEST_STEP][PASSED] - click(findTestObject("Tab_LifePlan/Page_Q08_IncomeOfTheSpouse/income_1500")): Object: 'Object Repository/Tab_LifePlan/Page_Q08_IncomeOfTheSpouse/income_1500' is clicked on

2019-07-18 12:56:18 - [MESSAGE][PASSED] - Object: 'Object Repository/Tab_LifePlan/Page_Q08_IncomeOfTheSpouse/income_1500' is clicked on

2019-07-18 12:56:18 - [TEST_STEP][NOT_RUN] - scrollToElement(findTestObject("Tab_LifePlan/Page_Q08_IncomeOfTheSpouse/btn_Next"), 10): NOT_RUN: scrollToElement(findTestObject("Tab_LifePlan/Page_Q08_IncomeOfTheSpouse/btn_Next"), 10)

2019-07-18 12:56:18 - [MESSAGE][NOT_RUN] - NOT_RUN: scrollToElement(findTestObject("Tab_LifePlan/Page_Q08_IncomeOfTheSpouse/btn_Next"), 10)

2019-07-18 12:56:18 - [TEST_STEP][NOT_RUN] - click(findTestObject("Tab_LifePlan/Page_Q08_IncomeOfTheSpouse/chk_PartTimeIncome")): NOT_RUN: click(findTestObject("Tab_LifePlan/Page_Q08_IncomeOfTheSpouse/chk_PartTimeIncome"))

2019-07-18 12:56:18 - [MESSAGE][NOT_RUN] - NOT_RUN: click(findTestObject("Tab_LifePlan/Page_Q08_IncomeOfTheSpouse/chk_PartTimeIncome"))

2019-07-18 12:56:18 - [TEST_STEP][NOT_RUN] - click(findTestObject("Tab_LifePlan/Page_Q08_IncomeOfTheSpouse/chk_NoRetirementPay")): NOT_RUN: click(findTestObject("Tab_LifePlan/Page_Q08_IncomeOfTheSpouse/chk_NoRetirementPay"))

2019-07-18 12:56:18 - [MESSAGE][NOT_RUN] - NOT_RUN: click(findTestObject("Tab_LifePlan/Page_Q08_IncomeOfTheSpouse/chk_NoRetirementPay"))

2019-07-18 12:56:18 - [TEST_STEP][PASSED] - click(findTestObject("Tab_LifePlan/Page_Q08_IncomeOfTheSpouse/btn_Next")): Object: 'Object Repository/Tab_LifePlan/Page_Q08_IncomeOfTheSpouse/btn_Next' is clicked on

2019-07-18 12:56:18 - [MESSAGE][PASSED] - Object: 'Object Repository/Tab_LifePlan/Page_Q08_IncomeOfTheSpouse/btn_Next' is clicked on

2019-07-18 12:56:18 - [TEST_STEP][PASSED] - scrollToElement(findTestObject("Tab_LifePlan/Page_Q09_RentHouse/OwnedHouse"), 10): Scroll to object 'Object Repository/Tab_LifePlan/Page_Q09_RentHouse/OwnedHouse' successfully

2019-07-18 12:56:18 - [MESSAGE][PASSED] - Scroll to object 'Object Repository/Tab_LifePlan/Page_Q09_RentHouse/OwnedHouse' successfully

2019-07-18 12:56:18 - [TEST_STEP][PASSED] - click(findTestObject("Tab_LifePlan/Page_Q09_RentHouse/OwnedHouse")): Object: 'Object Repository/Tab_LifePlan/Page_Q09_RentHouse/OwnedHouse' is clicked on

2019-07-18 12:56:18 - [MESSAGE][PASSED] - Object: 'Object Repository/Tab_LifePlan/Page_Q09_RentHouse/OwnedHouse' is clicked on

2019-07-18 12:56:18 - [TEST_STEP][PASSED] - click(findTestObject("Tab_LifePlan/Page_Q09_RentHouse/rent_5")): Object: 'Object Repository/Tab_LifePlan/Page_Q09_RentHouse/rent_5' is clicked on

2019-07-18 12:56:18 - [MESSAGE][PASSED] - Object: 'Object Repository/Tab_LifePlan/Page_Q09_RentHouse/rent_5' is clicked on

2019-07-18 12:56:18 - [TEST_STEP][PASSED] - scrollToElement(findTestObject("Tab_LifePlan/Page_Q09_RentHouse/btn_Next"), 0): Scroll to object 'Object Repository/Tab_LifePlan/Page_Q09_RentHouse/btn_Next' successfully

2019-07-18 12:56:18 - [MESSAGE][WARNING] - Timeout '0' is invalid. Using default page load timeout: '30'

2019-07-18 12:56:18 - [MESSAGE][PASSED] - Scroll to object 'Object Repository/Tab_LifePlan/Page_Q09_RentHouse/btn_Next' successfully

2019-07-18 12:56:18 - [TEST_STEP][PASSED] - click(findTestObject("Tab_LifePlan/Page_Q09_RentHouse/btn_Next")): Object: 'Object Repository/Tab_LifePlan/Page_Q09_RentHouse/btn_Next' is clicked on

2019-07-18 12:56:18 - [MESSAGE][PASSED] - Object: 'Object Repository/Tab_LifePlan/Page_Q09_RentHouse/btn_Next' is clicked on

2019-07-18 12:56:18 - [TEST_STEP][PASSED] - click(findTestObject("Tab_LifePlan/Page_Q10_CostOfLiving/cost_5")): Object: 'Object Repository/Tab_LifePlan/Page_Q10_CostOfLiving/cost_5' is clicked on

2019-07-18 12:56:18 - [MESSAGE][PASSED] - Object: 'Object Repository/Tab_LifePlan/Page_Q10_CostOfLiving/cost_5' is clicked on

2019-07-18 12:56:18 - [TEST_STEP][PASSED] - click(findTestObject("Tab_LifePlan/Page_Q11_CurrentSavingsAmount/amount_100")): Object: 'Object Repository/Tab_LifePlan/Page_Q11_CurrentSavingsAmount/amount_100' is clicked on

2019-07-18 12:56:18 - [MESSAGE][PASSED] - Object: 'Object Repository/Tab_LifePlan/Page_Q11_CurrentSavingsAmount/amount_100' is clicked on

2019-07-18 12:56:18 - [TEST_STEP][PASSED] - waitForElementPresent(findTestObject("Tab_LifePlan/Page_LifePlanResult/tv_AmountAt65"), 20): Object 'Object Repository/Tab_LifePlan/Page_LifePlanResult/tv_AmountAt65' is present

2019-07-18 12:56:19 - [MESSAGE][PASSED] - Object 'Object Repository/Tab_LifePlan/Page_LifePlanResult/tv_AmountAt65' is present

2019-07-18 12:56:19 - [TEST_STEP][PASSED] - amountAt65OnWebApp = getText(findTestObject("Tab_LifePlan/Page_LifePlanResult/tv_AmountAt65")): Text of object 'Object Repository/Tab_LifePlan/Page_LifePlanResult/tv_AmountAt65' is: '+1.80'

2019-07-18 12:56:19 - [MESSAGE][PASSED] - Text of object 'Object Repository/Tab_LifePlan/Page_LifePlanResult/tv_AmountAt65' is: '+1.80'

2019-07-18 12:56:19 - [TEST_STEP][PASSED] - log.logInfo(amountAt65OnWebApp): +1.80

2019-07-18 12:56:19 - [MESSAGE][INFO] - +1.80

2019-07-18 12:56:19 - [TEST_STEP][PASSED] - closeBrowser(): Browser is closed

2019-07-18 12:56:20 - [MESSAGE][PASSED] - Browser is closed

2019-07-18 12:56:20 - [TEST_STEP][PASSED] - return amountAt65OnWebApp: null

2019-07-18 12:56:20 - [MESSAGE][PASSED] - Call Test Case 'Test Cases/TC_LifePlanAnalytics/TC_Scr01-11' successfully

2019-07-18 12:56:20 - [TEST_STEP][PASSED] - log.logInfo("TC_Scr01-" + i + " = " + amountAt65OnWebApp): TC_Scr01-11 = +1.80

2019-07-18 12:56:20 - [MESSAGE][INFO] - TC_Scr01-11 = +1.80

2019-07-18 12:56:20 - [TEST_STEP][PASSED] - setValueToCellByIndex(sheet01, 11 + i, 24, amountAt65OnWebApp): null

2019-07-18 12:56:20 - [TEST_STEP][PASSED] - if (i < 10): null

2019-07-18 12:56:20 - [TEST_STEP][PASSED] - else: Call Test Case 'Test Cases/TC_LifePlanAnalytics/TC_Scr01-12' successfully

2019-07-18 12:56:20 - [TEST_STEP][PASSED] - amountAt65OnWebApp = callTestCase(findTestCase("TC_LifePlanAnalytics/TC_Scr01-" + i), [:], OPTIONAL): Call Test Case 'Test Cases/TC_LifePlanAnalytics/TC_Scr01-12' successfully

2019-07-18 12:56:20 - [TEST_CASE][PASSED] - Test Cases/TC_LifePlanAnalytics/TC_Scr01-12: Test Cases/TC_LifePlanAnalytics/TC_Scr01-12

2019-07-18 12:56:20 - [TEST_STEP][PASSED] - log = new com.kms.katalon.core.logging.KeywordLogger(): null

2019-07-18 12:56:20 - [TEST_STEP][PASSED] - callTestCase(findTestCase("TC_AddVTKT"), [:], STOP_ON_FAILURE): Call Test Case 'Test Cases/TC_AddVTKT' successfully

2019-07-18 12:56:20 - [TEST_CASE][PASSED] - Test Cases/TC_AddVTKT: Test Cases/TC_AddVTKT

2019-07-18 12:56:20 - [TEST_STEP][PASSED] - openBrowser(""): Browser is opened with url: ''

2019-07-18 12:56:20 - [MESSAGE][INFO] - Starting 'Chrome' driver

2019-07-18 12:56:20 - [MESSAGE][INFO] - User set preference: ['args', '[-user-agent=Mozilla/5.0 (Linux; Android 9; SOV37 Build/52.0.C.1.112; wv) AppleWebKit/537.36 (KHTML, like Gecko) Version/4.0 Chrome/68.0.3440.91 Mobile Safari/537.36 6.0.2-k1]']

2019-07-18 12:56:23 - [MESSAGE][PASSED] - Browser is opened with url: ''

2019-07-18 12:56:23 - [TEST_STEP][PASSED] - navigateToUrl("https://dev.pfm.wallet.auone.jp/life_plan/"): Navigate to 'https://dev.pfm.wallet.auone.jp/life_plan/' successfully

2019-07-18 12:56:25 - [MESSAGE][PASSED] - Navigate to 'https://dev.pfm.wallet.auone.jp/life_plan/' successfully

2019-07-18 12:56:25 - [TEST_STEP][PASSED] - maximizeWindow(): Current window maximized

2019-07-18 12:56:26 - [MESSAGE][PASSED] - Current window maximized

2019-07-18 12:56:26 - [TEST_STEP][PASSED] - ck = new org.openqa.selenium.Cookie(VTKT, rtm0wCOc6hTIFjf19P7KEEn-NB7Jp8k5QvzBE7r1OxqcIYMRdmnbLGJqQYL7Lnv_Z7-e796XbNYuZ-AS_eJwPNQgQ4Kz3YSmcqmHm1CSCJAtHREgQ8GKcl29Banngbs4XK1ZuH_eUsCeXHVH0I8mIQ): null

2019-07-18 12:56:26 - [TEST_STEP][PASSED] - driver = getWebDriver(): null

2019-07-18 12:56:26 - [TEST_STEP][PASSED] - manage().addCookie(ck): null

2019-07-18 12:56:26 - [TEST_STEP][PASSED] - waitForPageLoad(10): Wait for page load successfully

2019-07-18 12:56:26 - [MESSAGE][PASSED] - Wait for page load successfully

2019-07-18 12:56:26 - [TEST_STEP][PASSED] - refresh(): Refresh successfully

2019-07-18 12:56:26 - [MESSAGE][PASSED] - Refresh successfully

2019-07-18 12:56:26 - [MESSAGE][PASSED] - Call Test Case 'Test Cases/TC_AddVTKT' successfully

2019-07-18 12:56:26 - [TEST_STEP][PASSED] - click(findTestObject("Tab_LifePlan/Page_LifePlanResult/btn_LifePlan")): Object: 'Object Repository/Tab_LifePlan/Page_LifePlanResult/btn_LifePlan' is clicked on

2019-07-18 12:56:29 - [MESSAGE][PASSED] - Object: 'Object Repository/Tab_LifePlan/Page_LifePlanResult/btn_LifePlan' is clicked on

2019-07-18 12:56:29 - [TEST_STEP][PASSED] - click(findTestObject("Tab_LifePlan/Page_Q01_Age/Age_40")): Object: 'Object Repository/Tab_LifePlan/Page_Q01_Age/Age_40' is clicked on

2019-07-18 12:56:30 - [MESSAGE][PASSED] - Object: 'Object Repository/Tab_LifePlan/Page_Q01_Age/Age_40' is clicked on

2019-07-18 12:56:30 - [TEST_STEP][PASSED] - click(findTestObject("Tab_LifePlan/Page_Q02_CurrentSituation/Married")): Object: 'Object Repository/Tab_LifePlan/Page_Q02_CurrentSituation/Married' is clicked on

2019-07-18 12:56:30 - [MESSAGE][PASSED] - Object: 'Object Repository/Tab_LifePlan/Page_Q02_CurrentSituation/Married' is clicked on

2019-07-18 12:56:30 - [TEST_STEP][PASSED] - click(findTestObject("Tab_LifePlan/Page_Q03_Children/Children_2")): Object: 'Object Repository/Tab_LifePlan/Page_Q03_Children/Children_2' is clicked on

2019-07-18 12:56:30 - [MESSAGE][PASSED] - Object: 'Object Repository/Tab_LifePlan/Page_Q03_Children/Children_2' is clicked on

2019-07-18 12:56:30 - [TEST_STEP][PASSED] - click(findTestObject("Tab_LifePlan/Page_Q4_FutureMarried/children_No")): Object: 'Object Repository/Tab_LifePlan/Page_Q4_FutureMarried/children_No' is clicked on

2019-07-18 12:56:30 - [MESSAGE][PASSED] - Object: 'Object Repository/Tab_LifePlan/Page_Q4_FutureMarried/children_No' is clicked on

2019-07-18 12:56:30 - [TEST_STEP][NOT_RUN] - click(findTestObject("Tab_LifePlan/Page_Q05_WhenGetMarry/Years_1")): NOT_RUN: click(findTestObject("Tab_LifePlan/Page_Q05_WhenGetMarry/Years_1"))

2019-07-18 12:56:30 - [MESSAGE][NOT_RUN] - NOT_RUN: click(findTestObject("Tab_LifePlan/Page_Q05_WhenGetMarry/Years_1"))

2019-07-18 12:56:30 - [TEST_STEP][NOT_RUN] - click(findTestObject("Tab_LifePlan/Page_Q06_NumberOfChildrenWanToGet/Children_5")): NOT_RUN: click(findTestObject("Tab_LifePlan/Page_Q06_NumberOfChildrenWanToGet/Children_5"))

2019-07-18 12:56:30 - [MESSAGE][NOT_RUN] - NOT_RUN: click(findTestObject("Tab_LifePlan/Page_Q06_NumberOfChildrenWanToGet/Children_5"))

2019-07-18 12:56:30 - [TEST_STEP][PASSED] - click(findTestObject("Tab_LifePlan/Page_Q07_YourIncome/income_400")): Object: 'Object Repository/Tab_LifePlan/Page_Q07_YourIncome/income_400' is clicked on

2019-07-18 12:56:30 - [MESSAGE][PASSED] - Object: 'Object Repository/Tab_LifePlan/Page_Q07_YourIncome/income_400' is clicked on

2019-07-18 12:56:30 - [TEST_STEP][PASSED] - scrollToElement(findTestObject("Tab_LifePlan/Page_Q07_YourIncome/btn_Next"), 10): Scroll to object 'Object Repository/Tab_LifePlan/Page_Q07_YourIncome/btn_Next' successfully

2019-07-18 12:56:30 - [MESSAGE][PASSED] - Scroll to object 'Object Repository/Tab_LifePlan/Page_Q07_YourIncome/btn_Next' successfully

2019-07-18 12:56:30 - [TEST_STEP][PASSED] - click(findTestObject("Tab_LifePlan/Page_Q07_YourIncome/chk_PartTimeIncome")): Object: 'Object Repository/Tab_LifePlan/Page_Q07_YourIncome/chk_PartTimeIncome' is clicked on

2019-07-18 12:56:30 - [MESSAGE][PASSED] - Object: 'Object Repository/Tab_LifePlan/Page_Q07_YourIncome/chk_PartTimeIncome' is clicked on

2019-07-18 12:56:30 - [TEST_STEP][NOT_RUN] - click(findTestObject("Tab_LifePlan/Page_Q07_YourIncome/chk_NoRetirementPay")): NOT_RUN: click(findTestObject("Tab_LifePlan/Page_Q07_YourIncome/chk_NoRetirementPay"))

2019-07-18 12:56:30 - [MESSAGE][NOT_RUN] - NOT_RUN: click(findTestObject("Tab_LifePlan/Page_Q07_YourIncome/chk_NoRetirementPay"))

2019-07-18 12:56:30 - [TEST_STEP][PASSED] - click(findTestObject("Tab_LifePlan/Page_Q07_YourIncome/btn_Next")): Object: 'Object Repository/Tab_LifePlan/Page_Q07_YourIncome/btn_Next' is clicked on

2019-07-18 12:56:30 - [MESSAGE][PASSED] - Object: 'Object Repository/Tab_LifePlan/Page_Q07_YourIncome/btn_Next' is clicked on

2019-07-18 12:56:30 - [TEST_STEP][PASSED] - click(findTestObject("Tab_LifePlan/Page_Q08_IncomeOfTheSpouse/income_2000")): Object: 'Object Repository/Tab_LifePlan/Page_Q08_IncomeOfTheSpouse/income_2000' is clicked on

2019-07-18 12:56:31 - [MESSAGE][PASSED] - Object: 'Object Repository/Tab_LifePlan/Page_Q08_IncomeOfTheSpouse/income_2000' is clicked on

2019-07-18 12:56:31 - [TEST_STEP][NOT_RUN] - scrollToElement(findTestObject("Tab_LifePlan/Page_Q08_IncomeOfTheSpouse/btn_Next"), 10): NOT_RUN: scrollToElement(findTestObject("Tab_LifePlan/Page_Q08_IncomeOfTheSpouse/btn_Next"), 10)

2019-07-18 12:56:31 - [MESSAGE][NOT_RUN] - NOT_RUN: scrollToElement(findTestObject("Tab_LifePlan/Page_Q08_IncomeOfTheSpouse/btn_Next"), 10)

2019-07-18 12:56:31 - [TEST_STEP][NOT_RUN] - click(findTestObject("Tab_LifePlan/Page_Q08_IncomeOfTheSpouse/chk_PartTimeIncome")): NOT_RUN: click(findTestObject("Tab_LifePlan/Page_Q08_IncomeOfTheSpouse/chk_PartTimeIncome"))

2019-07-18 12:56:31 - [MESSAGE][NOT_RUN] - NOT_RUN: click(findTestObject("Tab_LifePlan/Page_Q08_IncomeOfTheSpouse/chk_PartTimeIncome"))

2019-07-18 12:56:31 - [TEST_STEP][NOT_RUN] - click(findTestObject("Tab_LifePlan/Page_Q08_IncomeOfTheSpouse/chk_NoRetirementPay")): NOT_RUN: click(findTestObject("Tab_LifePlan/Page_Q08_IncomeOfTheSpouse/chk_NoRetirementPay"))

2019-07-18 12:56:31 - [MESSAGE][NOT_RUN] - NOT_RUN: click(findTestObject("Tab_LifePlan/Page_Q08_IncomeOfTheSpouse/chk_NoRetirementPay"))

2019-07-18 12:56:31 - [TEST_STEP][PASSED] - click(findTestObject("Tab_LifePlan/Page_Q08_IncomeOfTheSpouse/btn_Next")): Object: 'Object Repository/Tab_LifePlan/Page_Q08_IncomeOfTheSpouse/btn_Next' is clicked on

2019-07-18 12:56:31 - [MESSAGE][PASSED] - Object: 'Object Repository/Tab_LifePlan/Page_Q08_IncomeOfTheSpouse/btn_Next' is clicked on

2019-07-18 12:56:31 - [TEST_STEP][PASSED] - scrollToElement(findTestObject("Tab_LifePlan/Page_Q09_RentHouse/OwnedHouse"), 10): Scroll to object 'Object Repository/Tab_LifePlan/Page_Q09_RentHouse/OwnedHouse' successfully

2019-07-18 12:56:31 - [MESSAGE][PASSED] - Scroll to object 'Object Repository/Tab_LifePlan/Page_Q09_RentHouse/OwnedHouse' successfully

2019-07-18 12:56:31 - [TEST_STEP][PASSED] - click(findTestObject("Tab_LifePlan/Page_Q09_RentHouse/OwnedHouse")): Object: 'Object Repository/Tab_LifePlan/Page_Q09_RentHouse/OwnedHouse' is clicked on

2019-07-18 12:56:31 - [MESSAGE][PASSED] - Object: 'Object Repository/Tab_LifePlan/Page_Q09_RentHouse/OwnedHouse' is clicked on

2019-07-18 12:56:31 - [TEST_STEP][PASSED] - click(findTestObject("Tab_LifePlan/Page_Q09_RentHouse/rent_5")): Object: 'Object Repository/Tab_LifePlan/Page_Q09_RentHouse/rent_5' is clicked on

2019-07-18 12:56:31 - [MESSAGE][PASSED] - Object: 'Object Repository/Tab_LifePlan/Page_Q09_RentHouse/rent_5' is clicked on

2019-07-18 12:56:31 - [TEST_STEP][PASSED] - scrollToElement(findTestObject("Tab_LifePlan/Page_Q09_RentHouse/btn_Next"), 0): Scroll to object 'Object Repository/Tab_LifePlan/Page_Q09_RentHouse/btn_Next' successfully

2019-07-18 12:56:31 - [MESSAGE][WARNING] - Timeout '0' is invalid. Using default page load timeout: '30'

2019-07-18 12:56:31 - [MESSAGE][PASSED] - Scroll to object 'Object Repository/Tab_LifePlan/Page_Q09_RentHouse/btn_Next' successfully

2019-07-18 12:56:31 - [TEST_STEP][PASSED] - click(findTestObject("Tab_LifePlan/Page_Q09_RentHouse/btn_Next")): Object: 'Object Repository/Tab_LifePlan/Page_Q09_RentHouse/btn_Next' is clicked on

2019-07-18 12:56:31 - [MESSAGE][PASSED] - Object: 'Object Repository/Tab_LifePlan/Page_Q09_RentHouse/btn_Next' is clicked on

2019-07-18 12:56:31 - [TEST_STEP][PASSED] - click(findTestObject("Tab_LifePlan/Page_Q10_CostOfLiving/cost_5")): Object: 'Object Repository/Tab_LifePlan/Page_Q10_CostOfLiving/cost_5' is clicked on

2019-07-18 12:56:31 - [MESSAGE][PASSED] - Object: 'Object Repository/Tab_LifePlan/Page_Q10_CostOfLiving/cost_5' is clicked on

2019-07-18 12:56:31 - [TEST_STEP][PASSED] - click(findTestObject("Tab_LifePlan/Page_Q11_CurrentSavingsAmount/amount_100")): Object: 'Object Repository/Tab_LifePlan/Page_Q11_CurrentSavingsAmount/amount_100' is clicked on

2019-07-18 12:56:31 - [MESSAGE][PASSED] - Object: 'Object Repository/Tab_LifePlan/Page_Q11_CurrentSavingsAmount/amount_100' is clicked on

2019-07-18 12:56:31 - [TEST_STEP][PASSED] - waitForElementPresent(findTestObject("Tab_LifePlan/Page_LifePlanResult/tv_AmountAt65"), 20): Object 'Object Repository/Tab_LifePlan/Page_LifePlanResult/tv_AmountAt65' is present

2019-07-18 12:56:32 - [MESSAGE][PASSED] - Object 'Object Repository/Tab_LifePlan/Page_LifePlanResult/tv_AmountAt65' is present

2019-07-18 12:56:32 - [TEST_STEP][PASSED] - amountAt65OnWebApp = getText(findTestObject("Tab_LifePlan/Page_LifePlanResult/tv_AmountAt65")): Text of object 'Object Repository/Tab_LifePlan/Page_LifePlanResult/tv_AmountAt65' is: '+2.93'

2019-07-18 12:56:32 - [MESSAGE][PASSED] - Text of object 'Object Repository/Tab_LifePlan/Page_LifePlanResult/tv_AmountAt65' is: '+2.93'

2019-07-18 12:56:32 - [TEST_STEP][PASSED] - log.logInfo(amountAt65OnWebApp): +2.93

2019-07-18 12:56:32 - [MESSAGE][INFO] - +2.93

2019-07-18 12:56:32 - [TEST_STEP][PASSED] - closeBrowser(): Browser is closed

2019-07-18 12:56:33 - [MESSAGE][PASSED] - Browser is closed

2019-07-18 12:56:33 - [TEST_STEP][PASSED] - return amountAt65OnWebApp: null

2019-07-18 12:56:33 - [MESSAGE][PASSED] - Call Test Case 'Test Cases/TC_LifePlanAnalytics/TC_Scr01-12' successfully

2019-07-18 12:56:33 - [TEST_STEP][PASSED] - log.logInfo("TC_Scr01-" + i + " = " + amountAt65OnWebApp): TC_Scr01-12 = +2.93

2019-07-18 12:56:33 - [MESSAGE][INFO] - TC_Scr01-12 = +2.93

2019-07-18 12:56:33 - [TEST_STEP][PASSED] - setValueToCellByIndex(sheet01, 11 + i, 24, amountAt65OnWebApp): null

2019-07-18 12:56:33 - [TEST_STEP][PASSED] - if (i < 10): null

2019-07-18 12:56:33 - [TEST_STEP][PASSED] - else: Call Test Case 'Test Cases/TC_LifePlanAnalytics/TC_Scr01-13' successfully

2019-07-18 12:56:33 - [TEST_STEP][PASSED] - amountAt65OnWebApp = callTestCase(findTestCase("TC_LifePlanAnalytics/TC_Scr01-" + i), [:], OPTIONAL): Call Test Case 'Test Cases/TC_LifePlanAnalytics/TC_Scr01-13' successfully

2019-07-18 12:56:33 - [TEST_CASE][PASSED] - Test Cases/TC_LifePlanAnalytics/TC_Scr01-13: Test Cases/TC_LifePlanAnalytics/TC_Scr01-13

2019-07-18 12:56:33 - [TEST_STEP][PASSED] - log = new com.kms.katalon.core.logging.KeywordLogger(): null

2019-07-18 12:56:33 - [TEST_STEP][PASSED] - callTestCase(findTestCase("TC_AddVTKT"), [:], STOP_ON_FAILURE): Call Test Case 'Test Cases/TC_AddVTKT' successfully

2019-07-18 12:56:33 - [TEST_CASE][PASSED] - Test Cases/TC_AddVTKT: Test Cases/TC_AddVTKT

2019-07-18 12:56:33 - [TEST_STEP][PASSED] - openBrowser(""): Browser is opened with url: ''

2019-07-18 12:56:33 - [MESSAGE][INFO] - Starting 'Chrome' driver

2019-07-18 12:56:33 - [MESSAGE][INFO] - User set preference: ['args', '[-user-agent=Mozilla/5.0 (Linux; Android 9; SOV37 Build/52.0.C.1.112; wv) AppleWebKit/537.36 (KHTML, like Gecko) Version/4.0 Chrome/68.0.3440.91 Mobile Safari/537.36 6.0.2-k1]']

2019-07-18 12:56:36 - [MESSAGE][PASSED] - Browser is opened with url: ''

2019-07-18 12:56:36 - [TEST_STEP][PASSED] - navigateToUrl("https://dev.pfm.wallet.auone.jp/life_plan/"): Navigate to 'https://dev.pfm.wallet.auone.jp/life_plan/' successfully

2019-07-18 12:56:38 - [MESSAGE][PASSED] - Navigate to 'https://dev.pfm.wallet.auone.jp/life_plan/' successfully

2019-07-18 12:56:38 - [TEST_STEP][PASSED] - maximizeWindow(): Current window maximized

2019-07-18 12:56:39 - [MESSAGE][PASSED] - Current window maximized

2019-07-18 12:56:39 - [TEST_STEP][PASSED] - ck = new org.openqa.selenium.Cookie(VTKT, rtm0wCOc6hTIFjf19P7KEEn-NB7Jp8k5QvzBE7r1OxqcIYMRdmnbLGJqQYL7Lnv_Z7-e796XbNYuZ-AS_eJwPNQgQ4Kz3YSmcqmHm1CSCJAtHREgQ8GKcl29Banngbs4XK1ZuH_eUsCeXHVH0I8mIQ): null

2019-07-18 12:56:39 - [TEST_STEP][PASSED] - driver = getWebDriver(): null

2019-07-18 12:56:39 - [TEST_STEP][PASSED] - manage().addCookie(ck): null

2019-07-18 12:56:39 - [TEST_STEP][PASSED] - waitForPageLoad(10): Wait for page load successfully

2019-07-18 12:56:39 - [MESSAGE][PASSED] - Wait for page load successfully

2019-07-18 12:56:39 - [TEST_STEP][PASSED] - refresh(): Refresh successfully

2019-07-18 12:56:39 - [MESSAGE][PASSED] - Refresh successfully

2019-07-18 12:56:39 - [MESSAGE][PASSED] - Call Test Case 'Test Cases/TC_AddVTKT' successfully

2019-07-18 12:56:39 - [TEST_STEP][PASSED] - click(findTestObject("Tab_LifePlan/Page_LifePlanResult/btn_LifePlan")): Object: 'Object Repository/Tab_LifePlan/Page_LifePlanResult/btn_LifePlan' is clicked on

2019-07-18 12:56:41 - [MESSAGE][PASSED] - Object: 'Object Repository/Tab_LifePlan/Page_LifePlanResult/btn_LifePlan' is clicked on

2019-07-18 12:56:41 - [TEST_STEP][PASSED] - click(findTestObject("Tab_LifePlan/Page_Q01_Age/Age_50")): Object: 'Object Repository/Tab_LifePlan/Page_Q01_Age/Age_50' is clicked on

2019-07-18 12:56:42 - [MESSAGE][PASSED] - Object: 'Object Repository/Tab_LifePlan/Page_Q01_Age/Age_50' is clicked on

2019-07-18 12:56:42 - [TEST_STEP][PASSED] - click(findTestObject("Tab_LifePlan/Page_Q02_CurrentSituation/Married")): Object: 'Object Repository/Tab_LifePlan/Page_Q02_CurrentSituation/Married' is clicked on

2019-07-18 12:56:42 - [MESSAGE][PASSED] - Object: 'Object Repository/Tab_LifePlan/Page_Q02_CurrentSituation/Married' is clicked on

2019-07-18 12:56:42 - [TEST_STEP][PASSED] - click(findTestObject("Tab_LifePlan/Page_Q03_Children/Children_0")): Object: 'Object Repository/Tab_LifePlan/Page_Q03_Children/Children_0' is clicked on

2019-07-18 12:56:42 - [MESSAGE][PASSED] - Object: 'Object Repository/Tab_LifePlan/Page_Q03_Children/Children_0' is clicked on

2019-07-18 12:56:42 - [TEST_STEP][PASSED] - click(findTestObject("Tab_LifePlan/Page_Q4_FutureMarried/children_Yes")): Object: 'Object Repository/Tab_LifePlan/Page_Q4_FutureMarried/children_Yes' is clicked on

2019-07-18 12:56:42 - [MESSAGE][PASSED] - Object: 'Object Repository/Tab_LifePlan/Page_Q4_FutureMarried/children_Yes' is clicked on

2019-07-18 12:56:42 - [TEST_STEP][NOT_RUN] - click(findTestObject("Tab_LifePlan/Page_Q05_WhenGetMarry/Years_1")): NOT_RUN: click(findTestObject("Tab_LifePlan/Page_Q05_WhenGetMarry/Years_1"))

2019-07-18 12:56:42 - [MESSAGE][NOT_RUN] - NOT_RUN: click(findTestObject("Tab_LifePlan/Page_Q05_WhenGetMarry/Years_1"))

2019-07-18 12:56:42 - [TEST_STEP][PASSED] - click(findTestObject("Tab_LifePlan/Page_Q06_NumberOfChildrenWanToGet/Children_3")): Object: 'Object Repository/Tab_LifePlan/Page_Q06_NumberOfChildrenWanToGet/Children_3' is clicked on

2019-07-18 12:56:42 - [MESSAGE][PASSED] - Object: 'Object Repository/Tab_LifePlan/Page_Q06_NumberOfChildrenWanToGet/Children_3' is clicked on

2019-07-18 12:56:42 - [TEST_STEP][PASSED] - click(findTestObject("Tab_LifePlan/Page_Q07_YourIncome/income_500")): Object: 'Object Repository/Tab_LifePlan/Page_Q07_YourIncome/income_500' is clicked on

2019-07-18 12:56:42 - [MESSAGE][PASSED] - Object: 'Object Repository/Tab_LifePlan/Page_Q07_YourIncome/income_500' is clicked on

2019-07-18 12:56:42 - [TEST_STEP][PASSED] - scrollToElement(findTestObject("Tab_LifePlan/Page_Q07_YourIncome/btn_Next"), 10): Scroll to object 'Object Repository/Tab_LifePlan/Page_Q07_YourIncome/btn_Next' successfully

2019-07-18 12:56:42 - [MESSAGE][PASSED] - Scroll to object 'Object Repository/Tab_LifePlan/Page_Q07_YourIncome/btn_Next' successfully

2019-07-18 12:56:42 - [TEST_STEP][PASSED] - click(findTestObject("Tab_LifePlan/Page_Q07_YourIncome/chk_PartTimeIncome")): Object: 'Object Repository/Tab_LifePlan/Page_Q07_YourIncome/chk_PartTimeIncome' is clicked on

2019-07-18 12:56:43 - [MESSAGE][PASSED] - Object: 'Object Repository/Tab_LifePlan/Page_Q07_YourIncome/chk_PartTimeIncome' is clicked on

2019-07-18 12:56:43 - [TEST_STEP][NOT_RUN] - click(findTestObject("Tab_LifePlan/Page_Q07_YourIncome/chk_NoRetirementPay")): NOT_RUN: click(findTestObject("Tab_LifePlan/Page_Q07_YourIncome/chk_NoRetirementPay"))

2019-07-18 12:56:43 - [MESSAGE][NOT_RUN] - NOT_RUN: click(findTestObject("Tab_LifePlan/Page_Q07_YourIncome/chk_NoRetirementPay"))

2019-07-18 12:56:43 - [TEST_STEP][PASSED] - click(findTestObject("Tab_LifePlan/Page_Q07_YourIncome/btn_Next")): Object: 'Object Repository/Tab_LifePlan/Page_Q07_YourIncome/btn_Next' is clicked on

2019-07-18 12:56:43 - [MESSAGE][PASSED] - Object: 'Object Repository/Tab_LifePlan/Page_Q07_YourIncome/btn_Next' is clicked on

2019-07-18 12:56:43 - [TEST_STEP][PASSED] - click(findTestObject("Tab_LifePlan/Page_Q08_IncomeOfTheSpouse/income_UpTo300")): Object: 'Object Repository/Tab_LifePlan/Page_Q08_IncomeOfTheSpouse/income_UpTo300' is clicked on

2019-07-18 12:56:43 - [MESSAGE][PASSED] - Object: 'Object Repository/Tab_LifePlan/Page_Q08_IncomeOfTheSpouse/income_UpTo300' is clicked on

2019-07-18 12:56:43 - [TEST_STEP][NOT_RUN] - scrollToElement(findTestObject("Tab_LifePlan/Page_Q08_IncomeOfTheSpouse/btn_Next"), 10): NOT_RUN: scrollToElement(findTestObject("Tab_LifePlan/Page_Q08_IncomeOfTheSpouse/btn_Next"), 10)

2019-07-18 12:56:43 - [MESSAGE][NOT_RUN] - NOT_RUN: scrollToElement(findTestObject("Tab_LifePlan/Page_Q08_IncomeOfTheSpouse/btn_Next"), 10)

2019-07-18 12:56:43 - [TEST_STEP][NOT_RUN] - click(findTestObject("Tab_LifePlan/Page_Q08_IncomeOfTheSpouse/chk_PartTimeIncome")): NOT_RUN: click(findTestObject("Tab_LifePlan/Page_Q08_IncomeOfTheSpouse/chk_PartTimeIncome"))

2019-07-18 12:56:43 - [MESSAGE][NOT_RUN] - NOT_RUN: click(findTestObject("Tab_LifePlan/Page_Q08_IncomeOfTheSpouse/chk_PartTimeIncome"))

2019-07-18 12:56:43 - [TEST_STEP][NOT_RUN] - click(findTestObject("Tab_LifePlan/Page_Q08_IncomeOfTheSpouse/chk_NoRetirementPay")): NOT_RUN: click(findTestObject("Tab_LifePlan/Page_Q08_IncomeOfTheSpouse/chk_NoRetirementPay"))

2019-07-18 12:56:43 - [MESSAGE][NOT_RUN] - NOT_RUN: click(findTestObject("Tab_LifePlan/Page_Q08_IncomeOfTheSpouse/chk_NoRetirementPay"))

2019-07-18 12:56:43 - [TEST_STEP][PASSED] - click(findTestObject("Tab_LifePlan/Page_Q08_IncomeOfTheSpouse/btn_Next")): Object: 'Object Repository/Tab_LifePlan/Page_Q08_IncomeOfTheSpouse/btn_Next' is clicked on

2019-07-18 12:56:43 - [MESSAGE][PASSED] - Object: 'Object Repository/Tab_LifePlan/Page_Q08_IncomeOfTheSpouse/btn_Next' is clicked on

2019-07-18 12:56:43 - [TEST_STEP][PASSED] - scrollToElement(findTestObject("Tab_LifePlan/Page_Q09_RentHouse/OwnedHouse"), 10): Scroll to object 'Object Repository/Tab_LifePlan/Page_Q09_RentHouse/OwnedHouse' successfully

2019-07-18 12:56:43 - [MESSAGE][PASSED] - Scroll to object 'Object Repository/Tab_LifePlan/Page_Q09_RentHouse/OwnedHouse' successfully

2019-07-18 12:56:43 - [TEST_STEP][PASSED] - click(findTestObject("Tab_LifePlan/Page_Q09_RentHouse/OwnedHouse")): Object: 'Object Repository/Tab_LifePlan/Page_Q09_RentHouse/OwnedHouse' is clicked on

2019-07-18 12:56:43 - [MESSAGE][PASSED] - Object: 'Object Repository/Tab_LifePlan/Page_Q09_RentHouse/OwnedHouse' is clicked on

2019-07-18 12:56:43 - [TEST_STEP][PASSED] - click(findTestObject("Tab_LifePlan/Page_Q09_RentHouse/rent_5")): Object: 'Object Repository/Tab_LifePlan/Page_Q09_RentHouse/rent_5' is clicked on

2019-07-18 12:56:43 - [MESSAGE][PASSED] - Object: 'Object Repository/Tab_LifePlan/Page_Q09_RentHouse/rent_5' is clicked on

2019-07-18 12:56:43 - [TEST_STEP][PASSED] - scrollToElement(findTestObject("Tab_LifePlan/Page_Q09_RentHouse/btn_Next"), 0): Scroll to object 'Object Repository/Tab_LifePlan/Page_Q09_RentHouse/btn_Next' successfully

2019-07-18 12:56:43 - [MESSAGE][WARNING] - Timeout '0' is invalid. Using default page load timeout: '30'

2019-07-18 12:56:43 - [MESSAGE][PASSED] - Scroll to object 'Object Repository/Tab_LifePlan/Page_Q09_RentHouse/btn_Next' successfully

2019-07-18 12:56:43 - [TEST_STEP][PASSED] - click(findTestObject("Tab_LifePlan/Page_Q09_RentHouse/btn_Next")): Object: 'Object Repository/Tab_LifePlan/Page_Q09_RentHouse/btn_Next' is clicked on

2019-07-18 12:56:43 - [MESSAGE][PASSED] - Object: 'Object Repository/Tab_LifePlan/Page_Q09_RentHouse/btn_Next' is clicked on

2019-07-18 12:56:43 - [TEST_STEP][PASSED] - click(findTestObject("Tab_LifePlan/Page_Q10_CostOfLiving/cost_20")): Object: 'Object Repository/Tab_LifePlan/Page_Q10_CostOfLiving/cost_20' is clicked on

2019-07-18 12:56:43 - [MESSAGE][PASSED] - Object: 'Object Repository/Tab_LifePlan/Page_Q10_CostOfLiving/cost_20' is clicked on

2019-07-18 12:56:43 - [TEST_STEP][PASSED] - click(findTestObject("Tab_LifePlan/Page_Q11_CurrentSavingsAmount/amount_100")): Object: 'Object Repository/Tab_LifePlan/Page_Q11_CurrentSavingsAmount/amount_100' is clicked on

2019-07-18 12:56:44 - [MESSAGE][PASSED] - Object: 'Object Repository/Tab_LifePlan/Page_Q11_CurrentSavingsAmount/amount_100' is clicked on

2019-07-18 12:56:44 - [TEST_STEP][PASSED] - waitForElementPresent(findTestObject("Tab_LifePlan/Page_LifePlanResult/tv_AmountAt65"), 20): Object 'Object Repository/Tab_LifePlan/Page_LifePlanResult/tv_AmountAt65' is present

2019-07-18 12:56:45 - [MESSAGE][PASSED] - Object 'Object Repository/Tab_LifePlan/Page_LifePlanResult/tv_AmountAt65' is present

2019-07-18 12:56:45 - [TEST_STEP][PASSED] - amountAt65OnWebApp = getText(findTestObject("Tab_LifePlan/Page_LifePlanResult/tv_AmountAt65")): Text of object 'Object Repository/Tab_LifePlan/Page_LifePlanResult/tv_AmountAt65' is: '+682.30'

2019-07-18 12:56:45 - [MESSAGE][PASSED] - Text of object 'Object Repository/Tab_LifePlan/Page_LifePlanResult/tv_AmountAt65' is: '+682.30'

2019-07-18 12:56:45 - [TEST_STEP][PASSED] - log.logInfo(amountAt65OnWebApp): +682.30

2019-07-18 12:56:45 - [MESSAGE][INFO] - +682.30

2019-07-18 12:56:45 - [TEST_STEP][PASSED] - closeBrowser(): Browser is closed

2019-07-18 12:56:45 - [MESSAGE][PASSED] - Browser is closed

2019-07-18 12:56:45 - [TEST_STEP][PASSED] - return amountAt65OnWebApp: null

2019-07-18 12:56:45 - [MESSAGE][PASSED] - Call Test Case 'Test Cases/TC_LifePlanAnalytics/TC_Scr01-13' successfully

2019-07-18 12:56:45 - [TEST_STEP][PASSED] - log.logInfo("TC_Scr01-" + i + " = " + amountAt65OnWebApp): TC_Scr01-13 = +682.30

2019-07-18 12:56:45 - [MESSAGE][INFO] - TC_Scr01-13 = +682.30

2019-07-18 12:56:45 - [TEST_STEP][PASSED] - setValueToCellByIndex(sheet01, 11 + i, 24, amountAt65OnWebApp): null

2019-07-18 12:56:45 - [TEST_STEP][PASSED] - if (i < 10): null

2019-07-18 12:56:45 - [TEST_STEP][PASSED] - else: Call Test Case 'Test Cases/TC_LifePlanAnalytics/TC_Scr01-14' successfully

2019-07-18 12:56:45 - [TEST_STEP][PASSED] - amountAt65OnWebApp = callTestCase(findTestCase("TC_LifePlanAnalytics/TC_Scr01-" + i), [:], OPTIONAL): Call Test Case 'Test Cases/TC_LifePlanAnalytics/TC_Scr01-14' successfully

2019-07-18 12:56:45 - [TEST_CASE][PASSED] - Test Cases/TC_LifePlanAnalytics/TC_Scr01-14: Test Cases/TC_LifePlanAnalytics/TC_Scr01-14

2019-07-18 12:56:46 - [TEST_STEP][PASSED] - log = new com.kms.katalon.core.logging.KeywordLogger(): null

2019-07-18 12:56:46 - [TEST_STEP][PASSED] - callTestCase(findTestCase("TC_AddVTKT"), [:], STOP_ON_FAILURE): Call Test Case 'Test Cases/TC_AddVTKT' successfully

2019-07-18 12:56:46 - [TEST_CASE][PASSED] - Test Cases/TC_AddVTKT: Test Cases/TC_AddVTKT

2019-07-18 12:56:46 - [TEST_STEP][PASSED] - openBrowser(""): Browser is opened with url: ''

2019-07-18 12:56:46 - [MESSAGE][INFO] - Starting 'Chrome' driver

2019-07-18 12:56:46 - [MESSAGE][INFO] - User set preference: ['args', '[-user-agent=Mozilla/5.0 (Linux; Android 9; SOV37 Build/52.0.C.1.112; wv) AppleWebKit/537.36 (KHTML, like Gecko) Version/4.0 Chrome/68.0.3440.91 Mobile Safari/537.36 6.0.2-k1]']

2019-07-18 12:56:48 - [MESSAGE][PASSED] - Browser is opened with url: ''

2019-07-18 12:56:48 - [TEST_STEP][PASSED] - navigateToUrl("https://dev.pfm.wallet.auone.jp/life_plan/"): Navigate to 'https://dev.pfm.wallet.auone.jp/life_plan/' successfully

2019-07-18 12:56:50 - [MESSAGE][PASSED] - Navigate to 'https://dev.pfm.wallet.auone.jp/life_plan/' successfully

2019-07-18 12:56:50 - [TEST_STEP][PASSED] - maximizeWindow(): Current window maximized

2019-07-18 12:56:51 - [MESSAGE][PASSED] - Current window maximized

2019-07-18 12:56:51 - [TEST_STEP][PASSED] - ck = new org.openqa.selenium.Cookie(VTKT, rtm0wCOc6hTIFjf19P7KEEn-NB7Jp8k5QvzBE7r1OxqcIYMRdmnbLGJqQYL7Lnv_Z7-e796XbNYuZ-AS_eJwPNQgQ4Kz3YSmcqmHm1CSCJAtHREgQ8GKcl29Banngbs4XK1ZuH_eUsCeXHVH0I8mIQ): null

2019-07-18 12:56:51 - [TEST_STEP][PASSED] - driver = getWebDriver(): null

2019-07-18 12:56:51 - [TEST_STEP][PASSED] - manage().addCookie(ck): null

2019-07-18 12:56:51 - [TEST_STEP][PASSED] - waitForPageLoad(10): Wait for page load successfully

2019-07-18 12:56:51 - [MESSAGE][PASSED] - Wait for page load successfully

2019-07-18 12:56:51 - [TEST_STEP][PASSED] - refresh(): Refresh successfully

2019-07-18 12:56:52 - [MESSAGE][PASSED] - Refresh successfully

2019-07-18 12:56:52 - [MESSAGE][PASSED] - Call Test Case 'Test Cases/TC_AddVTKT' successfully

2019-07-18 12:56:52 - [TEST_STEP][PASSED] - click(findTestObject("Tab_LifePlan/Page_LifePlanResult/btn_LifePlan")): Object: 'Object Repository/Tab_LifePlan/Page_LifePlanResult/btn_LifePlan' is clicked on

2019-07-18 12:56:54 - [MESSAGE][PASSED] - Object: 'Object Repository/Tab_LifePlan/Page_LifePlanResult/btn_LifePlan' is clicked on

2019-07-18 12:56:54 - [TEST_STEP][PASSED] - click(findTestObject("Tab_LifePlan/Page_Q01_Age/Age_70")): Object: 'Object Repository/Tab_LifePlan/Page_Q01_Age/Age_70' is clicked on

2019-07-18 12:56:54 - [MESSAGE][PASSED] - Object: 'Object Repository/Tab_LifePlan/Page_Q01_Age/Age_70' is clicked on

2019-07-18 12:56:54 - [TEST_STEP][PASSED] - click(findTestObject("Tab_LifePlan/Page_Q02_CurrentSituation/Married")): Object: 'Object Repository/Tab_LifePlan/Page_Q02_CurrentSituation/Married' is clicked on

2019-07-18 12:56:55 - [MESSAGE][PASSED] - Object: 'Object Repository/Tab_LifePlan/Page_Q02_CurrentSituation/Married' is clicked on

2019-07-18 12:56:55 - [TEST_STEP][PASSED] - click(findTestObject("Tab_LifePlan/Page_Q03_Children/Children_0")): Object: 'Object Repository/Tab_LifePlan/Page_Q03_Children/Children_0' is clicked on

2019-07-18 12:56:55 - [MESSAGE][PASSED] - Object: 'Object Repository/Tab_LifePlan/Page_Q03_Children/Children_0' is clicked on

2019-07-18 12:56:55 - [TEST_STEP][PASSED] - click(findTestObject("Tab_LifePlan/Page_Q4_FutureMarried/children_Yes")): Object: 'Object Repository/Tab_LifePlan/Page_Q4_FutureMarried/children_Yes' is clicked on

2019-07-18 12:56:55 - [MESSAGE][PASSED] - Object: 'Object Repository/Tab_LifePlan/Page_Q4_FutureMarried/children_Yes' is clicked on

2019-07-18 12:56:55 - [TEST_STEP][NOT_RUN] - click(findTestObject("Tab_LifePlan/Page_Q05_WhenGetMarry/Years_1")): NOT_RUN: click(findTestObject("Tab_LifePlan/Page_Q05_WhenGetMarry/Years_1"))

2019-07-18 12:56:55 - [MESSAGE][NOT_RUN] - NOT_RUN: click(findTestObject("Tab_LifePlan/Page_Q05_WhenGetMarry/Years_1"))

2019-07-18 12:56:55 - [TEST_STEP][PASSED] - click(findTestObject("Tab_LifePlan/Page_Q06_NumberOfChildrenWanToGet/Children_4")): Object: 'Object Repository/Tab_LifePlan/Page_Q06_NumberOfChildrenWanToGet/Children_4' is clicked on

2019-07-18 12:56:55 - [MESSAGE][PASSED] - Object: 'Object Repository/Tab_LifePlan/Page_Q06_NumberOfChildrenWanToGet/Children_4' is clicked on

2019-07-18 12:56:55 - [TEST_STEP][PASSED] - click(findTestObject("Tab_LifePlan/Page_Q07_YourIncome/income_500")): Object: 'Object Repository/Tab_LifePlan/Page_Q07_YourIncome/income_500' is clicked on

2019-07-18 12:56:55 - [MESSAGE][PASSED] - Object: 'Object Repository/Tab_LifePlan/Page_Q07_YourIncome/income_500' is clicked on

2019-07-18 12:56:55 - [TEST_STEP][PASSED] - scrollToElement(findTestObject("Tab_LifePlan/Page_Q07_YourIncome/btn_Next"), 10): Scroll to object 'Object Repository/Tab_LifePlan/Page_Q07_YourIncome/btn_Next' successfully

2019-07-18 12:56:55 - [MESSAGE][PASSED] - Scroll to object 'Object Repository/Tab_LifePlan/Page_Q07_YourIncome/btn_Next' successfully

2019-07-18 12:56:55 - [TEST_STEP][PASSED] - click(findTestObject("Tab_LifePlan/Page_Q07_YourIncome/chk_PartTimeIncome")): Object: 'Object Repository/Tab_LifePlan/Page_Q07_YourIncome/chk_PartTimeIncome' is clicked on

2019-07-18 12:56:55 - [MESSAGE][PASSED] - Object: 'Object Repository/Tab_LifePlan/Page_Q07_YourIncome/chk_PartTimeIncome' is clicked on

2019-07-18 12:56:55 - [TEST_STEP][NOT_RUN] - click(findTestObject("Tab_LifePlan/Page_Q07_YourIncome/chk_NoRetirementPay")): NOT_RUN: click(findTestObject("Tab_LifePlan/Page_Q07_YourIncome/chk_NoRetirementPay"))

2019-07-18 12:56:55 - [MESSAGE][NOT_RUN] - NOT_RUN: click(findTestObject("Tab_LifePlan/Page_Q07_YourIncome/chk_NoRetirementPay"))

2019-07-18 12:56:55 - [TEST_STEP][PASSED] - click(findTestObject("Tab_LifePlan/Page_Q07_YourIncome/btn_Next")): Object: 'Object Repository/Tab_LifePlan/Page_Q07_YourIncome/btn_Next' is clicked on

2019-07-18 12:56:55 - [MESSAGE][PASSED] - Object: 'Object Repository/Tab_LifePlan/Page_Q07_YourIncome/btn_Next' is clicked on

2019-07-18 12:56:55 - [TEST_STEP][PASSED] - click(findTestObject("Tab_LifePlan/Page_Q08_IncomeOfTheSpouse/income_UpTo300")): Object: 'Object Repository/Tab_LifePlan/Page_Q08_IncomeOfTheSpouse/income_UpTo300' is clicked on

2019-07-18 12:56:55 - [MESSAGE][PASSED] - Object: 'Object Repository/Tab_LifePlan/Page_Q08_IncomeOfTheSpouse/income_UpTo300' is clicked on

2019-07-18 12:56:55 - [TEST_STEP][NOT_RUN] - scrollToElement(findTestObject("Tab_LifePlan/Page_Q08_IncomeOfTheSpouse/btn_Next"), 10): NOT_RUN: scrollToElement(findTestObject("Tab_LifePlan/Page_Q08_IncomeOfTheSpouse/btn_Next"), 10)

2019-07-18 12:56:55 - [MESSAGE][NOT_RUN] - NOT_RUN: scrollToElement(findTestObject("Tab_LifePlan/Page_Q08_IncomeOfTheSpouse/btn_Next"), 10)

2019-07-18 12:56:55 - [TEST_STEP][NOT_RUN] - click(findTestObject("Tab_LifePlan/Page_Q08_IncomeOfTheSpouse/chk_PartTimeIncome")): NOT_RUN: click(findTestObject("Tab_LifePlan/Page_Q08_IncomeOfTheSpouse/chk_PartTimeIncome"))

2019-07-18 12:56:55 - [MESSAGE][NOT_RUN] - NOT_RUN: click(findTestObject("Tab_LifePlan/Page_Q08_IncomeOfTheSpouse/chk_PartTimeIncome"))

2019-07-18 12:56:55 - [TEST_STEP][NOT_RUN] - click(findTestObject("Tab_LifePlan/Page_Q08_IncomeOfTheSpouse/chk_NoRetirementPay")): NOT_RUN: click(findTestObject("Tab_LifePlan/Page_Q08_IncomeOfTheSpouse/chk_NoRetirementPay"))

2019-07-18 12:56:55 - [MESSAGE][NOT_RUN] - NOT_RUN: click(findTestObject("Tab_LifePlan/Page_Q08_IncomeOfTheSpouse/chk_NoRetirementPay"))

2019-07-18 12:56:55 - [TEST_STEP][PASSED] - click(findTestObject("Tab_LifePlan/Page_Q08_IncomeOfTheSpouse/btn_Next")): Object: 'Object Repository/Tab_LifePlan/Page_Q08_IncomeOfTheSpouse/btn_Next' is clicked on

2019-07-18 12:56:55 - [MESSAGE][PASSED] - Object: 'Object Repository/Tab_LifePlan/Page_Q08_IncomeOfTheSpouse/btn_Next' is clicked on

2019-07-18 12:56:55 - [TEST_STEP][PASSED] - scrollToElement(findTestObject("Tab_LifePlan/Page_Q09_RentHouse/OwnedHouse"), 10): Scroll to object 'Object Repository/Tab_LifePlan/Page_Q09_RentHouse/OwnedHouse' successfully

2019-07-18 12:56:55 - [MESSAGE][PASSED] - Scroll to object 'Object Repository/Tab_LifePlan/Page_Q09_RentHouse/OwnedHouse' successfully

2019-07-18 12:56:55 - [TEST_STEP][PASSED] - click(findTestObject("Tab_LifePlan/Page_Q09_RentHouse/OwnedHouse")): Object: 'Object Repository/Tab_LifePlan/Page_Q09_RentHouse/OwnedHouse' is clicked on

2019-07-18 12:56:56 - [MESSAGE][PASSED] - Object: 'Object Repository/Tab_LifePlan/Page_Q09_RentHouse/OwnedHouse' is clicked on

2019-07-18 12:56:56 - [TEST_STEP][PASSED] - click(findTestObject("Tab_LifePlan/Page_Q09_RentHouse/rent_5")): Object: 'Object Repository/Tab_LifePlan/Page_Q09_RentHouse/rent_5' is clicked on

2019-07-18 12:56:56 - [MESSAGE][PASSED] - Object: 'Object Repository/Tab_LifePlan/Page_Q09_RentHouse/rent_5' is clicked on

2019-07-18 12:56:56 - [TEST_STEP][PASSED] - scrollToElement(findTestObject("Tab_LifePlan/Page_Q09_RentHouse/btn_Next"), 0): Scroll to object 'Object Repository/Tab_LifePlan/Page_Q09_RentHouse/btn_Next' successfully

2019-07-18 12:56:56 - [MESSAGE][WARNING] - Timeout '0' is invalid. Using default page load timeout: '30'

2019-07-18 12:56:56 - [MESSAGE][PASSED] - Scroll to object 'Object Repository/Tab_LifePlan/Page_Q09_RentHouse/btn_Next' successfully

2019-07-18 12:56:56 - [TEST_STEP][PASSED] - click(findTestObject("Tab_LifePlan/Page_Q09_RentHouse/btn_Next")): Object: 'Object Repository/Tab_LifePlan/Page_Q09_RentHouse/btn_Next' is clicked on

2019-07-18 12:56:56 - [MESSAGE][PASSED] - Object: 'Object Repository/Tab_LifePlan/Page_Q09_RentHouse/btn_Next' is clicked on

2019-07-18 12:56:56 - [TEST_STEP][PASSED] - click(findTestObject("Tab_LifePlan/Page_Q10_CostOfLiving/cost_15")): Object: 'Object Repository/Tab_LifePlan/Page_Q10_CostOfLiving/cost_15' is clicked on

2019-07-18 12:56:56 - [MESSAGE][PASSED] - Object: 'Object Repository/Tab_LifePlan/Page_Q10_CostOfLiving/cost_15' is clicked on

2019-07-18 12:56:56 - [TEST_STEP][PASSED] - click(findTestObject("Tab_LifePlan/Page_Q11_CurrentSavingsAmount/amount_100")): Object: 'Object Repository/Tab_LifePlan/Page_Q11_CurrentSavingsAmount/amount_100' is clicked on

2019-07-18 12:56:56 - [MESSAGE][PASSED] - Object: 'Object Repository/Tab_LifePlan/Page_Q11_CurrentSavingsAmount/amount_100' is clicked on

2019-07-18 12:56:56 - [TEST_STEP][PASSED] - waitForElementPresent(findTestObject("Tab_LifePlan/Page_LifePlanResult/tv_AmountAt65"), 20): Object 'Object Repository/Tab_LifePlan/Page_LifePlanResult/tv_AmountAt65' is present

2019-07-18 12:56:57 - [MESSAGE][PASSED] - Object 'Object Repository/Tab_LifePlan/Page_LifePlanResult/tv_AmountAt65' is present

2019-07-18 12:56:57 - [TEST_STEP][PASSED] - amountAt65OnWebApp = getText(findTestObject("Tab_LifePlan/Page_LifePlanResult/tv_AmountAt65")): Text of object 'Object Repository/Tab_LifePlan/Page_LifePlanResult/tv_AmountAt65' is: '+2,489.66'

2019-07-18 12:56:57 - [MESSAGE][PASSED] - Text of object 'Object Repository/Tab_LifePlan/Page_LifePlanResult/tv_AmountAt65' is: '+2,489.66'

2019-07-18 12:56:57 - [TEST_STEP][PASSED] - log.logInfo(amountAt65OnWebApp): +2,489.66

2019-07-18 12:56:57 - [MESSAGE][INFO] - +2,489.66

2019-07-18 12:56:57 - [TEST_STEP][PASSED] - closeBrowser(): Browser is closed

2019-07-18 12:56:57 - [MESSAGE][PASSED] - Browser is closed

2019-07-18 12:56:57 - [TEST_STEP][PASSED] - return amountAt65OnWebApp: null

2019-07-18 12:56:57 - [MESSAGE][PASSED] - Call Test Case 'Test Cases/TC_LifePlanAnalytics/TC_Scr01-14' successfully

2019-07-18 12:56:57 - [TEST_STEP][PASSED] - log.logInfo("TC_Scr01-" + i + " = " + amountAt65OnWebApp): TC_Scr01-14 = +2,489.66

2019-07-18 12:56:57 - [MESSAGE][INFO] - TC_Scr01-14 = +2,489.66

2019-07-18 12:56:57 - [TEST_STEP][PASSED] - setValueToCellByIndex(sheet01, 11 + i, 24, amountAt65OnWebApp): null

2019-07-18 12:56:57 - [TEST_STEP][PASSED] - if (i < 10): null

2019-07-18 12:56:57 - [TEST_STEP][PASSED] - else: Call Test Case 'Test Cases/TC_LifePlanAnalytics/TC_Scr01-15' successfully

2019-07-18 12:56:57 - [TEST_STEP][PASSED] - amountAt65OnWebApp = callTestCase(findTestCase("TC_LifePlanAnalytics/TC_Scr01-" + i), [:], OPTIONAL): Call Test Case 'Test Cases/TC_LifePlanAnalytics/TC_Scr01-15' successfully

2019-07-18 12:56:57 - [TEST_CASE][PASSED] - Test Cases/TC_LifePlanAnalytics/TC_Scr01-15: Test Cases/TC_LifePlanAnalytics/TC_Scr01-15

2019-07-18 12:56:57 - [TEST_STEP][PASSED] - log = new com.kms.katalon.core.logging.KeywordLogger(): null

2019-07-18 12:56:57 - [TEST_STEP][PASSED] - callTestCase(findTestCase("TC_AddVTKT"), [:], STOP_ON_FAILURE): Call Test Case 'Test Cases/TC_AddVTKT' successfully

2019-07-18 12:56:57 - [TEST_CASE][PASSED] - Test Cases/TC_AddVTKT: Test Cases/TC_AddVTKT

2019-07-18 12:56:57 - [TEST_STEP][PASSED] - openBrowser(""): Browser is opened with url: ''

2019-07-18 12:56:57 - [MESSAGE][INFO] - Starting 'Chrome' driver

2019-07-18 12:56:57 - [MESSAGE][INFO] - User set preference: ['args', '[-user-agent=Mozilla/5.0 (Linux; Android 9; SOV37 Build/52.0.C.1.112; wv) AppleWebKit/537.36 (KHTML, like Gecko) Version/4.0 Chrome/68.0.3440.91 Mobile Safari/537.36 6.0.2-k1]']

2019-07-18 12:57:00 - [MESSAGE][PASSED] - Browser is opened with url: ''

2019-07-18 12:57:00 - [TEST_STEP][PASSED] - navigateToUrl("https://dev.pfm.wallet.auone.jp/life_plan/"): Navigate to 'https://dev.pfm.wallet.auone.jp/life_plan/' successfully

2019-07-18 12:57:02 - [MESSAGE][PASSED] - Navigate to 'https://dev.pfm.wallet.auone.jp/life_plan/' successfully

2019-07-18 12:57:02 - [TEST_STEP][PASSED] - maximizeWindow(): Current window maximized

2019-07-18 12:57:03 - [MESSAGE][PASSED] - Current window maximized

2019-07-18 12:57:03 - [TEST_STEP][PASSED] - ck = new org.openqa.selenium.Cookie(VTKT, rtm0wCOc6hTIFjf19P7KEEn-NB7Jp8k5QvzBE7r1OxqcIYMRdmnbLGJqQYL7Lnv_Z7-e796XbNYuZ-AS_eJwPNQgQ4Kz3YSmcqmHm1CSCJAtHREgQ8GKcl29Banngbs4XK1ZuH_eUsCeXHVH0I8mIQ): null

2019-07-18 12:57:03 - [TEST_STEP][PASSED] - driver = getWebDriver(): null

2019-07-18 12:57:03 - [TEST_STEP][PASSED] - manage().addCookie(ck): null

2019-07-18 12:57:03 - [TEST_STEP][PASSED] - waitForPageLoad(10): Wait for page load successfully

2019-07-18 12:57:03 - [MESSAGE][PASSED] - Wait for page load successfully

2019-07-18 12:57:03 - [TEST_STEP][PASSED] - refresh(): Refresh successfully

2019-07-18 12:57:03 - [MESSAGE][PASSED] - Refresh successfully

2019-07-18 12:57:03 - [MESSAGE][PASSED] - Call Test Case 'Test Cases/TC_AddVTKT' successfully

2019-07-18 12:57:03 - [TEST_STEP][PASSED] - click(findTestObject("Tab_LifePlan/Page_LifePlanResult/btn_LifePlan")): Object: 'Object Repository/Tab_LifePlan/Page_LifePlanResult/btn_LifePlan' is clicked on

2019-07-18 12:57:05 - [MESSAGE][PASSED] - Object: 'Object Repository/Tab_LifePlan/Page_LifePlanResult/btn_LifePlan' is clicked on

2019-07-18 12:57:05 - [TEST_STEP][PASSED] - click(findTestObject("Tab_LifePlan/Page_Q01_Age/Age_60")): Object: 'Object Repository/Tab_LifePlan/Page_Q01_Age/Age_60' is clicked on

2019-07-18 12:57:07 - [MESSAGE][PASSED] - Object: 'Object Repository/Tab_LifePlan/Page_Q01_Age/Age_60' is clicked on

2019-07-18 12:57:07 - [TEST_STEP][PASSED] - click(findTestObject("Tab_LifePlan/Page_Q02_CurrentSituation/Single")): Object: 'Object Repository/Tab_LifePlan/Page_Q02_CurrentSituation/Single' is clicked on

2019-07-18 12:57:07 - [MESSAGE][PASSED] - Object: 'Object Repository/Tab_LifePlan/Page_Q02_CurrentSituation/Single' is clicked on

2019-07-18 12:57:07 - [TEST_STEP][PASSED] - click(findTestObject("Tab_LifePlan/Page_Q03_Children/Children_0")): Object: 'Object Repository/Tab_LifePlan/Page_Q03_Children/Children_0' is clicked on

2019-07-18 12:57:07 - [MESSAGE][PASSED] - Object: 'Object Repository/Tab_LifePlan/Page_Q03_Children/Children_0' is clicked on

2019-07-18 12:57:07 - [TEST_STEP][PASSED] - click(findTestObject("Tab_LifePlan/Page_Q04_Future/NoPlanToMarry")): Object: 'Object Repository/Tab_LifePlan/Page_Q04_Future/NoPlanToMarry' is clicked on

2019-07-18 12:57:07 - [MESSAGE][PASSED] - Object: 'Object Repository/Tab_LifePlan/Page_Q04_Future/NoPlanToMarry' is clicked on

2019-07-18 12:57:07 - [TEST_STEP][NOT_RUN] - click(findTestObject("Tab_LifePlan/Page_Q05_WhenGetMarry/Years_1")): NOT_RUN: click(findTestObject("Tab_LifePlan/Page_Q05_WhenGetMarry/Years_1"))

2019-07-18 12:57:07 - [MESSAGE][NOT_RUN] - NOT_RUN: click(findTestObject("Tab_LifePlan/Page_Q05_WhenGetMarry/Years_1"))

2019-07-18 12:57:07 - [TEST_STEP][NOT_RUN] - click(findTestObject("Tab_LifePlan/Page_Q06_NumberOfChildrenWanToGet/Children_4")): NOT_RUN: click(findTestObject("Tab_LifePlan/Page_Q06_NumberOfChildrenWanToGet/Children_4"))

2019-07-18 12:57:07 - [MESSAGE][NOT_RUN] - NOT_RUN: click(findTestObject("Tab_LifePlan/Page_Q06_NumberOfChildrenWanToGet/Children_4"))

2019-07-18 12:57:07 - [TEST_STEP][PASSED] - click(findTestObject("Tab_LifePlan/Page_Q07_YourIncome/income_UpTo300")): Object: 'Object Repository/Tab_LifePlan/Page_Q07_YourIncome/income_UpTo300' is clicked on

2019-07-18 12:57:07 - [MESSAGE][PASSED] - Object: 'Object Repository/Tab_LifePlan/Page_Q07_YourIncome/income_UpTo300' is clicked on

2019-07-18 12:57:07 - [TEST_STEP][PASSED] - scrollToElement(findTestObject("Tab_LifePlan/Page_Q07_YourIncome/btn_Next"), 10): Scroll to object 'Object Repository/Tab_LifePlan/Page_Q07_YourIncome/btn_Next' successfully

2019-07-18 12:57:07 - [MESSAGE][PASSED] - Scroll to object 'Object Repository/Tab_LifePlan/Page_Q07_YourIncome/btn_Next' successfully

2019-07-18 12:57:07 - [TEST_STEP][NOT_RUN] - click(findTestObject("Tab_LifePlan/Page_Q07_YourIncome/chk_PartTimeIncome")): NOT_RUN: click(findTestObject("Tab_LifePlan/Page_Q07_YourIncome/chk_PartTimeIncome"))

2019-07-18 12:57:07 - [MESSAGE][NOT_RUN] - NOT_RUN: click(findTestObject("Tab_LifePlan/Page_Q07_YourIncome/chk_PartTimeIncome"))

2019-07-18 12:57:07 - [TEST_STEP][NOT_RUN] - click(findTestObject("Tab_LifePlan/Page_Q07_YourIncome/chk_NoRetirementPay")): NOT_RUN: click(findTestObject("Tab_LifePlan/Page_Q07_YourIncome/chk_NoRetirementPay"))

2019-07-18 12:57:07 - [MESSAGE][NOT_RUN] - NOT_RUN: click(findTestObject("Tab_LifePlan/Page_Q07_YourIncome/chk_NoRetirementPay"))

2019-07-18 12:57:07 - [TEST_STEP][PASSED] - click(findTestObject("Tab_LifePlan/Page_Q07_YourIncome/btn_Next")): Object: 'Object Repository/Tab_LifePlan/Page_Q07_YourIncome/btn_Next' is clicked on

2019-07-18 12:57:07 - [MESSAGE][PASSED] - Object: 'Object Repository/Tab_LifePlan/Page_Q07_YourIncome/btn_Next' is clicked on

2019-07-18 12:57:07 - [TEST_STEP][NOT_RUN] - click(findTestObject("Tab_LifePlan/Page_Q08_IncomeOfTheSpouse/income_UpTo300")): NOT_RUN: click(findTestObject("Tab_LifePlan/Page_Q08_IncomeOfTheSpouse/income_UpTo300"))

2019-07-18 12:57:07 - [MESSAGE][NOT_RUN] - NOT_RUN: click(findTestObject("Tab_LifePlan/Page_Q08_IncomeOfTheSpouse/income_UpTo300"))

2019-07-18 12:57:07 - [TEST_STEP][NOT_RUN] - scrollToElement(findTestObject("Tab_LifePlan/Page_Q08_IncomeOfTheSpouse/btn_Next"), 10): NOT_RUN: scrollToElement(findTestObject("Tab_LifePlan/Page_Q08_IncomeOfTheSpouse/btn_Next"), 10)

2019-07-18 12:57:07 - [MESSAGE][NOT_RUN] - NOT_RUN: scrollToElement(findTestObject("Tab_LifePlan/Page_Q08_IncomeOfTheSpouse/btn_Next"), 10)

2019-07-18 12:57:07 - [TEST_STEP][NOT_RUN] - click(findTestObject("Tab_LifePlan/Page_Q08_IncomeOfTheSpouse/chk_PartTimeIncome")): NOT_RUN: click(findTestObject("Tab_LifePlan/Page_Q08_IncomeOfTheSpouse/chk_PartTimeIncome"))

2019-07-18 12:57:07 - [MESSAGE][NOT_RUN] - NOT_RUN: click(findTestObject("Tab_LifePlan/Page_Q08_IncomeOfTheSpouse/chk_PartTimeIncome"))

2019-07-18 12:57:07 - [TEST_STEP][NOT_RUN] - click(findTestObject("Tab_LifePlan/Page_Q08_IncomeOfTheSpouse/chk_NoRetirementPay")): NOT_RUN: click(findTestObject("Tab_LifePlan/Page_Q08_IncomeOfTheSpouse/chk_NoRetirementPay"))

2019-07-18 12:57:07 - [MESSAGE][NOT_RUN] - NOT_RUN: click(findTestObject("Tab_LifePlan/Page_Q08_IncomeOfTheSpouse/chk_NoRetirementPay"))

2019-07-18 12:57:07 - [TEST_STEP][NOT_RUN] - click(findTestObject("Tab_LifePlan/Page_Q08_IncomeOfTheSpouse/btn_Next")): NOT_RUN: click(findTestObject("Tab_LifePlan/Page_Q08_IncomeOfTheSpouse/btn_Next"))

2019-07-18 12:57:07 - [MESSAGE][NOT_RUN] - NOT_RUN: click(findTestObject("Tab_LifePlan/Page_Q08_IncomeOfTheSpouse/btn_Next"))

2019-07-18 12:57:07 - [TEST_STEP][PASSED] - scrollToElement(findTestObject("Tab_LifePlan/Page_Q09_RentHouse/OwnedHouse"), 10): Scroll to object 'Object Repository/Tab_LifePlan/Page_Q09_RentHouse/OwnedHouse' successfully

2019-07-18 12:57:07 - [MESSAGE][PASSED] - Scroll to object 'Object Repository/Tab_LifePlan/Page_Q09_RentHouse/OwnedHouse' successfully

2019-07-18 12:57:07 - [TEST_STEP][PASSED] - click(findTestObject("Tab_LifePlan/Page_Q09_RentHouse/OwnedHouse")): Object: 'Object Repository/Tab_LifePlan/Page_Q09_RentHouse/OwnedHouse' is clicked on

2019-07-18 12:57:07 - [MESSAGE][PASSED] - Object: 'Object Repository/Tab_LifePlan/Page_Q09_RentHouse/OwnedHouse' is clicked on

2019-07-18 12:57:07 - [TEST_STEP][PASSED] - click(findTestObject("Tab_LifePlan/Page_Q09_RentHouse/rent_7")): Object: 'Object Repository/Tab_LifePlan/Page_Q09_RentHouse/rent_7' is clicked on

2019-07-18 12:57:08 - [MESSAGE][PASSED] - Object: 'Object Repository/Tab_LifePlan/Page_Q09_RentHouse/rent_7' is clicked on

2019-07-18 12:57:08 - [TEST_STEP][PASSED] - scrollToElement(findTestObject("Tab_LifePlan/Page_Q09_RentHouse/btn_Next"), 0): Scroll to object 'Object Repository/Tab_LifePlan/Page_Q09_RentHouse/btn_Next' successfully

2019-07-18 12:57:08 - [MESSAGE][WARNING] - Timeout '0' is invalid. Using default page load timeout: '30'

2019-07-18 12:57:08 - [MESSAGE][PASSED] - Scroll to object 'Object Repository/Tab_LifePlan/Page_Q09_RentHouse/btn_Next' successfully

2019-07-18 12:57:08 - [TEST_STEP][PASSED] - click(findTestObject("Tab_LifePlan/Page_Q09_RentHouse/btn_Next")): Object: 'Object Repository/Tab_LifePlan/Page_Q09_RentHouse/btn_Next' is clicked on

2019-07-18 12:57:08 - [MESSAGE][PASSED] - Object: 'Object Repository/Tab_LifePlan/Page_Q09_RentHouse/btn_Next' is clicked on

2019-07-18 12:57:08 - [TEST_STEP][PASSED] - click(findTestObject("Tab_LifePlan/Page_Q10_CostOfLiving/cost_10")): Object: 'Object Repository/Tab_LifePlan/Page_Q10_CostOfLiving/cost_10' is clicked on

2019-07-18 12:57:08 - [MESSAGE][PASSED] - Object: 'Object Repository/Tab_LifePlan/Page_Q10_CostOfLiving/cost_10' is clicked on

2019-07-18 12:57:08 - [TEST_STEP][PASSED] - click(findTestObject("Tab_LifePlan/Page_Q11_CurrentSavingsAmount/amount_500")): Object: 'Object Repository/Tab_LifePlan/Page_Q11_CurrentSavingsAmount/amount_500' is clicked on

2019-07-18 12:57:08 - [MESSAGE][PASSED] - Object: 'Object Repository/Tab_LifePlan/Page_Q11_CurrentSavingsAmount/amount_500' is clicked on

2019-07-18 12:57:08 - [TEST_STEP][PASSED] - waitForElementPresent(findTestObject("Tab_LifePlan/Page_LifePlanResult/tv_AmountAt65"), 20): Object 'Object Repository/Tab_LifePlan/Page_LifePlanResult/tv_AmountAt65' is present

2019-07-18 12:57:09 - [MESSAGE][PASSED] - Object 'Object Repository/Tab_LifePlan/Page_LifePlanResult/tv_AmountAt65' is present

2019-07-18 12:57:09 - [TEST_STEP][PASSED] - amountAt65OnWebApp = getText(findTestObject("Tab_LifePlan/Page_LifePlanResult/tv_AmountAt65")): Text of object 'Object Repository/Tab_LifePlan/Page_LifePlanResult/tv_AmountAt65' is: '+3,796.00'

2019-07-18 12:57:09 - [MESSAGE][PASSED] - Text of object 'Object Repository/Tab_LifePlan/Page_LifePlanResult/tv_AmountAt65' is: '+3,796.00'

2019-07-18 12:57:09 - [TEST_STEP][PASSED] - log.logInfo(amountAt65OnWebApp): +3,796.00

2019-07-18 12:57:09 - [MESSAGE][INFO] - +3,796.00

2019-07-18 12:57:09 - [TEST_STEP][PASSED] - closeBrowser(): Browser is closed

2019-07-18 12:57:10 - [MESSAGE][PASSED] - Browser is closed

2019-07-18 12:57:10 - [TEST_STEP][PASSED] - return amountAt65OnWebApp: null

2019-07-18 12:57:10 - [MESSAGE][PASSED] - Call Test Case 'Test Cases/TC_LifePlanAnalytics/TC_Scr01-15' successfully

2019-07-18 12:57:10 - [TEST_STEP][PASSED] - log.logInfo("TC_Scr01-" + i + " = " + amountAt65OnWebApp): TC_Scr01-15 = +3,796.00

2019-07-18 12:57:10 - [MESSAGE][INFO] - TC_Scr01-15 = +3,796.00

2019-07-18 12:57:10 - [TEST_STEP][PASSED] - setValueToCellByIndex(sheet01, 11 + i, 24, amountAt65OnWebApp): null

2019-07-18 12:57:10 - [TEST_STEP][PASSED] - if (i < 10): null

2019-07-18 12:57:10 - [TEST_STEP][PASSED] - else: Call Test Case 'Test Cases/TC_LifePlanAnalytics/TC_Scr01-16' successfully

2019-07-18 12:57:10 - [TEST_STEP][PASSED] - amountAt65OnWebApp = callTestCase(findTestCase("TC_LifePlanAnalytics/TC_Scr01-" + i), [:], OPTIONAL): Call Test Case 'Test Cases/TC_LifePlanAnalytics/TC_Scr01-16' successfully

2019-07-18 12:57:10 - [TEST_CASE][PASSED] - Test Cases/TC_LifePlanAnalytics/TC_Scr01-16: Test Cases/TC_LifePlanAnalytics/TC_Scr01-16

2019-07-18 12:57:10 - [TEST_STEP][PASSED] - log = new com.kms.katalon.core.logging.KeywordLogger(): null

2019-07-18 12:57:10 - [TEST_STEP][PASSED] - callTestCase(findTestCase("TC_AddVTKT"), [:], STOP_ON_FAILURE): Call Test Case 'Test Cases/TC_AddVTKT' successfully

2019-07-18 12:57:10 - [TEST_CASE][PASSED] - Test Cases/TC_AddVTKT: Test Cases/TC_AddVTKT

2019-07-18 12:57:10 - [TEST_STEP][PASSED] - openBrowser(""): Browser is opened with url: ''

2019-07-18 12:57:10 - [MESSAGE][INFO] - Starting 'Chrome' driver

2019-07-18 12:57:10 - [MESSAGE][INFO] - User set preference: ['args', '[-user-agent=Mozilla/5.0 (Linux; Android 9; SOV37 Build/52.0.C.1.112; wv) AppleWebKit/537.36 (KHTML, like Gecko) Version/4.0 Chrome/68.0.3440.91 Mobile Safari/537.36 6.0.2-k1]']

2019-07-18 12:57:12 - [MESSAGE][PASSED] - Browser is opened with url: ''

2019-07-18 12:57:12 - [TEST_STEP][PASSED] - navigateToUrl("https://dev.pfm.wallet.auone.jp/life_plan/"): Navigate to 'https://dev.pfm.wallet.auone.jp/life_plan/' successfully

2019-07-18 12:57:14 - [MESSAGE][PASSED] - Navigate to 'https://dev.pfm.wallet.auone.jp/life_plan/' successfully

2019-07-18 12:57:14 - [TEST_STEP][PASSED] - maximizeWindow(): Current window maximized

2019-07-18 12:57:15 - [MESSAGE][PASSED] - Current window maximized

2019-07-18 12:57:15 - [TEST_STEP][PASSED] - ck = new org.openqa.selenium.Cookie(VTKT, rtm0wCOc6hTIFjf19P7KEEn-NB7Jp8k5QvzBE7r1OxqcIYMRdmnbLGJqQYL7Lnv_Z7-e796XbNYuZ-AS_eJwPNQgQ4Kz3YSmcqmHm1CSCJAtHREgQ8GKcl29Banngbs4XK1ZuH_eUsCeXHVH0I8mIQ): null

2019-07-18 12:57:15 - [TEST_STEP][PASSED] - driver = getWebDriver(): null

2019-07-18 12:57:15 - [TEST_STEP][PASSED] - manage().addCookie(ck): null

2019-07-18 12:57:15 - [TEST_STEP][PASSED] - waitForPageLoad(10): Wait for page load successfully

2019-07-18 12:57:15 - [MESSAGE][PASSED] - Wait for page load successfully

2019-07-18 12:57:15 - [TEST_STEP][PASSED] - refresh(): Refresh successfully

2019-07-18 12:57:16 - [MESSAGE][PASSED] - Refresh successfully

2019-07-18 12:57:16 - [MESSAGE][PASSED] - Call Test Case 'Test Cases/TC_AddVTKT' successfully

2019-07-18 12:57:16 - [TEST_STEP][PASSED] - click(findTestObject("Tab_LifePlan/Page_LifePlanResult/btn_LifePlan")): Object: 'Object Repository/Tab_LifePlan/Page_LifePlanResult/btn_LifePlan' is clicked on

2019-07-18 12:57:18 - [MESSAGE][PASSED] - Object: 'Object Repository/Tab_LifePlan/Page_LifePlanResult/btn_LifePlan' is clicked on

2019-07-18 12:57:18 - [TEST_STEP][PASSED] - click(findTestObject("Tab_LifePlan/Page_Q01_Age/Age_50")): Object: 'Object Repository/Tab_LifePlan/Page_Q01_Age/Age_50' is clicked on

2019-07-18 12:57:19 - [MESSAGE][PASSED] - Object: 'Object Repository/Tab_LifePlan/Page_Q01_Age/Age_50' is clicked on

2019-07-18 12:57:19 - [TEST_STEP][PASSED] - click(findTestObject("Tab_LifePlan/Page_Q02_CurrentSituation/Single")): Object: 'Object Repository/Tab_LifePlan/Page_Q02_CurrentSituation/Single' is clicked on

2019-07-18 12:57:19 - [MESSAGE][PASSED] - Object: 'Object Repository/Tab_LifePlan/Page_Q02_CurrentSituation/Single' is clicked on

2019-07-18 12:57:19 - [TEST_STEP][PASSED] - click(findTestObject("Tab_LifePlan/Page_Q03_Children/Children_0")): Object: 'Object Repository/Tab_LifePlan/Page_Q03_Children/Children_0' is clicked on

2019-07-18 12:57:19 - [MESSAGE][PASSED] - Object: 'Object Repository/Tab_LifePlan/Page_Q03_Children/Children_0' is clicked on

2019-07-18 12:57:19 - [TEST_STEP][PASSED] - click(findTestObject("Tab_LifePlan/Page_Q04_Future/WantToGetMarried")): Object: 'Object Repository/Tab_LifePlan/Page_Q04_Future/WantToGetMarried' is clicked on

2019-07-18 12:57:20 - [MESSAGE][PASSED] - Object: 'Object Repository/Tab_LifePlan/Page_Q04_Future/WantToGetMarried' is clicked on

2019-07-18 12:57:20 - [TEST_STEP][PASSED] - click(findTestObject("Tab_LifePlan/Page_Q05_WhenGetMarry/Years_1")): Object: 'Object Repository/Tab_LifePlan/Page_Q05_WhenGetMarry/Years_1' is clicked on

2019-07-18 12:57:20 - [MESSAGE][PASSED] - Object: 'Object Repository/Tab_LifePlan/Page_Q05_WhenGetMarry/Years_1' is clicked on

2019-07-18 12:57:20 - [TEST_STEP][NOT_RUN] - click(findTestObject("Tab_LifePlan/Page_Q06_NumberOfChildrenWanToGet/Children_4")): NOT_RUN: click(findTestObject("Tab_LifePlan/Page_Q06_NumberOfChildrenWanToGet/Children_4"))

2019-07-18 12:57:20 - [MESSAGE][NOT_RUN] - NOT_RUN: click(findTestObject("Tab_LifePlan/Page_Q06_NumberOfChildrenWanToGet/Children_4"))

2019-07-18 12:57:20 - [TEST_STEP][PASSED] - click(findTestObject("Tab_LifePlan/Page_Q07_YourIncome/income_UpTo300")): Object: 'Object Repository/Tab_LifePlan/Page_Q07_YourIncome/income_UpTo300' is clicked on

2019-07-18 12:57:20 - [MESSAGE][PASSED] - Object: 'Object Repository/Tab_LifePlan/Page_Q07_YourIncome/income_UpTo300' is clicked on

2019-07-18 12:57:20 - [TEST_STEP][PASSED] - scrollToElement(findTestObject("Tab_LifePlan/Page_Q07_YourIncome/btn_Next"), 10): Scroll to object 'Object Repository/Tab_LifePlan/Page_Q07_YourIncome/btn_Next' successfully

2019-07-18 12:57:20 - [MESSAGE][PASSED] - Scroll to object 'Object Repository/Tab_LifePlan/Page_Q07_YourIncome/btn_Next' successfully

2019-07-18 12:57:20 - [TEST_STEP][NOT_RUN] - click(findTestObject("Tab_LifePlan/Page_Q07_YourIncome/chk_PartTimeIncome")): NOT_RUN: click(findTestObject("Tab_LifePlan/Page_Q07_YourIncome/chk_PartTimeIncome"))

2019-07-18 12:57:20 - [MESSAGE][NOT_RUN] - NOT_RUN: click(findTestObject("Tab_LifePlan/Page_Q07_YourIncome/chk_PartTimeIncome"))

2019-07-18 12:57:20 - [TEST_STEP][NOT_RUN] - click(findTestObject("Tab_LifePlan/Page_Q07_YourIncome/chk_NoRetirementPay")): NOT_RUN: click(findTestObject("Tab_LifePlan/Page_Q07_YourIncome/chk_NoRetirementPay"))

2019-07-18 12:57:20 - [MESSAGE][NOT_RUN] - NOT_RUN: click(findTestObject("Tab_LifePlan/Page_Q07_YourIncome/chk_NoRetirementPay"))

2019-07-18 12:57:20 - [TEST_STEP][PASSED] - click(findTestObject("Tab_LifePlan/Page_Q07_YourIncome/btn_Next")): Object: 'Object Repository/Tab_LifePlan/Page_Q07_YourIncome/btn_Next' is clicked on

2019-07-18 12:57:20 - [MESSAGE][PASSED] - Object: 'Object Repository/Tab_LifePlan/Page_Q07_YourIncome/btn_Next' is clicked on

2019-07-18 12:57:20 - [TEST_STEP][PASSED] - click(findTestObject("Tab_LifePlan/Page_Q08_IncomeOfTheSpouse/income_UpTo300")): Object: 'Object Repository/Tab_LifePlan/Page_Q08_IncomeOfTheSpouse/income_UpTo300' is clicked on

2019-07-18 12:57:20 - [MESSAGE][PASSED] - Object: 'Object Repository/Tab_LifePlan/Page_Q08_IncomeOfTheSpouse/income_UpTo300' is clicked on

2019-07-18 12:57:20 - [TEST_STEP][PASSED] - scrollToElement(findTestObject("Tab_LifePlan/Page_Q08_IncomeOfTheSpouse/btn_Next"), 10): Scroll to object 'Object Repository/Tab_LifePlan/Page_Q08_IncomeOfTheSpouse/btn_Next' successfully

2019-07-18 12:57:20 - [MESSAGE][PASSED] - Scroll to object 'Object Repository/Tab_LifePlan/Page_Q08_IncomeOfTheSpouse/btn_Next' successfully

2019-07-18 12:57:20 - [TEST_STEP][PASSED] - click(findTestObject("Tab_LifePlan/Page_Q08_IncomeOfTheSpouse/chk_PartTimeIncome")): Object: 'Object Repository/Tab_LifePlan/Page_Q08_IncomeOfTheSpouse/chk_PartTimeIncome' is clicked on

2019-07-18 12:57:20 - [MESSAGE][PASSED] - Object: 'Object Repository/Tab_LifePlan/Page_Q08_IncomeOfTheSpouse/chk_PartTimeIncome' is clicked on

2019-07-18 12:57:20 - [TEST_STEP][PASSED] - click(findTestObject("Tab_LifePlan/Page_Q08_IncomeOfTheSpouse/chk_NoRetirementPay")): Object: 'Object Repository/Tab_LifePlan/Page_Q08_IncomeOfTheSpouse/chk_NoRetirementPay' is clicked on

2019-07-18 12:57:20 - [MESSAGE][PASSED] - Object: 'Object Repository/Tab_LifePlan/Page_Q08_IncomeOfTheSpouse/chk_NoRetirementPay' is clicked on

2019-07-18 12:57:20 - [TEST_STEP][PASSED] - click(findTestObject("Tab_LifePlan/Page_Q08_IncomeOfTheSpouse/btn_Next")): Object: 'Object Repository/Tab_LifePlan/Page_Q08_IncomeOfTheSpouse/btn_Next' is clicked on

2019-07-18 12:57:20 - [MESSAGE][PASSED] - Object: 'Object Repository/Tab_LifePlan/Page_Q08_IncomeOfTheSpouse/btn_Next' is clicked on

2019-07-18 12:57:20 - [TEST_STEP][PASSED] - scrollToElement(findTestObject("Tab_LifePlan/Page_Q09_RentHouse/OwnedHouse"), 10): Scroll to object 'Object Repository/Tab_LifePlan/Page_Q09_RentHouse/OwnedHouse' successfully

2019-07-18 12:57:20 - [MESSAGE][PASSED] - Scroll to object 'Object Repository/Tab_LifePlan/Page_Q09_RentHouse/OwnedHouse' successfully

2019-07-18 12:57:20 - [TEST_STEP][PASSED] - click(findTestObject("Tab_LifePlan/Page_Q09_RentHouse/OwnedHouse")): Object: 'Object Repository/Tab_LifePlan/Page_Q09_RentHouse/OwnedHouse' is clicked on

2019-07-18 12:57:21 - [MESSAGE][PASSED] - Object: 'Object Repository/Tab_LifePlan/Page_Q09_RentHouse/OwnedHouse' is clicked on

2019-07-18 12:57:21 - [TEST_STEP][PASSED] - click(findTestObject("Tab_LifePlan/Page_Q09_RentHouse/rent_7")): Object: 'Object Repository/Tab_LifePlan/Page_Q09_RentHouse/rent_7' is clicked on

2019-07-18 12:57:21 - [MESSAGE][PASSED] - Object: 'Object Repository/Tab_LifePlan/Page_Q09_RentHouse/rent_7' is clicked on

2019-07-18 12:57:21 - [TEST_STEP][PASSED] - scrollToElement(findTestObject("Tab_LifePlan/Page_Q09_RentHouse/btn_Next"), 0): Scroll to object 'Object Repository/Tab_LifePlan/Page_Q09_RentHouse/btn_Next' successfully

2019-07-18 12:57:21 - [MESSAGE][WARNING] - Timeout '0' is invalid. Using default page load timeout: '30'

2019-07-18 12:57:21 - [MESSAGE][PASSED] - Scroll to object 'Object Repository/Tab_LifePlan/Page_Q09_RentHouse/btn_Next' successfully

2019-07-18 12:57:21 - [TEST_STEP][PASSED] - click(findTestObject("Tab_LifePlan/Page_Q09_RentHouse/btn_Next")): Object: 'Object Repository/Tab_LifePlan/Page_Q09_RentHouse/btn_Next' is clicked on

2019-07-18 12:57:21 - [MESSAGE][PASSED] - Object: 'Object Repository/Tab_LifePlan/Page_Q09_RentHouse/btn_Next' is clicked on

2019-07-18 12:57:21 - [TEST_STEP][PASSED] - click(findTestObject("Tab_LifePlan/Page_Q10_CostOfLiving/cost_10")): Object: 'Object Repository/Tab_LifePlan/Page_Q10_CostOfLiving/cost_10' is clicked on

2019-07-18 12:57:21 - [MESSAGE][PASSED] - Object: 'Object Repository/Tab_LifePlan/Page_Q10_CostOfLiving/cost_10' is clicked on

2019-07-18 12:57:21 - [TEST_STEP][PASSED] - click(findTestObject("Tab_LifePlan/Page_Q11_CurrentSavingsAmount/amount_500")): Object: 'Object Repository/Tab_LifePlan/Page_Q11_CurrentSavingsAmount/amount_500' is clicked on

2019-07-18 12:57:21 - [MESSAGE][PASSED] - Object: 'Object Repository/Tab_LifePlan/Page_Q11_CurrentSavingsAmount/amount_500' is clicked on

2019-07-18 12:57:21 - [TEST_STEP][PASSED] - waitForElementPresent(findTestObject("Tab_LifePlan/Page_LifePlanResult/tv_AmountAt65"), 20): Object 'Object Repository/Tab_LifePlan/Page_LifePlanResult/tv_AmountAt65' is present

2019-07-18 12:57:22 - [MESSAGE][PASSED] - Object 'Object Repository/Tab_LifePlan/Page_LifePlanResult/tv_AmountAt65' is present

2019-07-18 12:57:22 - [TEST_STEP][PASSED] - amountAt65OnWebApp = getText(findTestObject("Tab_LifePlan/Page_LifePlanResult/tv_AmountAt65")): Text of object 'Object Repository/Tab_LifePlan/Page_LifePlanResult/tv_AmountAt65' is: '+428.10'

2019-07-18 12:57:22 - [MESSAGE][PASSED] - Text of object 'Object Repository/Tab_LifePlan/Page_LifePlanResult/tv_AmountAt65' is: '+428.10'

2019-07-18 12:57:22 - [TEST_STEP][PASSED] - log.logInfo(amountAt65OnWebApp): +428.10

2019-07-18 12:57:22 - [MESSAGE][INFO] - +428.10

2019-07-18 12:57:22 - [TEST_STEP][PASSED] - closeBrowser(): Browser is closed

2019-07-18 12:57:23 - [MESSAGE][PASSED] - Browser is closed

2019-07-18 12:57:23 - [TEST_STEP][PASSED] - return amountAt65OnWebApp: null

2019-07-18 12:57:23 - [MESSAGE][PASSED] - Call Test Case 'Test Cases/TC_LifePlanAnalytics/TC_Scr01-16' successfully

2019-07-18 12:57:23 - [TEST_STEP][PASSED] - log.logInfo("TC_Scr01-" + i + " = " + amountAt65OnWebApp): TC_Scr01-16 = +428.10

2019-07-18 12:57:23 - [MESSAGE][INFO] - TC_Scr01-16 = +428.10

2019-07-18 12:57:23 - [TEST_STEP][PASSED] - setValueToCellByIndex(sheet01, 11 + i, 24, amountAt65OnWebApp): null

2019-07-18 12:57:23 - [TEST_STEP][PASSED] - if (i < 10): null

2019-07-18 12:57:23 - [TEST_STEP][PASSED] - else: Call Test Case 'Test Cases/TC_LifePlanAnalytics/TC_Scr01-17' successfully

2019-07-18 12:57:23 - [TEST_STEP][PASSED] - amountAt65OnWebApp = callTestCase(findTestCase("TC_LifePlanAnalytics/TC_Scr01-" + i), [:], OPTIONAL): Call Test Case 'Test Cases/TC_LifePlanAnalytics/TC_Scr01-17' successfully

2019-07-18 12:57:23 - [TEST_CASE][PASSED] - Test Cases/TC_LifePlanAnalytics/TC_Scr01-17: Test Cases/TC_LifePlanAnalytics/TC_Scr01-17

2019-07-18 12:57:23 - [TEST_STEP][PASSED] - log = new com.kms.katalon.core.logging.KeywordLogger(): null

2019-07-18 12:57:23 - [TEST_STEP][PASSED] - callTestCase(findTestCase("TC_AddVTKT"), [:], STOP_ON_FAILURE): Call Test Case 'Test Cases/TC_AddVTKT' successfully

2019-07-18 12:57:23 - [TEST_CASE][PASSED] - Test Cases/TC_AddVTKT: Test Cases/TC_AddVTKT

2019-07-18 12:57:23 - [TEST_STEP][PASSED] - openBrowser(""): Browser is opened with url: ''

2019-07-18 12:57:23 - [MESSAGE][INFO] - Starting 'Chrome' driver

2019-07-18 12:57:23 - [MESSAGE][INFO] - User set preference: ['args', '[-user-agent=Mozilla/5.0 (Linux; Android 9; SOV37 Build/52.0.C.1.112; wv) AppleWebKit/537.36 (KHTML, like Gecko) Version/4.0 Chrome/68.0.3440.91 Mobile Safari/537.36 6.0.2-k1]']

2019-07-18 12:57:25 - [MESSAGE][PASSED] - Browser is opened with url: ''

2019-07-18 12:57:25 - [TEST_STEP][PASSED] - navigateToUrl("https://dev.pfm.wallet.auone.jp/life_plan/"): Navigate to 'https://dev.pfm.wallet.auone.jp/life_plan/' successfully

2019-07-18 12:57:27 - [MESSAGE][PASSED] - Navigate to 'https://dev.pfm.wallet.auone.jp/life_plan/' successfully

2019-07-18 12:57:27 - [TEST_STEP][PASSED] - maximizeWindow(): Current window maximized

2019-07-18 12:57:28 - [MESSAGE][PASSED] - Current window maximized

2019-07-18 12:57:28 - [TEST_STEP][PASSED] - ck = new org.openqa.selenium.Cookie(VTKT, rtm0wCOc6hTIFjf19P7KEEn-NB7Jp8k5QvzBE7r1OxqcIYMRdmnbLGJqQYL7Lnv_Z7-e796XbNYuZ-AS_eJwPNQgQ4Kz3YSmcqmHm1CSCJAtHREgQ8GKcl29Banngbs4XK1ZuH_eUsCeXHVH0I8mIQ): null

2019-07-18 12:57:28 - [TEST_STEP][PASSED] - driver = getWebDriver(): null

2019-07-18 12:57:28 - [TEST_STEP][PASSED] - manage().addCookie(ck): null

2019-07-18 12:57:28 - [TEST_STEP][PASSED] - waitForPageLoad(10): Wait for page load successfully

2019-07-18 12:57:29 - [MESSAGE][PASSED] - Wait for page load successfully

2019-07-18 12:57:29 - [TEST_STEP][PASSED] - refresh(): Refresh successfully

2019-07-18 12:57:29 - [MESSAGE][PASSED] - Refresh successfully

2019-07-18 12:57:29 - [MESSAGE][PASSED] - Call Test Case 'Test Cases/TC_AddVTKT' successfully

2019-07-18 12:57:29 - [TEST_STEP][PASSED] - click(findTestObject("Tab_LifePlan/Page_LifePlanResult/btn_LifePlan")): Object: 'Object Repository/Tab_LifePlan/Page_LifePlanResult/btn_LifePlan' is clicked on

2019-07-18 12:57:31 - [MESSAGE][PASSED] - Object: 'Object Repository/Tab_LifePlan/Page_LifePlanResult/btn_LifePlan' is clicked on

2019-07-18 12:57:31 - [TEST_STEP][PASSED] - click(findTestObject("Tab_LifePlan/Page_Q01_Age/Age_20")): Object: 'Object Repository/Tab_LifePlan/Page_Q01_Age/Age_20' is clicked on

2019-07-18 12:57:32 - [MESSAGE][PASSED] - Object: 'Object Repository/Tab_LifePlan/Page_Q01_Age/Age_20' is clicked on

2019-07-18 12:57:32 - [TEST_STEP][PASSED] - click(findTestObject("Tab_LifePlan/Page_Q02_CurrentSituation/Single")): Object: 'Object Repository/Tab_LifePlan/Page_Q02_CurrentSituation/Single' is clicked on

2019-07-18 12:57:32 - [MESSAGE][PASSED] - Object: 'Object Repository/Tab_LifePlan/Page_Q02_CurrentSituation/Single' is clicked on

2019-07-18 12:57:32 - [TEST_STEP][PASSED] - click(findTestObject("Tab_LifePlan/Page_Q03_Children/Children_0")): Object: 'Object Repository/Tab_LifePlan/Page_Q03_Children/Children_0' is clicked on

2019-07-18 12:57:32 - [MESSAGE][PASSED] - Object: 'Object Repository/Tab_LifePlan/Page_Q03_Children/Children_0' is clicked on

2019-07-18 12:57:32 - [TEST_STEP][PASSED] - click(findTestObject("Tab_LifePlan/Page_Q04_Future/NoPlanToMarry")): Object: 'Object Repository/Tab_LifePlan/Page_Q04_Future/NoPlanToMarry' is clicked on

2019-07-18 12:57:32 - [MESSAGE][PASSED] - Object: 'Object Repository/Tab_LifePlan/Page_Q04_Future/NoPlanToMarry' is clicked on

2019-07-18 12:57:32 - [TEST_STEP][NOT_RUN] - click(findTestObject("Tab_LifePlan/Page_Q05_WhenGetMarry/Years_1")): NOT_RUN: click(findTestObject("Tab_LifePlan/Page_Q05_WhenGetMarry/Years_1"))

2019-07-18 12:57:32 - [MESSAGE][NOT_RUN] - NOT_RUN: click(findTestObject("Tab_LifePlan/Page_Q05_WhenGetMarry/Years_1"))

2019-07-18 12:57:32 - [TEST_STEP][NOT_RUN] - click(findTestObject("Tab_LifePlan/Page_Q06_NumberOfChildrenWanToGet/Children_4")): NOT_RUN: click(findTestObject("Tab_LifePlan/Page_Q06_NumberOfChildrenWanToGet/Children_4"))

2019-07-18 12:57:32 - [MESSAGE][NOT_RUN] - NOT_RUN: click(findTestObject("Tab_LifePlan/Page_Q06_NumberOfChildrenWanToGet/Children_4"))

2019-07-18 12:57:32 - [TEST_STEP][PASSED] - click(findTestObject("Tab_LifePlan/Page_Q07_YourIncome/income_300")): Object: 'Object Repository/Tab_LifePlan/Page_Q07_YourIncome/income_300' is clicked on

2019-07-18 12:57:32 - [MESSAGE][PASSED] - Object: 'Object Repository/Tab_LifePlan/Page_Q07_YourIncome/income_300' is clicked on

2019-07-18 12:57:32 - [TEST_STEP][PASSED] - scrollToElement(findTestObject("Tab_LifePlan/Page_Q07_YourIncome/btn_Next"), 10): Scroll to object 'Object Repository/Tab_LifePlan/Page_Q07_YourIncome/btn_Next' successfully

2019-07-18 12:57:32 - [MESSAGE][PASSED] - Scroll to object 'Object Repository/Tab_LifePlan/Page_Q07_YourIncome/btn_Next' successfully

2019-07-18 12:57:32 - [TEST_STEP][NOT_RUN] - click(findTestObject("Tab_LifePlan/Page_Q07_YourIncome/chk_PartTimeIncome")): NOT_RUN: click(findTestObject("Tab_LifePlan/Page_Q07_YourIncome/chk_PartTimeIncome"))

2019-07-18 12:57:32 - [MESSAGE][NOT_RUN] - NOT_RUN: click(findTestObject("Tab_LifePlan/Page_Q07_YourIncome/chk_PartTimeIncome"))

2019-07-18 12:57:32 - [TEST_STEP][PASSED] - click(findTestObject("Tab_LifePlan/Page_Q07_YourIncome/chk_NoRetirementPay")): Object: 'Object Repository/Tab_LifePlan/Page_Q07_YourIncome/chk_NoRetirementPay' is clicked on

2019-07-18 12:57:32 - [MESSAGE][PASSED] - Object: 'Object Repository/Tab_LifePlan/Page_Q07_YourIncome/chk_NoRetirementPay' is clicked on

2019-07-18 12:57:32 - [TEST_STEP][PASSED] - click(findTestObject("Tab_LifePlan/Page_Q07_YourIncome/btn_Next")): Object: 'Object Repository/Tab_LifePlan/Page_Q07_YourIncome/btn_Next' is clicked on

2019-07-18 12:57:33 - [MESSAGE][PASSED] - Object: 'Object Repository/Tab_LifePlan/Page_Q07_YourIncome/btn_Next' is clicked on

2019-07-18 12:57:33 - [TEST_STEP][NOT_RUN] - click(findTestObject("Tab_LifePlan/Page_Q08_IncomeOfTheSpouse/income_UpTo300")): NOT_RUN: click(findTestObject("Tab_LifePlan/Page_Q08_IncomeOfTheSpouse/income_UpTo300"))

2019-07-18 12:57:33 - [MESSAGE][NOT_RUN] - NOT_RUN: click(findTestObject("Tab_LifePlan/Page_Q08_IncomeOfTheSpouse/income_UpTo300"))

2019-07-18 12:57:33 - [TEST_STEP][NOT_RUN] - scrollToElement(findTestObject("Tab_LifePlan/Page_Q08_IncomeOfTheSpouse/btn_Next"), 10): NOT_RUN: scrollToElement(findTestObject("Tab_LifePlan/Page_Q08_IncomeOfTheSpouse/btn_Next"), 10)

2019-07-18 12:57:33 - [MESSAGE][NOT_RUN] - NOT_RUN: scrollToElement(findTestObject("Tab_LifePlan/Page_Q08_IncomeOfTheSpouse/btn_Next"), 10)

2019-07-18 12:57:33 - [TEST_STEP][NOT_RUN] - click(findTestObject("Tab_LifePlan/Page_Q08_IncomeOfTheSpouse/chk_PartTimeIncome")): NOT_RUN: click(findTestObject("Tab_LifePlan/Page_Q08_IncomeOfTheSpouse/chk_PartTimeIncome"))

2019-07-18 12:57:33 - [MESSAGE][NOT_RUN] - NOT_RUN: click(findTestObject("Tab_LifePlan/Page_Q08_IncomeOfTheSpouse/chk_PartTimeIncome"))

2019-07-18 12:57:33 - [TEST_STEP][NOT_RUN] - click(findTestObject("Tab_LifePlan/Page_Q08_IncomeOfTheSpouse/chk_NoRetirementPay")): NOT_RUN: click(findTestObject("Tab_LifePlan/Page_Q08_IncomeOfTheSpouse/chk_NoRetirementPay"))

2019-07-18 12:57:33 - [MESSAGE][NOT_RUN] - NOT_RUN: click(findTestObject("Tab_LifePlan/Page_Q08_IncomeOfTheSpouse/chk_NoRetirementPay"))

2019-07-18 12:57:33 - [TEST_STEP][NOT_RUN] - click(findTestObject("Tab_LifePlan/Page_Q08_IncomeOfTheSpouse/btn_Next")): NOT_RUN: click(findTestObject("Tab_LifePlan/Page_Q08_IncomeOfTheSpouse/btn_Next"))

2019-07-18 12:57:33 - [MESSAGE][NOT_RUN] - NOT_RUN: click(findTestObject("Tab_LifePlan/Page_Q08_IncomeOfTheSpouse/btn_Next"))

2019-07-18 12:57:33 - [TEST_STEP][PASSED] - scrollToElement(findTestObject("Tab_LifePlan/Page_Q09_RentHouse/OwnedHouse"), 10): Scroll to object 'Object Repository/Tab_LifePlan/Page_Q09_RentHouse/OwnedHouse' successfully

2019-07-18 12:57:33 - [MESSAGE][PASSED] - Scroll to object 'Object Repository/Tab_LifePlan/Page_Q09_RentHouse/OwnedHouse' successfully

2019-07-18 12:57:33 - [TEST_STEP][PASSED] - click(findTestObject("Tab_LifePlan/Page_Q09_RentHouse/OwnedHouse")): Object: 'Object Repository/Tab_LifePlan/Page_Q09_RentHouse/OwnedHouse' is clicked on

2019-07-18 12:57:33 - [MESSAGE][PASSED] - Object: 'Object Repository/Tab_LifePlan/Page_Q09_RentHouse/OwnedHouse' is clicked on

2019-07-18 12:57:33 - [TEST_STEP][PASSED] - click(findTestObject("Tab_LifePlan/Page_Q09_RentHouse/rent_1")): Object: 'Object Repository/Tab_LifePlan/Page_Q09_RentHouse/rent_1' is clicked on

2019-07-18 12:57:33 - [MESSAGE][PASSED] - Object: 'Object Repository/Tab_LifePlan/Page_Q09_RentHouse/rent_1' is clicked on

2019-07-18 12:57:33 - [TEST_STEP][PASSED] - scrollToElement(findTestObject("Tab_LifePlan/Page_Q09_RentHouse/btn_Next"), 0): Scroll to object 'Object Repository/Tab_LifePlan/Page_Q09_RentHouse/btn_Next' successfully

2019-07-18 12:57:33 - [MESSAGE][WARNING] - Timeout '0' is invalid. Using default page load timeout: '30'

2019-07-18 12:57:33 - [MESSAGE][PASSED] - Scroll to object 'Object Repository/Tab_LifePlan/Page_Q09_RentHouse/btn_Next' successfully

2019-07-18 12:57:33 - [TEST_STEP][PASSED] - click(findTestObject("Tab_LifePlan/Page_Q09_RentHouse/btn_Next")): Object: 'Object Repository/Tab_LifePlan/Page_Q09_RentHouse/btn_Next' is clicked on

2019-07-18 12:57:33 - [MESSAGE][PASSED] - Object: 'Object Repository/Tab_LifePlan/Page_Q09_RentHouse/btn_Next' is clicked on

2019-07-18 12:57:33 - [TEST_STEP][PASSED] - click(findTestObject("Tab_LifePlan/Page_Q10_CostOfLiving/cost_1")): Object: 'Object Repository/Tab_LifePlan/Page_Q10_CostOfLiving/cost_1' is clicked on

2019-07-18 12:57:33 - [MESSAGE][PASSED] - Object: 'Object Repository/Tab_LifePlan/Page_Q10_CostOfLiving/cost_1' is clicked on

2019-07-18 12:57:33 - [TEST_STEP][PASSED] - click(findTestObject("Tab_LifePlan/Page_Q11_CurrentSavingsAmount/amount_0")): Object: 'Object Repository/Tab_LifePlan/Page_Q11_CurrentSavingsAmount/amount_0' is clicked on

2019-07-18 12:57:33 - [MESSAGE][PASSED] - Object: 'Object Repository/Tab_LifePlan/Page_Q11_CurrentSavingsAmount/amount_0' is clicked on

2019-07-18 12:57:33 - [TEST_STEP][PASSED] - waitForElementPresent(findTestObject("Tab_LifePlan/Page_LifePlanResult/tv_AmountAt65"), 20): Object 'Object Repository/Tab_LifePlan/Page_LifePlanResult/tv_AmountAt65' is present

2019-07-18 12:57:34 - [MESSAGE][PASSED] - Object 'Object Repository/Tab_LifePlan/Page_LifePlanResult/tv_AmountAt65' is present

2019-07-18 12:57:34 - [TEST_STEP][PASSED] - amountAt65OnWebApp = getText(findTestObject("Tab_LifePlan/Page_LifePlanResult/tv_AmountAt65")): Text of object 'Object Repository/Tab_LifePlan/Page_LifePlanResult/tv_AmountAt65' is: '+8,188.89'

2019-07-18 12:57:34 - [MESSAGE][PASSED] - Text of object 'Object Repository/Tab_LifePlan/Page_LifePlanResult/tv_AmountAt65' is: '+8,188.89'

2019-07-18 12:57:34 - [TEST_STEP][PASSED] - log.logInfo(amountAt65OnWebApp): +8,188.89

2019-07-18 12:57:34 - [MESSAGE][INFO] - +8,188.89

2019-07-18 12:57:34 - [TEST_STEP][PASSED] - closeBrowser(): Browser is closed

2019-07-18 12:57:35 - [MESSAGE][PASSED] - Browser is closed

2019-07-18 12:57:35 - [TEST_STEP][PASSED] - return amountAt65OnWebApp: null

2019-07-18 12:57:35 - [MESSAGE][PASSED] - Call Test Case 'Test Cases/TC_LifePlanAnalytics/TC_Scr01-17' successfully

2019-07-18 12:57:35 - [TEST_STEP][PASSED] - log.logInfo("TC_Scr01-" + i + " = " + amountAt65OnWebApp): TC_Scr01-17 = +8,188.89

2019-07-18 12:57:35 - [MESSAGE][INFO] - TC_Scr01-17 = +8,188.89

2019-07-18 12:57:35 - [TEST_STEP][PASSED] - setValueToCellByIndex(sheet01, 11 + i, 24, amountAt65OnWebApp): null

2019-07-18 12:57:35 - [TEST_STEP][PASSED] - if (i < 10): null

2019-07-18 12:57:35 - [TEST_STEP][PASSED] - else: Call Test Case 'Test Cases/TC_LifePlanAnalytics/TC_Scr01-18' successfully

2019-07-18 12:57:35 - [TEST_STEP][PASSED] - amountAt65OnWebApp = callTestCase(findTestCase("TC_LifePlanAnalytics/TC_Scr01-" + i), [:], OPTIONAL): Call Test Case 'Test Cases/TC_LifePlanAnalytics/TC_Scr01-18' successfully

2019-07-18 12:57:35 - [TEST_CASE][PASSED] - Test Cases/TC_LifePlanAnalytics/TC_Scr01-18: Test Cases/TC_LifePlanAnalytics/TC_Scr01-18

2019-07-18 12:57:35 - [TEST_STEP][PASSED] - log = new com.kms.katalon.core.logging.KeywordLogger(): null

2019-07-18 12:57:35 - [TEST_STEP][PASSED] - callTestCase(findTestCase("TC_AddVTKT"), [:], STOP_ON_FAILURE): Call Test Case 'Test Cases/TC_AddVTKT' successfully

2019-07-18 12:57:35 - [TEST_CASE][PASSED] - Test Cases/TC_AddVTKT: Test Cases/TC_AddVTKT

2019-07-18 12:57:35 - [TEST_STEP][PASSED] - openBrowser(""): Browser is opened with url: ''

2019-07-18 12:57:35 - [MESSAGE][INFO] - Starting 'Chrome' driver

2019-07-18 12:57:35 - [MESSAGE][INFO] - User set preference: ['args', '[-user-agent=Mozilla/5.0 (Linux; Android 9; SOV37 Build/52.0.C.1.112; wv) AppleWebKit/537.36 (KHTML, like Gecko) Version/4.0 Chrome/68.0.3440.91 Mobile Safari/537.36 6.0.2-k1]']

2019-07-18 12:57:37 - [MESSAGE][PASSED] - Browser is opened with url: ''

2019-07-18 12:57:37 - [TEST_STEP][PASSED] - navigateToUrl("https://dev.pfm.wallet.auone.jp/life_plan/"): Navigate to 'https://dev.pfm.wallet.auone.jp/life_plan/' successfully

2019-07-18 12:57:40 - [MESSAGE][PASSED] - Navigate to 'https://dev.pfm.wallet.auone.jp/life_plan/' successfully

2019-07-18 12:57:40 - [TEST_STEP][PASSED] - maximizeWindow(): Current window maximized

2019-07-18 12:57:41 - [MESSAGE][PASSED] - Current window maximized

2019-07-18 12:57:41 - [TEST_STEP][PASSED] - ck = new org.openqa.selenium.Cookie(VTKT, rtm0wCOc6hTIFjf19P7KEEn-NB7Jp8k5QvzBE7r1OxqcIYMRdmnbLGJqQYL7Lnv_Z7-e796XbNYuZ-AS_eJwPNQgQ4Kz3YSmcqmHm1CSCJAtHREgQ8GKcl29Banngbs4XK1ZuH_eUsCeXHVH0I8mIQ): null

2019-07-18 12:57:41 - [TEST_STEP][PASSED] - driver = getWebDriver(): null

2019-07-18 12:57:41 - [TEST_STEP][PASSED] - manage().addCookie(ck): null

2019-07-18 12:57:41 - [TEST_STEP][PASSED] - waitForPageLoad(10): Wait for page load successfully

2019-07-18 12:57:41 - [MESSAGE][PASSED] - Wait for page load successfully

2019-07-18 12:57:41 - [TEST_STEP][PASSED] - refresh(): Refresh successfully

2019-07-18 12:57:41 - [MESSAGE][PASSED] - Refresh successfully

2019-07-18 12:57:41 - [MESSAGE][PASSED] - Call Test Case 'Test Cases/TC_AddVTKT' successfully

2019-07-18 12:57:41 - [TEST_STEP][PASSED] - click(findTestObject("Tab_LifePlan/Page_LifePlanResult/btn_LifePlan")): Object: 'Object Repository/Tab_LifePlan/Page_LifePlanResult/btn_LifePlan' is clicked on

2019-07-18 12:57:43 - [MESSAGE][PASSED] - Object: 'Object Repository/Tab_LifePlan/Page_LifePlanResult/btn_LifePlan' is clicked on

2019-07-18 12:57:43 - [TEST_STEP][PASSED] - click(findTestObject("Tab_LifePlan/Page_Q01_Age/Age_30")): Object: 'Object Repository/Tab_LifePlan/Page_Q01_Age/Age_30' is clicked on

2019-07-18 12:57:45 - [MESSAGE][PASSED] - Object: 'Object Repository/Tab_LifePlan/Page_Q01_Age/Age_30' is clicked on

2019-07-18 12:57:45 - [TEST_STEP][PASSED] - click(findTestObject("Tab_LifePlan/Page_Q02_CurrentSituation/Single")): Object: 'Object Repository/Tab_LifePlan/Page_Q02_CurrentSituation/Single' is clicked on

2019-07-18 12:57:45 - [MESSAGE][PASSED] - Object: 'Object Repository/Tab_LifePlan/Page_Q02_CurrentSituation/Single' is clicked on

2019-07-18 12:57:45 - [TEST_STEP][PASSED] - click(findTestObject("Tab_LifePlan/Page_Q03_Children/Children_0")): Object: 'Object Repository/Tab_LifePlan/Page_Q03_Children/Children_0' is clicked on

2019-07-18 12:57:45 - [MESSAGE][PASSED] - Object: 'Object Repository/Tab_LifePlan/Page_Q03_Children/Children_0' is clicked on

2019-07-18 12:57:45 - [TEST_STEP][PASSED] - click(findTestObject("Tab_LifePlan/Page_Q04_Future/WantToGetMarried")): Object: 'Object Repository/Tab_LifePlan/Page_Q04_Future/WantToGetMarried' is clicked on

2019-07-18 12:57:45 - [MESSAGE][PASSED] - Object: 'Object Repository/Tab_LifePlan/Page_Q04_Future/WantToGetMarried' is clicked on

2019-07-18 12:57:45 - [TEST_STEP][PASSED] - click(findTestObject("Tab_LifePlan/Page_Q05_WhenGetMarry/Years_Undecided")): Object: 'Object Repository/Tab_LifePlan/Page_Q05_WhenGetMarry/Years_Undecided' is clicked on

2019-07-18 12:57:45 - [MESSAGE][PASSED] - Object: 'Object Repository/Tab_LifePlan/Page_Q05_WhenGetMarry/Years_Undecided' is clicked on

2019-07-18 12:57:45 - [TEST_STEP][NOT_RUN] - click(findTestObject("Tab_LifePlan/Page_Q06_NumberOfChildrenWanToGet/Children_4")): NOT_RUN: click(findTestObject("Tab_LifePlan/Page_Q06_NumberOfChildrenWanToGet/Children_4"))

2019-07-18 12:57:45 - [MESSAGE][NOT_RUN] - NOT_RUN: click(findTestObject("Tab_LifePlan/Page_Q06_NumberOfChildrenWanToGet/Children_4"))

2019-07-18 12:57:45 - [TEST_STEP][PASSED] - click(findTestObject("Tab_LifePlan/Page_Q07_YourIncome/income_400")): Object: 'Object Repository/Tab_LifePlan/Page_Q07_YourIncome/income_400' is clicked on

2019-07-18 12:57:45 - [MESSAGE][PASSED] - Object: 'Object Repository/Tab_LifePlan/Page_Q07_YourIncome/income_400' is clicked on

2019-07-18 12:57:45 - [TEST_STEP][PASSED] - scrollToElement(findTestObject("Tab_LifePlan/Page_Q07_YourIncome/btn_Next"), 10): Scroll to object 'Object Repository/Tab_LifePlan/Page_Q07_YourIncome/btn_Next' successfully

2019-07-18 12:57:45 - [MESSAGE][PASSED] - Scroll to object 'Object Repository/Tab_LifePlan/Page_Q07_YourIncome/btn_Next' successfully

2019-07-18 12:57:45 - [TEST_STEP][NOT_RUN] - click(findTestObject("Tab_LifePlan/Page_Q07_YourIncome/chk_PartTimeIncome")): NOT_RUN: click(findTestObject("Tab_LifePlan/Page_Q07_YourIncome/chk_PartTimeIncome"))

2019-07-18 12:57:45 - [MESSAGE][NOT_RUN] - NOT_RUN: click(findTestObject("Tab_LifePlan/Page_Q07_YourIncome/chk_PartTimeIncome"))

2019-07-18 12:57:45 - [TEST_STEP][PASSED] - click(findTestObject("Tab_LifePlan/Page_Q07_YourIncome/chk_NoRetirementPay")): Object: 'Object Repository/Tab_LifePlan/Page_Q07_YourIncome/chk_NoRetirementPay' is clicked on

2019-07-18 12:57:45 - [MESSAGE][PASSED] - Object: 'Object Repository/Tab_LifePlan/Page_Q07_YourIncome/chk_NoRetirementPay' is clicked on

2019-07-18 12:57:45 - [TEST_STEP][PASSED] - click(findTestObject("Tab_LifePlan/Page_Q07_YourIncome/btn_Next")): Object: 'Object Repository/Tab_LifePlan/Page_Q07_YourIncome/btn_Next' is clicked on

2019-07-18 12:57:45 - [MESSAGE][PASSED] - Object: 'Object Repository/Tab_LifePlan/Page_Q07_YourIncome/btn_Next' is clicked on

2019-07-18 12:57:45 - [TEST_STEP][PASSED] - click(findTestObject("Tab_LifePlan/Page_Q08_IncomeOfTheSpouse/income_UpTo300")): Object: 'Object Repository/Tab_LifePlan/Page_Q08_IncomeOfTheSpouse/income_UpTo300' is clicked on

2019-07-18 12:57:45 - [MESSAGE][PASSED] - Object: 'Object Repository/Tab_LifePlan/Page_Q08_IncomeOfTheSpouse/income_UpTo300' is clicked on

2019-07-18 12:57:45 - [TEST_STEP][PASSED] - scrollToElement(findTestObject("Tab_LifePlan/Page_Q08_IncomeOfTheSpouse/btn_Next"), 10): Scroll to object 'Object Repository/Tab_LifePlan/Page_Q08_IncomeOfTheSpouse/btn_Next' successfully

2019-07-18 12:57:45 - [MESSAGE][PASSED] - Scroll to object 'Object Repository/Tab_LifePlan/Page_Q08_IncomeOfTheSpouse/btn_Next' successfully

2019-07-18 12:57:45 - [TEST_STEP][PASSED] - click(findTestObject("Tab_LifePlan/Page_Q08_IncomeOfTheSpouse/chk_PartTimeIncome")): Object: 'Object Repository/Tab_LifePlan/Page_Q08_IncomeOfTheSpouse/chk_PartTimeIncome' is clicked on

2019-07-18 12:57:46 - [MESSAGE][PASSED] - Object: 'Object Repository/Tab_LifePlan/Page_Q08_IncomeOfTheSpouse/chk_PartTimeIncome' is clicked on

2019-07-18 12:57:46 - [TEST_STEP][PASSED] - click(findTestObject("Tab_LifePlan/Page_Q08_IncomeOfTheSpouse/chk_NoRetirementPay")): Object: 'Object Repository/Tab_LifePlan/Page_Q08_IncomeOfTheSpouse/chk_NoRetirementPay' is clicked on

2019-07-18 12:57:46 - [MESSAGE][PASSED] - Object: 'Object Repository/Tab_LifePlan/Page_Q08_IncomeOfTheSpouse/chk_NoRetirementPay' is clicked on

2019-07-18 12:57:46 - [TEST_STEP][PASSED] - click(findTestObject("Tab_LifePlan/Page_Q08_IncomeOfTheSpouse/btn_Next")): Object: 'Object Repository/Tab_LifePlan/Page_Q08_IncomeOfTheSpouse/btn_Next' is clicked on

2019-07-18 12:57:46 - [MESSAGE][PASSED] - Object: 'Object Repository/Tab_LifePlan/Page_Q08_IncomeOfTheSpouse/btn_Next' is clicked on

2019-07-18 12:57:46 - [TEST_STEP][PASSED] - scrollToElement(findTestObject("Tab_LifePlan/Page_Q09_RentHouse/OwnedHouse"), 10): Scroll to object 'Object Repository/Tab_LifePlan/Page_Q09_RentHouse/OwnedHouse' successfully

2019-07-18 12:57:46 - [MESSAGE][PASSED] - Scroll to object 'Object Repository/Tab_LifePlan/Page_Q09_RentHouse/OwnedHouse' successfully

2019-07-18 12:57:46 - [TEST_STEP][PASSED] - click(findTestObject("Tab_LifePlan/Page_Q09_RentHouse/OwnedHouse")): Object: 'Object Repository/Tab_LifePlan/Page_Q09_RentHouse/OwnedHouse' is clicked on

2019-07-18 12:57:46 - [MESSAGE][PASSED] - Object: 'Object Repository/Tab_LifePlan/Page_Q09_RentHouse/OwnedHouse' is clicked on

2019-07-18 12:57:46 - [TEST_STEP][PASSED] - click(findTestObject("Tab_LifePlan/Page_Q09_RentHouse/rent_1")): Object: 'Object Repository/Tab_LifePlan/Page_Q09_RentHouse/rent_1' is clicked on

2019-07-18 12:57:46 - [MESSAGE][PASSED] - Object: 'Object Repository/Tab_LifePlan/Page_Q09_RentHouse/rent_1' is clicked on

2019-07-18 12:57:46 - [TEST_STEP][PASSED] - scrollToElement(findTestObject("Tab_LifePlan/Page_Q09_RentHouse/btn_Next"), 0): Scroll to object 'Object Repository/Tab_LifePlan/Page_Q09_RentHouse/btn_Next' successfully

2019-07-18 12:57:46 - [MESSAGE][WARNING] - Timeout '0' is invalid. Using default page load timeout: '30'

2019-07-18 12:57:46 - [MESSAGE][PASSED] - Scroll to object 'Object Repository/Tab_LifePlan/Page_Q09_RentHouse/btn_Next' successfully

2019-07-18 12:57:46 - [TEST_STEP][PASSED] - click(findTestObject("Tab_LifePlan/Page_Q09_RentHouse/btn_Next")): Object: 'Object Repository/Tab_LifePlan/Page_Q09_RentHouse/btn_Next' is clicked on

2019-07-18 12:57:46 - [MESSAGE][PASSED] - Object: 'Object Repository/Tab_LifePlan/Page_Q09_RentHouse/btn_Next' is clicked on

2019-07-18 12:57:46 - [TEST_STEP][PASSED] - click(findTestObject("Tab_LifePlan/Page_Q10_CostOfLiving/cost_1")): Object: 'Object Repository/Tab_LifePlan/Page_Q10_CostOfLiving/cost_1' is clicked on

2019-07-18 12:57:46 - [MESSAGE][PASSED] - Object: 'Object Repository/Tab_LifePlan/Page_Q10_CostOfLiving/cost_1' is clicked on

2019-07-18 12:57:46 - [TEST_STEP][PASSED] - click(findTestObject("Tab_LifePlan/Page_Q11_CurrentSavingsAmount/amount_0")): Object: 'Object Repository/Tab_LifePlan/Page_Q11_CurrentSavingsAmount/amount_0' is clicked on

2019-07-18 12:57:46 - [MESSAGE][PASSED] - Object: 'Object Repository/Tab_LifePlan/Page_Q11_CurrentSavingsAmount/amount_0' is clicked on

2019-07-18 12:57:46 - [TEST_STEP][PASSED] - waitForElementPresent(findTestObject("Tab_LifePlan/Page_LifePlanResult/tv_AmountAt65"), 20): Object 'Object Repository/Tab_LifePlan/Page_LifePlanResult/tv_AmountAt65' is present

2019-07-18 12:57:47 - [MESSAGE][PASSED] - Object 'Object Repository/Tab_LifePlan/Page_LifePlanResult/tv_AmountAt65' is present

2019-07-18 12:57:47 - [TEST_STEP][PASSED] - amountAt65OnWebApp = getText(findTestObject("Tab_LifePlan/Page_LifePlanResult/tv_AmountAt65")): Text of object 'Object Repository/Tab_LifePlan/Page_LifePlanResult/tv_AmountAt65' is: '+1.08'

2019-07-18 12:57:47 - [MESSAGE][PASSED] - Text of object 'Object Repository/Tab_LifePlan/Page_LifePlanResult/tv_AmountAt65' is: '+1.08'

2019-07-18 12:57:47 - [TEST_STEP][PASSED] - log.logInfo(amountAt65OnWebApp): +1.08

2019-07-18 12:57:47 - [MESSAGE][INFO] - +1.08

2019-07-18 12:57:47 - [TEST_STEP][PASSED] - closeBrowser(): Browser is closed

2019-07-18 12:57:48 - [MESSAGE][PASSED] - Browser is closed

2019-07-18 12:57:48 - [TEST_STEP][PASSED] - return amountAt65OnWebApp: null

2019-07-18 12:57:48 - [MESSAGE][PASSED] - Call Test Case 'Test Cases/TC_LifePlanAnalytics/TC_Scr01-18' successfully

2019-07-18 12:57:48 - [TEST_STEP][PASSED] - log.logInfo("TC_Scr01-" + i + " = " + amountAt65OnWebApp): TC_Scr01-18 = +1.08

2019-07-18 12:57:48 - [MESSAGE][INFO] - TC_Scr01-18 = +1.08

2019-07-18 12:57:48 - [TEST_STEP][PASSED] - setValueToCellByIndex(sheet01, 11 + i, 24, amountAt65OnWebApp): null

2019-07-18 12:57:48 - [TEST_STEP][PASSED] - if (i < 10): null

2019-07-18 12:57:48 - [TEST_STEP][PASSED] - else: Call Test Case 'Test Cases/TC_LifePlanAnalytics/TC_Scr01-19' successfully

2019-07-18 12:57:48 - [TEST_STEP][PASSED] - amountAt65OnWebApp = callTestCase(findTestCase("TC_LifePlanAnalytics/TC_Scr01-" + i), [:], OPTIONAL): Call Test Case 'Test Cases/TC_LifePlanAnalytics/TC_Scr01-19' successfully

2019-07-18 12:57:48 - [TEST_CASE][PASSED] - Test Cases/TC_LifePlanAnalytics/TC_Scr01-19: Test Cases/TC_LifePlanAnalytics/TC_Scr01-19

2019-07-18 12:57:48 - [TEST_STEP][PASSED] - log = new com.kms.katalon.core.logging.KeywordLogger(): null

2019-07-18 12:57:48 - [TEST_STEP][PASSED] - callTestCase(findTestCase("TC_AddVTKT"), [:], STOP_ON_FAILURE): Call Test Case 'Test Cases/TC_AddVTKT' successfully

2019-07-18 12:57:48 - [TEST_CASE][PASSED] - Test Cases/TC_AddVTKT: Test Cases/TC_AddVTKT

2019-07-18 12:57:48 - [TEST_STEP][PASSED] - openBrowser(""): Browser is opened with url: ''

2019-07-18 12:57:48 - [MESSAGE][INFO] - Starting 'Chrome' driver

2019-07-18 12:57:48 - [MESSAGE][INFO] - User set preference: ['args', '[-user-agent=Mozilla/5.0 (Linux; Android 9; SOV37 Build/52.0.C.1.112; wv) AppleWebKit/537.36 (KHTML, like Gecko) Version/4.0 Chrome/68.0.3440.91 Mobile Safari/537.36 6.0.2-k1]']

2019-07-18 12:57:50 - [MESSAGE][PASSED] - Browser is opened with url: ''

2019-07-18 12:57:50 - [TEST_STEP][PASSED] - navigateToUrl("https://dev.pfm.wallet.auone.jp/life_plan/"): Navigate to 'https://dev.pfm.wallet.auone.jp/life_plan/' successfully

2019-07-18 12:57:52 - [MESSAGE][PASSED] - Navigate to 'https://dev.pfm.wallet.auone.jp/life_plan/' successfully

2019-07-18 12:57:52 - [TEST_STEP][PASSED] - maximizeWindow(): Current window maximized

2019-07-18 12:57:54 - [MESSAGE][PASSED] - Current window maximized

2019-07-18 12:57:54 - [TEST_STEP][PASSED] - ck = new org.openqa.selenium.Cookie(VTKT, rtm0wCOc6hTIFjf19P7KEEn-NB7Jp8k5QvzBE7r1OxqcIYMRdmnbLGJqQYL7Lnv_Z7-e796XbNYuZ-AS_eJwPNQgQ4Kz3YSmcqmHm1CSCJAtHREgQ8GKcl29Banngbs4XK1ZuH_eUsCeXHVH0I8mIQ): null

2019-07-18 12:57:54 - [TEST_STEP][PASSED] - driver = getWebDriver(): null

2019-07-18 12:57:54 - [TEST_STEP][PASSED] - manage().addCookie(ck): null

2019-07-18 12:57:54 - [TEST_STEP][PASSED] - waitForPageLoad(10): Wait for page load successfully

2019-07-18 12:57:54 - [MESSAGE][PASSED] - Wait for page load successfully

2019-07-18 12:57:54 - [TEST_STEP][PASSED] - refresh(): Refresh successfully

2019-07-18 12:57:54 - [MESSAGE][PASSED] - Refresh successfully

2019-07-18 12:57:54 - [MESSAGE][PASSED] - Call Test Case 'Test Cases/TC_AddVTKT' successfully

2019-07-18 12:57:54 - [TEST_STEP][PASSED] - click(findTestObject("Tab_LifePlan/Page_LifePlanResult/btn_LifePlan")): Object: 'Object Repository/Tab_LifePlan/Page_LifePlanResult/btn_LifePlan' is clicked on

2019-07-18 12:57:56 - [MESSAGE][PASSED] - Object: 'Object Repository/Tab_LifePlan/Page_LifePlanResult/btn_LifePlan' is clicked on

2019-07-18 12:57:56 - [TEST_STEP][PASSED] - click(findTestObject("Tab_LifePlan/Page_Q01_Age/Age_40")): Object: 'Object Repository/Tab_LifePlan/Page_Q01_Age/Age_40' is clicked on

2019-07-18 12:57:57 - [MESSAGE][PASSED] - Object: 'Object Repository/Tab_LifePlan/Page_Q01_Age/Age_40' is clicked on

2019-07-18 12:57:57 - [TEST_STEP][PASSED] - click(findTestObject("Tab_LifePlan/Page_Q02_CurrentSituation/Single")): Object: 'Object Repository/Tab_LifePlan/Page_Q02_CurrentSituation/Single' is clicked on

2019-07-18 12:57:57 - [MESSAGE][PASSED] - Object: 'Object Repository/Tab_LifePlan/Page_Q02_CurrentSituation/Single' is clicked on

2019-07-18 12:57:57 - [TEST_STEP][PASSED] - click(findTestObject("Tab_LifePlan/Page_Q03_Children/Children_0")): Object: 'Object Repository/Tab_LifePlan/Page_Q03_Children/Children_0' is clicked on

2019-07-18 12:57:57 - [MESSAGE][PASSED] - Object: 'Object Repository/Tab_LifePlan/Page_Q03_Children/Children_0' is clicked on

2019-07-18 12:57:57 - [TEST_STEP][PASSED] - click(findTestObject("Tab_LifePlan/Page_Q04_Future/WantToMarryAndWantToHaveAChild")): Object: 'Object Repository/Tab_LifePlan/Page_Q04_Future/WantToMarryAndWantToHaveAChild' is clicked on

2019-07-18 12:57:57 - [MESSAGE][PASSED] - Object: 'Object Repository/Tab_LifePlan/Page_Q04_Future/WantToMarryAndWantToHaveAChild' is clicked on

2019-07-18 12:57:57 - [TEST_STEP][PASSED] - click(findTestObject("Tab_LifePlan/Page_Q05_WhenGetMarry/Years_5")): Object: 'Object Repository/Tab_LifePlan/Page_Q05_WhenGetMarry/Years_5' is clicked on

2019-07-18 12:57:57 - [MESSAGE][PASSED] - Object: 'Object Repository/Tab_LifePlan/Page_Q05_WhenGetMarry/Years_5' is clicked on

2019-07-18 12:57:57 - [TEST_STEP][PASSED] - click(findTestObject("Tab_LifePlan/Page_Q06_NumberOfChildrenWanToGet/Children_2")): Object: 'Object Repository/Tab_LifePlan/Page_Q06_NumberOfChildrenWanToGet/Children_2' is clicked on

2019-07-18 12:57:57 - [MESSAGE][PASSED] - Object: 'Object Repository/Tab_LifePlan/Page_Q06_NumberOfChildrenWanToGet/Children_2' is clicked on

2019-07-18 12:57:57 - [TEST_STEP][PASSED] - click(findTestObject("Tab_LifePlan/Page_Q07_YourIncome/income_500")): Object: 'Object Repository/Tab_LifePlan/Page_Q07_YourIncome/income_500' is clicked on

2019-07-18 12:57:58 - [MESSAGE][PASSED] - Object: 'Object Repository/Tab_LifePlan/Page_Q07_YourIncome/income_500' is clicked on

2019-07-18 12:57:58 - [TEST_STEP][PASSED] - scrollToElement(findTestObject("Tab_LifePlan/Page_Q07_YourIncome/btn_Next"), 10): Scroll to object 'Object Repository/Tab_LifePlan/Page_Q07_YourIncome/btn_Next' successfully

2019-07-18 12:57:58 - [MESSAGE][PASSED] - Scroll to object 'Object Repository/Tab_LifePlan/Page_Q07_YourIncome/btn_Next' successfully

2019-07-18 12:57:58 - [TEST_STEP][NOT_RUN] - click(findTestObject("Tab_LifePlan/Page_Q07_YourIncome/chk_PartTimeIncome")): NOT_RUN: click(findTestObject("Tab_LifePlan/Page_Q07_YourIncome/chk_PartTimeIncome"))

2019-07-18 12:57:58 - [MESSAGE][NOT_RUN] - NOT_RUN: click(findTestObject("Tab_LifePlan/Page_Q07_YourIncome/chk_PartTimeIncome"))

2019-07-18 12:57:58 - [TEST_STEP][PASSED] - click(findTestObject("Tab_LifePlan/Page_Q07_YourIncome/chk_NoRetirementPay")): Object: 'Object Repository/Tab_LifePlan/Page_Q07_YourIncome/chk_NoRetirementPay' is clicked on

2019-07-18 12:57:58 - [MESSAGE][PASSED] - Object: 'Object Repository/Tab_LifePlan/Page_Q07_YourIncome/chk_NoRetirementPay' is clicked on

2019-07-18 12:57:58 - [TEST_STEP][PASSED] - click(findTestObject("Tab_LifePlan/Page_Q07_YourIncome/btn_Next")): Object: 'Object Repository/Tab_LifePlan/Page_Q07_YourIncome/btn_Next' is clicked on

2019-07-18 12:57:58 - [MESSAGE][PASSED] - Object: 'Object Repository/Tab_LifePlan/Page_Q07_YourIncome/btn_Next' is clicked on

2019-07-18 12:57:58 - [TEST_STEP][PASSED] - click(findTestObject("Tab_LifePlan/Page_Q08_IncomeOfTheSpouse/income_300")): Object: 'Object Repository/Tab_LifePlan/Page_Q08_IncomeOfTheSpouse/income_300' is clicked on

2019-07-18 12:57:58 - [MESSAGE][PASSED] - Object: 'Object Repository/Tab_LifePlan/Page_Q08_IncomeOfTheSpouse/income_300' is clicked on

2019-07-18 12:57:58 - [TEST_STEP][PASSED] - scrollToElement(findTestObject("Tab_LifePlan/Page_Q08_IncomeOfTheSpouse/btn_Next"), 10): Scroll to object 'Object Repository/Tab_LifePlan/Page_Q08_IncomeOfTheSpouse/btn_Next' successfully

2019-07-18 12:57:58 - [MESSAGE][PASSED] - Scroll to object 'Object Repository/Tab_LifePlan/Page_Q08_IncomeOfTheSpouse/btn_Next' successfully

2019-07-18 12:57:58 - [TEST_STEP][PASSED] - click(findTestObject("Tab_LifePlan/Page_Q08_IncomeOfTheSpouse/chk_PartTimeIncome")): Object: 'Object Repository/Tab_LifePlan/Page_Q08_IncomeOfTheSpouse/chk_PartTimeIncome' is clicked on

2019-07-18 12:57:58 - [MESSAGE][PASSED] - Object: 'Object Repository/Tab_LifePlan/Page_Q08_IncomeOfTheSpouse/chk_PartTimeIncome' is clicked on

2019-07-18 12:57:58 - [TEST_STEP][PASSED] - click(findTestObject("Tab_LifePlan/Page_Q08_IncomeOfTheSpouse/chk_NoRetirementPay")): Object: 'Object Repository/Tab_LifePlan/Page_Q08_IncomeOfTheSpouse/chk_NoRetirementPay' is clicked on

2019-07-18 12:57:58 - [MESSAGE][PASSED] - Object: 'Object Repository/Tab_LifePlan/Page_Q08_IncomeOfTheSpouse/chk_NoRetirementPay' is clicked on

2019-07-18 12:57:58 - [TEST_STEP][PASSED] - click(findTestObject("Tab_LifePlan/Page_Q08_IncomeOfTheSpouse/btn_Next")): Object: 'Object Repository/Tab_LifePlan/Page_Q08_IncomeOfTheSpouse/btn_Next' is clicked on

2019-07-18 12:57:58 - [MESSAGE][PASSED] - Object: 'Object Repository/Tab_LifePlan/Page_Q08_IncomeOfTheSpouse/btn_Next' is clicked on

2019-07-18 12:57:58 - [TEST_STEP][PASSED] - scrollToElement(findTestObject("Tab_LifePlan/Page_Q09_RentHouse/OwnedHouse"), 10): Scroll to object 'Object Repository/Tab_LifePlan/Page_Q09_RentHouse/OwnedHouse' successfully

2019-07-18 12:57:58 - [MESSAGE][PASSED] - Scroll to object 'Object Repository/Tab_LifePlan/Page_Q09_RentHouse/OwnedHouse' successfully

2019-07-18 12:57:58 - [TEST_STEP][PASSED] - click(findTestObject("Tab_LifePlan/Page_Q09_RentHouse/OwnedHouse")): Object: 'Object Repository/Tab_LifePlan/Page_Q09_RentHouse/OwnedHouse' is clicked on

2019-07-18 12:57:58 - [MESSAGE][PASSED] - Object: 'Object Repository/Tab_LifePlan/Page_Q09_RentHouse/OwnedHouse' is clicked on

2019-07-18 12:57:58 - [TEST_STEP][PASSED] - click(findTestObject("Tab_LifePlan/Page_Q09_RentHouse/rent_1")): Object: 'Object Repository/Tab_LifePlan/Page_Q09_RentHouse/rent_1' is clicked on

2019-07-18 12:57:58 - [MESSAGE][PASSED] - Object: 'Object Repository/Tab_LifePlan/Page_Q09_RentHouse/rent_1' is clicked on

2019-07-18 12:57:58 - [TEST_STEP][PASSED] - scrollToElement(findTestObject("Tab_LifePlan/Page_Q09_RentHouse/btn_Next"), 0): Scroll to object 'Object Repository/Tab_LifePlan/Page_Q09_RentHouse/btn_Next' successfully

2019-07-18 12:57:58 - [MESSAGE][WARNING] - Timeout '0' is invalid. Using default page load timeout: '30'

2019-07-18 12:57:58 - [MESSAGE][PASSED] - Scroll to object 'Object Repository/Tab_LifePlan/Page_Q09_RentHouse/btn_Next' successfully

2019-07-18 12:57:58 - [TEST_STEP][PASSED] - click(findTestObject("Tab_LifePlan/Page_Q09_RentHouse/btn_Next")): Object: 'Object Repository/Tab_LifePlan/Page_Q09_RentHouse/btn_Next' is clicked on

2019-07-18 12:57:58 - [MESSAGE][PASSED] - Object: 'Object Repository/Tab_LifePlan/Page_Q09_RentHouse/btn_Next' is clicked on

2019-07-18 12:57:58 - [TEST_STEP][PASSED] - click(findTestObject("Tab_LifePlan/Page_Q10_CostOfLiving/cost_1")): Object: 'Object Repository/Tab_LifePlan/Page_Q10_CostOfLiving/cost_1' is clicked on

2019-07-18 12:57:59 - [MESSAGE][PASSED] - Object: 'Object Repository/Tab_LifePlan/Page_Q10_CostOfLiving/cost_1' is clicked on

2019-07-18 12:57:59 - [TEST_STEP][PASSED] - click(findTestObject("Tab_LifePlan/Page_Q11_CurrentSavingsAmount/amount_0")): Object: 'Object Repository/Tab_LifePlan/Page_Q11_CurrentSavingsAmount/amount_0' is clicked on

2019-07-18 12:57:59 - [MESSAGE][PASSED] - Object: 'Object Repository/Tab_LifePlan/Page_Q11_CurrentSavingsAmount/amount_0' is clicked on

2019-07-18 12:57:59 - [TEST_STEP][PASSED] - waitForElementPresent(findTestObject("Tab_LifePlan/Page_LifePlanResult/tv_AmountAt65"), 20): Object 'Object Repository/Tab_LifePlan/Page_LifePlanResult/tv_AmountAt65' is present

2019-07-18 12:58:00 - [MESSAGE][PASSED] - Object 'Object Repository/Tab_LifePlan/Page_LifePlanResult/tv_AmountAt65' is present

2019-07-18 12:58:00 - [TEST_STEP][PASSED] - amountAt65OnWebApp = getText(findTestObject("Tab_LifePlan/Page_LifePlanResult/tv_AmountAt65")): Text of object 'Object Repository/Tab_LifePlan/Page_LifePlanResult/tv_AmountAt65' is: '+6,111.77'

2019-07-18 12:58:00 - [MESSAGE][PASSED] - Text of object 'Object Repository/Tab_LifePlan/Page_LifePlanResult/tv_AmountAt65' is: '+6,111.77'

2019-07-18 12:58:00 - [TEST_STEP][PASSED] - log.logInfo(amountAt65OnWebApp): +6,111.77

2019-07-18 12:58:00 - [MESSAGE][INFO] - +6,111.77

2019-07-18 12:58:00 - [TEST_STEP][PASSED] - closeBrowser(): Browser is closed

2019-07-18 12:58:00 - [MESSAGE][PASSED] - Browser is closed

2019-07-18 12:58:00 - [TEST_STEP][PASSED] - return amountAt65OnWebApp: null

2019-07-18 12:58:00 - [MESSAGE][PASSED] - Call Test Case 'Test Cases/TC_LifePlanAnalytics/TC_Scr01-19' successfully

2019-07-18 12:58:00 - [TEST_STEP][PASSED] - log.logInfo("TC_Scr01-" + i + " = " + amountAt65OnWebApp): TC_Scr01-19 = +6,111.77

2019-07-18 12:58:00 - [MESSAGE][INFO] - TC_Scr01-19 = +6,111.77

2019-07-18 12:58:00 - [TEST_STEP][PASSED] - setValueToCellByIndex(sheet01, 11 + i, 24, amountAt65OnWebApp): null

2019-07-18 12:58:00 - [TEST_STEP][PASSED] - if (i < 10): null

2019-07-18 12:58:00 - [TEST_STEP][PASSED] - else: Call Test Case 'Test Cases/TC_LifePlanAnalytics/TC_Scr01-20' successfully

2019-07-18 12:58:00 - [TEST_STEP][PASSED] - amountAt65OnWebApp = callTestCase(findTestCase("TC_LifePlanAnalytics/TC_Scr01-" + i), [:], OPTIONAL): Call Test Case 'Test Cases/TC_LifePlanAnalytics/TC_Scr01-20' successfully

2019-07-18 12:58:00 - [TEST_CASE][PASSED] - Test Cases/TC_LifePlanAnalytics/TC_Scr01-20: Test Cases/TC_LifePlanAnalytics/TC_Scr01-20

2019-07-18 12:58:01 - [TEST_STEP][PASSED] - log = new com.kms.katalon.core.logging.KeywordLogger(): null

2019-07-18 12:58:01 - [TEST_STEP][PASSED] - callTestCase(findTestCase("TC_AddVTKT"), [:], STOP_ON_FAILURE): Call Test Case 'Test Cases/TC_AddVTKT' successfully

2019-07-18 12:58:01 - [TEST_CASE][PASSED] - Test Cases/TC_AddVTKT: Test Cases/TC_AddVTKT

2019-07-18 12:58:01 - [TEST_STEP][PASSED] - openBrowser(""): Browser is opened with url: ''

2019-07-18 12:58:01 - [MESSAGE][INFO] - Starting 'Chrome' driver

2019-07-18 12:58:01 - [MESSAGE][INFO] - User set preference: ['args', '[-user-agent=Mozilla/5.0 (Linux; Android 9; SOV37 Build/52.0.C.1.112; wv) AppleWebKit/537.36 (KHTML, like Gecko) Version/4.0 Chrome/68.0.3440.91 Mobile Safari/537.36 6.0.2-k1]']

2019-07-18 12:58:03 - [MESSAGE][PASSED] - Browser is opened with url: ''

2019-07-18 12:58:03 - [TEST_STEP][PASSED] - navigateToUrl("https://dev.pfm.wallet.auone.jp/life_plan/"): Navigate to 'https://dev.pfm.wallet.auone.jp/life_plan/' successfully

2019-07-18 12:58:05 - [MESSAGE][PASSED] - Navigate to 'https://dev.pfm.wallet.auone.jp/life_plan/' successfully

2019-07-18 12:58:05 - [TEST_STEP][PASSED] - maximizeWindow(): Current window maximized

2019-07-18 12:58:06 - [MESSAGE][PASSED] - Current window maximized

2019-07-18 12:58:06 - [TEST_STEP][PASSED] - ck = new org.openqa.selenium.Cookie(VTKT, rtm0wCOc6hTIFjf19P7KEEn-NB7Jp8k5QvzBE7r1OxqcIYMRdmnbLGJqQYL7Lnv_Z7-e796XbNYuZ-AS_eJwPNQgQ4Kz3YSmcqmHm1CSCJAtHREgQ8GKcl29Banngbs4XK1ZuH_eUsCeXHVH0I8mIQ): null

2019-07-18 12:58:06 - [TEST_STEP][PASSED] - driver = getWebDriver(): null

2019-07-18 12:58:06 - [TEST_STEP][PASSED] - manage().addCookie(ck): null

2019-07-18 12:58:06 - [TEST_STEP][PASSED] - waitForPageLoad(10): Wait for page load successfully

2019-07-18 12:58:06 - [MESSAGE][PASSED] - Wait for page load successfully

2019-07-18 12:58:06 - [TEST_STEP][PASSED] - refresh(): Refresh successfully

2019-07-18 12:58:07 - [MESSAGE][PASSED] - Refresh successfully

2019-07-18 12:58:07 - [MESSAGE][PASSED] - Call Test Case 'Test Cases/TC_AddVTKT' successfully

2019-07-18 12:58:07 - [TEST_STEP][PASSED] - click(findTestObject("Tab_LifePlan/Page_LifePlanResult/btn_LifePlan")): Object: 'Object Repository/Tab_LifePlan/Page_LifePlanResult/btn_LifePlan' is clicked on

2019-07-18 12:58:09 - [MESSAGE][PASSED] - Object: 'Object Repository/Tab_LifePlan/Page_LifePlanResult/btn_LifePlan' is clicked on

2019-07-18 12:58:09 - [TEST_STEP][PASSED] - click(findTestObject("Tab_LifePlan/Page_Q01_Age/Age_50")): Object: 'Object Repository/Tab_LifePlan/Page_Q01_Age/Age_50' is clicked on

2019-07-18 12:58:10 - [MESSAGE][PASSED] - Object: 'Object Repository/Tab_LifePlan/Page_Q01_Age/Age_50' is clicked on

2019-07-18 12:58:10 - [TEST_STEP][PASSED] - click(findTestObject("Tab_LifePlan/Page_Q02_CurrentSituation/Married")): Object: 'Object Repository/Tab_LifePlan/Page_Q02_CurrentSituation/Married' is clicked on

2019-07-18 12:58:10 - [MESSAGE][PASSED] - Object: 'Object Repository/Tab_LifePlan/Page_Q02_CurrentSituation/Married' is clicked on

2019-07-18 12:58:10 - [TEST_STEP][PASSED] - click(findTestObject("Tab_LifePlan/Page_Q03_Children/Children_0")): Object: 'Object Repository/Tab_LifePlan/Page_Q03_Children/Children_0' is clicked on

2019-07-18 12:58:10 - [MESSAGE][PASSED] - Object: 'Object Repository/Tab_LifePlan/Page_Q03_Children/Children_0' is clicked on

2019-07-18 12:58:10 - [TEST_STEP][PASSED] - click(findTestObject("Tab_LifePlan/Page_Q4_FutureMarried/children_No")): Object: 'Object Repository/Tab_LifePlan/Page_Q4_FutureMarried/children_No' is clicked on

2019-07-18 12:58:10 - [MESSAGE][PASSED] - Object: 'Object Repository/Tab_LifePlan/Page_Q4_FutureMarried/children_No' is clicked on

2019-07-18 12:58:10 - [TEST_STEP][NOT_RUN] - click(findTestObject("Tab_LifePlan/Page_Q05_WhenGetMarry/Years_5")): NOT_RUN: click(findTestObject("Tab_LifePlan/Page_Q05_WhenGetMarry/Years_5"))

2019-07-18 12:58:10 - [MESSAGE][NOT_RUN] - NOT_RUN: click(findTestObject("Tab_LifePlan/Page_Q05_WhenGetMarry/Years_5"))

2019-07-18 12:58:10 - [TEST_STEP][NOT_RUN] - click(findTestObject("Tab_LifePlan/Page_Q06_NumberOfChildrenWanToGet/Children_2")): NOT_RUN: click(findTestObject("Tab_LifePlan/Page_Q06_NumberOfChildrenWanToGet/Children_2"))

2019-07-18 12:58:10 - [MESSAGE][NOT_RUN] - NOT_RUN: click(findTestObject("Tab_LifePlan/Page_Q06_NumberOfChildrenWanToGet/Children_2"))

2019-07-18 12:58:10 - [TEST_STEP][PASSED] - click(findTestObject("Tab_LifePlan/Page_Q07_YourIncome/income_600")): Object: 'Object Repository/Tab_LifePlan/Page_Q07_YourIncome/income_600' is clicked on

2019-07-18 12:58:10 - [MESSAGE][PASSED] - Object: 'Object Repository/Tab_LifePlan/Page_Q07_YourIncome/income_600' is clicked on

2019-07-18 12:58:10 - [TEST_STEP][PASSED] - scrollToElement(findTestObject("Tab_LifePlan/Page_Q07_YourIncome/btn_Next"), 10): Scroll to object 'Object Repository/Tab_LifePlan/Page_Q07_YourIncome/btn_Next' successfully

2019-07-18 12:58:10 - [MESSAGE][PASSED] - Scroll to object 'Object Repository/Tab_LifePlan/Page_Q07_YourIncome/btn_Next' successfully

2019-07-18 12:58:10 - [TEST_STEP][NOT_RUN] - click(findTestObject("Tab_LifePlan/Page_Q07_YourIncome/chk_PartTimeIncome")): NOT_RUN: click(findTestObject("Tab_LifePlan/Page_Q07_YourIncome/chk_PartTimeIncome"))

2019-07-18 12:58:10 - [MESSAGE][NOT_RUN] - NOT_RUN: click(findTestObject("Tab_LifePlan/Page_Q07_YourIncome/chk_PartTimeIncome"))

2019-07-18 12:58:10 - [TEST_STEP][PASSED] - click(findTestObject("Tab_LifePlan/Page_Q07_YourIncome/chk_NoRetirementPay")): Object: 'Object Repository/Tab_LifePlan/Page_Q07_YourIncome/chk_NoRetirementPay' is clicked on

2019-07-18 12:58:11 - [MESSAGE][PASSED] - Object: 'Object Repository/Tab_LifePlan/Page_Q07_YourIncome/chk_NoRetirementPay' is clicked on

2019-07-18 12:58:11 - [TEST_STEP][PASSED] - click(findTestObject("Tab_LifePlan/Page_Q07_YourIncome/btn_Next")): Object: 'Object Repository/Tab_LifePlan/Page_Q07_YourIncome/btn_Next' is clicked on

2019-07-18 12:58:11 - [MESSAGE][PASSED] - Object: 'Object Repository/Tab_LifePlan/Page_Q07_YourIncome/btn_Next' is clicked on

2019-07-18 12:58:11 - [TEST_STEP][PASSED] - click(findTestObject("Tab_LifePlan/Page_Q08_IncomeOfTheSpouse/income_400")): Object: 'Object Repository/Tab_LifePlan/Page_Q08_IncomeOfTheSpouse/income_400' is clicked on

2019-07-18 12:58:11 - [MESSAGE][PASSED] - Object: 'Object Repository/Tab_LifePlan/Page_Q08_IncomeOfTheSpouse/income_400' is clicked on

2019-07-18 12:58:11 - [TEST_STEP][PASSED] - scrollToElement(findTestObject("Tab_LifePlan/Page_Q08_IncomeOfTheSpouse/btn_Next"), 10): Scroll to object 'Object Repository/Tab_LifePlan/Page_Q08_IncomeOfTheSpouse/btn_Next' successfully

2019-07-18 12:58:11 - [MESSAGE][PASSED] - Scroll to object 'Object Repository/Tab_LifePlan/Page_Q08_IncomeOfTheSpouse/btn_Next' successfully

2019-07-18 12:58:11 - [TEST_STEP][PASSED] - click(findTestObject("Tab_LifePlan/Page_Q08_IncomeOfTheSpouse/chk_PartTimeIncome")): Object: 'Object Repository/Tab_LifePlan/Page_Q08_IncomeOfTheSpouse/chk_PartTimeIncome' is clicked on

2019-07-18 12:58:11 - [MESSAGE][PASSED] - Object: 'Object Repository/Tab_LifePlan/Page_Q08_IncomeOfTheSpouse/chk_PartTimeIncome' is clicked on

2019-07-18 12:58:11 - [TEST_STEP][PASSED] - click(findTestObject("Tab_LifePlan/Page_Q08_IncomeOfTheSpouse/chk_NoRetirementPay")): Object: 'Object Repository/Tab_LifePlan/Page_Q08_IncomeOfTheSpouse/chk_NoRetirementPay' is clicked on

2019-07-18 12:58:11 - [MESSAGE][PASSED] - Object: 'Object Repository/Tab_LifePlan/Page_Q08_IncomeOfTheSpouse/chk_NoRetirementPay' is clicked on

2019-07-18 12:58:11 - [TEST_STEP][PASSED] - click(findTestObject("Tab_LifePlan/Page_Q08_IncomeOfTheSpouse/btn_Next")): Object: 'Object Repository/Tab_LifePlan/Page_Q08_IncomeOfTheSpouse/btn_Next' is clicked on

2019-07-18 12:58:11 - [MESSAGE][PASSED] - Object: 'Object Repository/Tab_LifePlan/Page_Q08_IncomeOfTheSpouse/btn_Next' is clicked on

2019-07-18 12:58:11 - [TEST_STEP][PASSED] - scrollToElement(findTestObject("Tab_LifePlan/Page_Q09_RentHouse/OwnedHouse"), 10): Scroll to object 'Object Repository/Tab_LifePlan/Page_Q09_RentHouse/OwnedHouse' successfully

2019-07-18 12:58:11 - [MESSAGE][PASSED] - Scroll to object 'Object Repository/Tab_LifePlan/Page_Q09_RentHouse/OwnedHouse' successfully

2019-07-18 12:58:11 - [TEST_STEP][PASSED] - click(findTestObject("Tab_LifePlan/Page_Q09_RentHouse/OwnedHouse")): Object: 'Object Repository/Tab_LifePlan/Page_Q09_RentHouse/OwnedHouse' is clicked on

2019-07-18 12:58:11 - [MESSAGE][PASSED] - Object: 'Object Repository/Tab_LifePlan/Page_Q09_RentHouse/OwnedHouse' is clicked on

2019-07-18 12:58:11 - [TEST_STEP][PASSED] - click(findTestObject("Tab_LifePlan/Page_Q09_RentHouse/rent_1")): Object: 'Object Repository/Tab_LifePlan/Page_Q09_RentHouse/rent_1' is clicked on

2019-07-18 12:58:11 - [MESSAGE][PASSED] - Object: 'Object Repository/Tab_LifePlan/Page_Q09_RentHouse/rent_1' is clicked on

2019-07-18 12:58:11 - [TEST_STEP][PASSED] - scrollToElement(findTestObject("Tab_LifePlan/Page_Q09_RentHouse/btn_Next"), 0): Scroll to object 'Object Repository/Tab_LifePlan/Page_Q09_RentHouse/btn_Next' successfully

2019-07-18 12:58:11 - [MESSAGE][WARNING] - Timeout '0' is invalid. Using default page load timeout: '30'

2019-07-18 12:58:11 - [MESSAGE][PASSED] - Scroll to object 'Object Repository/Tab_LifePlan/Page_Q09_RentHouse/btn_Next' successfully

2019-07-18 12:58:11 - [TEST_STEP][PASSED] - click(findTestObject("Tab_LifePlan/Page_Q09_RentHouse/btn_Next")): Object: 'Object Repository/Tab_LifePlan/Page_Q09_RentHouse/btn_Next' is clicked on

2019-07-18 12:58:11 - [MESSAGE][PASSED] - Object: 'Object Repository/Tab_LifePlan/Page_Q09_RentHouse/btn_Next' is clicked on

2019-07-18 12:58:11 - [TEST_STEP][PASSED] - click(findTestObject("Tab_LifePlan/Page_Q10_CostOfLiving/cost_1")): Object: 'Object Repository/Tab_LifePlan/Page_Q10_CostOfLiving/cost_1' is clicked on

2019-07-18 12:58:12 - [MESSAGE][PASSED] - Object: 'Object Repository/Tab_LifePlan/Page_Q10_CostOfLiving/cost_1' is clicked on

2019-07-18 12:58:12 - [TEST_STEP][PASSED] - click(findTestObject("Tab_LifePlan/Page_Q11_CurrentSavingsAmount/amount_0")): Object: 'Object Repository/Tab_LifePlan/Page_Q11_CurrentSavingsAmount/amount_0' is clicked on

2019-07-18 12:58:12 - [MESSAGE][PASSED] - Object: 'Object Repository/Tab_LifePlan/Page_Q11_CurrentSavingsAmount/amount_0' is clicked on

2019-07-18 12:58:12 - [TEST_STEP][PASSED] - waitForElementPresent(findTestObject("Tab_LifePlan/Page_LifePlanResult/tv_AmountAt65"), 20): Object 'Object Repository/Tab_LifePlan/Page_LifePlanResult/tv_AmountAt65' is present

2019-07-18 12:58:13 - [MESSAGE][PASSED] - Object 'Object Repository/Tab_LifePlan/Page_LifePlanResult/tv_AmountAt65' is present

2019-07-18 12:58:13 - [TEST_STEP][PASSED] - amountAt65OnWebApp = getText(findTestObject("Tab_LifePlan/Page_LifePlanResult/tv_AmountAt65")): Text of object 'Object Repository/Tab_LifePlan/Page_LifePlanResult/tv_AmountAt65' is: '+5,848.11'

2019-07-18 12:58:13 - [MESSAGE][PASSED] - Text of object 'Object Repository/Tab_LifePlan/Page_LifePlanResult/tv_AmountAt65' is: '+5,848.11'

2019-07-18 12:58:13 - [TEST_STEP][PASSED] - log.logInfo(amountAt65OnWebApp): +5,848.11

2019-07-18 12:58:13 - [MESSAGE][INFO] - +5,848.11

2019-07-18 12:58:13 - [TEST_STEP][PASSED] - closeBrowser(): Browser is closed

2019-07-18 12:58:13 - [MESSAGE][PASSED] - Browser is closed

2019-07-18 12:58:13 - [TEST_STEP][PASSED] - return amountAt65OnWebApp: null

2019-07-18 12:58:13 - [MESSAGE][PASSED] - Call Test Case 'Test Cases/TC_LifePlanAnalytics/TC_Scr01-20' successfully

2019-07-18 12:58:13 - [TEST_STEP][PASSED] - log.logInfo("TC_Scr01-" + i + " = " + amountAt65OnWebApp): TC_Scr01-20 = +5,848.11

2019-07-18 12:58:13 - [MESSAGE][INFO] - TC_Scr01-20 = +5,848.11

2019-07-18 12:58:13 - [TEST_STEP][PASSED] - setValueToCellByIndex(sheet01, 11 + i, 24, amountAt65OnWebApp): null

2019-07-18 12:58:13 - [TEST_STEP][PASSED] - if (i < 10): null

2019-07-18 12:58:13 - [TEST_STEP][PASSED] - else: Call Test Case 'Test Cases/TC_LifePlanAnalytics/TC_Scr01-21' successfully

2019-07-18 12:58:13 - [TEST_STEP][PASSED] - amountAt65OnWebApp = callTestCase(findTestCase("TC_LifePlanAnalytics/TC_Scr01-" + i), [:], OPTIONAL): Call Test Case 'Test Cases/TC_LifePlanAnalytics/TC_Scr01-21' successfully

2019-07-18 12:58:13 - [TEST_CASE][PASSED] - Test Cases/TC_LifePlanAnalytics/TC_Scr01-21: Test Cases/TC_LifePlanAnalytics/TC_Scr01-21

2019-07-18 12:58:14 - [TEST_STEP][PASSED] - log = new com.kms.katalon.core.logging.KeywordLogger(): null

2019-07-18 12:58:14 - [TEST_STEP][PASSED] - callTestCase(findTestCase("TC_AddVTKT"), [:], STOP_ON_FAILURE): Call Test Case 'Test Cases/TC_AddVTKT' successfully

2019-07-18 12:58:14 - [TEST_CASE][PASSED] - Test Cases/TC_AddVTKT: Test Cases/TC_AddVTKT

2019-07-18 12:58:14 - [TEST_STEP][PASSED] - openBrowser(""): Browser is opened with url: ''

2019-07-18 12:58:14 - [MESSAGE][INFO] - Starting 'Chrome' driver

2019-07-18 12:58:14 - [MESSAGE][INFO] - User set preference: ['args', '[-user-agent=Mozilla/5.0 (Linux; Android 9; SOV37 Build/52.0.C.1.112; wv) AppleWebKit/537.36 (KHTML, like Gecko) Version/4.0 Chrome/68.0.3440.91 Mobile Safari/537.36 6.0.2-k1]']

2019-07-18 12:58:16 - [MESSAGE][PASSED] - Browser is opened with url: ''

2019-07-18 12:58:16 - [TEST_STEP][PASSED] - navigateToUrl("https://dev.pfm.wallet.auone.jp/life_plan/"): Navigate to 'https://dev.pfm.wallet.auone.jp/life_plan/' successfully

2019-07-18 12:58:18 - [MESSAGE][PASSED] - Navigate to 'https://dev.pfm.wallet.auone.jp/life_plan/' successfully

2019-07-18 12:58:18 - [TEST_STEP][PASSED] - maximizeWindow(): Current window maximized

2019-07-18 12:58:19 - [MESSAGE][PASSED] - Current window maximized

2019-07-18 12:58:19 - [TEST_STEP][PASSED] - ck = new org.openqa.selenium.Cookie(VTKT, rtm0wCOc6hTIFjf19P7KEEn-NB7Jp8k5QvzBE7r1OxqcIYMRdmnbLGJqQYL7Lnv_Z7-e796XbNYuZ-AS_eJwPNQgQ4Kz3YSmcqmHm1CSCJAtHREgQ8GKcl29Banngbs4XK1ZuH_eUsCeXHVH0I8mIQ): null

2019-07-18 12:58:19 - [TEST_STEP][PASSED] - driver = getWebDriver(): null

2019-07-18 12:58:19 - [TEST_STEP][PASSED] - manage().addCookie(ck): null

2019-07-18 12:58:19 - [TEST_STEP][PASSED] - waitForPageLoad(10): Wait for page load successfully

2019-07-18 12:58:19 - [MESSAGE][PASSED] - Wait for page load successfully

2019-07-18 12:58:19 - [TEST_STEP][PASSED] - refresh(): Refresh successfully

2019-07-18 12:58:19 - [MESSAGE][PASSED] - Refresh successfully

2019-07-18 12:58:19 - [MESSAGE][PASSED] - Call Test Case 'Test Cases/TC_AddVTKT' successfully

2019-07-18 12:58:19 - [TEST_STEP][PASSED] - click(findTestObject("Tab_LifePlan/Page_LifePlanResult/btn_LifePlan")): Object: 'Object Repository/Tab_LifePlan/Page_LifePlanResult/btn_LifePlan' is clicked on

2019-07-18 12:58:22 - [MESSAGE][PASSED] - Object: 'Object Repository/Tab_LifePlan/Page_LifePlanResult/btn_LifePlan' is clicked on

2019-07-18 12:58:22 - [TEST_STEP][PASSED] - click(findTestObject("Tab_LifePlan/Page_Q01_Age/Age_60")): Object: 'Object Repository/Tab_LifePlan/Page_Q01_Age/Age_60' is clicked on

2019-07-18 12:58:22 - [MESSAGE][PASSED] - Object: 'Object Repository/Tab_LifePlan/Page_Q01_Age/Age_60' is clicked on

2019-07-18 12:58:22 - [TEST_STEP][PASSED] - click(findTestObject("Tab_LifePlan/Page_Q02_CurrentSituation/Married")): Object: 'Object Repository/Tab_LifePlan/Page_Q02_CurrentSituation/Married' is clicked on

2019-07-18 12:58:23 - [MESSAGE][PASSED] - Object: 'Object Repository/Tab_LifePlan/Page_Q02_CurrentSituation/Married' is clicked on

2019-07-18 12:58:23 - [TEST_STEP][PASSED] - click(findTestObject("Tab_LifePlan/Page_Q03_Children/Children_0")): Object: 'Object Repository/Tab_LifePlan/Page_Q03_Children/Children_0' is clicked on

2019-07-18 12:58:23 - [MESSAGE][PASSED] - Object: 'Object Repository/Tab_LifePlan/Page_Q03_Children/Children_0' is clicked on

2019-07-18 12:58:23 - [TEST_STEP][PASSED] - click(findTestObject("Tab_LifePlan/Page_Q4_FutureMarried/children_Yes")): Object: 'Object Repository/Tab_LifePlan/Page_Q4_FutureMarried/children_Yes' is clicked on

2019-07-18 12:58:23 - [MESSAGE][PASSED] - Object: 'Object Repository/Tab_LifePlan/Page_Q4_FutureMarried/children_Yes' is clicked on

2019-07-18 12:58:23 - [TEST_STEP][NOT_RUN] - click(findTestObject("Tab_LifePlan/Page_Q05_WhenGetMarry/Years_5")): NOT_RUN: click(findTestObject("Tab_LifePlan/Page_Q05_WhenGetMarry/Years_5"))

2019-07-18 12:58:23 - [MESSAGE][NOT_RUN] - NOT_RUN: click(findTestObject("Tab_LifePlan/Page_Q05_WhenGetMarry/Years_5"))

2019-07-18 12:58:23 - [TEST_STEP][PASSED] - click(findTestObject("Tab_LifePlan/Page_Q06_NumberOfChildrenWanToGet/Children_1")): Object: 'Object Repository/Tab_LifePlan/Page_Q06_NumberOfChildrenWanToGet/Children_1' is clicked on

2019-07-18 12:58:23 - [MESSAGE][PASSED] - Object: 'Object Repository/Tab_LifePlan/Page_Q06_NumberOfChildrenWanToGet/Children_1' is clicked on

2019-07-18 12:58:23 - [TEST_STEP][PASSED] - click(findTestObject("Tab_LifePlan/Page_Q07_YourIncome/income_UpTo300")): Object: 'Object Repository/Tab_LifePlan/Page_Q07_YourIncome/income_UpTo300' is clicked on

2019-07-18 12:58:23 - [MESSAGE][PASSED] - Object: 'Object Repository/Tab_LifePlan/Page_Q07_YourIncome/income_UpTo300' is clicked on

2019-07-18 12:58:23 - [TEST_STEP][PASSED] - scrollToElement(findTestObject("Tab_LifePlan/Page_Q07_YourIncome/btn_Next"), 10): Scroll to object 'Object Repository/Tab_LifePlan/Page_Q07_YourIncome/btn_Next' successfully

2019-07-18 12:58:23 - [MESSAGE][PASSED] - Scroll to object 'Object Repository/Tab_LifePlan/Page_Q07_YourIncome/btn_Next' successfully

2019-07-18 12:58:23 - [TEST_STEP][NOT_RUN] - click(findTestObject("Tab_LifePlan/Page_Q07_YourIncome/chk_PartTimeIncome")): NOT_RUN: click(findTestObject("Tab_LifePlan/Page_Q07_YourIncome/chk_PartTimeIncome"))

2019-07-18 12:58:23 - [MESSAGE][NOT_RUN] - NOT_RUN: click(findTestObject("Tab_LifePlan/Page_Q07_YourIncome/chk_PartTimeIncome"))

2019-07-18 12:58:23 - [TEST_STEP][PASSED] - click(findTestObject("Tab_LifePlan/Page_Q07_YourIncome/chk_NoRetirementPay")): Object: 'Object Repository/Tab_LifePlan/Page_Q07_YourIncome/chk_NoRetirementPay' is clicked on

2019-07-18 12:58:23 - [MESSAGE][PASSED] - Object: 'Object Repository/Tab_LifePlan/Page_Q07_YourIncome/chk_NoRetirementPay' is clicked on

2019-07-18 12:58:23 - [TEST_STEP][PASSED] - click(findTestObject("Tab_LifePlan/Page_Q07_YourIncome/btn_Next")): Object: 'Object Repository/Tab_LifePlan/Page_Q07_YourIncome/btn_Next' is clicked on

2019-07-18 12:58:23 - [MESSAGE][PASSED] - Object: 'Object Repository/Tab_LifePlan/Page_Q07_YourIncome/btn_Next' is clicked on

2019-07-18 12:58:23 - [TEST_STEP][PASSED] - click(findTestObject("Tab_LifePlan/Page_Q08_IncomeOfTheSpouse/income_500")): Object: 'Object Repository/Tab_LifePlan/Page_Q08_IncomeOfTheSpouse/income_500' is clicked on

2019-07-18 12:58:23 - [MESSAGE][PASSED] - Object: 'Object Repository/Tab_LifePlan/Page_Q08_IncomeOfTheSpouse/income_500' is clicked on

2019-07-18 12:58:23 - [TEST_STEP][PASSED] - scrollToElement(findTestObject("Tab_LifePlan/Page_Q08_IncomeOfTheSpouse/btn_Next"), 10): Scroll to object 'Object Repository/Tab_LifePlan/Page_Q08_IncomeOfTheSpouse/btn_Next' successfully

2019-07-18 12:58:23 - [MESSAGE][PASSED] - Scroll to object 'Object Repository/Tab_LifePlan/Page_Q08_IncomeOfTheSpouse/btn_Next' successfully

2019-07-18 12:58:23 - [TEST_STEP][PASSED] - click(findTestObject("Tab_LifePlan/Page_Q08_IncomeOfTheSpouse/chk_PartTimeIncome")): Object: 'Object Repository/Tab_LifePlan/Page_Q08_IncomeOfTheSpouse/chk_PartTimeIncome' is clicked on

2019-07-18 12:58:24 - [MESSAGE][PASSED] - Object: 'Object Repository/Tab_LifePlan/Page_Q08_IncomeOfTheSpouse/chk_PartTimeIncome' is clicked on

2019-07-18 12:58:24 - [TEST_STEP][PASSED] - click(findTestObject("Tab_LifePlan/Page_Q08_IncomeOfTheSpouse/chk_NoRetirementPay")): Object: 'Object Repository/Tab_LifePlan/Page_Q08_IncomeOfTheSpouse/chk_NoRetirementPay' is clicked on

2019-07-18 12:58:24 - [MESSAGE][PASSED] - Object: 'Object Repository/Tab_LifePlan/Page_Q08_IncomeOfTheSpouse/chk_NoRetirementPay' is clicked on

2019-07-18 12:58:24 - [TEST_STEP][PASSED] - click(findTestObject("Tab_LifePlan/Page_Q08_IncomeOfTheSpouse/btn_Next")): Object: 'Object Repository/Tab_LifePlan/Page_Q08_IncomeOfTheSpouse/btn_Next' is clicked on

2019-07-18 12:58:24 - [MESSAGE][PASSED] - Object: 'Object Repository/Tab_LifePlan/Page_Q08_IncomeOfTheSpouse/btn_Next' is clicked on

2019-07-18 12:58:24 - [TEST_STEP][PASSED] - scrollToElement(findTestObject("Tab_LifePlan/Page_Q09_RentHouse/OwnedHouse"), 10): Scroll to object 'Object Repository/Tab_LifePlan/Page_Q09_RentHouse/OwnedHouse' successfully

2019-07-18 12:58:24 - [MESSAGE][PASSED] - Scroll to object 'Object Repository/Tab_LifePlan/Page_Q09_RentHouse/OwnedHouse' successfully

2019-07-18 12:58:24 - [TEST_STEP][PASSED] - click(findTestObject("Tab_LifePlan/Page_Q09_RentHouse/OwnedHouse")): Object: 'Object Repository/Tab_LifePlan/Page_Q09_RentHouse/OwnedHouse' is clicked on

2019-07-18 12:58:24 - [MESSAGE][PASSED] - Object: 'Object Repository/Tab_LifePlan/Page_Q09_RentHouse/OwnedHouse' is clicked on

2019-07-18 12:58:24 - [TEST_STEP][PASSED] - click(findTestObject("Tab_LifePlan/Page_Q09_RentHouse/rent_1")): Object: 'Object Repository/Tab_LifePlan/Page_Q09_RentHouse/rent_1' is clicked on

2019-07-18 12:58:24 - [MESSAGE][PASSED] - Object: 'Object Repository/Tab_LifePlan/Page_Q09_RentHouse/rent_1' is clicked on

2019-07-18 12:58:24 - [TEST_STEP][PASSED] - scrollToElement(findTestObject("Tab_LifePlan/Page_Q09_RentHouse/btn_Next"), 0): Scroll to object 'Object Repository/Tab_LifePlan/Page_Q09_RentHouse/btn_Next' successfully

2019-07-18 12:58:24 - [MESSAGE][WARNING] - Timeout '0' is invalid. Using default page load timeout: '30'

2019-07-18 12:58:24 - [MESSAGE][PASSED] - Scroll to object 'Object Repository/Tab_LifePlan/Page_Q09_RentHouse/btn_Next' successfully

2019-07-18 12:58:24 - [TEST_STEP][PASSED] - click(findTestObject("Tab_LifePlan/Page_Q09_RentHouse/btn_Next")): Object: 'Object Repository/Tab_LifePlan/Page_Q09_RentHouse/btn_Next' is clicked on

2019-07-18 12:58:24 - [MESSAGE][PASSED] - Object: 'Object Repository/Tab_LifePlan/Page_Q09_RentHouse/btn_Next' is clicked on

2019-07-18 12:58:24 - [TEST_STEP][PASSED] - click(findTestObject("Tab_LifePlan/Page_Q10_CostOfLiving/cost_1")): Object: 'Object Repository/Tab_LifePlan/Page_Q10_CostOfLiving/cost_1' is clicked on

2019-07-18 12:58:24 - [MESSAGE][PASSED] - Object: 'Object Repository/Tab_LifePlan/Page_Q10_CostOfLiving/cost_1' is clicked on

2019-07-18 12:58:24 - [TEST_STEP][PASSED] - click(findTestObject("Tab_LifePlan/Page_Q11_CurrentSavingsAmount/amount_0")): Object: 'Object Repository/Tab_LifePlan/Page_Q11_CurrentSavingsAmount/amount_0' is clicked on

2019-07-18 12:58:24 - [MESSAGE][PASSED] - Object: 'Object Repository/Tab_LifePlan/Page_Q11_CurrentSavingsAmount/amount_0' is clicked on

2019-07-18 12:58:24 - [TEST_STEP][PASSED] - waitForElementPresent(findTestObject("Tab_LifePlan/Page_LifePlanResult/tv_AmountAt65"), 20): Object 'Object Repository/Tab_LifePlan/Page_LifePlanResult/tv_AmountAt65' is present

2019-07-18 12:58:25 - [MESSAGE][PASSED] - Object 'Object Repository/Tab_LifePlan/Page_LifePlanResult/tv_AmountAt65' is present

2019-07-18 12:58:25 - [TEST_STEP][PASSED] - amountAt65OnWebApp = getText(findTestObject("Tab_LifePlan/Page_LifePlanResult/tv_AmountAt65")): Text of object 'Object Repository/Tab_LifePlan/Page_LifePlanResult/tv_AmountAt65' is: '+1.34'

2019-07-18 12:58:25 - [MESSAGE][PASSED] - Text of object 'Object Repository/Tab_LifePlan/Page_LifePlanResult/tv_AmountAt65' is: '+1.34'

2019-07-18 12:58:25 - [TEST_STEP][PASSED] - log.logInfo(amountAt65OnWebApp): +1.34

2019-07-18 12:58:25 - [MESSAGE][INFO] - +1.34

2019-07-18 12:58:25 - [TEST_STEP][PASSED] - closeBrowser(): Browser is closed

2019-07-18 12:58:26 - [MESSAGE][PASSED] - Browser is closed

2019-07-18 12:58:26 - [TEST_STEP][PASSED] - return amountAt65OnWebApp: null

2019-07-18 12:58:26 - [MESSAGE][PASSED] - Call Test Case 'Test Cases/TC_LifePlanAnalytics/TC_Scr01-21' successfully

2019-07-18 12:58:26 - [TEST_STEP][PASSED] - log.logInfo("TC_Scr01-" + i + " = " + amountAt65OnWebApp): TC_Scr01-21 = +1.34

2019-07-18 12:58:26 - [MESSAGE][INFO] - TC_Scr01-21 = +1.34

2019-07-18 12:58:26 - [TEST_STEP][PASSED] - setValueToCellByIndex(sheet01, 11 + i, 24, amountAt65OnWebApp): null

2019-07-18 12:58:26 - [TEST_STEP][PASSED] - if (i < 10): null

2019-07-18 12:58:26 - [TEST_STEP][PASSED] - else: Call Test Case 'Test Cases/TC_LifePlanAnalytics/TC_Scr01-22' successfully

2019-07-18 12:58:26 - [TEST_STEP][PASSED] - amountAt65OnWebApp = callTestCase(findTestCase("TC_LifePlanAnalytics/TC_Scr01-" + i), [:], OPTIONAL): Call Test Case 'Test Cases/TC_LifePlanAnalytics/TC_Scr01-22' successfully

2019-07-18 12:58:26 - [TEST_CASE][PASSED] - Test Cases/TC_LifePlanAnalytics/TC_Scr01-22: Test Cases/TC_LifePlanAnalytics/TC_Scr01-22

2019-07-18 12:58:26 - [TEST_STEP][PASSED] - log = new com.kms.katalon.core.logging.KeywordLogger(): null

2019-07-18 12:58:26 - [TEST_STEP][PASSED] - callTestCase(findTestCase("TC_AddVTKT"), [:], STOP_ON_FAILURE): Call Test Case 'Test Cases/TC_AddVTKT' successfully

2019-07-18 12:58:26 - [TEST_CASE][PASSED] - Test Cases/TC_AddVTKT: Test Cases/TC_AddVTKT

2019-07-18 12:58:26 - [TEST_STEP][PASSED] - openBrowser(""): Browser is opened with url: ''

2019-07-18 12:58:26 - [MESSAGE][INFO] - Starting 'Chrome' driver

2019-07-18 12:58:26 - [MESSAGE][INFO] - User set preference: ['args', '[-user-agent=Mozilla/5.0 (Linux; Android 9; SOV37 Build/52.0.C.1.112; wv) AppleWebKit/537.36 (KHTML, like Gecko) Version/4.0 Chrome/68.0.3440.91 Mobile Safari/537.36 6.0.2-k1]']

2019-07-18 12:58:28 - [MESSAGE][PASSED] - Browser is opened with url: ''

2019-07-18 12:58:28 - [TEST_STEP][PASSED] - navigateToUrl("https://dev.pfm.wallet.auone.jp/life_plan/"): Navigate to 'https://dev.pfm.wallet.auone.jp/life_plan/' successfully

2019-07-18 12:58:30 - [MESSAGE][PASSED] - Navigate to 'https://dev.pfm.wallet.auone.jp/life_plan/' successfully

2019-07-18 12:58:30 - [TEST_STEP][PASSED] - maximizeWindow(): Current window maximized

2019-07-18 12:58:32 - [MESSAGE][PASSED] - Current window maximized

2019-07-18 12:58:32 - [TEST_STEP][PASSED] - ck = new org.openqa.selenium.Cookie(VTKT, rtm0wCOc6hTIFjf19P7KEEn-NB7Jp8k5QvzBE7r1OxqcIYMRdmnbLGJqQYL7Lnv_Z7-e796XbNYuZ-AS_eJwPNQgQ4Kz3YSmcqmHm1CSCJAtHREgQ8GKcl29Banngbs4XK1ZuH_eUsCeXHVH0I8mIQ): null

2019-07-18 12:58:32 - [TEST_STEP][PASSED] - driver = getWebDriver(): null

2019-07-18 12:58:32 - [TEST_STEP][PASSED] - manage().addCookie(ck): null

2019-07-18 12:58:32 - [TEST_STEP][PASSED] - waitForPageLoad(10): Wait for page load successfully

2019-07-18 12:58:32 - [MESSAGE][PASSED] - Wait for page load successfully

2019-07-18 12:58:32 - [TEST_STEP][PASSED] - refresh(): Refresh successfully

2019-07-18 12:58:32 - [MESSAGE][PASSED] - Refresh successfully

2019-07-18 12:58:32 - [MESSAGE][PASSED] - Call Test Case 'Test Cases/TC_AddVTKT' successfully

2019-07-18 12:58:32 - [TEST_STEP][PASSED] - click(findTestObject("Tab_LifePlan/Page_LifePlanResult/btn_LifePlan")): Object: 'Object Repository/Tab_LifePlan/Page_LifePlanResult/btn_LifePlan' is clicked on

2019-07-18 12:58:34 - [MESSAGE][PASSED] - Object: 'Object Repository/Tab_LifePlan/Page_LifePlanResult/btn_LifePlan' is clicked on

2019-07-18 12:58:34 - [TEST_STEP][PASSED] - click(findTestObject("Tab_LifePlan/Page_Q01_Age/Age_20")): Object: 'Object Repository/Tab_LifePlan/Page_Q01_Age/Age_20' is clicked on

2019-07-18 12:58:35 - [MESSAGE][PASSED] - Object: 'Object Repository/Tab_LifePlan/Page_Q01_Age/Age_20' is clicked on

2019-07-18 12:58:35 - [TEST_STEP][PASSED] - click(findTestObject("Tab_LifePlan/Page_Q02_CurrentSituation/Single")): Object: 'Object Repository/Tab_LifePlan/Page_Q02_CurrentSituation/Single' is clicked on

2019-07-18 12:58:35 - [MESSAGE][PASSED] - Object: 'Object Repository/Tab_LifePlan/Page_Q02_CurrentSituation/Single' is clicked on

2019-07-18 12:58:35 - [TEST_STEP][PASSED] - click(findTestObject("Tab_LifePlan/Page_Q03_Children/Children_1")): Object: 'Object Repository/Tab_LifePlan/Page_Q03_Children/Children_1' is clicked on

2019-07-18 12:58:35 - [MESSAGE][PASSED] - Object: 'Object Repository/Tab_LifePlan/Page_Q03_Children/Children_1' is clicked on

2019-07-18 12:58:35 - [TEST_STEP][PASSED] - click(findTestObject("Tab_LifePlan/Page_Q04_Future/WantToGetMarried")): Object: 'Object Repository/Tab_LifePlan/Page_Q04_Future/WantToGetMarried' is clicked on

2019-07-18 12:58:35 - [MESSAGE][PASSED] - Object: 'Object Repository/Tab_LifePlan/Page_Q04_Future/WantToGetMarried' is clicked on

2019-07-18 12:58:35 - [TEST_STEP][PASSED] - click(findTestObject("Tab_LifePlan/Page_Q05_WhenGetMarry/Years_1")): Object: 'Object Repository/Tab_LifePlan/Page_Q05_WhenGetMarry/Years_1' is clicked on

2019-07-18 12:58:35 - [MESSAGE][PASSED] - Object: 'Object Repository/Tab_LifePlan/Page_Q05_WhenGetMarry/Years_1' is clicked on

2019-07-18 12:58:35 - [TEST_STEP][NOT_RUN] - click(findTestObject("Tab_LifePlan/Page_Q06_NumberOfChildrenWanToGet/Children_1")): NOT_RUN: click(findTestObject("Tab_LifePlan/Page_Q06_NumberOfChildrenWanToGet/Children_1"))

2019-07-18 12:58:35 - [MESSAGE][NOT_RUN] - NOT_RUN: click(findTestObject("Tab_LifePlan/Page_Q06_NumberOfChildrenWanToGet/Children_1"))

2019-07-18 12:58:35 - [TEST_STEP][PASSED] - click(findTestObject("Tab_LifePlan/Page_Q07_YourIncome/income_300")): Object: 'Object Repository/Tab_LifePlan/Page_Q07_YourIncome/income_300' is clicked on

2019-07-18 12:58:35 - [MESSAGE][PASSED] - Object: 'Object Repository/Tab_LifePlan/Page_Q07_YourIncome/income_300' is clicked on

2019-07-18 12:58:35 - [TEST_STEP][PASSED] - scrollToElement(findTestObject("Tab_LifePlan/Page_Q07_YourIncome/btn_Next"), 10): Scroll to object 'Object Repository/Tab_LifePlan/Page_Q07_YourIncome/btn_Next' successfully

2019-07-18 12:58:35 - [MESSAGE][PASSED] - Scroll to object 'Object Repository/Tab_LifePlan/Page_Q07_YourIncome/btn_Next' successfully

2019-07-18 12:58:35 - [TEST_STEP][NOT_RUN] - click(findTestObject("Tab_LifePlan/Page_Q07_YourIncome/chk_PartTimeIncome")): NOT_RUN: click(findTestObject("Tab_LifePlan/Page_Q07_YourIncome/chk_PartTimeIncome"))

2019-07-18 12:58:35 - [MESSAGE][NOT_RUN] - NOT_RUN: click(findTestObject("Tab_LifePlan/Page_Q07_YourIncome/chk_PartTimeIncome"))

2019-07-18 12:58:35 - [TEST_STEP][PASSED] - click(findTestObject("Tab_LifePlan/Page_Q07_YourIncome/chk_NoRetirementPay")): Object: 'Object Repository/Tab_LifePlan/Page_Q07_YourIncome/chk_NoRetirementPay' is clicked on

2019-07-18 12:58:36 - [MESSAGE][PASSED] - Object: 'Object Repository/Tab_LifePlan/Page_Q07_YourIncome/chk_NoRetirementPay' is clicked on

2019-07-18 12:58:36 - [TEST_STEP][PASSED] - click(findTestObject("Tab_LifePlan/Page_Q07_YourIncome/btn_Next")): Object: 'Object Repository/Tab_LifePlan/Page_Q07_YourIncome/btn_Next' is clicked on

2019-07-18 12:58:36 - [MESSAGE][PASSED] - Object: 'Object Repository/Tab_LifePlan/Page_Q07_YourIncome/btn_Next' is clicked on

2019-07-18 12:58:36 - [TEST_STEP][PASSED] - click(findTestObject("Tab_LifePlan/Page_Q08_IncomeOfTheSpouse/income_600")): Object: 'Object Repository/Tab_LifePlan/Page_Q08_IncomeOfTheSpouse/income_600' is clicked on

2019-07-18 12:58:36 - [MESSAGE][PASSED] - Object: 'Object Repository/Tab_LifePlan/Page_Q08_IncomeOfTheSpouse/income_600' is clicked on

2019-07-18 12:58:36 - [TEST_STEP][PASSED] - scrollToElement(findTestObject("Tab_LifePlan/Page_Q08_IncomeOfTheSpouse/btn_Next"), 10): Scroll to object 'Object Repository/Tab_LifePlan/Page_Q08_IncomeOfTheSpouse/btn_Next' successfully

2019-07-18 12:58:36 - [MESSAGE][PASSED] - Scroll to object 'Object Repository/Tab_LifePlan/Page_Q08_IncomeOfTheSpouse/btn_Next' successfully

2019-07-18 12:58:36 - [TEST_STEP][PASSED] - click(findTestObject("Tab_LifePlan/Page_Q08_IncomeOfTheSpouse/chk_PartTimeIncome")): Object: 'Object Repository/Tab_LifePlan/Page_Q08_IncomeOfTheSpouse/chk_PartTimeIncome' is clicked on

2019-07-18 12:58:36 - [MESSAGE][PASSED] - Object: 'Object Repository/Tab_LifePlan/Page_Q08_IncomeOfTheSpouse/chk_PartTimeIncome' is clicked on

2019-07-18 12:58:36 - [TEST_STEP][PASSED] - click(findTestObject("Tab_LifePlan/Page_Q08_IncomeOfTheSpouse/chk_NoRetirementPay")): Object: 'Object Repository/Tab_LifePlan/Page_Q08_IncomeOfTheSpouse/chk_NoRetirementPay' is clicked on

2019-07-18 12:58:36 - [MESSAGE][PASSED] - Object: 'Object Repository/Tab_LifePlan/Page_Q08_IncomeOfTheSpouse/chk_NoRetirementPay' is clicked on

2019-07-18 12:58:36 - [TEST_STEP][PASSED] - click(findTestObject("Tab_LifePlan/Page_Q08_IncomeOfTheSpouse/btn_Next")): Object: 'Object Repository/Tab_LifePlan/Page_Q08_IncomeOfTheSpouse/btn_Next' is clicked on

2019-07-18 12:58:36 - [MESSAGE][PASSED] - Object: 'Object Repository/Tab_LifePlan/Page_Q08_IncomeOfTheSpouse/btn_Next' is clicked on

2019-07-18 12:58:36 - [TEST_STEP][PASSED] - scrollToElement(findTestObject("Tab_LifePlan/Page_Q09_RentHouse/OwnedHouse"), 10): Scroll to object 'Object Repository/Tab_LifePlan/Page_Q09_RentHouse/OwnedHouse' successfully

2019-07-18 12:58:36 - [MESSAGE][PASSED] - Scroll to object 'Object Repository/Tab_LifePlan/Page_Q09_RentHouse/OwnedHouse' successfully

2019-07-18 12:58:36 - [TEST_STEP][PASSED] - click(findTestObject("Tab_LifePlan/Page_Q09_RentHouse/OwnedHouse")): Object: 'Object Repository/Tab_LifePlan/Page_Q09_RentHouse/OwnedHouse' is clicked on

2019-07-18 12:58:36 - [MESSAGE][PASSED] - Object: 'Object Repository/Tab_LifePlan/Page_Q09_RentHouse/OwnedHouse' is clicked on

2019-07-18 12:58:36 - [TEST_STEP][PASSED] - click(findTestObject("Tab_LifePlan/Page_Q09_RentHouse/rent_3")): Object: 'Object Repository/Tab_LifePlan/Page_Q09_RentHouse/rent_3' is clicked on

2019-07-18 12:58:36 - [MESSAGE][PASSED] - Object: 'Object Repository/Tab_LifePlan/Page_Q09_RentHouse/rent_3' is clicked on

2019-07-18 12:58:36 - [TEST_STEP][PASSED] - scrollToElement(findTestObject("Tab_LifePlan/Page_Q09_RentHouse/btn_Next"), 0): Scroll to object 'Object Repository/Tab_LifePlan/Page_Q09_RentHouse/btn_Next' successfully

2019-07-18 12:58:36 - [MESSAGE][WARNING] - Timeout '0' is invalid. Using default page load timeout: '30'

2019-07-18 12:58:36 - [MESSAGE][PASSED] - Scroll to object 'Object Repository/Tab_LifePlan/Page_Q09_RentHouse/btn_Next' successfully

2019-07-18 12:58:36 - [TEST_STEP][PASSED] - click(findTestObject("Tab_LifePlan/Page_Q09_RentHouse/btn_Next")): Object: 'Object Repository/Tab_LifePlan/Page_Q09_RentHouse/btn_Next' is clicked on

2019-07-18 12:58:36 - [MESSAGE][PASSED] - Object: 'Object Repository/Tab_LifePlan/Page_Q09_RentHouse/btn_Next' is clicked on

2019-07-18 12:58:36 - [TEST_STEP][PASSED] - click(findTestObject("Tab_LifePlan/Page_Q10_CostOfLiving/cost_3")): Object: 'Object Repository/Tab_LifePlan/Page_Q10_CostOfLiving/cost_3' is clicked on

2019-07-18 12:58:37 - [MESSAGE][PASSED] - Object: 'Object Repository/Tab_LifePlan/Page_Q10_CostOfLiving/cost_3' is clicked on

2019-07-18 12:58:37 - [TEST_STEP][PASSED] - click(findTestObject("Tab_LifePlan/Page_Q11_CurrentSavingsAmount/amount_50")): Object: 'Object Repository/Tab_LifePlan/Page_Q11_CurrentSavingsAmount/amount_50' is clicked on

2019-07-18 12:58:37 - [MESSAGE][PASSED] - Object: 'Object Repository/Tab_LifePlan/Page_Q11_CurrentSavingsAmount/amount_50' is clicked on

2019-07-18 12:58:37 - [TEST_STEP][PASSED] - waitForElementPresent(findTestObject("Tab_LifePlan/Page_LifePlanResult/tv_AmountAt65"), 20): Object 'Object Repository/Tab_LifePlan/Page_LifePlanResult/tv_AmountAt65' is present

2019-07-18 12:58:38 - [MESSAGE][PASSED] - Object 'Object Repository/Tab_LifePlan/Page_LifePlanResult/tv_AmountAt65' is present

2019-07-18 12:58:38 - [TEST_STEP][PASSED] - amountAt65OnWebApp = getText(findTestObject("Tab_LifePlan/Page_LifePlanResult/tv_AmountAt65")): Text of object 'Object Repository/Tab_LifePlan/Page_LifePlanResult/tv_AmountAt65' is: '+2.13'

2019-07-18 12:58:38 - [MESSAGE][PASSED] - Text of object 'Object Repository/Tab_LifePlan/Page_LifePlanResult/tv_AmountAt65' is: '+2.13'

2019-07-18 12:58:38 - [TEST_STEP][PASSED] - log.logInfo(amountAt65OnWebApp): +2.13

2019-07-18 12:58:38 - [MESSAGE][INFO] - +2.13

2019-07-18 12:58:38 - [TEST_STEP][PASSED] - closeBrowser(): Browser is closed

2019-07-18 12:58:38 - [MESSAGE][PASSED] - Browser is closed

2019-07-18 12:58:38 - [TEST_STEP][PASSED] - return amountAt65OnWebApp: null

2019-07-18 12:58:38 - [MESSAGE][PASSED] - Call Test Case 'Test Cases/TC_LifePlanAnalytics/TC_Scr01-22' successfully

2019-07-18 12:58:38 - [TEST_STEP][PASSED] - log.logInfo("TC_Scr01-" + i + " = " + amountAt65OnWebApp): TC_Scr01-22 = +2.13

2019-07-18 12:58:38 - [MESSAGE][INFO] - TC_Scr01-22 = +2.13

2019-07-18 12:58:38 - [TEST_STEP][PASSED] - setValueToCellByIndex(sheet01, 11 + i, 24, amountAt65OnWebApp): null

2019-07-18 12:58:38 - [TEST_STEP][PASSED] - if (i < 10): null

2019-07-18 12:58:38 - [TEST_STEP][PASSED] - else: Call Test Case 'Test Cases/TC_LifePlanAnalytics/TC_Scr01-23' successfully

2019-07-18 12:58:38 - [TEST_STEP][PASSED] - amountAt65OnWebApp = callTestCase(findTestCase("TC_LifePlanAnalytics/TC_Scr01-" + i), [:], OPTIONAL): Call Test Case 'Test Cases/TC_LifePlanAnalytics/TC_Scr01-23' successfully

2019-07-18 12:58:38 - [TEST_CASE][PASSED] - Test Cases/TC_LifePlanAnalytics/TC_Scr01-23: Test Cases/TC_LifePlanAnalytics/TC_Scr01-23

2019-07-18 12:58:39 - [TEST_STEP][PASSED] - log = new com.kms.katalon.core.logging.KeywordLogger(): null

2019-07-18 12:58:39 - [TEST_STEP][PASSED] - callTestCase(findTestCase("TC_AddVTKT"), [:], STOP_ON_FAILURE): Call Test Case 'Test Cases/TC_AddVTKT' successfully

2019-07-18 12:58:39 - [TEST_CASE][PASSED] - Test Cases/TC_AddVTKT: Test Cases/TC_AddVTKT

2019-07-18 12:58:39 - [TEST_STEP][PASSED] - openBrowser(""): Browser is opened with url: ''

2019-07-18 12:58:39 - [MESSAGE][INFO] - Starting 'Chrome' driver

2019-07-18 12:58:39 - [MESSAGE][INFO] - User set preference: ['args', '[-user-agent=Mozilla/5.0 (Linux; Android 9; SOV37 Build/52.0.C.1.112; wv) AppleWebKit/537.36 (KHTML, like Gecko) Version/4.0 Chrome/68.0.3440.91 Mobile Safari/537.36 6.0.2-k1]']

2019-07-18 12:58:41 - [MESSAGE][PASSED] - Browser is opened with url: ''

2019-07-18 12:58:41 - [TEST_STEP][PASSED] - navigateToUrl("https://dev.pfm.wallet.auone.jp/life_plan/"): Navigate to 'https://dev.pfm.wallet.auone.jp/life_plan/' successfully

2019-07-18 12:58:43 - [MESSAGE][PASSED] - Navigate to 'https://dev.pfm.wallet.auone.jp/life_plan/' successfully

2019-07-18 12:58:43 - [TEST_STEP][PASSED] - maximizeWindow(): Current window maximized

2019-07-18 12:58:44 - [MESSAGE][PASSED] - Current window maximized

2019-07-18 12:58:44 - [TEST_STEP][PASSED] - ck = new org.openqa.selenium.Cookie(VTKT, rtm0wCOc6hTIFjf19P7KEEn-NB7Jp8k5QvzBE7r1OxqcIYMRdmnbLGJqQYL7Lnv_Z7-e796XbNYuZ-AS_eJwPNQgQ4Kz3YSmcqmHm1CSCJAtHREgQ8GKcl29Banngbs4XK1ZuH_eUsCeXHVH0I8mIQ): null

2019-07-18 12:58:44 - [TEST_STEP][PASSED] - driver = getWebDriver(): null

2019-07-18 12:58:44 - [TEST_STEP][PASSED] - manage().addCookie(ck): null

2019-07-18 12:58:44 - [TEST_STEP][PASSED] - waitForPageLoad(10): Wait for page load successfully

2019-07-18 12:58:44 - [MESSAGE][PASSED] - Wait for page load successfully

2019-07-18 12:58:44 - [TEST_STEP][PASSED] - refresh(): Refresh successfully

2019-07-18 12:58:45 - [MESSAGE][PASSED] - Refresh successfully

2019-07-18 12:58:45 - [MESSAGE][PASSED] - Call Test Case 'Test Cases/TC_AddVTKT' successfully

2019-07-18 12:58:45 - [TEST_STEP][PASSED] - click(findTestObject("Tab_LifePlan/Page_LifePlanResult/btn_LifePlan")): Object: 'Object Repository/Tab_LifePlan/Page_LifePlanResult/btn_LifePlan' is clicked on

2019-07-18 12:58:47 - [MESSAGE][PASSED] - Object: 'Object Repository/Tab_LifePlan/Page_LifePlanResult/btn_LifePlan' is clicked on

2019-07-18 12:58:47 - [TEST_STEP][PASSED] - click(findTestObject("Tab_LifePlan/Page_Q01_Age/Age_40")): Object: 'Object Repository/Tab_LifePlan/Page_Q01_Age/Age_40' is clicked on

2019-07-18 12:58:48 - [MESSAGE][PASSED] - Object: 'Object Repository/Tab_LifePlan/Page_Q01_Age/Age_40' is clicked on

2019-07-18 12:58:48 - [TEST_STEP][PASSED] - click(findTestObject("Tab_LifePlan/Page_Q02_CurrentSituation/Single")): Object: 'Object Repository/Tab_LifePlan/Page_Q02_CurrentSituation/Single' is clicked on

2019-07-18 12:58:48 - [MESSAGE][PASSED] - Object: 'Object Repository/Tab_LifePlan/Page_Q02_CurrentSituation/Single' is clicked on

2019-07-18 12:58:48 - [TEST_STEP][PASSED] - click(findTestObject("Tab_LifePlan/Page_Q03_Children/Children_2")): Object: 'Object Repository/Tab_LifePlan/Page_Q03_Children/Children_2' is clicked on

2019-07-18 12:58:48 - [MESSAGE][PASSED] - Object: 'Object Repository/Tab_LifePlan/Page_Q03_Children/Children_2' is clicked on

2019-07-18 12:58:48 - [TEST_STEP][PASSED] - click(findTestObject("Tab_LifePlan/Page_Q04_Future/WantToMarryAndWantToHaveAChild")): Object: 'Object Repository/Tab_LifePlan/Page_Q04_Future/WantToMarryAndWantToHaveAChild' is clicked on

2019-07-18 12:58:48 - [MESSAGE][PASSED] - Object: 'Object Repository/Tab_LifePlan/Page_Q04_Future/WantToMarryAndWantToHaveAChild' is clicked on

2019-07-18 12:58:48 - [TEST_STEP][PASSED] - click(findTestObject("Tab_LifePlan/Page_Q05_WhenGetMarry/Years_5")): Object: 'Object Repository/Tab_LifePlan/Page_Q05_WhenGetMarry/Years_5' is clicked on

2019-07-18 12:58:48 - [MESSAGE][PASSED] - Object: 'Object Repository/Tab_LifePlan/Page_Q05_WhenGetMarry/Years_5' is clicked on

2019-07-18 12:58:48 - [TEST_STEP][PASSED] - click(findTestObject("Tab_LifePlan/Page_Q06_NumberOfChildrenWanToGet/Children_2")): Object: 'Object Repository/Tab_LifePlan/Page_Q06_NumberOfChildrenWanToGet/Children_2' is clicked on

2019-07-18 12:58:48 - [MESSAGE][PASSED] - Object: 'Object Repository/Tab_LifePlan/Page_Q06_NumberOfChildrenWanToGet/Children_2' is clicked on

2019-07-18 12:58:48 - [TEST_STEP][PASSED] - click(findTestObject("Tab_LifePlan/Page_Q07_YourIncome/income_400")): Object: 'Object Repository/Tab_LifePlan/Page_Q07_YourIncome/income_400' is clicked on

2019-07-18 12:58:49 - [MESSAGE][PASSED] - Object: 'Object Repository/Tab_LifePlan/Page_Q07_YourIncome/income_400' is clicked on

2019-07-18 12:58:49 - [TEST_STEP][PASSED] - scrollToElement(findTestObject("Tab_LifePlan/Page_Q07_YourIncome/btn_Next"), 10): Scroll to object 'Object Repository/Tab_LifePlan/Page_Q07_YourIncome/btn_Next' successfully

2019-07-18 12:58:49 - [MESSAGE][PASSED] - Scroll to object 'Object Repository/Tab_LifePlan/Page_Q07_YourIncome/btn_Next' successfully

2019-07-18 12:58:49 - [TEST_STEP][NOT_RUN] - click(findTestObject("Tab_LifePlan/Page_Q07_YourIncome/chk_PartTimeIncome")): NOT_RUN: click(findTestObject("Tab_LifePlan/Page_Q07_YourIncome/chk_PartTimeIncome"))

2019-07-18 12:58:49 - [MESSAGE][NOT_RUN] - NOT_RUN: click(findTestObject("Tab_LifePlan/Page_Q07_YourIncome/chk_PartTimeIncome"))

2019-07-18 12:58:49 - [TEST_STEP][PASSED] - click(findTestObject("Tab_LifePlan/Page_Q07_YourIncome/chk_NoRetirementPay")): Object: 'Object Repository/Tab_LifePlan/Page_Q07_YourIncome/chk_NoRetirementPay' is clicked on

2019-07-18 12:58:49 - [MESSAGE][PASSED] - Object: 'Object Repository/Tab_LifePlan/Page_Q07_YourIncome/chk_NoRetirementPay' is clicked on

2019-07-18 12:58:49 - [TEST_STEP][PASSED] - click(findTestObject("Tab_LifePlan/Page_Q07_YourIncome/btn_Next")): Object: 'Object Repository/Tab_LifePlan/Page_Q07_YourIncome/btn_Next' is clicked on

2019-07-18 12:58:49 - [MESSAGE][PASSED] - Object: 'Object Repository/Tab_LifePlan/Page_Q07_YourIncome/btn_Next' is clicked on

2019-07-18 12:58:49 - [TEST_STEP][PASSED] - click(findTestObject("Tab_LifePlan/Page_Q08_IncomeOfTheSpouse/income_700")): Object: 'Object Repository/Tab_LifePlan/Page_Q08_IncomeOfTheSpouse/income_700' is clicked on

2019-07-18 12:58:49 - [MESSAGE][PASSED] - Object: 'Object Repository/Tab_LifePlan/Page_Q08_IncomeOfTheSpouse/income_700' is clicked on

2019-07-18 12:58:49 - [TEST_STEP][PASSED] - scrollToElement(findTestObject("Tab_LifePlan/Page_Q08_IncomeOfTheSpouse/btn_Next"), 10): Scroll to object 'Object Repository/Tab_LifePlan/Page_Q08_IncomeOfTheSpouse/btn_Next' successfully

2019-07-18 12:58:49 - [MESSAGE][PASSED] - Scroll to object 'Object Repository/Tab_LifePlan/Page_Q08_IncomeOfTheSpouse/btn_Next' successfully

2019-07-18 12:58:49 - [TEST_STEP][PASSED] - click(findTestObject("Tab_LifePlan/Page_Q08_IncomeOfTheSpouse/chk_PartTimeIncome")): Object: 'Object Repository/Tab_LifePlan/Page_Q08_IncomeOfTheSpouse/chk_PartTimeIncome' is clicked on

2019-07-18 12:58:49 - [MESSAGE][PASSED] - Object: 'Object Repository/Tab_LifePlan/Page_Q08_IncomeOfTheSpouse/chk_PartTimeIncome' is clicked on

2019-07-18 12:58:49 - [TEST_STEP][PASSED] - click(findTestObject("Tab_LifePlan/Page_Q08_IncomeOfTheSpouse/chk_NoRetirementPay")): Object: 'Object Repository/Tab_LifePlan/Page_Q08_IncomeOfTheSpouse/chk_NoRetirementPay' is clicked on

2019-07-18 12:58:49 - [MESSAGE][PASSED] - Object: 'Object Repository/Tab_LifePlan/Page_Q08_IncomeOfTheSpouse/chk_NoRetirementPay' is clicked on

2019-07-18 12:58:49 - [TEST_STEP][PASSED] - click(findTestObject("Tab_LifePlan/Page_Q08_IncomeOfTheSpouse/btn_Next")): Object: 'Object Repository/Tab_LifePlan/Page_Q08_IncomeOfTheSpouse/btn_Next' is clicked on

2019-07-18 12:58:49 - [MESSAGE][PASSED] - Object: 'Object Repository/Tab_LifePlan/Page_Q08_IncomeOfTheSpouse/btn_Next' is clicked on

2019-07-18 12:58:49 - [TEST_STEP][PASSED] - scrollToElement(findTestObject("Tab_LifePlan/Page_Q09_RentHouse/OwnedHouse"), 10): Scroll to object 'Object Repository/Tab_LifePlan/Page_Q09_RentHouse/OwnedHouse' successfully

2019-07-18 12:58:49 - [MESSAGE][PASSED] - Scroll to object 'Object Repository/Tab_LifePlan/Page_Q09_RentHouse/OwnedHouse' successfully

2019-07-18 12:58:49 - [TEST_STEP][PASSED] - click(findTestObject("Tab_LifePlan/Page_Q09_RentHouse/OwnedHouse")): Object: 'Object Repository/Tab_LifePlan/Page_Q09_RentHouse/OwnedHouse' is clicked on

2019-07-18 12:58:49 - [MESSAGE][PASSED] - Object: 'Object Repository/Tab_LifePlan/Page_Q09_RentHouse/OwnedHouse' is clicked on

2019-07-18 12:58:49 - [TEST_STEP][PASSED] - click(findTestObject("Tab_LifePlan/Page_Q09_RentHouse/rent_3")): Object: 'Object Repository/Tab_LifePlan/Page_Q09_RentHouse/rent_3' is clicked on

2019-07-18 12:58:49 - [MESSAGE][PASSED] - Object: 'Object Repository/Tab_LifePlan/Page_Q09_RentHouse/rent_3' is clicked on

2019-07-18 12:58:49 - [TEST_STEP][PASSED] - scrollToElement(findTestObject("Tab_LifePlan/Page_Q09_RentHouse/btn_Next"), 0): Scroll to object 'Object Repository/Tab_LifePlan/Page_Q09_RentHouse/btn_Next' successfully

2019-07-18 12:58:49 - [MESSAGE][WARNING] - Timeout '0' is invalid. Using default page load timeout: '30'

2019-07-18 12:58:50 - [MESSAGE][PASSED] - Scroll to object 'Object Repository/Tab_LifePlan/Page_Q09_RentHouse/btn_Next' successfully

2019-07-18 12:58:50 - [TEST_STEP][PASSED] - click(findTestObject("Tab_LifePlan/Page_Q09_RentHouse/btn_Next")): Object: 'Object Repository/Tab_LifePlan/Page_Q09_RentHouse/btn_Next' is clicked on

2019-07-18 12:58:50 - [MESSAGE][PASSED] - Object: 'Object Repository/Tab_LifePlan/Page_Q09_RentHouse/btn_Next' is clicked on

2019-07-18 12:58:50 - [TEST_STEP][PASSED] - click(findTestObject("Tab_LifePlan/Page_Q10_CostOfLiving/cost_3")): Object: 'Object Repository/Tab_LifePlan/Page_Q10_CostOfLiving/cost_3' is clicked on

2019-07-18 12:58:50 - [MESSAGE][PASSED] - Object: 'Object Repository/Tab_LifePlan/Page_Q10_CostOfLiving/cost_3' is clicked on

2019-07-18 12:58:50 - [TEST_STEP][PASSED] - click(findTestObject("Tab_LifePlan/Page_Q11_CurrentSavingsAmount/amount_50")): Object: 'Object Repository/Tab_LifePlan/Page_Q11_CurrentSavingsAmount/amount_50' is clicked on

2019-07-18 12:58:50 - [MESSAGE][PASSED] - Object: 'Object Repository/Tab_LifePlan/Page_Q11_CurrentSavingsAmount/amount_50' is clicked on

2019-07-18 12:58:50 - [TEST_STEP][PASSED] - waitForElementPresent(findTestObject("Tab_LifePlan/Page_LifePlanResult/tv_AmountAt65"), 20): Object 'Object Repository/Tab_LifePlan/Page_LifePlanResult/tv_AmountAt65' is present

2019-07-18 12:58:51 - [MESSAGE][PASSED] - Object 'Object Repository/Tab_LifePlan/Page_LifePlanResult/tv_AmountAt65' is present

2019-07-18 12:58:51 - [TEST_STEP][PASSED] - amountAt65OnWebApp = getText(findTestObject("Tab_LifePlan/Page_LifePlanResult/tv_AmountAt65")): Text of object 'Object Repository/Tab_LifePlan/Page_LifePlanResult/tv_AmountAt65' is: '+7,236.87'

2019-07-18 12:58:51 - [MESSAGE][PASSED] - Text of object 'Object Repository/Tab_LifePlan/Page_LifePlanResult/tv_AmountAt65' is: '+7,236.87'

2019-07-18 12:58:51 - [TEST_STEP][PASSED] - log.logInfo(amountAt65OnWebApp): +7,236.87

2019-07-18 12:58:51 - [MESSAGE][INFO] - +7,236.87

2019-07-18 12:58:51 - [TEST_STEP][PASSED] - closeBrowser(): Browser is closed

2019-07-18 12:58:52 - [MESSAGE][PASSED] - Browser is closed

2019-07-18 12:58:52 - [TEST_STEP][PASSED] - return amountAt65OnWebApp: null

2019-07-18 12:58:52 - [MESSAGE][PASSED] - Call Test Case 'Test Cases/TC_LifePlanAnalytics/TC_Scr01-23' successfully

2019-07-18 12:58:52 - [TEST_STEP][PASSED] - log.logInfo("TC_Scr01-" + i + " = " + amountAt65OnWebApp): TC_Scr01-23 = +7,236.87

2019-07-18 12:58:52 - [MESSAGE][INFO] - TC_Scr01-23 = +7,236.87

2019-07-18 12:58:52 - [TEST_STEP][PASSED] - setValueToCellByIndex(sheet01, 11 + i, 24, amountAt65OnWebApp): null

2019-07-18 12:58:52 - [TEST_STEP][PASSED] - if (i < 10): null

2019-07-18 12:58:52 - [TEST_STEP][PASSED] - else: Call Test Case 'Test Cases/TC_LifePlanAnalytics/TC_Scr01-24' successfully

2019-07-18 12:58:52 - [TEST_STEP][PASSED] - amountAt65OnWebApp = callTestCase(findTestCase("TC_LifePlanAnalytics/TC_Scr01-" + i), [:], OPTIONAL): Call Test Case 'Test Cases/TC_LifePlanAnalytics/TC_Scr01-24' successfully

2019-07-18 12:58:52 - [TEST_CASE][PASSED] - Test Cases/TC_LifePlanAnalytics/TC_Scr01-24: Test Cases/TC_LifePlanAnalytics/TC_Scr01-24

2019-07-18 12:58:52 - [TEST_STEP][PASSED] - log = new com.kms.katalon.core.logging.KeywordLogger(): null

2019-07-18 12:58:52 - [TEST_STEP][PASSED] - callTestCase(findTestCase("TC_AddVTKT"), [:], STOP_ON_FAILURE): Call Test Case 'Test Cases/TC_AddVTKT' successfully

2019-07-18 12:58:52 - [TEST_CASE][PASSED] - Test Cases/TC_AddVTKT: Test Cases/TC_AddVTKT

2019-07-18 12:58:52 - [TEST_STEP][PASSED] - openBrowser(""): Browser is opened with url: ''

2019-07-18 12:58:52 - [MESSAGE][INFO] - Starting 'Chrome' driver

2019-07-18 12:58:52 - [MESSAGE][INFO] - User set preference: ['args', '[-user-agent=Mozilla/5.0 (Linux; Android 9; SOV37 Build/52.0.C.1.112; wv) AppleWebKit/537.36 (KHTML, like Gecko) Version/4.0 Chrome/68.0.3440.91 Mobile Safari/537.36 6.0.2-k1]']

2019-07-18 12:58:54 - [MESSAGE][PASSED] - Browser is opened with url: ''

2019-07-18 12:58:54 - [TEST_STEP][PASSED] - navigateToUrl("https://dev.pfm.wallet.auone.jp/life_plan/"): Navigate to 'https://dev.pfm.wallet.auone.jp/life_plan/' successfully

2019-07-18 12:58:56 - [MESSAGE][PASSED] - Navigate to 'https://dev.pfm.wallet.auone.jp/life_plan/' successfully

2019-07-18 12:58:56 - [TEST_STEP][PASSED] - maximizeWindow(): Current window maximized

2019-07-18 12:58:57 - [MESSAGE][PASSED] - Current window maximized

2019-07-18 12:58:57 - [TEST_STEP][PASSED] - ck = new org.openqa.selenium.Cookie(VTKT, rtm0wCOc6hTIFjf19P7KEEn-NB7Jp8k5QvzBE7r1OxqcIYMRdmnbLGJqQYL7Lnv_Z7-e796XbNYuZ-AS_eJwPNQgQ4Kz3YSmcqmHm1CSCJAtHREgQ8GKcl29Banngbs4XK1ZuH_eUsCeXHVH0I8mIQ): null

2019-07-18 12:58:57 - [TEST_STEP][PASSED] - driver = getWebDriver(): null

2019-07-18 12:58:57 - [TEST_STEP][PASSED] - manage().addCookie(ck): null

2019-07-18 12:58:57 - [TEST_STEP][PASSED] - waitForPageLoad(10): Wait for page load successfully

2019-07-18 12:58:57 - [MESSAGE][PASSED] - Wait for page load successfully

2019-07-18 12:58:57 - [TEST_STEP][PASSED] - refresh(): Refresh successfully

2019-07-18 12:58:58 - [MESSAGE][PASSED] - Refresh successfully

2019-07-18 12:58:58 - [MESSAGE][PASSED] - Call Test Case 'Test Cases/TC_AddVTKT' successfully

2019-07-18 12:58:58 - [TEST_STEP][PASSED] - click(findTestObject("Tab_LifePlan/Page_LifePlanResult/btn_LifePlan")): Object: 'Object Repository/Tab_LifePlan/Page_LifePlanResult/btn_LifePlan' is clicked on

2019-07-18 12:59:00 - [MESSAGE][PASSED] - Object: 'Object Repository/Tab_LifePlan/Page_LifePlanResult/btn_LifePlan' is clicked on

2019-07-18 12:59:00 - [TEST_STEP][PASSED] - click(findTestObject("Tab_LifePlan/Page_Q01_Age/Age_60")): Object: 'Object Repository/Tab_LifePlan/Page_Q01_Age/Age_60' is clicked on

2019-07-18 12:59:01 - [MESSAGE][PASSED] - Object: 'Object Repository/Tab_LifePlan/Page_Q01_Age/Age_60' is clicked on

2019-07-18 12:59:01 - [TEST_STEP][PASSED] - click(findTestObject("Tab_LifePlan/Page_Q02_CurrentSituation/Married")): Object: 'Object Repository/Tab_LifePlan/Page_Q02_CurrentSituation/Married' is clicked on

2019-07-18 12:59:01 - [MESSAGE][PASSED] - Object: 'Object Repository/Tab_LifePlan/Page_Q02_CurrentSituation/Married' is clicked on

2019-07-18 12:59:01 - [TEST_STEP][PASSED] - click(findTestObject("Tab_LifePlan/Page_Q03_Children/Children_1")): Object: 'Object Repository/Tab_LifePlan/Page_Q03_Children/Children_1' is clicked on

2019-07-18 12:59:01 - [MESSAGE][PASSED] - Object: 'Object Repository/Tab_LifePlan/Page_Q03_Children/Children_1' is clicked on

2019-07-18 12:59:01 - [TEST_STEP][PASSED] - click(findTestObject("Tab_LifePlan/Page_Q4_FutureMarried/children_No")): Object: 'Object Repository/Tab_LifePlan/Page_Q4_FutureMarried/children_No' is clicked on

2019-07-18 12:59:02 - [MESSAGE][PASSED] - Object: 'Object Repository/Tab_LifePlan/Page_Q4_FutureMarried/children_No' is clicked on

2019-07-18 12:59:02 - [TEST_STEP][NOT_RUN] - click(findTestObject("Tab_LifePlan/Page_Q05_WhenGetMarry/Years_5")): NOT_RUN: click(findTestObject("Tab_LifePlan/Page_Q05_WhenGetMarry/Years_5"))

2019-07-18 12:59:02 - [MESSAGE][NOT_RUN] - NOT_RUN: click(findTestObject("Tab_LifePlan/Page_Q05_WhenGetMarry/Years_5"))

2019-07-18 12:59:02 - [TEST_STEP][NOT_RUN] - click(findTestObject("Tab_LifePlan/Page_Q06_NumberOfChildrenWanToGet/Children_2")): NOT_RUN: click(findTestObject("Tab_LifePlan/Page_Q06_NumberOfChildrenWanToGet/Children_2"))

2019-07-18 12:59:02 - [MESSAGE][NOT_RUN] - NOT_RUN: click(findTestObject("Tab_LifePlan/Page_Q06_NumberOfChildrenWanToGet/Children_2"))

2019-07-18 12:59:02 - [TEST_STEP][PASSED] - click(findTestObject("Tab_LifePlan/Page_Q07_YourIncome/income_500")): Object: 'Object Repository/Tab_LifePlan/Page_Q07_YourIncome/income_500' is clicked on

2019-07-18 12:59:02 - [MESSAGE][PASSED] - Object: 'Object Repository/Tab_LifePlan/Page_Q07_YourIncome/income_500' is clicked on

2019-07-18 12:59:02 - [TEST_STEP][PASSED] - scrollToElement(findTestObject("Tab_LifePlan/Page_Q07_YourIncome/btn_Next"), 10): Scroll to object 'Object Repository/Tab_LifePlan/Page_Q07_YourIncome/btn_Next' successfully

2019-07-18 12:59:02 - [MESSAGE][PASSED] - Scroll to object 'Object Repository/Tab_LifePlan/Page_Q07_YourIncome/btn_Next' successfully

2019-07-18 12:59:02 - [TEST_STEP][NOT_RUN] - click(findTestObject("Tab_LifePlan/Page_Q07_YourIncome/chk_PartTimeIncome")): NOT_RUN: click(findTestObject("Tab_LifePlan/Page_Q07_YourIncome/chk_PartTimeIncome"))

2019-07-18 12:59:02 - [MESSAGE][NOT_RUN] - NOT_RUN: click(findTestObject("Tab_LifePlan/Page_Q07_YourIncome/chk_PartTimeIncome"))

2019-07-18 12:59:02 - [TEST_STEP][PASSED] - click(findTestObject("Tab_LifePlan/Page_Q07_YourIncome/chk_NoRetirementPay")): Object: 'Object Repository/Tab_LifePlan/Page_Q07_YourIncome/chk_NoRetirementPay' is clicked on

2019-07-18 12:59:02 - [MESSAGE][PASSED] - Object: 'Object Repository/Tab_LifePlan/Page_Q07_YourIncome/chk_NoRetirementPay' is clicked on

2019-07-18 12:59:02 - [TEST_STEP][PASSED] - click(findTestObject("Tab_LifePlan/Page_Q07_YourIncome/btn_Next")): Object: 'Object Repository/Tab_LifePlan/Page_Q07_YourIncome/btn_Next' is clicked on

2019-07-18 12:59:02 - [MESSAGE][PASSED] - Object: 'Object Repository/Tab_LifePlan/Page_Q07_YourIncome/btn_Next' is clicked on

2019-07-18 12:59:02 - [TEST_STEP][PASSED] - click(findTestObject("Tab_LifePlan/Page_Q08_IncomeOfTheSpouse/income_800")): Object: 'Object Repository/Tab_LifePlan/Page_Q08_IncomeOfTheSpouse/income_800' is clicked on

2019-07-18 12:59:02 - [MESSAGE][PASSED] - Object: 'Object Repository/Tab_LifePlan/Page_Q08_IncomeOfTheSpouse/income_800' is clicked on

2019-07-18 12:59:02 - [TEST_STEP][PASSED] - scrollToElement(findTestObject("Tab_LifePlan/Page_Q08_IncomeOfTheSpouse/btn_Next"), 10): Scroll to object 'Object Repository/Tab_LifePlan/Page_Q08_IncomeOfTheSpouse/btn_Next' successfully

2019-07-18 12:59:02 - [MESSAGE][PASSED] - Scroll to object 'Object Repository/Tab_LifePlan/Page_Q08_IncomeOfTheSpouse/btn_Next' successfully

2019-07-18 12:59:02 - [TEST_STEP][PASSED] - click(findTestObject("Tab_LifePlan/Page_Q08_IncomeOfTheSpouse/chk_PartTimeIncome")): Object: 'Object Repository/Tab_LifePlan/Page_Q08_IncomeOfTheSpouse/chk_PartTimeIncome' is clicked on

2019-07-18 12:59:02 - [MESSAGE][PASSED] - Object: 'Object Repository/Tab_LifePlan/Page_Q08_IncomeOfTheSpouse/chk_PartTimeIncome' is clicked on

2019-07-18 12:59:02 - [TEST_STEP][PASSED] - click(findTestObject("Tab_LifePlan/Page_Q08_IncomeOfTheSpouse/chk_NoRetirementPay")): Object: 'Object Repository/Tab_LifePlan/Page_Q08_IncomeOfTheSpouse/chk_NoRetirementPay' is clicked on

2019-07-18 12:59:02 - [MESSAGE][PASSED] - Object: 'Object Repository/Tab_LifePlan/Page_Q08_IncomeOfTheSpouse/chk_NoRetirementPay' is clicked on

2019-07-18 12:59:02 - [TEST_STEP][PASSED] - click(findTestObject("Tab_LifePlan/Page_Q08_IncomeOfTheSpouse/btn_Next")): Object: 'Object Repository/Tab_LifePlan/Page_Q08_IncomeOfTheSpouse/btn_Next' is clicked on

2019-07-18 12:59:02 - [MESSAGE][PASSED] - Object: 'Object Repository/Tab_LifePlan/Page_Q08_IncomeOfTheSpouse/btn_Next' is clicked on

2019-07-18 12:59:02 - [TEST_STEP][PASSED] - scrollToElement(findTestObject("Tab_LifePlan/Page_Q09_RentHouse/OwnedHouse"), 10): Scroll to object 'Object Repository/Tab_LifePlan/Page_Q09_RentHouse/OwnedHouse' successfully

2019-07-18 12:59:02 - [MESSAGE][PASSED] - Scroll to object 'Object Repository/Tab_LifePlan/Page_Q09_RentHouse/OwnedHouse' successfully

2019-07-18 12:59:02 - [TEST_STEP][PASSED] - click(findTestObject("Tab_LifePlan/Page_Q09_RentHouse/OwnedHouse")): Object: 'Object Repository/Tab_LifePlan/Page_Q09_RentHouse/OwnedHouse' is clicked on

2019-07-18 12:59:02 - [MESSAGE][PASSED] - Object: 'Object Repository/Tab_LifePlan/Page_Q09_RentHouse/OwnedHouse' is clicked on

2019-07-18 12:59:02 - [TEST_STEP][PASSED] - click(findTestObject("Tab_LifePlan/Page_Q09_RentHouse/rent_3")): Object: 'Object Repository/Tab_LifePlan/Page_Q09_RentHouse/rent_3' is clicked on

2019-07-18 12:59:02 - [MESSAGE][PASSED] - Object: 'Object Repository/Tab_LifePlan/Page_Q09_RentHouse/rent_3' is clicked on

2019-07-18 12:59:02 - [TEST_STEP][PASSED] - scrollToElement(findTestObject("Tab_LifePlan/Page_Q09_RentHouse/btn_Next"), 0): Scroll to object 'Object Repository/Tab_LifePlan/Page_Q09_RentHouse/btn_Next' successfully

2019-07-18 12:59:02 - [MESSAGE][WARNING] - Timeout '0' is invalid. Using default page load timeout: '30'

2019-07-18 12:59:02 - [MESSAGE][PASSED] - Scroll to object 'Object Repository/Tab_LifePlan/Page_Q09_RentHouse/btn_Next' successfully

2019-07-18 12:59:02 - [TEST_STEP][PASSED] - click(findTestObject("Tab_LifePlan/Page_Q09_RentHouse/btn_Next")): Object: 'Object Repository/Tab_LifePlan/Page_Q09_RentHouse/btn_Next' is clicked on

2019-07-18 12:59:03 - [MESSAGE][PASSED] - Object: 'Object Repository/Tab_LifePlan/Page_Q09_RentHouse/btn_Next' is clicked on

2019-07-18 12:59:03 - [TEST_STEP][PASSED] - click(findTestObject("Tab_LifePlan/Page_Q10_CostOfLiving/cost_50")): Object: 'Object Repository/Tab_LifePlan/Page_Q10_CostOfLiving/cost_50' is clicked on

2019-07-18 12:59:03 - [MESSAGE][PASSED] - Object: 'Object Repository/Tab_LifePlan/Page_Q10_CostOfLiving/cost_50' is clicked on

2019-07-18 12:59:03 - [TEST_STEP][PASSED] - click(findTestObject("Tab_LifePlan/Page_Q11_CurrentSavingsAmount/amount_50")): Object: 'Object Repository/Tab_LifePlan/Page_Q11_CurrentSavingsAmount/amount_50' is clicked on

2019-07-18 12:59:03 - [MESSAGE][PASSED] - Object: 'Object Repository/Tab_LifePlan/Page_Q11_CurrentSavingsAmount/amount_50' is clicked on

2019-07-18 12:59:03 - [TEST_STEP][PASSED] - waitForElementPresent(findTestObject("Tab_LifePlan/Page_LifePlanResult/tv_AmountAt65"), 20): Object 'Object Repository/Tab_LifePlan/Page_LifePlanResult/tv_AmountAt65' is present

2019-07-18 12:59:03 - [MESSAGE][PASSED] - Object 'Object Repository/Tab_LifePlan/Page_LifePlanResult/tv_AmountAt65' is present

2019-07-18 12:59:03 - [TEST_STEP][PASSED] - amountAt65OnWebApp = getText(findTestObject("Tab_LifePlan/Page_LifePlanResult/tv_AmountAt65")): Text of object 'Object Repository/Tab_LifePlan/Page_LifePlanResult/tv_AmountAt65' is: '+1.50'

2019-07-18 12:59:03 - [MESSAGE][PASSED] - Text of object 'Object Repository/Tab_LifePlan/Page_LifePlanResult/tv_AmountAt65' is: '+1.50'

2019-07-18 12:59:03 - [TEST_STEP][PASSED] - log.logInfo(amountAt65OnWebApp): +1.50

2019-07-18 12:59:03 - [MESSAGE][INFO] - +1.50

2019-07-18 12:59:03 - [TEST_STEP][PASSED] - closeBrowser(): Browser is closed

2019-07-18 12:59:04 - [MESSAGE][PASSED] - Browser is closed

2019-07-18 12:59:04 - [TEST_STEP][PASSED] - return amountAt65OnWebApp: null

2019-07-18 12:59:04 - [MESSAGE][PASSED] - Call Test Case 'Test Cases/TC_LifePlanAnalytics/TC_Scr01-24' successfully

2019-07-18 12:59:04 - [TEST_STEP][PASSED] - log.logInfo("TC_Scr01-" + i + " = " + amountAt65OnWebApp): TC_Scr01-24 = +1.50

2019-07-18 12:59:04 - [MESSAGE][INFO] - TC_Scr01-24 = +1.50

2019-07-18 12:59:04 - [TEST_STEP][PASSED] - setValueToCellByIndex(sheet01, 11 + i, 24, amountAt65OnWebApp): null

2019-07-18 12:59:04 - [TEST_STEP][PASSED] - if (i < 10): null

2019-07-18 12:59:04 - [TEST_STEP][PASSED] - else: Call Test Case 'Test Cases/TC_LifePlanAnalytics/TC_Scr01-25' successfully

2019-07-18 12:59:04 - [TEST_STEP][PASSED] - amountAt65OnWebApp = callTestCase(findTestCase("TC_LifePlanAnalytics/TC_Scr01-" + i), [:], OPTIONAL): Call Test Case 'Test Cases/TC_LifePlanAnalytics/TC_Scr01-25' successfully

2019-07-18 12:59:04 - [TEST_CASE][PASSED] - Test Cases/TC_LifePlanAnalytics/TC_Scr01-25: Test Cases/TC_LifePlanAnalytics/TC_Scr01-25

2019-07-18 12:59:04 - [TEST_STEP][PASSED] - log = new com.kms.katalon.core.logging.KeywordLogger(): null

2019-07-18 12:59:04 - [TEST_STEP][PASSED] - callTestCase(findTestCase("TC_AddVTKT"), [:], STOP_ON_FAILURE): Call Test Case 'Test Cases/TC_AddVTKT' successfully

2019-07-18 12:59:04 - [TEST_CASE][PASSED] - Test Cases/TC_AddVTKT: Test Cases/TC_AddVTKT

2019-07-18 12:59:04 - [TEST_STEP][PASSED] - openBrowser(""): Browser is opened with url: ''

2019-07-18 12:59:04 - [MESSAGE][INFO] - Starting 'Chrome' driver

2019-07-18 12:59:04 - [MESSAGE][INFO] - User set preference: ['args', '[-user-agent=Mozilla/5.0 (Linux; Android 9; SOV37 Build/52.0.C.1.112; wv) AppleWebKit/537.36 (KHTML, like Gecko) Version/4.0 Chrome/68.0.3440.91 Mobile Safari/537.36 6.0.2-k1]']

2019-07-18 12:59:07 - [MESSAGE][PASSED] - Browser is opened with url: ''

2019-07-18 12:59:07 - [TEST_STEP][PASSED] - navigateToUrl("https://dev.pfm.wallet.auone.jp/life_plan/"): Navigate to 'https://dev.pfm.wallet.auone.jp/life_plan/' successfully

2019-07-18 12:59:09 - [MESSAGE][PASSED] - Navigate to 'https://dev.pfm.wallet.auone.jp/life_plan/' successfully

2019-07-18 12:59:09 - [TEST_STEP][PASSED] - maximizeWindow(): Current window maximized

2019-07-18 12:59:10 - [MESSAGE][PASSED] - Current window maximized

2019-07-18 12:59:10 - [TEST_STEP][PASSED] - ck = new org.openqa.selenium.Cookie(VTKT, rtm0wCOc6hTIFjf19P7KEEn-NB7Jp8k5QvzBE7r1OxqcIYMRdmnbLGJqQYL7Lnv_Z7-e796XbNYuZ-AS_eJwPNQgQ4Kz3YSmcqmHm1CSCJAtHREgQ8GKcl29Banngbs4XK1ZuH_eUsCeXHVH0I8mIQ): null

2019-07-18 12:59:10 - [TEST_STEP][PASSED] - driver = getWebDriver(): null

2019-07-18 12:59:10 - [TEST_STEP][PASSED] - manage().addCookie(ck): null

2019-07-18 12:59:10 - [TEST_STEP][PASSED] - waitForPageLoad(10): Wait for page load successfully

2019-07-18 12:59:10 - [MESSAGE][PASSED] - Wait for page load successfully

2019-07-18 12:59:10 - [TEST_STEP][PASSED] - refresh(): Refresh successfully

2019-07-18 12:59:10 - [MESSAGE][PASSED] - Refresh successfully

2019-07-18 12:59:10 - [MESSAGE][PASSED] - Call Test Case 'Test Cases/TC_AddVTKT' successfully

2019-07-18 12:59:10 - [TEST_STEP][PASSED] - click(findTestObject("Tab_LifePlan/Page_LifePlanResult/btn_LifePlan")): Object: 'Object Repository/Tab_LifePlan/Page_LifePlanResult/btn_LifePlan' is clicked on

2019-07-18 12:59:12 - [MESSAGE][PASSED] - Object: 'Object Repository/Tab_LifePlan/Page_LifePlanResult/btn_LifePlan' is clicked on

2019-07-18 12:59:12 - [TEST_STEP][PASSED] - click(findTestObject("Tab_LifePlan/Page_Q01_Age/Age_30")): Object: 'Object Repository/Tab_LifePlan/Page_Q01_Age/Age_30' is clicked on

2019-07-18 12:59:14 - [MESSAGE][PASSED] - Object: 'Object Repository/Tab_LifePlan/Page_Q01_Age/Age_30' is clicked on

2019-07-18 12:59:14 - [TEST_STEP][PASSED] - click(findTestObject("Tab_LifePlan/Page_Q02_CurrentSituation/Married")): Object: 'Object Repository/Tab_LifePlan/Page_Q02_CurrentSituation/Married' is clicked on

2019-07-18 12:59:14 - [MESSAGE][PASSED] - Object: 'Object Repository/Tab_LifePlan/Page_Q02_CurrentSituation/Married' is clicked on

2019-07-18 12:59:14 - [TEST_STEP][PASSED] - click(findTestObject("Tab_LifePlan/Page_Q03_Children/Children_1")): Object: 'Object Repository/Tab_LifePlan/Page_Q03_Children/Children_1' is clicked on

2019-07-18 12:59:14 - [MESSAGE][PASSED] - Object: 'Object Repository/Tab_LifePlan/Page_Q03_Children/Children_1' is clicked on

2019-07-18 12:59:14 - [TEST_STEP][PASSED] - click(findTestObject("Tab_LifePlan/Page_Q4_FutureMarried/children_Yes")): Object: 'Object Repository/Tab_LifePlan/Page_Q4_FutureMarried/children_Yes' is clicked on

2019-07-18 12:59:14 - [MESSAGE][PASSED] - Object: 'Object Repository/Tab_LifePlan/Page_Q4_FutureMarried/children_Yes' is clicked on

2019-07-18 12:59:14 - [TEST_STEP][NOT_RUN] - click(findTestObject("Tab_LifePlan/Page_Q05_WhenGetMarry/Years_5")): NOT_RUN: click(findTestObject("Tab_LifePlan/Page_Q05_WhenGetMarry/Years_5"))

2019-07-18 12:59:14 - [MESSAGE][NOT_RUN] - NOT_RUN: click(findTestObject("Tab_LifePlan/Page_Q05_WhenGetMarry/Years_5"))

2019-07-18 12:59:14 - [TEST_STEP][PASSED] - click(findTestObject("Tab_LifePlan/Page_Q06_NumberOfChildrenWanToGet/Children_1")): Object: 'Object Repository/Tab_LifePlan/Page_Q06_NumberOfChildrenWanToGet/Children_1' is clicked on

2019-07-18 12:59:14 - [MESSAGE][PASSED] - Object: 'Object Repository/Tab_LifePlan/Page_Q06_NumberOfChildrenWanToGet/Children_1' is clicked on

2019-07-18 12:59:14 - [TEST_STEP][PASSED] - click(findTestObject("Tab_LifePlan/Page_Q07_YourIncome/income_300")): Object: 'Object Repository/Tab_LifePlan/Page_Q07_YourIncome/income_300' is clicked on

2019-07-18 12:59:14 - [MESSAGE][PASSED] - Object: 'Object Repository/Tab_LifePlan/Page_Q07_YourIncome/income_300' is clicked on

2019-07-18 12:59:14 - [TEST_STEP][PASSED] - scrollToElement(findTestObject("Tab_LifePlan/Page_Q07_YourIncome/btn_Next"), 10): Scroll to object 'Object Repository/Tab_LifePlan/Page_Q07_YourIncome/btn_Next' successfully

2019-07-18 12:59:14 - [MESSAGE][PASSED] - Scroll to object 'Object Repository/Tab_LifePlan/Page_Q07_YourIncome/btn_Next' successfully

2019-07-18 12:59:14 - [TEST_STEP][NOT_RUN] - click(findTestObject("Tab_LifePlan/Page_Q07_YourIncome/chk_PartTimeIncome")): NOT_RUN: click(findTestObject("Tab_LifePlan/Page_Q07_YourIncome/chk_PartTimeIncome"))

2019-07-18 12:59:14 - [MESSAGE][NOT_RUN] - NOT_RUN: click(findTestObject("Tab_LifePlan/Page_Q07_YourIncome/chk_PartTimeIncome"))

2019-07-18 12:59:14 - [TEST_STEP][PASSED] - click(findTestObject("Tab_LifePlan/Page_Q07_YourIncome/chk_NoRetirementPay")): Object: 'Object Repository/Tab_LifePlan/Page_Q07_YourIncome/chk_NoRetirementPay' is clicked on

2019-07-18 12:59:14 - [MESSAGE][PASSED] - Object: 'Object Repository/Tab_LifePlan/Page_Q07_YourIncome/chk_NoRetirementPay' is clicked on

2019-07-18 12:59:14 - [TEST_STEP][PASSED] - click(findTestObject("Tab_LifePlan/Page_Q07_YourIncome/btn_Next")): Object: 'Object Repository/Tab_LifePlan/Page_Q07_YourIncome/btn_Next' is clicked on

2019-07-18 12:59:14 - [MESSAGE][PASSED] - Object: 'Object Repository/Tab_LifePlan/Page_Q07_YourIncome/btn_Next' is clicked on

2019-07-18 12:59:14 - [TEST_STEP][PASSED] - click(findTestObject("Tab_LifePlan/Page_Q08_IncomeOfTheSpouse/income_900")): Object: 'Object Repository/Tab_LifePlan/Page_Q08_IncomeOfTheSpouse/income_900' is clicked on

2019-07-18 12:59:14 - [MESSAGE][PASSED] - Object: 'Object Repository/Tab_LifePlan/Page_Q08_IncomeOfTheSpouse/income_900' is clicked on

2019-07-18 12:59:14 - [TEST_STEP][PASSED] - scrollToElement(findTestObject("Tab_LifePlan/Page_Q08_IncomeOfTheSpouse/btn_Next"), 10): Scroll to object 'Object Repository/Tab_LifePlan/Page_Q08_IncomeOfTheSpouse/btn_Next' successfully

2019-07-18 12:59:14 - [MESSAGE][PASSED] - Scroll to object 'Object Repository/Tab_LifePlan/Page_Q08_IncomeOfTheSpouse/btn_Next' successfully

2019-07-18 12:59:14 - [TEST_STEP][PASSED] - click(findTestObject("Tab_LifePlan/Page_Q08_IncomeOfTheSpouse/chk_PartTimeIncome")): Object: 'Object Repository/Tab_LifePlan/Page_Q08_IncomeOfTheSpouse/chk_PartTimeIncome' is clicked on

2019-07-18 12:59:15 - [MESSAGE][PASSED] - Object: 'Object Repository/Tab_LifePlan/Page_Q08_IncomeOfTheSpouse/chk_PartTimeIncome' is clicked on

2019-07-18 12:59:15 - [TEST_STEP][PASSED] - click(findTestObject("Tab_LifePlan/Page_Q08_IncomeOfTheSpouse/chk_NoRetirementPay")): Object: 'Object Repository/Tab_LifePlan/Page_Q08_IncomeOfTheSpouse/chk_NoRetirementPay' is clicked on

2019-07-18 12:59:15 - [MESSAGE][PASSED] - Object: 'Object Repository/Tab_LifePlan/Page_Q08_IncomeOfTheSpouse/chk_NoRetirementPay' is clicked on

2019-07-18 12:59:15 - [TEST_STEP][PASSED] - click(findTestObject("Tab_LifePlan/Page_Q08_IncomeOfTheSpouse/btn_Next")): Object: 'Object Repository/Tab_LifePlan/Page_Q08_IncomeOfTheSpouse/btn_Next' is clicked on

2019-07-18 12:59:15 - [MESSAGE][PASSED] - Object: 'Object Repository/Tab_LifePlan/Page_Q08_IncomeOfTheSpouse/btn_Next' is clicked on

2019-07-18 12:59:15 - [TEST_STEP][PASSED] - scrollToElement(findTestObject("Tab_LifePlan/Page_Q09_RentHouse/OwnedHouse"), 10): Scroll to object 'Object Repository/Tab_LifePlan/Page_Q09_RentHouse/OwnedHouse' successfully

2019-07-18 12:59:15 - [MESSAGE][PASSED] - Scroll to object 'Object Repository/Tab_LifePlan/Page_Q09_RentHouse/OwnedHouse' successfully

2019-07-18 12:59:15 - [TEST_STEP][PASSED] - click(findTestObject("Tab_LifePlan/Page_Q09_RentHouse/OwnedHouse")): Object: 'Object Repository/Tab_LifePlan/Page_Q09_RentHouse/OwnedHouse' is clicked on

2019-07-18 12:59:15 - [MESSAGE][PASSED] - Object: 'Object Repository/Tab_LifePlan/Page_Q09_RentHouse/OwnedHouse' is clicked on

2019-07-18 12:59:15 - [TEST_STEP][PASSED] - click(findTestObject("Tab_LifePlan/Page_Q09_RentHouse/rent_3")): Object: 'Object Repository/Tab_LifePlan/Page_Q09_RentHouse/rent_3' is clicked on

2019-07-18 12:59:15 - [MESSAGE][PASSED] - Object: 'Object Repository/Tab_LifePlan/Page_Q09_RentHouse/rent_3' is clicked on

2019-07-18 12:59:15 - [TEST_STEP][PASSED] - scrollToElement(findTestObject("Tab_LifePlan/Page_Q09_RentHouse/btn_Next"), 0): Scroll to object 'Object Repository/Tab_LifePlan/Page_Q09_RentHouse/btn_Next' successfully

2019-07-18 12:59:15 - [MESSAGE][WARNING] - Timeout '0' is invalid. Using default page load timeout: '30'

2019-07-18 12:59:15 - [MESSAGE][PASSED] - Scroll to object 'Object Repository/Tab_LifePlan/Page_Q09_RentHouse/btn_Next' successfully

2019-07-18 12:59:15 - [TEST_STEP][PASSED] - click(findTestObject("Tab_LifePlan/Page_Q09_RentHouse/btn_Next")): Object: 'Object Repository/Tab_LifePlan/Page_Q09_RentHouse/btn_Next' is clicked on

2019-07-18 12:59:15 - [MESSAGE][PASSED] - Object: 'Object Repository/Tab_LifePlan/Page_Q09_RentHouse/btn_Next' is clicked on

2019-07-18 12:59:15 - [TEST_STEP][PASSED] - click(findTestObject("Tab_LifePlan/Page_Q10_CostOfLiving/cost_30")): Object: 'Object Repository/Tab_LifePlan/Page_Q10_CostOfLiving/cost_30' is clicked on

2019-07-18 12:59:15 - [MESSAGE][PASSED] - Object: 'Object Repository/Tab_LifePlan/Page_Q10_CostOfLiving/cost_30' is clicked on

2019-07-18 12:59:15 - [TEST_STEP][PASSED] - click(findTestObject("Tab_LifePlan/Page_Q11_CurrentSavingsAmount/amount_50")): Object: 'Object Repository/Tab_LifePlan/Page_Q11_CurrentSavingsAmount/amount_50' is clicked on

2019-07-18 12:59:15 - [MESSAGE][PASSED] - Object: 'Object Repository/Tab_LifePlan/Page_Q11_CurrentSavingsAmount/amount_50' is clicked on

2019-07-18 12:59:15 - [TEST_STEP][PASSED] - waitForElementPresent(findTestObject("Tab_LifePlan/Page_LifePlanResult/tv_AmountAt65"), 20): Object 'Object Repository/Tab_LifePlan/Page_LifePlanResult/tv_AmountAt65' is present

2019-07-18 12:59:16 - [MESSAGE][PASSED] - Object 'Object Repository/Tab_LifePlan/Page_LifePlanResult/tv_AmountAt65' is present

2019-07-18 12:59:16 - [TEST_STEP][PASSED] - amountAt65OnWebApp = getText(findTestObject("Tab_LifePlan/Page_LifePlanResult/tv_AmountAt65")): Text of object 'Object Repository/Tab_LifePlan/Page_LifePlanResult/tv_AmountAt65' is: '+5,205.61'

2019-07-18 12:59:16 - [MESSAGE][PASSED] - Text of object 'Object Repository/Tab_LifePlan/Page_LifePlanResult/tv_AmountAt65' is: '+5,205.61'

2019-07-18 12:59:16 - [TEST_STEP][PASSED] - log.logInfo(amountAt65OnWebApp): +5,205.61

2019-07-18 12:59:16 - [MESSAGE][INFO] - +5,205.61

2019-07-18 12:59:16 - [TEST_STEP][PASSED] - closeBrowser(): Browser is closed

2019-07-18 12:59:17 - [MESSAGE][PASSED] - Browser is closed

2019-07-18 12:59:17 - [TEST_STEP][PASSED] - return amountAt65OnWebApp: null

2019-07-18 12:59:17 - [MESSAGE][PASSED] - Call Test Case 'Test Cases/TC_LifePlanAnalytics/TC_Scr01-25' successfully

2019-07-18 12:59:17 - [TEST_STEP][PASSED] - log.logInfo("TC_Scr01-" + i + " = " + amountAt65OnWebApp): TC_Scr01-25 = +5,205.61

2019-07-18 12:59:17 - [MESSAGE][INFO] - TC_Scr01-25 = +5,205.61

2019-07-18 12:59:17 - [TEST_STEP][PASSED] - setValueToCellByIndex(sheet01, 11 + i, 24, amountAt65OnWebApp): null

2019-07-18 12:59:17 - [TEST_STEP][PASSED] - if (i < 10): null

2019-07-18 12:59:17 - [TEST_STEP][PASSED] - else: Call Test Case 'Test Cases/TC_LifePlanAnalytics/TC_Scr01-26' successfully

2019-07-18 12:59:17 - [TEST_STEP][PASSED] - amountAt65OnWebApp = callTestCase(findTestCase("TC_LifePlanAnalytics/TC_Scr01-" + i), [:], OPTIONAL): Call Test Case 'Test Cases/TC_LifePlanAnalytics/TC_Scr01-26' successfully

2019-07-18 12:59:17 - [TEST_CASE][PASSED] - Test Cases/TC_LifePlanAnalytics/TC_Scr01-26: Test Cases/TC_LifePlanAnalytics/TC_Scr01-26

2019-07-18 12:59:17 - [TEST_STEP][PASSED] - log = new com.kms.katalon.core.logging.KeywordLogger(): null

2019-07-18 12:59:17 - [TEST_STEP][PASSED] - callTestCase(findTestCase("TC_AddVTKT"), [:], STOP_ON_FAILURE): Call Test Case 'Test Cases/TC_AddVTKT' successfully

2019-07-18 12:59:17 - [TEST_CASE][PASSED] - Test Cases/TC_AddVTKT: Test Cases/TC_AddVTKT

2019-07-18 12:59:17 - [TEST_STEP][PASSED] - openBrowser(""): Browser is opened with url: ''

2019-07-18 12:59:17 - [MESSAGE][INFO] - Starting 'Chrome' driver

2019-07-18 12:59:17 - [MESSAGE][INFO] - User set preference: ['args', '[-user-agent=Mozilla/5.0 (Linux; Android 9; SOV37 Build/52.0.C.1.112; wv) AppleWebKit/537.36 (KHTML, like Gecko) Version/4.0 Chrome/68.0.3440.91 Mobile Safari/537.36 6.0.2-k1]']

2019-07-18 12:59:19 - [MESSAGE][PASSED] - Browser is opened with url: ''

2019-07-18 12:59:19 - [TEST_STEP][PASSED] - navigateToUrl("https://dev.pfm.wallet.auone.jp/life_plan/"): Navigate to 'https://dev.pfm.wallet.auone.jp/life_plan/' successfully

2019-07-18 12:59:22 - [MESSAGE][PASSED] - Navigate to 'https://dev.pfm.wallet.auone.jp/life_plan/' successfully

2019-07-18 12:59:22 - [TEST_STEP][PASSED] - maximizeWindow(): Current window maximized

2019-07-18 12:59:23 - [MESSAGE][PASSED] - Current window maximized

2019-07-18 12:59:23 - [TEST_STEP][PASSED] - ck = new org.openqa.selenium.Cookie(VTKT, rtm0wCOc6hTIFjf19P7KEEn-NB7Jp8k5QvzBE7r1OxqcIYMRdmnbLGJqQYL7Lnv_Z7-e796XbNYuZ-AS_eJwPNQgQ4Kz3YSmcqmHm1CSCJAtHREgQ8GKcl29Banngbs4XK1ZuH_eUsCeXHVH0I8mIQ): null

2019-07-18 12:59:23 - [TEST_STEP][PASSED] - driver = getWebDriver(): null

2019-07-18 12:59:23 - [TEST_STEP][PASSED] - manage().addCookie(ck): null

2019-07-18 12:59:23 - [TEST_STEP][PASSED] - waitForPageLoad(10): Wait for page load successfully

2019-07-18 12:59:23 - [MESSAGE][PASSED] - Wait for page load successfully

2019-07-18 12:59:23 - [TEST_STEP][PASSED] - refresh(): Refresh successfully

2019-07-18 12:59:23 - [MESSAGE][PASSED] - Refresh successfully

2019-07-18 12:59:23 - [MESSAGE][PASSED] - Call Test Case 'Test Cases/TC_AddVTKT' successfully

2019-07-18 12:59:23 - [TEST_STEP][PASSED] - click(findTestObject("Tab_LifePlan/Page_LifePlanResult/btn_LifePlan")): Object: 'Object Repository/Tab_LifePlan/Page_LifePlanResult/btn_LifePlan' is clicked on

2019-07-18 12:59:25 - [MESSAGE][PASSED] - Object: 'Object Repository/Tab_LifePlan/Page_LifePlanResult/btn_LifePlan' is clicked on

2019-07-18 12:59:25 - [TEST_STEP][PASSED] - click(findTestObject("Tab_LifePlan/Page_Q01_Age/Age_20")): Object: 'Object Repository/Tab_LifePlan/Page_Q01_Age/Age_20' is clicked on

2019-07-18 12:59:27 - [MESSAGE][PASSED] - Object: 'Object Repository/Tab_LifePlan/Page_Q01_Age/Age_20' is clicked on

2019-07-18 12:59:27 - [TEST_STEP][PASSED] - click(findTestObject("Tab_LifePlan/Page_Q02_CurrentSituation/Single")): Object: 'Object Repository/Tab_LifePlan/Page_Q02_CurrentSituation/Single' is clicked on

2019-07-18 12:59:27 - [MESSAGE][PASSED] - Object: 'Object Repository/Tab_LifePlan/Page_Q02_CurrentSituation/Single' is clicked on

2019-07-18 12:59:27 - [TEST_STEP][PASSED] - click(findTestObject("Tab_LifePlan/Page_Q03_Children/Children_2")): Object: 'Object Repository/Tab_LifePlan/Page_Q03_Children/Children_2' is clicked on

2019-07-18 12:59:27 - [MESSAGE][PASSED] - Object: 'Object Repository/Tab_LifePlan/Page_Q03_Children/Children_2' is clicked on

2019-07-18 12:59:27 - [TEST_STEP][PASSED] - click(findTestObject("Tab_LifePlan/Page_Q04_Future/WantToGetMarried")): Object: 'Object Repository/Tab_LifePlan/Page_Q04_Future/WantToGetMarried' is clicked on

2019-07-18 12:59:27 - [MESSAGE][PASSED] - Object: 'Object Repository/Tab_LifePlan/Page_Q04_Future/WantToGetMarried' is clicked on

2019-07-18 12:59:27 - [TEST_STEP][PASSED] - click(findTestObject("Tab_LifePlan/Page_Q05_WhenGetMarry/Years_3")): Object: 'Object Repository/Tab_LifePlan/Page_Q05_WhenGetMarry/Years_3' is clicked on

2019-07-18 12:59:27 - [MESSAGE][PASSED] - Object: 'Object Repository/Tab_LifePlan/Page_Q05_WhenGetMarry/Years_3' is clicked on

2019-07-18 12:59:27 - [TEST_STEP][NOT_RUN] - click(findTestObject("Tab_LifePlan/Page_Q06_NumberOfChildrenWanToGet/Children_1")): NOT_RUN: click(findTestObject("Tab_LifePlan/Page_Q06_NumberOfChildrenWanToGet/Children_1"))

2019-07-18 12:59:27 - [MESSAGE][NOT_RUN] - NOT_RUN: click(findTestObject("Tab_LifePlan/Page_Q06_NumberOfChildrenWanToGet/Children_1"))

2019-07-18 12:59:27 - [TEST_STEP][PASSED] - click(findTestObject("Tab_LifePlan/Page_Q07_YourIncome/income_UpTo300")): Object: 'Object Repository/Tab_LifePlan/Page_Q07_YourIncome/income_UpTo300' is clicked on

2019-07-18 12:59:27 - [MESSAGE][PASSED] - Object: 'Object Repository/Tab_LifePlan/Page_Q07_YourIncome/income_UpTo300' is clicked on

2019-07-18 12:59:27 - [TEST_STEP][PASSED] - scrollToElement(findTestObject("Tab_LifePlan/Page_Q07_YourIncome/btn_Next"), 10): Scroll to object 'Object Repository/Tab_LifePlan/Page_Q07_YourIncome/btn_Next' successfully

2019-07-18 12:59:27 - [MESSAGE][PASSED] - Scroll to object 'Object Repository/Tab_LifePlan/Page_Q07_YourIncome/btn_Next' successfully

2019-07-18 12:59:27 - [TEST_STEP][NOT_RUN] - click(findTestObject("Tab_LifePlan/Page_Q07_YourIncome/chk_PartTimeIncome")): NOT_RUN: click(findTestObject("Tab_LifePlan/Page_Q07_YourIncome/chk_PartTimeIncome"))

2019-07-18 12:59:27 - [MESSAGE][NOT_RUN] - NOT_RUN: click(findTestObject("Tab_LifePlan/Page_Q07_YourIncome/chk_PartTimeIncome"))

2019-07-18 12:59:27 - [TEST_STEP][NOT_RUN] - click(findTestObject("Tab_LifePlan/Page_Q07_YourIncome/chk_NoRetirementPay")): NOT_RUN: click(findTestObject("Tab_LifePlan/Page_Q07_YourIncome/chk_NoRetirementPay"))

2019-07-18 12:59:27 - [MESSAGE][NOT_RUN] - NOT_RUN: click(findTestObject("Tab_LifePlan/Page_Q07_YourIncome/chk_NoRetirementPay"))

2019-07-18 12:59:27 - [TEST_STEP][PASSED] - click(findTestObject("Tab_LifePlan/Page_Q07_YourIncome/btn_Next")): Object: 'Object Repository/Tab_LifePlan/Page_Q07_YourIncome/btn_Next' is clicked on

2019-07-18 12:59:27 - [MESSAGE][PASSED] - Object: 'Object Repository/Tab_LifePlan/Page_Q07_YourIncome/btn_Next' is clicked on

2019-07-18 12:59:27 - [TEST_STEP][PASSED] - click(findTestObject("Tab_LifePlan/Page_Q08_IncomeOfTheSpouse/income_1000")): Object: 'Object Repository/Tab_LifePlan/Page_Q08_IncomeOfTheSpouse/income_1000' is clicked on

2019-07-18 12:59:27 - [MESSAGE][PASSED] - Object: 'Object Repository/Tab_LifePlan/Page_Q08_IncomeOfTheSpouse/income_1000' is clicked on

2019-07-18 12:59:27 - [TEST_STEP][PASSED] - scrollToElement(findTestObject("Tab_LifePlan/Page_Q08_IncomeOfTheSpouse/btn_Next"), 10): Scroll to object 'Object Repository/Tab_LifePlan/Page_Q08_IncomeOfTheSpouse/btn_Next' successfully

2019-07-18 12:59:27 - [MESSAGE][PASSED] - Scroll to object 'Object Repository/Tab_LifePlan/Page_Q08_IncomeOfTheSpouse/btn_Next' successfully

2019-07-18 12:59:27 - [TEST_STEP][NOT_RUN] - click(findTestObject("Tab_LifePlan/Page_Q08_IncomeOfTheSpouse/chk_PartTimeIncome")): NOT_RUN: click(findTestObject("Tab_LifePlan/Page_Q08_IncomeOfTheSpouse/chk_PartTimeIncome"))

2019-07-18 12:59:27 - [MESSAGE][NOT_RUN] - NOT_RUN: click(findTestObject("Tab_LifePlan/Page_Q08_IncomeOfTheSpouse/chk_PartTimeIncome"))

2019-07-18 12:59:27 - [TEST_STEP][NOT_RUN] - click(findTestObject("Tab_LifePlan/Page_Q08_IncomeOfTheSpouse/chk_NoRetirementPay")): NOT_RUN: click(findTestObject("Tab_LifePlan/Page_Q08_IncomeOfTheSpouse/chk_NoRetirementPay"))

2019-07-18 12:59:27 - [MESSAGE][NOT_RUN] - NOT_RUN: click(findTestObject("Tab_LifePlan/Page_Q08_IncomeOfTheSpouse/chk_NoRetirementPay"))

2019-07-18 12:59:27 - [TEST_STEP][PASSED] - click(findTestObject("Tab_LifePlan/Page_Q08_IncomeOfTheSpouse/btn_Next")): Object: 'Object Repository/Tab_LifePlan/Page_Q08_IncomeOfTheSpouse/btn_Next' is clicked on

2019-07-18 12:59:27 - [MESSAGE][PASSED] - Object: 'Object Repository/Tab_LifePlan/Page_Q08_IncomeOfTheSpouse/btn_Next' is clicked on

2019-07-18 12:59:27 - [TEST_STEP][PASSED] - scrollToElement(findTestObject("Tab_LifePlan/Page_Q09_RentHouse/OwnedHouse"), 10): Scroll to object 'Object Repository/Tab_LifePlan/Page_Q09_RentHouse/OwnedHouse' successfully

2019-07-18 12:59:27 - [MESSAGE][PASSED] - Scroll to object 'Object Repository/Tab_LifePlan/Page_Q09_RentHouse/OwnedHouse' successfully

2019-07-18 12:59:27 - [TEST_STEP][PASSED] - click(findTestObject("Tab_LifePlan/Page_Q09_RentHouse/RentalHouse")): Object: 'Object Repository/Tab_LifePlan/Page_Q09_RentHouse/RentalHouse' is clicked on

2019-07-18 12:59:28 - [MESSAGE][PASSED] - Object: 'Object Repository/Tab_LifePlan/Page_Q09_RentHouse/RentalHouse' is clicked on

2019-07-18 12:59:28 - [TEST_STEP][PASSED] - click(findTestObject("Tab_LifePlan/Page_Q09_RentHouse/rent_5")): Object: 'Object Repository/Tab_LifePlan/Page_Q09_RentHouse/rent_5' is clicked on

2019-07-18 12:59:28 - [MESSAGE][PASSED] - Object: 'Object Repository/Tab_LifePlan/Page_Q09_RentHouse/rent_5' is clicked on

2019-07-18 12:59:28 - [TEST_STEP][PASSED] - scrollToElement(findTestObject("Tab_LifePlan/Page_Q09_RentHouse/btn_Next"), 0): Scroll to object 'Object Repository/Tab_LifePlan/Page_Q09_RentHouse/btn_Next' successfully

2019-07-18 12:59:28 - [MESSAGE][WARNING] - Timeout '0' is invalid. Using default page load timeout: '30'

2019-07-18 12:59:28 - [MESSAGE][PASSED] - Scroll to object 'Object Repository/Tab_LifePlan/Page_Q09_RentHouse/btn_Next' successfully

2019-07-18 12:59:28 - [TEST_STEP][PASSED] - click(findTestObject("Tab_LifePlan/Page_Q09_RentHouse/btn_Next")): Object: 'Object Repository/Tab_LifePlan/Page_Q09_RentHouse/btn_Next' is clicked on

2019-07-18 12:59:28 - [MESSAGE][PASSED] - Object: 'Object Repository/Tab_LifePlan/Page_Q09_RentHouse/btn_Next' is clicked on

2019-07-18 12:59:28 - [TEST_STEP][PASSED] - click(findTestObject("Tab_LifePlan/Page_Q10_CostOfLiving/cost_5")): Object: 'Object Repository/Tab_LifePlan/Page_Q10_CostOfLiving/cost_5' is clicked on

2019-07-18 12:59:28 - [MESSAGE][PASSED] - Object: 'Object Repository/Tab_LifePlan/Page_Q10_CostOfLiving/cost_5' is clicked on

2019-07-18 12:59:28 - [TEST_STEP][PASSED] - click(findTestObject("Tab_LifePlan/Page_Q11_CurrentSavingsAmount/amount_100")): Object: 'Object Repository/Tab_LifePlan/Page_Q11_CurrentSavingsAmount/amount_100' is clicked on

2019-07-18 12:59:28 - [MESSAGE][PASSED] - Object: 'Object Repository/Tab_LifePlan/Page_Q11_CurrentSavingsAmount/amount_100' is clicked on

2019-07-18 12:59:28 - [TEST_STEP][PASSED] - waitForElementPresent(findTestObject("Tab_LifePlan/Page_LifePlanResult/tv_AmountAt65"), 20): Object 'Object Repository/Tab_LifePlan/Page_LifePlanResult/tv_AmountAt65' is present

2019-07-18 12:59:29 - [MESSAGE][PASSED] - Object 'Object Repository/Tab_LifePlan/Page_LifePlanResult/tv_AmountAt65' is present

2019-07-18 12:59:29 - [TEST_STEP][PASSED] - amountAt65OnWebApp = getText(findTestObject("Tab_LifePlan/Page_LifePlanResult/tv_AmountAt65")): Text of object 'Object Repository/Tab_LifePlan/Page_LifePlanResult/tv_AmountAt65' is: '+2.64'

2019-07-18 12:59:29 - [MESSAGE][PASSED] - Text of object 'Object Repository/Tab_LifePlan/Page_LifePlanResult/tv_AmountAt65' is: '+2.64'

2019-07-18 12:59:29 - [TEST_STEP][PASSED] - log.logInfo(amountAt65OnWebApp): +2.64

2019-07-18 12:59:29 - [MESSAGE][INFO] - +2.64

2019-07-18 12:59:29 - [TEST_STEP][PASSED] - closeBrowser(): Browser is closed

2019-07-18 12:59:29 - [MESSAGE][PASSED] - Browser is closed

2019-07-18 12:59:29 - [TEST_STEP][PASSED] - return amountAt65OnWebApp: null

2019-07-18 12:59:29 - [MESSAGE][PASSED] - Call Test Case 'Test Cases/TC_LifePlanAnalytics/TC_Scr01-26' successfully

2019-07-18 12:59:29 - [TEST_STEP][PASSED] - log.logInfo("TC_Scr01-" + i + " = " + amountAt65OnWebApp): TC_Scr01-26 = +2.64

2019-07-18 12:59:29 - [MESSAGE][INFO] - TC_Scr01-26 = +2.64

2019-07-18 12:59:29 - [TEST_STEP][PASSED] - setValueToCellByIndex(sheet01, 11 + i, 24, amountAt65OnWebApp): null

2019-07-18 12:59:29 - [TEST_STEP][PASSED] - if (i < 10): null

2019-07-18 12:59:29 - [TEST_STEP][PASSED] - else: Call Test Case 'Test Cases/TC_LifePlanAnalytics/TC_Scr01-27' successfully

2019-07-18 12:59:29 - [TEST_STEP][PASSED] - amountAt65OnWebApp = callTestCase(findTestCase("TC_LifePlanAnalytics/TC_Scr01-" + i), [:], OPTIONAL): Call Test Case 'Test Cases/TC_LifePlanAnalytics/TC_Scr01-27' successfully

2019-07-18 12:59:29 - [TEST_CASE][PASSED] - Test Cases/TC_LifePlanAnalytics/TC_Scr01-27: Test Cases/TC_LifePlanAnalytics/TC_Scr01-27

2019-07-18 12:59:30 - [TEST_STEP][PASSED] - log = new com.kms.katalon.core.logging.KeywordLogger(): null

2019-07-18 12:59:30 - [TEST_STEP][PASSED] - callTestCase(findTestCase("TC_AddVTKT"), [:], STOP_ON_FAILURE): Call Test Case 'Test Cases/TC_AddVTKT' successfully

2019-07-18 12:59:30 - [TEST_CASE][PASSED] - Test Cases/TC_AddVTKT: Test Cases/TC_AddVTKT

2019-07-18 12:59:30 - [TEST_STEP][PASSED] - openBrowser(""): Browser is opened with url: ''

2019-07-18 12:59:30 - [MESSAGE][INFO] - Starting 'Chrome' driver

2019-07-18 12:59:30 - [MESSAGE][INFO] - User set preference: ['args', '[-user-agent=Mozilla/5.0 (Linux; Android 9; SOV37 Build/52.0.C.1.112; wv) AppleWebKit/537.36 (KHTML, like Gecko) Version/4.0 Chrome/68.0.3440.91 Mobile Safari/537.36 6.0.2-k1]']

2019-07-18 12:59:32 - [MESSAGE][PASSED] - Browser is opened with url: ''

2019-07-18 12:59:32 - [TEST_STEP][PASSED] - navigateToUrl("https://dev.pfm.wallet.auone.jp/life_plan/"): Navigate to 'https://dev.pfm.wallet.auone.jp/life_plan/' successfully

2019-07-18 12:59:34 - [MESSAGE][PASSED] - Navigate to 'https://dev.pfm.wallet.auone.jp/life_plan/' successfully

2019-07-18 12:59:34 - [TEST_STEP][PASSED] - maximizeWindow(): Current window maximized

2019-07-18 12:59:35 - [MESSAGE][PASSED] - Current window maximized

2019-07-18 12:59:35 - [TEST_STEP][PASSED] - ck = new org.openqa.selenium.Cookie(VTKT, rtm0wCOc6hTIFjf19P7KEEn-NB7Jp8k5QvzBE7r1OxqcIYMRdmnbLGJqQYL7Lnv_Z7-e796XbNYuZ-AS_eJwPNQgQ4Kz3YSmcqmHm1CSCJAtHREgQ8GKcl29Banngbs4XK1ZuH_eUsCeXHVH0I8mIQ): null

2019-07-18 12:59:35 - [TEST_STEP][PASSED] - driver = getWebDriver(): null

2019-07-18 12:59:35 - [TEST_STEP][PASSED] - manage().addCookie(ck): null

2019-07-18 12:59:35 - [TEST_STEP][PASSED] - waitForPageLoad(10): Wait for page load successfully

2019-07-18 12:59:35 - [MESSAGE][PASSED] - Wait for page load successfully

2019-07-18 12:59:35 - [TEST_STEP][PASSED] - refresh(): Refresh successfully

2019-07-18 12:59:36 - [MESSAGE][PASSED] - Refresh successfully

2019-07-18 12:59:36 - [MESSAGE][PASSED] - Call Test Case 'Test Cases/TC_AddVTKT' successfully

2019-07-18 12:59:36 - [TEST_STEP][PASSED] - click(findTestObject("Tab_LifePlan/Page_LifePlanResult/btn_LifePlan")): Object: 'Object Repository/Tab_LifePlan/Page_LifePlanResult/btn_LifePlan' is clicked on

2019-07-18 12:59:38 - [MESSAGE][PASSED] - Object: 'Object Repository/Tab_LifePlan/Page_LifePlanResult/btn_LifePlan' is clicked on

2019-07-18 12:59:38 - [TEST_STEP][PASSED] - click(findTestObject("Tab_LifePlan/Page_Q01_Age/Age_30")): Object: 'Object Repository/Tab_LifePlan/Page_Q01_Age/Age_30' is clicked on

2019-07-18 12:59:39 - [MESSAGE][PASSED] - Object: 'Object Repository/Tab_LifePlan/Page_Q01_Age/Age_30' is clicked on

2019-07-18 12:59:39 - [TEST_STEP][PASSED] - click(findTestObject("Tab_LifePlan/Page_Q02_CurrentSituation/Single")): Object: 'Object Repository/Tab_LifePlan/Page_Q02_CurrentSituation/Single' is clicked on

2019-07-18 12:59:39 - [MESSAGE][PASSED] - Object: 'Object Repository/Tab_LifePlan/Page_Q02_CurrentSituation/Single' is clicked on

2019-07-18 12:59:39 - [TEST_STEP][PASSED] - click(findTestObject("Tab_LifePlan/Page_Q03_Children/Children_0")): Object: 'Object Repository/Tab_LifePlan/Page_Q03_Children/Children_0' is clicked on

2019-07-18 12:59:39 - [MESSAGE][PASSED] - Object: 'Object Repository/Tab_LifePlan/Page_Q03_Children/Children_0' is clicked on

2019-07-18 12:59:39 - [TEST_STEP][PASSED] - click(findTestObject("Tab_LifePlan/Page_Q04_Future/WantToMarryAndWantToHaveAChild")): Object: 'Object Repository/Tab_LifePlan/Page_Q04_Future/WantToMarryAndWantToHaveAChild' is clicked on

2019-07-18 12:59:39 - [MESSAGE][PASSED] - Object: 'Object Repository/Tab_LifePlan/Page_Q04_Future/WantToMarryAndWantToHaveAChild' is clicked on

2019-07-18 12:59:39 - [TEST_STEP][PASSED] - click(findTestObject("Tab_LifePlan/Page_Q05_WhenGetMarry/Years_10")): Object: 'Object Repository/Tab_LifePlan/Page_Q05_WhenGetMarry/Years_10' is clicked on

2019-07-18 12:59:39 - [MESSAGE][PASSED] - Object: 'Object Repository/Tab_LifePlan/Page_Q05_WhenGetMarry/Years_10' is clicked on

2019-07-18 12:59:39 - [TEST_STEP][PASSED] - click(findTestObject("Tab_LifePlan/Page_Q06_NumberOfChildrenWanToGet/Children_2")): Object: 'Object Repository/Tab_LifePlan/Page_Q06_NumberOfChildrenWanToGet/Children_2' is clicked on

2019-07-18 12:59:40 - [MESSAGE][PASSED] - Object: 'Object Repository/Tab_LifePlan/Page_Q06_NumberOfChildrenWanToGet/Children_2' is clicked on

2019-07-18 12:59:40 - [TEST_STEP][PASSED] - click(findTestObject("Tab_LifePlan/Page_Q07_YourIncome/income_300")): Object: 'Object Repository/Tab_LifePlan/Page_Q07_YourIncome/income_300' is clicked on

2019-07-18 12:59:40 - [MESSAGE][PASSED] - Object: 'Object Repository/Tab_LifePlan/Page_Q07_YourIncome/income_300' is clicked on

2019-07-18 12:59:40 - [TEST_STEP][PASSED] - scrollToElement(findTestObject("Tab_LifePlan/Page_Q07_YourIncome/btn_Next"), 10): Scroll to object 'Object Repository/Tab_LifePlan/Page_Q07_YourIncome/btn_Next' successfully

2019-07-18 12:59:40 - [MESSAGE][PASSED] - Scroll to object 'Object Repository/Tab_LifePlan/Page_Q07_YourIncome/btn_Next' successfully

2019-07-18 12:59:40 - [TEST_STEP][NOT_RUN] - click(findTestObject("Tab_LifePlan/Page_Q07_YourIncome/chk_PartTimeIncome")): NOT_RUN: click(findTestObject("Tab_LifePlan/Page_Q07_YourIncome/chk_PartTimeIncome"))

2019-07-18 12:59:40 - [MESSAGE][NOT_RUN] - NOT_RUN: click(findTestObject("Tab_LifePlan/Page_Q07_YourIncome/chk_PartTimeIncome"))

2019-07-18 12:59:40 - [TEST_STEP][NOT_RUN] - click(findTestObject("Tab_LifePlan/Page_Q07_YourIncome/chk_NoRetirementPay")): NOT_RUN: click(findTestObject("Tab_LifePlan/Page_Q07_YourIncome/chk_NoRetirementPay"))

2019-07-18 12:59:40 - [MESSAGE][NOT_RUN] - NOT_RUN: click(findTestObject("Tab_LifePlan/Page_Q07_YourIncome/chk_NoRetirementPay"))

2019-07-18 12:59:40 - [TEST_STEP][PASSED] - click(findTestObject("Tab_LifePlan/Page_Q07_YourIncome/btn_Next")): Object: 'Object Repository/Tab_LifePlan/Page_Q07_YourIncome/btn_Next' is clicked on

2019-07-18 12:59:40 - [MESSAGE][PASSED] - Object: 'Object Repository/Tab_LifePlan/Page_Q07_YourIncome/btn_Next' is clicked on

2019-07-18 12:59:40 - [TEST_STEP][PASSED] - click(findTestObject("Tab_LifePlan/Page_Q08_IncomeOfTheSpouse/income_1500")): Object: 'Object Repository/Tab_LifePlan/Page_Q08_IncomeOfTheSpouse/income_1500' is clicked on

2019-07-18 12:59:40 - [MESSAGE][PASSED] - Object: 'Object Repository/Tab_LifePlan/Page_Q08_IncomeOfTheSpouse/income_1500' is clicked on

2019-07-18 12:59:40 - [TEST_STEP][PASSED] - scrollToElement(findTestObject("Tab_LifePlan/Page_Q08_IncomeOfTheSpouse/btn_Next"), 10): Scroll to object 'Object Repository/Tab_LifePlan/Page_Q08_IncomeOfTheSpouse/btn_Next' successfully

2019-07-18 12:59:40 - [MESSAGE][PASSED] - Scroll to object 'Object Repository/Tab_LifePlan/Page_Q08_IncomeOfTheSpouse/btn_Next' successfully

2019-07-18 12:59:40 - [TEST_STEP][NOT_RUN] - click(findTestObject("Tab_LifePlan/Page_Q08_IncomeOfTheSpouse/chk_PartTimeIncome")): NOT_RUN: click(findTestObject("Tab_LifePlan/Page_Q08_IncomeOfTheSpouse/chk_PartTimeIncome"))

2019-07-18 12:59:40 - [MESSAGE][NOT_RUN] - NOT_RUN: click(findTestObject("Tab_LifePlan/Page_Q08_IncomeOfTheSpouse/chk_PartTimeIncome"))

2019-07-18 12:59:40 - [TEST_STEP][NOT_RUN] - click(findTestObject("Tab_LifePlan/Page_Q08_IncomeOfTheSpouse/chk_NoRetirementPay")): NOT_RUN: click(findTestObject("Tab_LifePlan/Page_Q08_IncomeOfTheSpouse/chk_NoRetirementPay"))

2019-07-18 12:59:40 - [MESSAGE][NOT_RUN] - NOT_RUN: click(findTestObject("Tab_LifePlan/Page_Q08_IncomeOfTheSpouse/chk_NoRetirementPay"))

2019-07-18 12:59:40 - [TEST_STEP][PASSED] - click(findTestObject("Tab_LifePlan/Page_Q08_IncomeOfTheSpouse/btn_Next")): Object: 'Object Repository/Tab_LifePlan/Page_Q08_IncomeOfTheSpouse/btn_Next' is clicked on

2019-07-18 12:59:40 - [MESSAGE][PASSED] - Object: 'Object Repository/Tab_LifePlan/Page_Q08_IncomeOfTheSpouse/btn_Next' is clicked on

2019-07-18 12:59:40 - [TEST_STEP][PASSED] - scrollToElement(findTestObject("Tab_LifePlan/Page_Q09_RentHouse/OwnedHouse"), 10): Scroll to object 'Object Repository/Tab_LifePlan/Page_Q09_RentHouse/OwnedHouse' successfully

2019-07-18 12:59:40 - [MESSAGE][PASSED] - Scroll to object 'Object Repository/Tab_LifePlan/Page_Q09_RentHouse/OwnedHouse' successfully

2019-07-18 12:59:40 - [TEST_STEP][PASSED] - click(findTestObject("Tab_LifePlan/Page_Q09_RentHouse/RentalHouse")): Object: 'Object Repository/Tab_LifePlan/Page_Q09_RentHouse/RentalHouse' is clicked on

2019-07-18 12:59:40 - [MESSAGE][PASSED] - Object: 'Object Repository/Tab_LifePlan/Page_Q09_RentHouse/RentalHouse' is clicked on

2019-07-18 12:59:40 - [TEST_STEP][PASSED] - click(findTestObject("Tab_LifePlan/Page_Q09_RentHouse/rent_5")): Object: 'Object Repository/Tab_LifePlan/Page_Q09_RentHouse/rent_5' is clicked on

2019-07-18 12:59:41 - [MESSAGE][PASSED] - Object: 'Object Repository/Tab_LifePlan/Page_Q09_RentHouse/rent_5' is clicked on

2019-07-18 12:59:41 - [TEST_STEP][PASSED] - scrollToElement(findTestObject("Tab_LifePlan/Page_Q09_RentHouse/btn_Next"), 0): Scroll to object 'Object Repository/Tab_LifePlan/Page_Q09_RentHouse/btn_Next' successfully

2019-07-18 12:59:41 - [MESSAGE][WARNING] - Timeout '0' is invalid. Using default page load timeout: '30'

2019-07-18 12:59:41 - [MESSAGE][PASSED] - Scroll to object 'Object Repository/Tab_LifePlan/Page_Q09_RentHouse/btn_Next' successfully

2019-07-18 12:59:41 - [TEST_STEP][PASSED] - click(findTestObject("Tab_LifePlan/Page_Q09_RentHouse/btn_Next")): Object: 'Object Repository/Tab_LifePlan/Page_Q09_RentHouse/btn_Next' is clicked on

2019-07-18 12:59:41 - [MESSAGE][PASSED] - Object: 'Object Repository/Tab_LifePlan/Page_Q09_RentHouse/btn_Next' is clicked on

2019-07-18 12:59:41 - [TEST_STEP][PASSED] - click(findTestObject("Tab_LifePlan/Page_Q10_CostOfLiving/cost_5")): Object: 'Object Repository/Tab_LifePlan/Page_Q10_CostOfLiving/cost_5' is clicked on

2019-07-18 12:59:41 - [MESSAGE][PASSED] - Object: 'Object Repository/Tab_LifePlan/Page_Q10_CostOfLiving/cost_5' is clicked on

2019-07-18 12:59:41 - [TEST_STEP][PASSED] - click(findTestObject("Tab_LifePlan/Page_Q11_CurrentSavingsAmount/amount_100")): Object: 'Object Repository/Tab_LifePlan/Page_Q11_CurrentSavingsAmount/amount_100' is clicked on

2019-07-18 12:59:41 - [MESSAGE][PASSED] - Object: 'Object Repository/Tab_LifePlan/Page_Q11_CurrentSavingsAmount/amount_100' is clicked on

2019-07-18 12:59:41 - [TEST_STEP][PASSED] - waitForElementPresent(findTestObject("Tab_LifePlan/Page_LifePlanResult/tv_AmountAt65"), 20): Object 'Object Repository/Tab_LifePlan/Page_LifePlanResult/tv_AmountAt65' is present

2019-07-18 12:59:42 - [MESSAGE][PASSED] - Object 'Object Repository/Tab_LifePlan/Page_LifePlanResult/tv_AmountAt65' is present

2019-07-18 12:59:42 - [TEST_STEP][PASSED] - amountAt65OnWebApp = getText(findTestObject("Tab_LifePlan/Page_LifePlanResult/tv_AmountAt65")): Text of object 'Object Repository/Tab_LifePlan/Page_LifePlanResult/tv_AmountAt65' is: '+1.88'

2019-07-18 12:59:42 - [MESSAGE][PASSED] - Text of object 'Object Repository/Tab_LifePlan/Page_LifePlanResult/tv_AmountAt65' is: '+1.88'

2019-07-18 12:59:42 - [TEST_STEP][PASSED] - log.logInfo(amountAt65OnWebApp): +1.88

2019-07-18 12:59:42 - [MESSAGE][INFO] - +1.88

2019-07-18 12:59:42 - [TEST_STEP][PASSED] - closeBrowser(): Browser is closed

2019-07-18 12:59:43 - [MESSAGE][PASSED] - Browser is closed

2019-07-18 12:59:43 - [TEST_STEP][PASSED] - return amountAt65OnWebApp: null

2019-07-18 12:59:43 - [MESSAGE][PASSED] - Call Test Case 'Test Cases/TC_LifePlanAnalytics/TC_Scr01-27' successfully

2019-07-18 12:59:43 - [TEST_STEP][PASSED] - log.logInfo("TC_Scr01-" + i + " = " + amountAt65OnWebApp): TC_Scr01-27 = +1.88

2019-07-18 12:59:43 - [MESSAGE][INFO] - TC_Scr01-27 = +1.88

2019-07-18 12:59:43 - [TEST_STEP][PASSED] - setValueToCellByIndex(sheet01, 11 + i, 24, amountAt65OnWebApp): null

2019-07-18 12:59:43 - [TEST_STEP][PASSED] - if (i < 10): null

2019-07-18 12:59:43 - [TEST_STEP][PASSED] - else: Call Test Case 'Test Cases/TC_LifePlanAnalytics/TC_Scr01-28' successfully

2019-07-18 12:59:43 - [TEST_STEP][PASSED] - amountAt65OnWebApp = callTestCase(findTestCase("TC_LifePlanAnalytics/TC_Scr01-" + i), [:], OPTIONAL): Call Test Case 'Test Cases/TC_LifePlanAnalytics/TC_Scr01-28' successfully

2019-07-18 12:59:43 - [TEST_CASE][PASSED] - Test Cases/TC_LifePlanAnalytics/TC_Scr01-28: Test Cases/TC_LifePlanAnalytics/TC_Scr01-28

2019-07-18 12:59:43 - [TEST_STEP][PASSED] - log = new com.kms.katalon.core.logging.KeywordLogger(): null

2019-07-18 12:59:43 - [TEST_STEP][PASSED] - callTestCase(findTestCase("TC_AddVTKT"), [:], STOP_ON_FAILURE): Call Test Case 'Test Cases/TC_AddVTKT' successfully

2019-07-18 12:59:43 - [TEST_CASE][PASSED] - Test Cases/TC_AddVTKT: Test Cases/TC_AddVTKT

2019-07-18 12:59:43 - [TEST_STEP][PASSED] - openBrowser(""): Browser is opened with url: ''

2019-07-18 12:59:43 - [MESSAGE][INFO] - Starting 'Chrome' driver

2019-07-18 12:59:43 - [MESSAGE][INFO] - User set preference: ['args', '[-user-agent=Mozilla/5.0 (Linux; Android 9; SOV37 Build/52.0.C.1.112; wv) AppleWebKit/537.36 (KHTML, like Gecko) Version/4.0 Chrome/68.0.3440.91 Mobile Safari/537.36 6.0.2-k1]']

2019-07-18 12:59:45 - [MESSAGE][PASSED] - Browser is opened with url: ''

2019-07-18 12:59:45 - [TEST_STEP][PASSED] - navigateToUrl("https://dev.pfm.wallet.auone.jp/life_plan/"): Navigate to 'https://dev.pfm.wallet.auone.jp/life_plan/' successfully

2019-07-18 12:59:47 - [MESSAGE][PASSED] - Navigate to 'https://dev.pfm.wallet.auone.jp/life_plan/' successfully

2019-07-18 12:59:47 - [TEST_STEP][PASSED] - maximizeWindow(): Current window maximized

2019-07-18 12:59:48 - [MESSAGE][PASSED] - Current window maximized

2019-07-18 12:59:48 - [TEST_STEP][PASSED] - ck = new org.openqa.selenium.Cookie(VTKT, rtm0wCOc6hTIFjf19P7KEEn-NB7Jp8k5QvzBE7r1OxqcIYMRdmnbLGJqQYL7Lnv_Z7-e796XbNYuZ-AS_eJwPNQgQ4Kz3YSmcqmHm1CSCJAtHREgQ8GKcl29Banngbs4XK1ZuH_eUsCeXHVH0I8mIQ): null

2019-07-18 12:59:48 - [TEST_STEP][PASSED] - driver = getWebDriver(): null

2019-07-18 12:59:48 - [TEST_STEP][PASSED] - manage().addCookie(ck): null

2019-07-18 12:59:48 - [TEST_STEP][PASSED] - waitForPageLoad(10): Wait for page load successfully

2019-07-18 12:59:48 - [MESSAGE][PASSED] - Wait for page load successfully

2019-07-18 12:59:48 - [TEST_STEP][PASSED] - refresh(): Refresh successfully

2019-07-18 12:59:48 - [MESSAGE][PASSED] - Refresh successfully

2019-07-18 12:59:48 - [MESSAGE][PASSED] - Call Test Case 'Test Cases/TC_AddVTKT' successfully

2019-07-18 12:59:48 - [TEST_STEP][PASSED] - click(findTestObject("Tab_LifePlan/Page_LifePlanResult/btn_LifePlan")): Object: 'Object Repository/Tab_LifePlan/Page_LifePlanResult/btn_LifePlan' is clicked on

2019-07-18 12:59:51 - [MESSAGE][PASSED] - Object: 'Object Repository/Tab_LifePlan/Page_LifePlanResult/btn_LifePlan' is clicked on

2019-07-18 12:59:51 - [TEST_STEP][PASSED] - click(findTestObject("Tab_LifePlan/Page_Q01_Age/Age_40")): Object: 'Object Repository/Tab_LifePlan/Page_Q01_Age/Age_40' is clicked on

2019-07-18 12:59:52 - [MESSAGE][PASSED] - Object: 'Object Repository/Tab_LifePlan/Page_Q01_Age/Age_40' is clicked on

2019-07-18 12:59:52 - [TEST_STEP][PASSED] - click(findTestObject("Tab_LifePlan/Page_Q02_CurrentSituation/Married")): Object: 'Object Repository/Tab_LifePlan/Page_Q02_CurrentSituation/Married' is clicked on

2019-07-18 12:59:52 - [MESSAGE][PASSED] - Object: 'Object Repository/Tab_LifePlan/Page_Q02_CurrentSituation/Married' is clicked on

2019-07-18 12:59:52 - [TEST_STEP][PASSED] - click(findTestObject("Tab_LifePlan/Page_Q03_Children/Children_2")): Object: 'Object Repository/Tab_LifePlan/Page_Q03_Children/Children_2' is clicked on

2019-07-18 12:59:52 - [MESSAGE][PASSED] - Object: 'Object Repository/Tab_LifePlan/Page_Q03_Children/Children_2' is clicked on

2019-07-18 12:59:52 - [TEST_STEP][PASSED] - click(findTestObject("Tab_LifePlan/Page_Q4_FutureMarried/children_No")): Object: 'Object Repository/Tab_LifePlan/Page_Q4_FutureMarried/children_No' is clicked on

2019-07-18 12:59:52 - [MESSAGE][PASSED] - Object: 'Object Repository/Tab_LifePlan/Page_Q4_FutureMarried/children_No' is clicked on

2019-07-18 12:59:52 - [TEST_STEP][NOT_RUN] - click(findTestObject("Tab_LifePlan/Page_Q05_WhenGetMarry/Years_10")): NOT_RUN: click(findTestObject("Tab_LifePlan/Page_Q05_WhenGetMarry/Years_10"))

2019-07-18 12:59:52 - [MESSAGE][NOT_RUN] - NOT_RUN: click(findTestObject("Tab_LifePlan/Page_Q05_WhenGetMarry/Years_10"))

2019-07-18 12:59:52 - [TEST_STEP][NOT_RUN] - click(findTestObject("Tab_LifePlan/Page_Q06_NumberOfChildrenWanToGet/Children_2")): NOT_RUN: click(findTestObject("Tab_LifePlan/Page_Q06_NumberOfChildrenWanToGet/Children_2"))

2019-07-18 12:59:52 - [MESSAGE][NOT_RUN] - NOT_RUN: click(findTestObject("Tab_LifePlan/Page_Q06_NumberOfChildrenWanToGet/Children_2"))

2019-07-18 12:59:52 - [TEST_STEP][PASSED] - click(findTestObject("Tab_LifePlan/Page_Q07_YourIncome/income_400")): Object: 'Object Repository/Tab_LifePlan/Page_Q07_YourIncome/income_400' is clicked on

2019-07-18 12:59:52 - [MESSAGE][PASSED] - Object: 'Object Repository/Tab_LifePlan/Page_Q07_YourIncome/income_400' is clicked on

2019-07-18 12:59:52 - [TEST_STEP][PASSED] - scrollToElement(findTestObject("Tab_LifePlan/Page_Q07_YourIncome/btn_Next"), 10): Scroll to object 'Object Repository/Tab_LifePlan/Page_Q07_YourIncome/btn_Next' successfully

2019-07-18 12:59:52 - [MESSAGE][PASSED] - Scroll to object 'Object Repository/Tab_LifePlan/Page_Q07_YourIncome/btn_Next' successfully

2019-07-18 12:59:52 - [TEST_STEP][NOT_RUN] - click(findTestObject("Tab_LifePlan/Page_Q07_YourIncome/chk_PartTimeIncome")): NOT_RUN: click(findTestObject("Tab_LifePlan/Page_Q07_YourIncome/chk_PartTimeIncome"))

2019-07-18 12:59:52 - [MESSAGE][NOT_RUN] - NOT_RUN: click(findTestObject("Tab_LifePlan/Page_Q07_YourIncome/chk_PartTimeIncome"))

2019-07-18 12:59:52 - [TEST_STEP][NOT_RUN] - click(findTestObject("Tab_LifePlan/Page_Q07_YourIncome/chk_NoRetirementPay")): NOT_RUN: click(findTestObject("Tab_LifePlan/Page_Q07_YourIncome/chk_NoRetirementPay"))

2019-07-18 12:59:52 - [MESSAGE][NOT_RUN] - NOT_RUN: click(findTestObject("Tab_LifePlan/Page_Q07_YourIncome/chk_NoRetirementPay"))

2019-07-18 12:59:52 - [TEST_STEP][PASSED] - click(findTestObject("Tab_LifePlan/Page_Q07_YourIncome/btn_Next")): Object: 'Object Repository/Tab_LifePlan/Page_Q07_YourIncome/btn_Next' is clicked on

2019-07-18 12:59:52 - [MESSAGE][PASSED] - Object: 'Object Repository/Tab_LifePlan/Page_Q07_YourIncome/btn_Next' is clicked on

2019-07-18 12:59:52 - [TEST_STEP][PASSED] - click(findTestObject("Tab_LifePlan/Page_Q08_IncomeOfTheSpouse/income_2000")): Object: 'Object Repository/Tab_LifePlan/Page_Q08_IncomeOfTheSpouse/income_2000' is clicked on

2019-07-18 12:59:52 - [MESSAGE][PASSED] - Object: 'Object Repository/Tab_LifePlan/Page_Q08_IncomeOfTheSpouse/income_2000' is clicked on

2019-07-18 12:59:52 - [TEST_STEP][PASSED] - scrollToElement(findTestObject("Tab_LifePlan/Page_Q08_IncomeOfTheSpouse/btn_Next"), 10): Scroll to object 'Object Repository/Tab_LifePlan/Page_Q08_IncomeOfTheSpouse/btn_Next' successfully

2019-07-18 12:59:52 - [MESSAGE][PASSED] - Scroll to object 'Object Repository/Tab_LifePlan/Page_Q08_IncomeOfTheSpouse/btn_Next' successfully

2019-07-18 12:59:52 - [TEST_STEP][NOT_RUN] - click(findTestObject("Tab_LifePlan/Page_Q08_IncomeOfTheSpouse/chk_PartTimeIncome")): NOT_RUN: click(findTestObject("Tab_LifePlan/Page_Q08_IncomeOfTheSpouse/chk_PartTimeIncome"))

2019-07-18 12:59:52 - [MESSAGE][NOT_RUN] - NOT_RUN: click(findTestObject("Tab_LifePlan/Page_Q08_IncomeOfTheSpouse/chk_PartTimeIncome"))

2019-07-18 12:59:52 - [TEST_STEP][NOT_RUN] - click(findTestObject("Tab_LifePlan/Page_Q08_IncomeOfTheSpouse/chk_NoRetirementPay")): NOT_RUN: click(findTestObject("Tab_LifePlan/Page_Q08_IncomeOfTheSpouse/chk_NoRetirementPay"))

2019-07-18 12:59:52 - [MESSAGE][NOT_RUN] - NOT_RUN: click(findTestObject("Tab_LifePlan/Page_Q08_IncomeOfTheSpouse/chk_NoRetirementPay"))

2019-07-18 12:59:52 - [TEST_STEP][PASSED] - click(findTestObject("Tab_LifePlan/Page_Q08_IncomeOfTheSpouse/btn_Next")): Object: 'Object Repository/Tab_LifePlan/Page_Q08_IncomeOfTheSpouse/btn_Next' is clicked on

2019-07-18 12:59:52 - [MESSAGE][PASSED] - Object: 'Object Repository/Tab_LifePlan/Page_Q08_IncomeOfTheSpouse/btn_Next' is clicked on

2019-07-18 12:59:52 - [TEST_STEP][PASSED] - scrollToElement(findTestObject("Tab_LifePlan/Page_Q09_RentHouse/OwnedHouse"), 10): Scroll to object 'Object Repository/Tab_LifePlan/Page_Q09_RentHouse/OwnedHouse' successfully

2019-07-18 12:59:52 - [MESSAGE][PASSED] - Scroll to object 'Object Repository/Tab_LifePlan/Page_Q09_RentHouse/OwnedHouse' successfully

2019-07-18 12:59:52 - [TEST_STEP][PASSED] - click(findTestObject("Tab_LifePlan/Page_Q09_RentHouse/RentalHouse")): Object: 'Object Repository/Tab_LifePlan/Page_Q09_RentHouse/RentalHouse' is clicked on

2019-07-18 12:59:52 - [MESSAGE][PASSED] - Object: 'Object Repository/Tab_LifePlan/Page_Q09_RentHouse/RentalHouse' is clicked on

2019-07-18 12:59:52 - [TEST_STEP][PASSED] - click(findTestObject("Tab_LifePlan/Page_Q09_RentHouse/rent_5")): Object: 'Object Repository/Tab_LifePlan/Page_Q09_RentHouse/rent_5' is clicked on

2019-07-18 12:59:53 - [MESSAGE][PASSED] - Object: 'Object Repository/Tab_LifePlan/Page_Q09_RentHouse/rent_5' is clicked on

2019-07-18 12:59:53 - [TEST_STEP][PASSED] - scrollToElement(findTestObject("Tab_LifePlan/Page_Q09_RentHouse/btn_Next"), 0): Scroll to object 'Object Repository/Tab_LifePlan/Page_Q09_RentHouse/btn_Next' successfully

2019-07-18 12:59:53 - [MESSAGE][WARNING] - Timeout '0' is invalid. Using default page load timeout: '30'

2019-07-18 12:59:53 - [MESSAGE][PASSED] - Scroll to object 'Object Repository/Tab_LifePlan/Page_Q09_RentHouse/btn_Next' successfully

2019-07-18 12:59:53 - [TEST_STEP][PASSED] - click(findTestObject("Tab_LifePlan/Page_Q09_RentHouse/btn_Next")): Object: 'Object Repository/Tab_LifePlan/Page_Q09_RentHouse/btn_Next' is clicked on

2019-07-18 12:59:53 - [MESSAGE][PASSED] - Object: 'Object Repository/Tab_LifePlan/Page_Q09_RentHouse/btn_Next' is clicked on

2019-07-18 12:59:53 - [TEST_STEP][PASSED] - click(findTestObject("Tab_LifePlan/Page_Q10_CostOfLiving/cost_5")): Object: 'Object Repository/Tab_LifePlan/Page_Q10_CostOfLiving/cost_5' is clicked on

2019-07-18 12:59:53 - [MESSAGE][PASSED] - Object: 'Object Repository/Tab_LifePlan/Page_Q10_CostOfLiving/cost_5' is clicked on

2019-07-18 12:59:53 - [TEST_STEP][PASSED] - click(findTestObject("Tab_LifePlan/Page_Q11_CurrentSavingsAmount/amount_100")): Object: 'Object Repository/Tab_LifePlan/Page_Q11_CurrentSavingsAmount/amount_100' is clicked on

2019-07-18 12:59:53 - [MESSAGE][PASSED] - Object: 'Object Repository/Tab_LifePlan/Page_Q11_CurrentSavingsAmount/amount_100' is clicked on

2019-07-18 12:59:53 - [TEST_STEP][PASSED] - waitForElementPresent(findTestObject("Tab_LifePlan/Page_LifePlanResult/tv_AmountAt65"), 20): Object 'Object Repository/Tab_LifePlan/Page_LifePlanResult/tv_AmountAt65' is present

2019-07-18 12:59:54 - [MESSAGE][PASSED] - Object 'Object Repository/Tab_LifePlan/Page_LifePlanResult/tv_AmountAt65' is present

2019-07-18 12:59:54 - [TEST_STEP][PASSED] - amountAt65OnWebApp = getText(findTestObject("Tab_LifePlan/Page_LifePlanResult/tv_AmountAt65")): Text of object 'Object Repository/Tab_LifePlan/Page_LifePlanResult/tv_AmountAt65' is: '+2.93'

2019-07-18 12:59:54 - [MESSAGE][PASSED] - Text of object 'Object Repository/Tab_LifePlan/Page_LifePlanResult/tv_AmountAt65' is: '+2.93'

2019-07-18 12:59:54 - [TEST_STEP][PASSED] - log.logInfo(amountAt65OnWebApp): +2.93

2019-07-18 12:59:54 - [MESSAGE][INFO] - +2.93

2019-07-18 12:59:54 - [TEST_STEP][PASSED] - closeBrowser(): Browser is closed

2019-07-18 12:59:55 - [MESSAGE][PASSED] - Browser is closed

2019-07-18 12:59:55 - [TEST_STEP][PASSED] - return amountAt65OnWebApp: null

2019-07-18 12:59:55 - [MESSAGE][PASSED] - Call Test Case 'Test Cases/TC_LifePlanAnalytics/TC_Scr01-28' successfully

2019-07-18 12:59:55 - [TEST_STEP][PASSED] - log.logInfo("TC_Scr01-" + i + " = " + amountAt65OnWebApp): TC_Scr01-28 = +2.93

2019-07-18 12:59:55 - [MESSAGE][INFO] - TC_Scr01-28 = +2.93

2019-07-18 12:59:55 - [TEST_STEP][PASSED] - setValueToCellByIndex(sheet01, 11 + i, 24, amountAt65OnWebApp): null

2019-07-18 12:59:55 - [TEST_STEP][PASSED] - if (i < 10): null

2019-07-18 12:59:55 - [TEST_STEP][PASSED] - else: Call Test Case 'Test Cases/TC_LifePlanAnalytics/TC_Scr01-29' successfully

2019-07-18 12:59:55 - [TEST_STEP][PASSED] - amountAt65OnWebApp = callTestCase(findTestCase("TC_LifePlanAnalytics/TC_Scr01-" + i), [:], OPTIONAL): Call Test Case 'Test Cases/TC_LifePlanAnalytics/TC_Scr01-29' successfully

2019-07-18 12:59:55 - [TEST_CASE][PASSED] - Test Cases/TC_LifePlanAnalytics/TC_Scr01-29: Test Cases/TC_LifePlanAnalytics/TC_Scr01-29

2019-07-18 12:59:55 - [TEST_STEP][PASSED] - log = new com.kms.katalon.core.logging.KeywordLogger(): null

2019-07-18 12:59:55 - [TEST_STEP][PASSED] - callTestCase(findTestCase("TC_AddVTKT"), [:], STOP_ON_FAILURE): Call Test Case 'Test Cases/TC_AddVTKT' successfully

2019-07-18 12:59:55 - [TEST_CASE][PASSED] - Test Cases/TC_AddVTKT: Test Cases/TC_AddVTKT

2019-07-18 12:59:55 - [TEST_STEP][PASSED] - openBrowser(""): Browser is opened with url: ''

2019-07-18 12:59:55 - [MESSAGE][INFO] - Starting 'Chrome' driver

2019-07-18 12:59:55 - [MESSAGE][INFO] - User set preference: ['args', '[-user-agent=Mozilla/5.0 (Linux; Android 9; SOV37 Build/52.0.C.1.112; wv) AppleWebKit/537.36 (KHTML, like Gecko) Version/4.0 Chrome/68.0.3440.91 Mobile Safari/537.36 6.0.2-k1]']

2019-07-18 12:59:57 - [MESSAGE][PASSED] - Browser is opened with url: ''

2019-07-18 12:59:57 - [TEST_STEP][PASSED] - navigateToUrl("https://dev.pfm.wallet.auone.jp/life_plan/"): Navigate to 'https://dev.pfm.wallet.auone.jp/life_plan/' successfully

2019-07-18 12:59:59 - [MESSAGE][PASSED] - Navigate to 'https://dev.pfm.wallet.auone.jp/life_plan/' successfully

2019-07-18 12:59:59 - [TEST_STEP][PASSED] - maximizeWindow(): Current window maximized

2019-07-18 13:00:00 - [MESSAGE][PASSED] - Current window maximized

2019-07-18 13:00:00 - [TEST_STEP][PASSED] - ck = new org.openqa.selenium.Cookie(VTKT, rtm0wCOc6hTIFjf19P7KEEn-NB7Jp8k5QvzBE7r1OxqcIYMRdmnbLGJqQYL7Lnv_Z7-e796XbNYuZ-AS_eJwPNQgQ4Kz3YSmcqmHm1CSCJAtHREgQ8GKcl29Banngbs4XK1ZuH_eUsCeXHVH0I8mIQ): null

2019-07-18 13:00:00 - [TEST_STEP][PASSED] - driver = getWebDriver(): null

2019-07-18 13:00:00 - [TEST_STEP][PASSED] - manage().addCookie(ck): null

2019-07-18 13:00:00 - [TEST_STEP][PASSED] - waitForPageLoad(10): Wait for page load successfully

2019-07-18 13:00:00 - [MESSAGE][PASSED] - Wait for page load successfully

2019-07-18 13:00:00 - [TEST_STEP][PASSED] - refresh(): Refresh successfully

2019-07-18 13:00:01 - [MESSAGE][PASSED] - Refresh successfully

2019-07-18 13:00:01 - [MESSAGE][PASSED] - Call Test Case 'Test Cases/TC_AddVTKT' successfully

2019-07-18 13:00:01 - [TEST_STEP][PASSED] - click(findTestObject("Tab_LifePlan/Page_LifePlanResult/btn_LifePlan")): Object: 'Object Repository/Tab_LifePlan/Page_LifePlanResult/btn_LifePlan' is clicked on

2019-07-18 13:00:03 - [MESSAGE][PASSED] - Object: 'Object Repository/Tab_LifePlan/Page_LifePlanResult/btn_LifePlan' is clicked on

2019-07-18 13:00:03 - [TEST_STEP][PASSED] - click(findTestObject("Tab_LifePlan/Page_Q01_Age/Age_50")): Object: 'Object Repository/Tab_LifePlan/Page_Q01_Age/Age_50' is clicked on

2019-07-18 13:00:04 - [MESSAGE][PASSED] - Object: 'Object Repository/Tab_LifePlan/Page_Q01_Age/Age_50' is clicked on

2019-07-18 13:00:04 - [TEST_STEP][PASSED] - click(findTestObject("Tab_LifePlan/Page_Q02_CurrentSituation/Married")): Object: 'Object Repository/Tab_LifePlan/Page_Q02_CurrentSituation/Married' is clicked on

2019-07-18 13:00:04 - [MESSAGE][PASSED] - Object: 'Object Repository/Tab_LifePlan/Page_Q02_CurrentSituation/Married' is clicked on

2019-07-18 13:00:04 - [TEST_STEP][PASSED] - click(findTestObject("Tab_LifePlan/Page_Q03_Children/Children_0")): Object: 'Object Repository/Tab_LifePlan/Page_Q03_Children/Children_0' is clicked on

2019-07-18 13:00:04 - [MESSAGE][PASSED] - Object: 'Object Repository/Tab_LifePlan/Page_Q03_Children/Children_0' is clicked on

2019-07-18 13:00:04 - [TEST_STEP][PASSED] - click(findTestObject("Tab_LifePlan/Page_Q4_FutureMarried/children_Yes")): Object: 'Object Repository/Tab_LifePlan/Page_Q4_FutureMarried/children_Yes' is clicked on

2019-07-18 13:00:04 - [MESSAGE][PASSED] - Object: 'Object Repository/Tab_LifePlan/Page_Q4_FutureMarried/children_Yes' is clicked on

2019-07-18 13:00:04 - [TEST_STEP][NOT_RUN] - click(findTestObject("Tab_LifePlan/Page_Q05_WhenGetMarry/Years_10")): NOT_RUN: click(findTestObject("Tab_LifePlan/Page_Q05_WhenGetMarry/Years_10"))

2019-07-18 13:00:04 - [MESSAGE][NOT_RUN] - NOT_RUN: click(findTestObject("Tab_LifePlan/Page_Q05_WhenGetMarry/Years_10"))

2019-07-18 13:00:04 - [TEST_STEP][PASSED] - click(findTestObject("Tab_LifePlan/Page_Q06_NumberOfChildrenWanToGet/Children_3")): Object: 'Object Repository/Tab_LifePlan/Page_Q06_NumberOfChildrenWanToGet/Children_3' is clicked on

2019-07-18 13:00:04 - [MESSAGE][PASSED] - Object: 'Object Repository/Tab_LifePlan/Page_Q06_NumberOfChildrenWanToGet/Children_3' is clicked on

2019-07-18 13:00:04 - [TEST_STEP][PASSED] - click(findTestObject("Tab_LifePlan/Page_Q07_YourIncome/income_500")): Object: 'Object Repository/Tab_LifePlan/Page_Q07_YourIncome/income_500' is clicked on

2019-07-18 13:00:04 - [MESSAGE][PASSED] - Object: 'Object Repository/Tab_LifePlan/Page_Q07_YourIncome/income_500' is clicked on

2019-07-18 13:00:04 - [TEST_STEP][PASSED] - scrollToElement(findTestObject("Tab_LifePlan/Page_Q07_YourIncome/btn_Next"), 10): Scroll to object 'Object Repository/Tab_LifePlan/Page_Q07_YourIncome/btn_Next' successfully

2019-07-18 13:00:04 - [MESSAGE][PASSED] - Scroll to object 'Object Repository/Tab_LifePlan/Page_Q07_YourIncome/btn_Next' successfully

2019-07-18 13:00:04 - [TEST_STEP][NOT_RUN] - click(findTestObject("Tab_LifePlan/Page_Q07_YourIncome/chk_PartTimeIncome")): NOT_RUN: click(findTestObject("Tab_LifePlan/Page_Q07_YourIncome/chk_PartTimeIncome"))

2019-07-18 13:00:04 - [MESSAGE][NOT_RUN] - NOT_RUN: click(findTestObject("Tab_LifePlan/Page_Q07_YourIncome/chk_PartTimeIncome"))

2019-07-18 13:00:04 - [TEST_STEP][NOT_RUN] - click(findTestObject("Tab_LifePlan/Page_Q07_YourIncome/chk_NoRetirementPay")): NOT_RUN: click(findTestObject("Tab_LifePlan/Page_Q07_YourIncome/chk_NoRetirementPay"))

2019-07-18 13:00:04 - [MESSAGE][NOT_RUN] - NOT_RUN: click(findTestObject("Tab_LifePlan/Page_Q07_YourIncome/chk_NoRetirementPay"))

2019-07-18 13:00:04 - [TEST_STEP][PASSED] - click(findTestObject("Tab_LifePlan/Page_Q07_YourIncome/btn_Next")): Object: 'Object Repository/Tab_LifePlan/Page_Q07_YourIncome/btn_Next' is clicked on

2019-07-18 13:00:04 - [MESSAGE][PASSED] - Object: 'Object Repository/Tab_LifePlan/Page_Q07_YourIncome/btn_Next' is clicked on

2019-07-18 13:00:04 - [TEST_STEP][PASSED] - click(findTestObject("Tab_LifePlan/Page_Q08_IncomeOfTheSpouse/income_UpTo300")): Object: 'Object Repository/Tab_LifePlan/Page_Q08_IncomeOfTheSpouse/income_UpTo300' is clicked on

2019-07-18 13:00:05 - [MESSAGE][PASSED] - Object: 'Object Repository/Tab_LifePlan/Page_Q08_IncomeOfTheSpouse/income_UpTo300' is clicked on

2019-07-18 13:00:05 - [TEST_STEP][PASSED] - scrollToElement(findTestObject("Tab_LifePlan/Page_Q08_IncomeOfTheSpouse/btn_Next"), 10): Scroll to object 'Object Repository/Tab_LifePlan/Page_Q08_IncomeOfTheSpouse/btn_Next' successfully

2019-07-18 13:00:05 - [MESSAGE][PASSED] - Scroll to object 'Object Repository/Tab_LifePlan/Page_Q08_IncomeOfTheSpouse/btn_Next' successfully

2019-07-18 13:00:05 - [TEST_STEP][NOT_RUN] - click(findTestObject("Tab_LifePlan/Page_Q08_IncomeOfTheSpouse/chk_PartTimeIncome")): NOT_RUN: click(findTestObject("Tab_LifePlan/Page_Q08_IncomeOfTheSpouse/chk_PartTimeIncome"))

2019-07-18 13:00:05 - [MESSAGE][NOT_RUN] - NOT_RUN: click(findTestObject("Tab_LifePlan/Page_Q08_IncomeOfTheSpouse/chk_PartTimeIncome"))

2019-07-18 13:00:05 - [TEST_STEP][NOT_RUN] - click(findTestObject("Tab_LifePlan/Page_Q08_IncomeOfTheSpouse/chk_NoRetirementPay")): NOT_RUN: click(findTestObject("Tab_LifePlan/Page_Q08_IncomeOfTheSpouse/chk_NoRetirementPay"))

2019-07-18 13:00:05 - [MESSAGE][NOT_RUN] - NOT_RUN: click(findTestObject("Tab_LifePlan/Page_Q08_IncomeOfTheSpouse/chk_NoRetirementPay"))

2019-07-18 13:00:05 - [TEST_STEP][PASSED] - click(findTestObject("Tab_LifePlan/Page_Q08_IncomeOfTheSpouse/btn_Next")): Object: 'Object Repository/Tab_LifePlan/Page_Q08_IncomeOfTheSpouse/btn_Next' is clicked on

2019-07-18 13:00:05 - [MESSAGE][PASSED] - Object: 'Object Repository/Tab_LifePlan/Page_Q08_IncomeOfTheSpouse/btn_Next' is clicked on

2019-07-18 13:00:05 - [TEST_STEP][PASSED] - scrollToElement(findTestObject("Tab_LifePlan/Page_Q09_RentHouse/OwnedHouse"), 10): Scroll to object 'Object Repository/Tab_LifePlan/Page_Q09_RentHouse/OwnedHouse' successfully

2019-07-18 13:00:05 - [MESSAGE][PASSED] - Scroll to object 'Object Repository/Tab_LifePlan/Page_Q09_RentHouse/OwnedHouse' successfully

2019-07-18 13:00:05 - [TEST_STEP][PASSED] - click(findTestObject("Tab_LifePlan/Page_Q09_RentHouse/RentalHouse")): Object: 'Object Repository/Tab_LifePlan/Page_Q09_RentHouse/RentalHouse' is clicked on

2019-07-18 13:00:05 - [MESSAGE][PASSED] - Object: 'Object Repository/Tab_LifePlan/Page_Q09_RentHouse/RentalHouse' is clicked on

2019-07-18 13:00:05 - [TEST_STEP][PASSED] - click(findTestObject("Tab_LifePlan/Page_Q09_RentHouse/rent_5")): Object: 'Object Repository/Tab_LifePlan/Page_Q09_RentHouse/rent_5' is clicked on

2019-07-18 13:00:05 - [MESSAGE][PASSED] - Object: 'Object Repository/Tab_LifePlan/Page_Q09_RentHouse/rent_5' is clicked on

2019-07-18 13:00:05 - [TEST_STEP][PASSED] - scrollToElement(findTestObject("Tab_LifePlan/Page_Q09_RentHouse/btn_Next"), 0): Scroll to object 'Object Repository/Tab_LifePlan/Page_Q09_RentHouse/btn_Next' successfully

2019-07-18 13:00:05 - [MESSAGE][WARNING] - Timeout '0' is invalid. Using default page load timeout: '30'

2019-07-18 13:00:05 - [MESSAGE][PASSED] - Scroll to object 'Object Repository/Tab_LifePlan/Page_Q09_RentHouse/btn_Next' successfully

2019-07-18 13:00:05 - [TEST_STEP][PASSED] - click(findTestObject("Tab_LifePlan/Page_Q09_RentHouse/btn_Next")): Object: 'Object Repository/Tab_LifePlan/Page_Q09_RentHouse/btn_Next' is clicked on

2019-07-18 13:00:05 - [MESSAGE][PASSED] - Object: 'Object Repository/Tab_LifePlan/Page_Q09_RentHouse/btn_Next' is clicked on

2019-07-18 13:00:05 - [TEST_STEP][PASSED] - click(findTestObject("Tab_LifePlan/Page_Q10_CostOfLiving/cost_20")): Object: 'Object Repository/Tab_LifePlan/Page_Q10_CostOfLiving/cost_20' is clicked on

2019-07-18 13:00:05 - [MESSAGE][PASSED] - Object: 'Object Repository/Tab_LifePlan/Page_Q10_CostOfLiving/cost_20' is clicked on

2019-07-18 13:00:05 - [TEST_STEP][PASSED] - click(findTestObject("Tab_LifePlan/Page_Q11_CurrentSavingsAmount/amount_100")): Object: 'Object Repository/Tab_LifePlan/Page_Q11_CurrentSavingsAmount/amount_100' is clicked on

2019-07-18 13:00:05 - [MESSAGE][PASSED] - Object: 'Object Repository/Tab_LifePlan/Page_Q11_CurrentSavingsAmount/amount_100' is clicked on

2019-07-18 13:00:05 - [TEST_STEP][PASSED] - waitForElementPresent(findTestObject("Tab_LifePlan/Page_LifePlanResult/tv_AmountAt65"), 20): Object 'Object Repository/Tab_LifePlan/Page_LifePlanResult/tv_AmountAt65' is present

2019-07-18 13:00:06 - [MESSAGE][PASSED] - Object 'Object Repository/Tab_LifePlan/Page_LifePlanResult/tv_AmountAt65' is present

2019-07-18 13:00:06 - [TEST_STEP][PASSED] - amountAt65OnWebApp = getText(findTestObject("Tab_LifePlan/Page_LifePlanResult/tv_AmountAt65")): Text of object 'Object Repository/Tab_LifePlan/Page_LifePlanResult/tv_AmountAt65' is: '+34.82'

2019-07-18 13:00:06 - [MESSAGE][PASSED] - Text of object 'Object Repository/Tab_LifePlan/Page_LifePlanResult/tv_AmountAt65' is: '+34.82'

2019-07-18 13:00:06 - [TEST_STEP][PASSED] - log.logInfo(amountAt65OnWebApp): +34.82

2019-07-18 13:00:06 - [MESSAGE][INFO] - +34.82

2019-07-18 13:00:06 - [TEST_STEP][PASSED] - closeBrowser(): Browser is closed

2019-07-18 13:00:07 - [MESSAGE][PASSED] - Browser is closed

2019-07-18 13:00:07 - [TEST_STEP][PASSED] - return amountAt65OnWebApp: null

2019-07-18 13:00:07 - [MESSAGE][PASSED] - Call Test Case 'Test Cases/TC_LifePlanAnalytics/TC_Scr01-29' successfully

2019-07-18 13:00:07 - [TEST_STEP][PASSED] - log.logInfo("TC_Scr01-" + i + " = " + amountAt65OnWebApp): TC_Scr01-29 = +34.82

2019-07-18 13:00:07 - [MESSAGE][INFO] - TC_Scr01-29 = +34.82

2019-07-18 13:00:07 - [TEST_STEP][PASSED] - setValueToCellByIndex(sheet01, 11 + i, 24, amountAt65OnWebApp): null

2019-07-18 13:00:07 - [TEST_STEP][PASSED] - if (i < 10): null

2019-07-18 13:00:07 - [TEST_STEP][PASSED] - else: Call Test Case 'Test Cases/TC_LifePlanAnalytics/TC_Scr01-30' successfully

2019-07-18 13:00:07 - [TEST_STEP][PASSED] - amountAt65OnWebApp = callTestCase(findTestCase("TC_LifePlanAnalytics/TC_Scr01-" + i), [:], OPTIONAL): Call Test Case 'Test Cases/TC_LifePlanAnalytics/TC_Scr01-30' successfully

2019-07-18 13:00:07 - [TEST_CASE][PASSED] - Test Cases/TC_LifePlanAnalytics/TC_Scr01-30: Test Cases/TC_LifePlanAnalytics/TC_Scr01-30

2019-07-18 13:00:07 - [TEST_STEP][PASSED] - log = new com.kms.katalon.core.logging.KeywordLogger(): null

2019-07-18 13:00:07 - [TEST_STEP][PASSED] - callTestCase(findTestCase("TC_AddVTKT"), [:], STOP_ON_FAILURE): Call Test Case 'Test Cases/TC_AddVTKT' successfully

2019-07-18 13:00:07 - [TEST_CASE][PASSED] - Test Cases/TC_AddVTKT: Test Cases/TC_AddVTKT

2019-07-18 13:00:07 - [TEST_STEP][PASSED] - openBrowser(""): Browser is opened with url: ''

2019-07-18 13:00:07 - [MESSAGE][INFO] - Starting 'Chrome' driver

2019-07-18 13:00:07 - [MESSAGE][INFO] - User set preference: ['args', '[-user-agent=Mozilla/5.0 (Linux; Android 9; SOV37 Build/52.0.C.1.112; wv) AppleWebKit/537.36 (KHTML, like Gecko) Version/4.0 Chrome/68.0.3440.91 Mobile Safari/537.36 6.0.2-k1]']

2019-07-18 13:00:09 - [MESSAGE][PASSED] - Browser is opened with url: ''

2019-07-18 13:00:09 - [TEST_STEP][PASSED] - navigateToUrl("https://dev.pfm.wallet.auone.jp/life_plan/"): Navigate to 'https://dev.pfm.wallet.auone.jp/life_plan/' successfully

2019-07-18 13:00:12 - [MESSAGE][PASSED] - Navigate to 'https://dev.pfm.wallet.auone.jp/life_plan/' successfully

2019-07-18 13:00:12 - [TEST_STEP][PASSED] - maximizeWindow(): Current window maximized

2019-07-18 13:00:13 - [MESSAGE][PASSED] - Current window maximized

2019-07-18 13:00:13 - [TEST_STEP][PASSED] - ck = new org.openqa.selenium.Cookie(VTKT, rtm0wCOc6hTIFjf19P7KEEn-NB7Jp8k5QvzBE7r1OxqcIYMRdmnbLGJqQYL7Lnv_Z7-e796XbNYuZ-AS_eJwPNQgQ4Kz3YSmcqmHm1CSCJAtHREgQ8GKcl29Banngbs4XK1ZuH_eUsCeXHVH0I8mIQ): null

2019-07-18 13:00:13 - [TEST_STEP][PASSED] - driver = getWebDriver(): null

2019-07-18 13:00:13 - [TEST_STEP][PASSED] - manage().addCookie(ck): null

2019-07-18 13:00:13 - [TEST_STEP][PASSED] - waitForPageLoad(10): Wait for page load successfully

2019-07-18 13:00:13 - [MESSAGE][PASSED] - Wait for page load successfully

2019-07-18 13:00:13 - [TEST_STEP][PASSED] - refresh(): Refresh successfully

2019-07-18 13:00:13 - [MESSAGE][PASSED] - Refresh successfully

2019-07-18 13:00:13 - [MESSAGE][PASSED] - Call Test Case 'Test Cases/TC_AddVTKT' successfully

2019-07-18 13:00:13 - [TEST_STEP][PASSED] - click(findTestObject("Tab_LifePlan/Page_LifePlanResult/btn_LifePlan")): Object: 'Object Repository/Tab_LifePlan/Page_LifePlanResult/btn_LifePlan' is clicked on

2019-07-18 13:00:15 - [MESSAGE][PASSED] - Object: 'Object Repository/Tab_LifePlan/Page_LifePlanResult/btn_LifePlan' is clicked on

2019-07-18 13:00:15 - [TEST_STEP][PASSED] - click(findTestObject("Tab_LifePlan/Page_Q01_Age/Age_70")): Object: 'Object Repository/Tab_LifePlan/Page_Q01_Age/Age_70' is clicked on

2019-07-18 13:00:16 - [MESSAGE][PASSED] - Object: 'Object Repository/Tab_LifePlan/Page_Q01_Age/Age_70' is clicked on

2019-07-18 13:00:16 - [TEST_STEP][PASSED] - click(findTestObject("Tab_LifePlan/Page_Q02_CurrentSituation/Married")): Object: 'Object Repository/Tab_LifePlan/Page_Q02_CurrentSituation/Married' is clicked on

2019-07-18 13:00:16 - [MESSAGE][PASSED] - Object: 'Object Repository/Tab_LifePlan/Page_Q02_CurrentSituation/Married' is clicked on

2019-07-18 13:00:16 - [TEST_STEP][PASSED] - click(findTestObject("Tab_LifePlan/Page_Q03_Children/Children_0")): Object: 'Object Repository/Tab_LifePlan/Page_Q03_Children/Children_0' is clicked on

2019-07-18 13:00:16 - [MESSAGE][PASSED] - Object: 'Object Repository/Tab_LifePlan/Page_Q03_Children/Children_0' is clicked on

2019-07-18 13:00:16 - [TEST_STEP][PASSED] - click(findTestObject("Tab_LifePlan/Page_Q4_FutureMarried/children_Yes")): Object: 'Object Repository/Tab_LifePlan/Page_Q4_FutureMarried/children_Yes' is clicked on

2019-07-18 13:00:16 - [MESSAGE][PASSED] - Object: 'Object Repository/Tab_LifePlan/Page_Q4_FutureMarried/children_Yes' is clicked on

2019-07-18 13:00:16 - [TEST_STEP][NOT_RUN] - click(findTestObject("Tab_LifePlan/Page_Q05_WhenGetMarry/Years_10")): NOT_RUN: click(findTestObject("Tab_LifePlan/Page_Q05_WhenGetMarry/Years_10"))

2019-07-18 13:00:16 - [MESSAGE][NOT_RUN] - NOT_RUN: click(findTestObject("Tab_LifePlan/Page_Q05_WhenGetMarry/Years_10"))

2019-07-18 13:00:16 - [TEST_STEP][PASSED] - click(findTestObject("Tab_LifePlan/Page_Q06_NumberOfChildrenWanToGet/Children_3")): Object: 'Object Repository/Tab_LifePlan/Page_Q06_NumberOfChildrenWanToGet/Children_3' is clicked on

2019-07-18 13:00:17 - [MESSAGE][PASSED] - Object: 'Object Repository/Tab_LifePlan/Page_Q06_NumberOfChildrenWanToGet/Children_3' is clicked on

2019-07-18 13:00:17 - [TEST_STEP][PASSED] - click(findTestObject("Tab_LifePlan/Page_Q07_YourIncome/income_500")): Object: 'Object Repository/Tab_LifePlan/Page_Q07_YourIncome/income_500' is clicked on

2019-07-18 13:00:17 - [MESSAGE][PASSED] - Object: 'Object Repository/Tab_LifePlan/Page_Q07_YourIncome/income_500' is clicked on

2019-07-18 13:00:17 - [TEST_STEP][PASSED] - scrollToElement(findTestObject("Tab_LifePlan/Page_Q07_YourIncome/btn_Next"), 10): Scroll to object 'Object Repository/Tab_LifePlan/Page_Q07_YourIncome/btn_Next' successfully

2019-07-18 13:00:17 - [MESSAGE][PASSED] - Scroll to object 'Object Repository/Tab_LifePlan/Page_Q07_YourIncome/btn_Next' successfully

2019-07-18 13:00:17 - [TEST_STEP][NOT_RUN] - click(findTestObject("Tab_LifePlan/Page_Q07_YourIncome/chk_PartTimeIncome")): NOT_RUN: click(findTestObject("Tab_LifePlan/Page_Q07_YourIncome/chk_PartTimeIncome"))

2019-07-18 13:00:17 - [MESSAGE][NOT_RUN] - NOT_RUN: click(findTestObject("Tab_LifePlan/Page_Q07_YourIncome/chk_PartTimeIncome"))

2019-07-18 13:00:17 - [TEST_STEP][NOT_RUN] - click(findTestObject("Tab_LifePlan/Page_Q07_YourIncome/chk_NoRetirementPay")): NOT_RUN: click(findTestObject("Tab_LifePlan/Page_Q07_YourIncome/chk_NoRetirementPay"))

2019-07-18 13:00:17 - [MESSAGE][NOT_RUN] - NOT_RUN: click(findTestObject("Tab_LifePlan/Page_Q07_YourIncome/chk_NoRetirementPay"))

2019-07-18 13:00:17 - [TEST_STEP][PASSED] - click(findTestObject("Tab_LifePlan/Page_Q07_YourIncome/btn_Next")): Object: 'Object Repository/Tab_LifePlan/Page_Q07_YourIncome/btn_Next' is clicked on

2019-07-18 13:00:17 - [MESSAGE][PASSED] - Object: 'Object Repository/Tab_LifePlan/Page_Q07_YourIncome/btn_Next' is clicked on

2019-07-18 13:00:17 - [TEST_STEP][PASSED] - click(findTestObject("Tab_LifePlan/Page_Q08_IncomeOfTheSpouse/income_UpTo300")): Object: 'Object Repository/Tab_LifePlan/Page_Q08_IncomeOfTheSpouse/income_UpTo300' is clicked on

2019-07-18 13:00:17 - [MESSAGE][PASSED] - Object: 'Object Repository/Tab_LifePlan/Page_Q08_IncomeOfTheSpouse/income_UpTo300' is clicked on

2019-07-18 13:00:17 - [TEST_STEP][PASSED] - scrollToElement(findTestObject("Tab_LifePlan/Page_Q08_IncomeOfTheSpouse/btn_Next"), 10): Scroll to object 'Object Repository/Tab_LifePlan/Page_Q08_IncomeOfTheSpouse/btn_Next' successfully

2019-07-18 13:00:17 - [MESSAGE][PASSED] - Scroll to object 'Object Repository/Tab_LifePlan/Page_Q08_IncomeOfTheSpouse/btn_Next' successfully

2019-07-18 13:00:17 - [TEST_STEP][NOT_RUN] - click(findTestObject("Tab_LifePlan/Page_Q08_IncomeOfTheSpouse/chk_PartTimeIncome")): NOT_RUN: click(findTestObject("Tab_LifePlan/Page_Q08_IncomeOfTheSpouse/chk_PartTimeIncome"))

2019-07-18 13:00:17 - [MESSAGE][NOT_RUN] - NOT_RUN: click(findTestObject("Tab_LifePlan/Page_Q08_IncomeOfTheSpouse/chk_PartTimeIncome"))

2019-07-18 13:00:17 - [TEST_STEP][NOT_RUN] - click(findTestObject("Tab_LifePlan/Page_Q08_IncomeOfTheSpouse/chk_NoRetirementPay")): NOT_RUN: click(findTestObject("Tab_LifePlan/Page_Q08_IncomeOfTheSpouse/chk_NoRetirementPay"))

2019-07-18 13:00:17 - [MESSAGE][NOT_RUN] - NOT_RUN: click(findTestObject("Tab_LifePlan/Page_Q08_IncomeOfTheSpouse/chk_NoRetirementPay"))

2019-07-18 13:00:17 - [TEST_STEP][PASSED] - click(findTestObject("Tab_LifePlan/Page_Q08_IncomeOfTheSpouse/btn_Next")): Object: 'Object Repository/Tab_LifePlan/Page_Q08_IncomeOfTheSpouse/btn_Next' is clicked on

2019-07-18 13:00:17 - [MESSAGE][PASSED] - Object: 'Object Repository/Tab_LifePlan/Page_Q08_IncomeOfTheSpouse/btn_Next' is clicked on

2019-07-18 13:00:17 - [TEST_STEP][PASSED] - scrollToElement(findTestObject("Tab_LifePlan/Page_Q09_RentHouse/OwnedHouse"), 10): Scroll to object 'Object Repository/Tab_LifePlan/Page_Q09_RentHouse/OwnedHouse' successfully

2019-07-18 13:00:17 - [MESSAGE][PASSED] - Scroll to object 'Object Repository/Tab_LifePlan/Page_Q09_RentHouse/OwnedHouse' successfully

2019-07-18 13:00:17 - [TEST_STEP][PASSED] - click(findTestObject("Tab_LifePlan/Page_Q09_RentHouse/RentalHouse")): Object: 'Object Repository/Tab_LifePlan/Page_Q09_RentHouse/RentalHouse' is clicked on

2019-07-18 13:00:17 - [MESSAGE][PASSED] - Object: 'Object Repository/Tab_LifePlan/Page_Q09_RentHouse/RentalHouse' is clicked on

2019-07-18 13:00:17 - [TEST_STEP][PASSED] - click(findTestObject("Tab_LifePlan/Page_Q09_RentHouse/rent_5")): Object: 'Object Repository/Tab_LifePlan/Page_Q09_RentHouse/rent_5' is clicked on

2019-07-18 13:00:17 - [MESSAGE][PASSED] - Object: 'Object Repository/Tab_LifePlan/Page_Q09_RentHouse/rent_5' is clicked on

2019-07-18 13:00:17 - [TEST_STEP][PASSED] - scrollToElement(findTestObject("Tab_LifePlan/Page_Q09_RentHouse/btn_Next"), 0): Scroll to object 'Object Repository/Tab_LifePlan/Page_Q09_RentHouse/btn_Next' successfully

2019-07-18 13:00:17 - [MESSAGE][WARNING] - Timeout '0' is invalid. Using default page load timeout: '30'

2019-07-18 13:00:17 - [MESSAGE][PASSED] - Scroll to object 'Object Repository/Tab_LifePlan/Page_Q09_RentHouse/btn_Next' successfully

2019-07-18 13:00:17 - [TEST_STEP][PASSED] - click(findTestObject("Tab_LifePlan/Page_Q09_RentHouse/btn_Next")): Object: 'Object Repository/Tab_LifePlan/Page_Q09_RentHouse/btn_Next' is clicked on

2019-07-18 13:00:17 - [MESSAGE][PASSED] - Object: 'Object Repository/Tab_LifePlan/Page_Q09_RentHouse/btn_Next' is clicked on

2019-07-18 13:00:17 - [TEST_STEP][PASSED] - click(findTestObject("Tab_LifePlan/Page_Q10_CostOfLiving/cost_25")): Object: 'Object Repository/Tab_LifePlan/Page_Q10_CostOfLiving/cost_25' is clicked on

2019-07-18 13:00:17 - [MESSAGE][PASSED] - Object: 'Object Repository/Tab_LifePlan/Page_Q10_CostOfLiving/cost_25' is clicked on

2019-07-18 13:00:17 - [TEST_STEP][PASSED] - click(findTestObject("Tab_LifePlan/Page_Q11_CurrentSavingsAmount/amount_100")): Object: 'Object Repository/Tab_LifePlan/Page_Q11_CurrentSavingsAmount/amount_100' is clicked on

2019-07-18 13:00:17 - [MESSAGE][PASSED] - Object: 'Object Repository/Tab_LifePlan/Page_Q11_CurrentSavingsAmount/amount_100' is clicked on

2019-07-18 13:00:17 - [TEST_STEP][PASSED] - waitForElementPresent(findTestObject("Tab_LifePlan/Page_LifePlanResult/tv_AmountAt65"), 20): Object 'Object Repository/Tab_LifePlan/Page_LifePlanResult/tv_AmountAt65' is present

2019-07-18 13:00:18 - [MESSAGE][PASSED] - Object 'Object Repository/Tab_LifePlan/Page_LifePlanResult/tv_AmountAt65' is present

2019-07-18 13:00:18 - [TEST_STEP][PASSED] - amountAt65OnWebApp = getText(findTestObject("Tab_LifePlan/Page_LifePlanResult/tv_AmountAt65")): Text of object 'Object Repository/Tab_LifePlan/Page_LifePlanResult/tv_AmountAt65' is: '+1,251.14'

2019-07-18 13:00:19 - [MESSAGE][PASSED] - Text of object 'Object Repository/Tab_LifePlan/Page_LifePlanResult/tv_AmountAt65' is: '+1,251.14'

2019-07-18 13:00:19 - [TEST_STEP][PASSED] - log.logInfo(amountAt65OnWebApp): +1,251.14

2019-07-18 13:00:19 - [MESSAGE][INFO] - +1,251.14

2019-07-18 13:00:19 - [TEST_STEP][PASSED] - closeBrowser(): Browser is closed

2019-07-18 13:00:19 - [MESSAGE][PASSED] - Browser is closed

2019-07-18 13:00:19 - [TEST_STEP][PASSED] - return amountAt65OnWebApp: null

2019-07-18 13:00:19 - [MESSAGE][PASSED] - Call Test Case 'Test Cases/TC_LifePlanAnalytics/TC_Scr01-30' successfully

2019-07-18 13:00:19 - [TEST_STEP][PASSED] - log.logInfo("TC_Scr01-" + i + " = " + amountAt65OnWebApp): TC_Scr01-30 = +1,251.14

2019-07-18 13:00:19 - [MESSAGE][INFO] - TC_Scr01-30 = +1,251.14

2019-07-18 13:00:19 - [TEST_STEP][PASSED] - setValueToCellByIndex(sheet01, 11 + i, 24, amountAt65OnWebApp): null

2019-07-18 13:00:19 - [TEST_STEP][PASSED] - if (i < 10): null

2019-07-18 13:00:19 - [TEST_STEP][PASSED] - else: Call Test Case 'Test Cases/TC_LifePlanAnalytics/TC_Scr01-31' successfully

2019-07-18 13:00:19 - [TEST_STEP][PASSED] - amountAt65OnWebApp = callTestCase(findTestCase("TC_LifePlanAnalytics/TC_Scr01-" + i), [:], OPTIONAL): Call Test Case 'Test Cases/TC_LifePlanAnalytics/TC_Scr01-31' successfully

2019-07-18 13:00:19 - [TEST_CASE][PASSED] - Test Cases/TC_LifePlanAnalytics/TC_Scr01-31: Test Cases/TC_LifePlanAnalytics/TC_Scr01-31

2019-07-18 13:00:19 - [TEST_STEP][PASSED] - log = new com.kms.katalon.core.logging.KeywordLogger(): null

2019-07-18 13:00:19 - [TEST_STEP][PASSED] - callTestCase(findTestCase("TC_AddVTKT"), [:], STOP_ON_FAILURE): Call Test Case 'Test Cases/TC_AddVTKT' successfully

2019-07-18 13:00:19 - [TEST_CASE][PASSED] - Test Cases/TC_AddVTKT: Test Cases/TC_AddVTKT

2019-07-18 13:00:19 - [TEST_STEP][PASSED] - openBrowser(""): Browser is opened with url: ''

2019-07-18 13:00:19 - [MESSAGE][INFO] - Starting 'Chrome' driver

2019-07-18 13:00:19 - [MESSAGE][INFO] - User set preference: ['args', '[-user-agent=Mozilla/5.0 (Linux; Android 9; SOV37 Build/52.0.C.1.112; wv) AppleWebKit/537.36 (KHTML, like Gecko) Version/4.0 Chrome/68.0.3440.91 Mobile Safari/537.36 6.0.2-k1]']

2019-07-18 13:00:22 - [MESSAGE][PASSED] - Browser is opened with url: ''

2019-07-18 13:00:22 - [TEST_STEP][PASSED] - navigateToUrl("https://dev.pfm.wallet.auone.jp/life_plan/"): Navigate to 'https://dev.pfm.wallet.auone.jp/life_plan/' successfully

2019-07-18 13:00:24 - [MESSAGE][PASSED] - Navigate to 'https://dev.pfm.wallet.auone.jp/life_plan/' successfully

2019-07-18 13:00:24 - [TEST_STEP][PASSED] - maximizeWindow(): Current window maximized

2019-07-18 13:00:25 - [MESSAGE][PASSED] - Current window maximized

2019-07-18 13:00:25 - [TEST_STEP][PASSED] - ck = new org.openqa.selenium.Cookie(VTKT, rtm0wCOc6hTIFjf19P7KEEn-NB7Jp8k5QvzBE7r1OxqcIYMRdmnbLGJqQYL7Lnv_Z7-e796XbNYuZ-AS_eJwPNQgQ4Kz3YSmcqmHm1CSCJAtHREgQ8GKcl29Banngbs4XK1ZuH_eUsCeXHVH0I8mIQ): null

2019-07-18 13:00:25 - [TEST_STEP][PASSED] - driver = getWebDriver(): null

2019-07-18 13:00:25 - [TEST_STEP][PASSED] - manage().addCookie(ck): null

2019-07-18 13:00:25 - [TEST_STEP][PASSED] - waitForPageLoad(10): Wait for page load successfully

2019-07-18 13:00:25 - [MESSAGE][PASSED] - Wait for page load successfully

2019-07-18 13:00:25 - [TEST_STEP][PASSED] - refresh(): Refresh successfully

2019-07-18 13:00:25 - [MESSAGE][PASSED] - Refresh successfully

2019-07-18 13:00:25 - [MESSAGE][PASSED] - Call Test Case 'Test Cases/TC_AddVTKT' successfully

2019-07-18 13:00:25 - [TEST_STEP][PASSED] - click(findTestObject("Tab_LifePlan/Page_LifePlanResult/btn_LifePlan")): Object: 'Object Repository/Tab_LifePlan/Page_LifePlanResult/btn_LifePlan' is clicked on

2019-07-18 13:00:27 - [MESSAGE][PASSED] - Object: 'Object Repository/Tab_LifePlan/Page_LifePlanResult/btn_LifePlan' is clicked on

2019-07-18 13:00:27 - [TEST_STEP][PASSED] - click(findTestObject("Tab_LifePlan/Page_Q01_Age/Age_60")): Object: 'Object Repository/Tab_LifePlan/Page_Q01_Age/Age_60' is clicked on

2019-07-18 13:00:28 - [MESSAGE][PASSED] - Object: 'Object Repository/Tab_LifePlan/Page_Q01_Age/Age_60' is clicked on

2019-07-18 13:00:28 - [TEST_STEP][PASSED] - click(findTestObject("Tab_LifePlan/Page_Q02_CurrentSituation/Single")): Object: 'Object Repository/Tab_LifePlan/Page_Q02_CurrentSituation/Single' is clicked on

2019-07-18 13:00:28 - [MESSAGE][PASSED] - Object: 'Object Repository/Tab_LifePlan/Page_Q02_CurrentSituation/Single' is clicked on

2019-07-18 13:00:28 - [TEST_STEP][PASSED] - click(findTestObject("Tab_LifePlan/Page_Q03_Children/Children_0")): Object: 'Object Repository/Tab_LifePlan/Page_Q03_Children/Children_0' is clicked on

2019-07-18 13:00:28 - [MESSAGE][PASSED] - Object: 'Object Repository/Tab_LifePlan/Page_Q03_Children/Children_0' is clicked on

2019-07-18 13:00:28 - [TEST_STEP][PASSED] - click(findTestObject("Tab_LifePlan/Page_Q04_Future/NoPlanToMarry")): Object: 'Object Repository/Tab_LifePlan/Page_Q04_Future/NoPlanToMarry' is clicked on

2019-07-18 13:00:28 - [MESSAGE][PASSED] - Object: 'Object Repository/Tab_LifePlan/Page_Q04_Future/NoPlanToMarry' is clicked on

2019-07-18 13:00:28 - [TEST_STEP][NOT_RUN] - click(findTestObject("Tab_LifePlan/Page_Q05_WhenGetMarry/Years_10")): NOT_RUN: click(findTestObject("Tab_LifePlan/Page_Q05_WhenGetMarry/Years_10"))

2019-07-18 13:00:28 - [MESSAGE][NOT_RUN] - NOT_RUN: click(findTestObject("Tab_LifePlan/Page_Q05_WhenGetMarry/Years_10"))

2019-07-18 13:00:28 - [TEST_STEP][NOT_RUN] - click(findTestObject("Tab_LifePlan/Page_Q06_NumberOfChildrenWanToGet/Children_3")): NOT_RUN: click(findTestObject("Tab_LifePlan/Page_Q06_NumberOfChildrenWanToGet/Children_3"))

2019-07-18 13:00:28 - [MESSAGE][NOT_RUN] - NOT_RUN: click(findTestObject("Tab_LifePlan/Page_Q06_NumberOfChildrenWanToGet/Children_3"))

2019-07-18 13:00:28 - [TEST_STEP][PASSED] - click(findTestObject("Tab_LifePlan/Page_Q07_YourIncome/income_UpTo300")): Object: 'Object Repository/Tab_LifePlan/Page_Q07_YourIncome/income_UpTo300' is clicked on

2019-07-18 13:00:29 - [MESSAGE][PASSED] - Object: 'Object Repository/Tab_LifePlan/Page_Q07_YourIncome/income_UpTo300' is clicked on

2019-07-18 13:00:29 - [TEST_STEP][PASSED] - scrollToElement(findTestObject("Tab_LifePlan/Page_Q07_YourIncome/btn_Next"), 10): Scroll to object 'Object Repository/Tab_LifePlan/Page_Q07_YourIncome/btn_Next' successfully

2019-07-18 13:00:29 - [MESSAGE][PASSED] - Scroll to object 'Object Repository/Tab_LifePlan/Page_Q07_YourIncome/btn_Next' successfully

2019-07-18 13:00:29 - [TEST_STEP][NOT_RUN] - click(findTestObject("Tab_LifePlan/Page_Q07_YourIncome/chk_PartTimeIncome")): NOT_RUN: click(findTestObject("Tab_LifePlan/Page_Q07_YourIncome/chk_PartTimeIncome"))

2019-07-18 13:00:29 - [MESSAGE][NOT_RUN] - NOT_RUN: click(findTestObject("Tab_LifePlan/Page_Q07_YourIncome/chk_PartTimeIncome"))

2019-07-18 13:00:29 - [TEST_STEP][NOT_RUN] - click(findTestObject("Tab_LifePlan/Page_Q07_YourIncome/chk_NoRetirementPay")): NOT_RUN: click(findTestObject("Tab_LifePlan/Page_Q07_YourIncome/chk_NoRetirementPay"))

2019-07-18 13:00:29 - [MESSAGE][NOT_RUN] - NOT_RUN: click(findTestObject("Tab_LifePlan/Page_Q07_YourIncome/chk_NoRetirementPay"))

2019-07-18 13:00:29 - [TEST_STEP][PASSED] - click(findTestObject("Tab_LifePlan/Page_Q07_YourIncome/btn_Next")): Object: 'Object Repository/Tab_LifePlan/Page_Q07_YourIncome/btn_Next' is clicked on

2019-07-18 13:00:29 - [MESSAGE][PASSED] - Object: 'Object Repository/Tab_LifePlan/Page_Q07_YourIncome/btn_Next' is clicked on

2019-07-18 13:00:29 - [TEST_STEP][NOT_RUN] - click(findTestObject("Tab_LifePlan/Page_Q08_IncomeOfTheSpouse/income_UpTo300")): NOT_RUN: click(findTestObject("Tab_LifePlan/Page_Q08_IncomeOfTheSpouse/income_UpTo300"))

2019-07-18 13:00:29 - [MESSAGE][NOT_RUN] - NOT_RUN: click(findTestObject("Tab_LifePlan/Page_Q08_IncomeOfTheSpouse/income_UpTo300"))

2019-07-18 13:00:29 - [TEST_STEP][NOT_RUN] - scrollToElement(findTestObject("Tab_LifePlan/Page_Q08_IncomeOfTheSpouse/btn_Next"), 10): NOT_RUN: scrollToElement(findTestObject("Tab_LifePlan/Page_Q08_IncomeOfTheSpouse/btn_Next"), 10)

2019-07-18 13:00:29 - [MESSAGE][NOT_RUN] - NOT_RUN: scrollToElement(findTestObject("Tab_LifePlan/Page_Q08_IncomeOfTheSpouse/btn_Next"), 10)

2019-07-18 13:00:29 - [TEST_STEP][NOT_RUN] - click(findTestObject("Tab_LifePlan/Page_Q08_IncomeOfTheSpouse/chk_PartTimeIncome")): NOT_RUN: click(findTestObject("Tab_LifePlan/Page_Q08_IncomeOfTheSpouse/chk_PartTimeIncome"))

2019-07-18 13:00:29 - [MESSAGE][NOT_RUN] - NOT_RUN: click(findTestObject("Tab_LifePlan/Page_Q08_IncomeOfTheSpouse/chk_PartTimeIncome"))

2019-07-18 13:00:29 - [TEST_STEP][NOT_RUN] - click(findTestObject("Tab_LifePlan/Page_Q08_IncomeOfTheSpouse/chk_NoRetirementPay")): NOT_RUN: click(findTestObject("Tab_LifePlan/Page_Q08_IncomeOfTheSpouse/chk_NoRetirementPay"))

2019-07-18 13:00:29 - [MESSAGE][NOT_RUN] - NOT_RUN: click(findTestObject("Tab_LifePlan/Page_Q08_IncomeOfTheSpouse/chk_NoRetirementPay"))

2019-07-18 13:00:29 - [TEST_STEP][NOT_RUN] - click(findTestObject("Tab_LifePlan/Page_Q08_IncomeOfTheSpouse/btn_Next")): NOT_RUN: click(findTestObject("Tab_LifePlan/Page_Q08_IncomeOfTheSpouse/btn_Next"))

2019-07-18 13:00:29 - [MESSAGE][NOT_RUN] - NOT_RUN: click(findTestObject("Tab_LifePlan/Page_Q08_IncomeOfTheSpouse/btn_Next"))

2019-07-18 13:00:29 - [TEST_STEP][PASSED] - scrollToElement(findTestObject("Tab_LifePlan/Page_Q09_RentHouse/OwnedHouse"), 10): Scroll to object 'Object Repository/Tab_LifePlan/Page_Q09_RentHouse/OwnedHouse' successfully

2019-07-18 13:00:29 - [MESSAGE][PASSED] - Scroll to object 'Object Repository/Tab_LifePlan/Page_Q09_RentHouse/OwnedHouse' successfully

2019-07-18 13:00:29 - [TEST_STEP][PASSED] - click(findTestObject("Tab_LifePlan/Page_Q09_RentHouse/RentalHouse")): Object: 'Object Repository/Tab_LifePlan/Page_Q09_RentHouse/RentalHouse' is clicked on

2019-07-18 13:00:29 - [MESSAGE][PASSED] - Object: 'Object Repository/Tab_LifePlan/Page_Q09_RentHouse/RentalHouse' is clicked on

2019-07-18 13:00:29 - [TEST_STEP][PASSED] - click(findTestObject("Tab_LifePlan/Page_Q09_RentHouse/rent_7")): Object: 'Object Repository/Tab_LifePlan/Page_Q09_RentHouse/rent_7' is clicked on

2019-07-18 13:00:29 - [MESSAGE][PASSED] - Object: 'Object Repository/Tab_LifePlan/Page_Q09_RentHouse/rent_7' is clicked on

2019-07-18 13:00:29 - [TEST_STEP][PASSED] - scrollToElement(findTestObject("Tab_LifePlan/Page_Q09_RentHouse/btn_Next"), 0): Scroll to object 'Object Repository/Tab_LifePlan/Page_Q09_RentHouse/btn_Next' successfully

2019-07-18 13:00:29 - [MESSAGE][WARNING] - Timeout '0' is invalid. Using default page load timeout: '30'

2019-07-18 13:00:29 - [MESSAGE][PASSED] - Scroll to object 'Object Repository/Tab_LifePlan/Page_Q09_RentHouse/btn_Next' successfully

2019-07-18 13:00:29 - [TEST_STEP][PASSED] - click(findTestObject("Tab_LifePlan/Page_Q09_RentHouse/btn_Next")): Object: 'Object Repository/Tab_LifePlan/Page_Q09_RentHouse/btn_Next' is clicked on

2019-07-18 13:00:29 - [MESSAGE][PASSED] - Object: 'Object Repository/Tab_LifePlan/Page_Q09_RentHouse/btn_Next' is clicked on

2019-07-18 13:00:29 - [TEST_STEP][PASSED] - click(findTestObject("Tab_LifePlan/Page_Q10_CostOfLiving/cost_10")): Object: 'Object Repository/Tab_LifePlan/Page_Q10_CostOfLiving/cost_10' is clicked on

2019-07-18 13:00:29 - [MESSAGE][PASSED] - Object: 'Object Repository/Tab_LifePlan/Page_Q10_CostOfLiving/cost_10' is clicked on

2019-07-18 13:00:29 - [TEST_STEP][PASSED] - click(findTestObject("Tab_LifePlan/Page_Q11_CurrentSavingsAmount/amount_500")): Object: 'Object Repository/Tab_LifePlan/Page_Q11_CurrentSavingsAmount/amount_500' is clicked on

2019-07-18 13:00:29 - [MESSAGE][PASSED] - Object: 'Object Repository/Tab_LifePlan/Page_Q11_CurrentSavingsAmount/amount_500' is clicked on

2019-07-18 13:00:29 - [TEST_STEP][PASSED] - waitForElementPresent(findTestObject("Tab_LifePlan/Page_LifePlanResult/tv_AmountAt65"), 20): Object 'Object Repository/Tab_LifePlan/Page_LifePlanResult/tv_AmountAt65' is present

2019-07-18 13:00:30 - [MESSAGE][PASSED] - Object 'Object Repository/Tab_LifePlan/Page_LifePlanResult/tv_AmountAt65' is present

2019-07-18 13:00:30 - [TEST_STEP][PASSED] - amountAt65OnWebApp = getText(findTestObject("Tab_LifePlan/Page_LifePlanResult/tv_AmountAt65")): Text of object 'Object Repository/Tab_LifePlan/Page_LifePlanResult/tv_AmountAt65' is: '+3,256.00'

2019-07-18 13:00:30 - [MESSAGE][PASSED] - Text of object 'Object Repository/Tab_LifePlan/Page_LifePlanResult/tv_AmountAt65' is: '+3,256.00'

2019-07-18 13:00:30 - [TEST_STEP][PASSED] - log.logInfo(amountAt65OnWebApp): +3,256.00

2019-07-18 13:00:30 - [MESSAGE][INFO] - +3,256.00

2019-07-18 13:00:30 - [TEST_STEP][PASSED] - closeBrowser(): Browser is closed

2019-07-18 13:00:31 - [MESSAGE][PASSED] - Browser is closed

2019-07-18 13:00:31 - [TEST_STEP][PASSED] - return amountAt65OnWebApp: null

2019-07-18 13:00:31 - [MESSAGE][PASSED] - Call Test Case 'Test Cases/TC_LifePlanAnalytics/TC_Scr01-31' successfully

2019-07-18 13:00:31 - [TEST_STEP][PASSED] - log.logInfo("TC_Scr01-" + i + " = " + amountAt65OnWebApp): TC_Scr01-31 = +3,256.00

2019-07-18 13:00:31 - [MESSAGE][INFO] - TC_Scr01-31 = +3,256.00

2019-07-18 13:00:31 - [TEST_STEP][PASSED] - setValueToCellByIndex(sheet01, 11 + i, 24, amountAt65OnWebApp): null

2019-07-18 13:00:31 - [TEST_STEP][PASSED] - if (i < 10): null

2019-07-18 13:00:31 - [TEST_STEP][PASSED] - else: Call Test Case 'Test Cases/TC_LifePlanAnalytics/TC_Scr01-32' successfully

2019-07-18 13:00:31 - [TEST_STEP][PASSED] - amountAt65OnWebApp = callTestCase(findTestCase("TC_LifePlanAnalytics/TC_Scr01-" + i), [:], OPTIONAL): Call Test Case 'Test Cases/TC_LifePlanAnalytics/TC_Scr01-32' successfully

2019-07-18 13:00:31 - [TEST_CASE][PASSED] - Test Cases/TC_LifePlanAnalytics/TC_Scr01-32: Test Cases/TC_LifePlanAnalytics/TC_Scr01-32

2019-07-18 13:00:31 - [TEST_STEP][PASSED] - log = new com.kms.katalon.core.logging.KeywordLogger(): null

2019-07-18 13:00:31 - [TEST_STEP][PASSED] - callTestCase(findTestCase("TC_AddVTKT"), [:], STOP_ON_FAILURE): Call Test Case 'Test Cases/TC_AddVTKT' successfully

2019-07-18 13:00:31 - [TEST_CASE][PASSED] - Test Cases/TC_AddVTKT: Test Cases/TC_AddVTKT

2019-07-18 13:00:31 - [TEST_STEP][PASSED] - openBrowser(""): Browser is opened with url: ''

2019-07-18 13:00:31 - [MESSAGE][INFO] - Starting 'Chrome' driver

2019-07-18 13:00:31 - [MESSAGE][INFO] - User set preference: ['args', '[-user-agent=Mozilla/5.0 (Linux; Android 9; SOV37 Build/52.0.C.1.112; wv) AppleWebKit/537.36 (KHTML, like Gecko) Version/4.0 Chrome/68.0.3440.91 Mobile Safari/537.36 6.0.2-k1]']

2019-07-18 13:00:34 - [MESSAGE][PASSED] - Browser is opened with url: ''

2019-07-18 13:00:34 - [TEST_STEP][PASSED] - navigateToUrl("https://dev.pfm.wallet.auone.jp/life_plan/"): Navigate to 'https://dev.pfm.wallet.auone.jp/life_plan/' successfully

2019-07-18 13:00:36 - [MESSAGE][PASSED] - Navigate to 'https://dev.pfm.wallet.auone.jp/life_plan/' successfully

2019-07-18 13:00:36 - [TEST_STEP][PASSED] - maximizeWindow(): Current window maximized

2019-07-18 13:00:37 - [MESSAGE][PASSED] - Current window maximized

2019-07-18 13:00:37 - [TEST_STEP][PASSED] - ck = new org.openqa.selenium.Cookie(VTKT, rtm0wCOc6hTIFjf19P7KEEn-NB7Jp8k5QvzBE7r1OxqcIYMRdmnbLGJqQYL7Lnv_Z7-e796XbNYuZ-AS_eJwPNQgQ4Kz3YSmcqmHm1CSCJAtHREgQ8GKcl29Banngbs4XK1ZuH_eUsCeXHVH0I8mIQ): null

2019-07-18 13:00:37 - [TEST_STEP][PASSED] - driver = getWebDriver(): null

2019-07-18 13:00:37 - [TEST_STEP][PASSED] - manage().addCookie(ck): null

2019-07-18 13:00:37 - [TEST_STEP][PASSED] - waitForPageLoad(10): Wait for page load successfully

2019-07-18 13:00:37 - [MESSAGE][PASSED] - Wait for page load successfully

2019-07-18 13:00:37 - [TEST_STEP][PASSED] - refresh(): Refresh successfully

2019-07-18 13:00:37 - [MESSAGE][PASSED] - Refresh successfully

2019-07-18 13:00:37 - [MESSAGE][PASSED] - Call Test Case 'Test Cases/TC_AddVTKT' successfully

2019-07-18 13:00:37 - [TEST_STEP][PASSED] - click(findTestObject("Tab_LifePlan/Page_LifePlanResult/btn_LifePlan")): Object: 'Object Repository/Tab_LifePlan/Page_LifePlanResult/btn_LifePlan' is clicked on

2019-07-18 13:00:40 - [MESSAGE][PASSED] - Object: 'Object Repository/Tab_LifePlan/Page_LifePlanResult/btn_LifePlan' is clicked on

2019-07-18 13:00:40 - [TEST_STEP][PASSED] - click(findTestObject("Tab_LifePlan/Page_Q01_Age/Age_50")): Object: 'Object Repository/Tab_LifePlan/Page_Q01_Age/Age_50' is clicked on

2019-07-18 13:00:40 - [MESSAGE][PASSED] - Object: 'Object Repository/Tab_LifePlan/Page_Q01_Age/Age_50' is clicked on

2019-07-18 13:00:40 - [TEST_STEP][PASSED] - click(findTestObject("Tab_LifePlan/Page_Q02_CurrentSituation/Single")): Object: 'Object Repository/Tab_LifePlan/Page_Q02_CurrentSituation/Single' is clicked on

2019-07-18 13:00:40 - [MESSAGE][PASSED] - Object: 'Object Repository/Tab_LifePlan/Page_Q02_CurrentSituation/Single' is clicked on

2019-07-18 13:00:40 - [TEST_STEP][PASSED] - click(findTestObject("Tab_LifePlan/Page_Q03_Children/Children_0")): Object: 'Object Repository/Tab_LifePlan/Page_Q03_Children/Children_0' is clicked on

2019-07-18 13:00:40 - [MESSAGE][PASSED] - Object: 'Object Repository/Tab_LifePlan/Page_Q03_Children/Children_0' is clicked on

2019-07-18 13:00:40 - [TEST_STEP][PASSED] - click(findTestObject("Tab_LifePlan/Page_Q04_Future/WantToGetMarried")): Object: 'Object Repository/Tab_LifePlan/Page_Q04_Future/WantToGetMarried' is clicked on

2019-07-18 13:00:40 - [MESSAGE][PASSED] - Object: 'Object Repository/Tab_LifePlan/Page_Q04_Future/WantToGetMarried' is clicked on

2019-07-18 13:00:40 - [TEST_STEP][PASSED] - click(findTestObject("Tab_LifePlan/Page_Q05_WhenGetMarry/Years_3")): Object: 'Object Repository/Tab_LifePlan/Page_Q05_WhenGetMarry/Years_3' is clicked on

2019-07-18 13:00:41 - [MESSAGE][PASSED] - Object: 'Object Repository/Tab_LifePlan/Page_Q05_WhenGetMarry/Years_3' is clicked on

2019-07-18 13:00:41 - [TEST_STEP][NOT_RUN] - click(findTestObject("Tab_LifePlan/Page_Q06_NumberOfChildrenWanToGet/Children_3")): NOT_RUN: click(findTestObject("Tab_LifePlan/Page_Q06_NumberOfChildrenWanToGet/Children_3"))

2019-07-18 13:00:41 - [MESSAGE][NOT_RUN] - NOT_RUN: click(findTestObject("Tab_LifePlan/Page_Q06_NumberOfChildrenWanToGet/Children_3"))

2019-07-18 13:00:41 - [TEST_STEP][PASSED] - click(findTestObject("Tab_LifePlan/Page_Q07_YourIncome/income_UpTo300")): Object: 'Object Repository/Tab_LifePlan/Page_Q07_YourIncome/income_UpTo300' is clicked on

2019-07-18 13:00:41 - [MESSAGE][PASSED] - Object: 'Object Repository/Tab_LifePlan/Page_Q07_YourIncome/income_UpTo300' is clicked on

2019-07-18 13:00:41 - [TEST_STEP][PASSED] - scrollToElement(findTestObject("Tab_LifePlan/Page_Q07_YourIncome/btn_Next"), 10): Scroll to object 'Object Repository/Tab_LifePlan/Page_Q07_YourIncome/btn_Next' successfully

2019-07-18 13:00:41 - [MESSAGE][PASSED] - Scroll to object 'Object Repository/Tab_LifePlan/Page_Q07_YourIncome/btn_Next' successfully

2019-07-18 13:00:41 - [TEST_STEP][NOT_RUN] - click(findTestObject("Tab_LifePlan/Page_Q07_YourIncome/chk_PartTimeIncome")): NOT_RUN: click(findTestObject("Tab_LifePlan/Page_Q07_YourIncome/chk_PartTimeIncome"))

2019-07-18 13:00:41 - [MESSAGE][NOT_RUN] - NOT_RUN: click(findTestObject("Tab_LifePlan/Page_Q07_YourIncome/chk_PartTimeIncome"))

2019-07-18 13:00:41 - [TEST_STEP][NOT_RUN] - click(findTestObject("Tab_LifePlan/Page_Q07_YourIncome/chk_NoRetirementPay")): NOT_RUN: click(findTestObject("Tab_LifePlan/Page_Q07_YourIncome/chk_NoRetirementPay"))

2019-07-18 13:00:41 - [MESSAGE][NOT_RUN] - NOT_RUN: click(findTestObject("Tab_LifePlan/Page_Q07_YourIncome/chk_NoRetirementPay"))

2019-07-18 13:00:41 - [TEST_STEP][PASSED] - click(findTestObject("Tab_LifePlan/Page_Q07_YourIncome/btn_Next")): Object: 'Object Repository/Tab_LifePlan/Page_Q07_YourIncome/btn_Next' is clicked on

2019-07-18 13:00:41 - [MESSAGE][PASSED] - Object: 'Object Repository/Tab_LifePlan/Page_Q07_YourIncome/btn_Next' is clicked on

2019-07-18 13:00:41 - [TEST_STEP][PASSED] - click(findTestObject("Tab_LifePlan/Page_Q08_IncomeOfTheSpouse/income_UpTo300")): Object: 'Object Repository/Tab_LifePlan/Page_Q08_IncomeOfTheSpouse/income_UpTo300' is clicked on

2019-07-18 13:00:41 - [MESSAGE][PASSED] - Object: 'Object Repository/Tab_LifePlan/Page_Q08_IncomeOfTheSpouse/income_UpTo300' is clicked on

2019-07-18 13:00:41 - [TEST_STEP][PASSED] - scrollToElement(findTestObject("Tab_LifePlan/Page_Q08_IncomeOfTheSpouse/btn_Next"), 10): Scroll to object 'Object Repository/Tab_LifePlan/Page_Q08_IncomeOfTheSpouse/btn_Next' successfully

2019-07-18 13:00:41 - [MESSAGE][PASSED] - Scroll to object 'Object Repository/Tab_LifePlan/Page_Q08_IncomeOfTheSpouse/btn_Next' successfully

2019-07-18 13:00:41 - [TEST_STEP][NOT_RUN] - click(findTestObject("Tab_LifePlan/Page_Q08_IncomeOfTheSpouse/chk_PartTimeIncome")): NOT_RUN: click(findTestObject("Tab_LifePlan/Page_Q08_IncomeOfTheSpouse/chk_PartTimeIncome"))

2019-07-18 13:00:41 - [MESSAGE][NOT_RUN] - NOT_RUN: click(findTestObject("Tab_LifePlan/Page_Q08_IncomeOfTheSpouse/chk_PartTimeIncome"))

2019-07-18 13:00:41 - [TEST_STEP][NOT_RUN] - click(findTestObject("Tab_LifePlan/Page_Q08_IncomeOfTheSpouse/chk_NoRetirementPay")): NOT_RUN: click(findTestObject("Tab_LifePlan/Page_Q08_IncomeOfTheSpouse/chk_NoRetirementPay"))

2019-07-18 13:00:41 - [MESSAGE][NOT_RUN] - NOT_RUN: click(findTestObject("Tab_LifePlan/Page_Q08_IncomeOfTheSpouse/chk_NoRetirementPay"))

2019-07-18 13:00:41 - [TEST_STEP][PASSED] - click(findTestObject("Tab_LifePlan/Page_Q08_IncomeOfTheSpouse/btn_Next")): Object: 'Object Repository/Tab_LifePlan/Page_Q08_IncomeOfTheSpouse/btn_Next' is clicked on

2019-07-18 13:00:41 - [MESSAGE][PASSED] - Object: 'Object Repository/Tab_LifePlan/Page_Q08_IncomeOfTheSpouse/btn_Next' is clicked on

2019-07-18 13:00:41 - [TEST_STEP][PASSED] - scrollToElement(findTestObject("Tab_LifePlan/Page_Q09_RentHouse/OwnedHouse"), 10): Scroll to object 'Object Repository/Tab_LifePlan/Page_Q09_RentHouse/OwnedHouse' successfully

2019-07-18 13:00:41 - [MESSAGE][PASSED] - Scroll to object 'Object Repository/Tab_LifePlan/Page_Q09_RentHouse/OwnedHouse' successfully

2019-07-18 13:00:41 - [TEST_STEP][PASSED] - click(findTestObject("Tab_LifePlan/Page_Q09_RentHouse/RentalHouse")): Object: 'Object Repository/Tab_LifePlan/Page_Q09_RentHouse/RentalHouse' is clicked on

2019-07-18 13:00:41 - [MESSAGE][PASSED] - Object: 'Object Repository/Tab_LifePlan/Page_Q09_RentHouse/RentalHouse' is clicked on

2019-07-18 13:00:41 - [TEST_STEP][PASSED] - click(findTestObject("Tab_LifePlan/Page_Q09_RentHouse/rent_7")): Object: 'Object Repository/Tab_LifePlan/Page_Q09_RentHouse/rent_7' is clicked on

2019-07-18 13:00:41 - [MESSAGE][PASSED] - Object: 'Object Repository/Tab_LifePlan/Page_Q09_RentHouse/rent_7' is clicked on

2019-07-18 13:00:41 - [TEST_STEP][PASSED] - scrollToElement(findTestObject("Tab_LifePlan/Page_Q09_RentHouse/btn_Next"), 0): Scroll to object 'Object Repository/Tab_LifePlan/Page_Q09_RentHouse/btn_Next' successfully

2019-07-18 13:00:41 - [MESSAGE][WARNING] - Timeout '0' is invalid. Using default page load timeout: '30'

2019-07-18 13:00:41 - [MESSAGE][PASSED] - Scroll to object 'Object Repository/Tab_LifePlan/Page_Q09_RentHouse/btn_Next' successfully

2019-07-18 13:00:41 - [TEST_STEP][PASSED] - click(findTestObject("Tab_LifePlan/Page_Q09_RentHouse/btn_Next")): Object: 'Object Repository/Tab_LifePlan/Page_Q09_RentHouse/btn_Next' is clicked on

2019-07-18 13:00:41 - [MESSAGE][PASSED] - Object: 'Object Repository/Tab_LifePlan/Page_Q09_RentHouse/btn_Next' is clicked on

2019-07-18 13:00:41 - [TEST_STEP][PASSED] - click(findTestObject("Tab_LifePlan/Page_Q10_CostOfLiving/cost_10")): Object: 'Object Repository/Tab_LifePlan/Page_Q10_CostOfLiving/cost_10' is clicked on

2019-07-18 13:00:42 - [MESSAGE][PASSED] - Object: 'Object Repository/Tab_LifePlan/Page_Q10_CostOfLiving/cost_10' is clicked on

2019-07-18 13:00:42 - [TEST_STEP][PASSED] - click(findTestObject("Tab_LifePlan/Page_Q11_CurrentSavingsAmount/amount_500")): Object: 'Object Repository/Tab_LifePlan/Page_Q11_CurrentSavingsAmount/amount_500' is clicked on

2019-07-18 13:00:42 - [MESSAGE][PASSED] - Object: 'Object Repository/Tab_LifePlan/Page_Q11_CurrentSavingsAmount/amount_500' is clicked on

2019-07-18 13:00:42 - [TEST_STEP][PASSED] - waitForElementPresent(findTestObject("Tab_LifePlan/Page_LifePlanResult/tv_AmountAt65"), 20): Object 'Object Repository/Tab_LifePlan/Page_LifePlanResult/tv_AmountAt65' is present

2019-07-18 13:00:43 - [MESSAGE][PASSED] - Object 'Object Repository/Tab_LifePlan/Page_LifePlanResult/tv_AmountAt65' is present

2019-07-18 13:00:43 - [TEST_STEP][PASSED] - amountAt65OnWebApp = getText(findTestObject("Tab_LifePlan/Page_LifePlanResult/tv_AmountAt65")): Text of object 'Object Repository/Tab_LifePlan/Page_LifePlanResult/tv_AmountAt65' is: '+421.27'

2019-07-18 13:00:43 - [MESSAGE][PASSED] - Text of object 'Object Repository/Tab_LifePlan/Page_LifePlanResult/tv_AmountAt65' is: '+421.27'

2019-07-18 13:00:43 - [TEST_STEP][PASSED] - log.logInfo(amountAt65OnWebApp): +421.27

2019-07-18 13:00:43 - [MESSAGE][INFO] - +421.27

2019-07-18 13:00:43 - [TEST_STEP][PASSED] - closeBrowser(): Browser is closed

2019-07-18 13:00:43 - [MESSAGE][PASSED] - Browser is closed

2019-07-18 13:00:43 - [TEST_STEP][PASSED] - return amountAt65OnWebApp: null

2019-07-18 13:00:43 - [MESSAGE][PASSED] - Call Test Case 'Test Cases/TC_LifePlanAnalytics/TC_Scr01-32' successfully

2019-07-18 13:00:43 - [TEST_STEP][PASSED] - log.logInfo("TC_Scr01-" + i + " = " + amountAt65OnWebApp): TC_Scr01-32 = +421.27

2019-07-18 13:00:43 - [MESSAGE][INFO] - TC_Scr01-32 = +421.27

2019-07-18 13:00:43 - [TEST_STEP][PASSED] - setValueToCellByIndex(sheet01, 11 + i, 24, amountAt65OnWebApp): null

2019-07-18 13:00:43 - [TEST_STEP][PASSED] - saveWorkbook(excelFile, lifePlanFile): null]]></system-out>
         <system-err><![CDATA[]]></system-err>
      </testcase>
      <system-out><![CDATA[2019-07-18 12:53:46 - [TEST_SUITE][PASSED] - TS_LogicLifePlan: Test Cases/Write/TC_WriteDataIntoExcelFile]]></system-out>
      <system-err><![CDATA[]]></system-err>
   </testsuite>
</testsuites>
